TCP Ping trying to connect to server seti.dibris.unige.it (130.251.61.30) on port 1491
 ... connected to Pong server: asking for 501 repetitions of 256 bytes TCP messages
 ... Pong server agreed :-)
tcp_ping received 256 bytes back
Round trip time was 3.94997 milliseconds in repetition 1
tcp_ping received 256 bytes back
Round trip time was 0.932998 milliseconds in repetition 2
tcp_ping received 256 bytes back
Round trip time was 0.744763 milliseconds in repetition 3
tcp_ping received 256 bytes back
Round trip time was 0.958377 milliseconds in repetition 4
tcp_ping received 256 bytes back
Round trip time was 0.816454 milliseconds in repetition 5
tcp_ping received 256 bytes back
Round trip time was 0.915118 milliseconds in repetition 6
tcp_ping received 256 bytes back
Round trip time was 0.918104 milliseconds in repetition 7
tcp_ping received 256 bytes back
Round trip time was 0.807262 milliseconds in repetition 8
tcp_ping received 256 bytes back
Round trip time was 0.79726 milliseconds in repetition 9
tcp_ping received 256 bytes back
Round trip time was 1.01647 milliseconds in repetition 10
tcp_ping received 256 bytes back
Round trip time was 0.984542 milliseconds in repetition 11
tcp_ping received 256 bytes back
Round trip time was 0.807673 milliseconds in repetition 12
tcp_ping received 256 bytes back
Round trip time was 0.733555 milliseconds in repetition 13
tcp_ping received 256 bytes back
Round trip time was 0.871817 milliseconds in repetition 14
tcp_ping received 256 bytes back
Round trip time was 0.827808 milliseconds in repetition 15
tcp_ping received 256 bytes back
Round trip time was 0.779601 milliseconds in repetition 16
tcp_ping received 256 bytes back
Round trip time was 0.832933 milliseconds in repetition 17
tcp_ping received 256 bytes back
Round trip time was 0.746606 milliseconds in repetition 18
tcp_ping received 256 bytes back
Round trip time was 0.948042 milliseconds in repetition 19
tcp_ping received 256 bytes back
Round trip time was 0.92694 milliseconds in repetition 20
tcp_ping received 256 bytes back
Round trip time was 0.843794 milliseconds in repetition 21
tcp_ping received 256 bytes back
Round trip time was 0.926902 milliseconds in repetition 22
tcp_ping received 256 bytes back
Round trip time was 0.829381 milliseconds in repetition 23
tcp_ping received 256 bytes back
Round trip time was 0.796388 milliseconds in repetition 24
tcp_ping received 256 bytes back
Round trip time was 0.789916 milliseconds in repetition 25
tcp_ping received 256 bytes back
Round trip time was 0.723278 milliseconds in repetition 26
tcp_ping received 256 bytes back
Round trip time was 0.683599 milliseconds in repetition 27
tcp_ping received 256 bytes back
Round trip time was 0.870861 milliseconds in repetition 28
tcp_ping received 256 bytes back
Round trip time was 0.809486 milliseconds in repetition 29
tcp_ping received 256 bytes back
Round trip time was 0.959996 milliseconds in repetition 30
tcp_ping received 256 bytes back
Round trip time was 0.908693 milliseconds in repetition 31
tcp_ping received 256 bytes back
Round trip time was 1.00618 milliseconds in repetition 32
tcp_ping received 256 bytes back
Round trip time was 0.951518 milliseconds in repetition 33
tcp_ping received 256 bytes back
Round trip time was 0.702718 milliseconds in repetition 34
tcp_ping received 256 bytes back
Round trip time was 0.447662 milliseconds in repetition 35
tcp_ping received 256 bytes back
Round trip time was 0.440812 milliseconds in repetition 36
tcp_ping received 256 bytes back
Round trip time was 0.444309 milliseconds in repetition 37
tcp_ping received 256 bytes back
Round trip time was 0.443554 milliseconds in repetition 38
tcp_ping received 256 bytes back
Round trip time was 0.447544 milliseconds in repetition 39
tcp_ping received 256 bytes back
Round trip time was 0.469493 milliseconds in repetition 40
tcp_ping received 256 bytes back
Round trip time was 0.503663 milliseconds in repetition 41
tcp_ping received 256 bytes back
Round trip time was 0.492367 milliseconds in repetition 42
tcp_ping received 256 bytes back
Round trip time was 0.389881 milliseconds in repetition 43
tcp_ping received 256 bytes back
Round trip time was 0.355391 milliseconds in repetition 44
tcp_ping received 256 bytes back
Round trip time was 0.376128 milliseconds in repetition 45
tcp_ping received 256 bytes back
Round trip time was 0.281216 milliseconds in repetition 46
tcp_ping received 256 bytes back
Round trip time was 0.275762 milliseconds in repetition 47
tcp_ping received 256 bytes back
Round trip time was 0.329822 milliseconds in repetition 48
tcp_ping received 256 bytes back
Round trip time was 0.35726 milliseconds in repetition 49
tcp_ping received 256 bytes back
Round trip time was 0.341071 milliseconds in repetition 50
tcp_ping received 256 bytes back
Round trip time was 0.356551 milliseconds in repetition 51
tcp_ping received 256 bytes back
Round trip time was 0.331276 milliseconds in repetition 52
tcp_ping received 256 bytes back
Round trip time was 0.333198 milliseconds in repetition 53
tcp_ping received 256 bytes back
Round trip time was 0.32931 milliseconds in repetition 54
tcp_ping received 256 bytes back
Round trip time was 0.334064 milliseconds in repetition 55
tcp_ping received 256 bytes back
Round trip time was 0.344102 milliseconds in repetition 56
tcp_ping received 256 bytes back
Round trip time was 0.394144 milliseconds in repetition 57
tcp_ping received 256 bytes back
Round trip time was 0.691772 milliseconds in repetition 58
tcp_ping received 256 bytes back
Round trip time was 0.341432 milliseconds in repetition 59
tcp_ping received 256 bytes back
Round trip time was 0.367845 milliseconds in repetition 60
tcp_ping received 256 bytes back
Round trip time was 0.329197 milliseconds in repetition 61
tcp_ping received 256 bytes back
Round trip time was 0.333014 milliseconds in repetition 62
tcp_ping received 256 bytes back
Round trip time was 0.332319 milliseconds in repetition 63
tcp_ping received 256 bytes back
Round trip time was 0.333064 milliseconds in repetition 64
tcp_ping received 256 bytes back
Round trip time was 0.327688 milliseconds in repetition 65
tcp_ping received 256 bytes back
Round trip time was 0.329704 milliseconds in repetition 66
tcp_ping received 256 bytes back
Round trip time was 0.356087 milliseconds in repetition 67
tcp_ping received 256 bytes back
Round trip time was 0.333844 milliseconds in repetition 68
tcp_ping received 256 bytes back
Round trip time was 0.27894 milliseconds in repetition 69
tcp_ping received 256 bytes back
Round trip time was 0.277441 milliseconds in repetition 70
tcp_ping received 256 bytes back
Round trip time was 0.305054 milliseconds in repetition 71
tcp_ping received 256 bytes back
Round trip time was 0.352342 milliseconds in repetition 72
tcp_ping received 256 bytes back
Round trip time was 0.334849 milliseconds in repetition 73
tcp_ping received 256 bytes back
Round trip time was 0.330879 milliseconds in repetition 74
tcp_ping received 256 bytes back
Round trip time was 0.347035 milliseconds in repetition 75
tcp_ping received 256 bytes back
Round trip time was 0.342615 milliseconds in repetition 76
tcp_ping received 256 bytes back
Round trip time was 0.355042 milliseconds in repetition 77
tcp_ping received 256 bytes back
Round trip time was 0.350863 milliseconds in repetition 78
tcp_ping received 256 bytes back
Round trip time was 0.329799 milliseconds in repetition 79
tcp_ping received 256 bytes back
Round trip time was 0.35999 milliseconds in repetition 80
tcp_ping received 256 bytes back
Round trip time was 0.334976 milliseconds in repetition 81
tcp_ping received 256 bytes back
Round trip time was 0.331017 milliseconds in repetition 82
tcp_ping received 256 bytes back
Round trip time was 0.35257 milliseconds in repetition 83
tcp_ping received 256 bytes back
Round trip time was 0.346452 milliseconds in repetition 84
tcp_ping received 256 bytes back
Round trip time was 0.281092 milliseconds in repetition 85
tcp_ping received 256 bytes back
Round trip time was 0.352022 milliseconds in repetition 86
tcp_ping received 256 bytes back
Round trip time was 0.765895 milliseconds in repetition 87
tcp_ping received 256 bytes back
Round trip time was 0.355678 milliseconds in repetition 88
tcp_ping received 256 bytes back
Round trip time was 0.301539 milliseconds in repetition 89
tcp_ping received 256 bytes back
Round trip time was 0.326716 milliseconds in repetition 90
tcp_ping received 256 bytes back
Round trip time was 0.327788 milliseconds in repetition 91
tcp_ping received 256 bytes back
Round trip time was 0.265913 milliseconds in repetition 92
tcp_ping received 256 bytes back
Round trip time was 0.337211 milliseconds in repetition 93
tcp_ping received 256 bytes back
Round trip time was 0.331807 milliseconds in repetition 94
tcp_ping received 256 bytes back
Round trip time was 0.323804 milliseconds in repetition 95
tcp_ping received 256 bytes back
Round trip time was 0.325787 milliseconds in repetition 96
tcp_ping received 256 bytes back
Round trip time was 0.338506 milliseconds in repetition 97
tcp_ping received 256 bytes back
Round trip time was 0.349702 milliseconds in repetition 98
tcp_ping received 256 bytes back
Round trip time was 0.350928 milliseconds in repetition 99
tcp_ping received 256 bytes back
Round trip time was 0.351992 milliseconds in repetition 100
tcp_ping received 256 bytes back
Round trip time was 0.364787 milliseconds in repetition 101
tcp_ping received 256 bytes back
Round trip time was 0.331115 milliseconds in repetition 102
tcp_ping received 256 bytes back
Round trip time was 0.331644 milliseconds in repetition 103
tcp_ping received 256 bytes back
Round trip time was 0.322913 milliseconds in repetition 104
tcp_ping received 256 bytes back
Round trip time was 0.37421 milliseconds in repetition 105
tcp_ping received 256 bytes back
Round trip time was 0.362036 milliseconds in repetition 106
tcp_ping received 256 bytes back
Round trip time was 0.331917 milliseconds in repetition 107
tcp_ping received 256 bytes back
Round trip time was 0.32508 milliseconds in repetition 108
tcp_ping received 256 bytes back
Round trip time was 0.353255 milliseconds in repetition 109
tcp_ping received 256 bytes back
Round trip time was 0.377436 milliseconds in repetition 110
tcp_ping received 256 bytes back
Round trip time was 0.331329 milliseconds in repetition 111
tcp_ping received 256 bytes back
Round trip time was 0.391122 milliseconds in repetition 112
tcp_ping received 256 bytes back
Round trip time was 0.340017 milliseconds in repetition 113
tcp_ping received 256 bytes back
Round trip time was 0.336947 milliseconds in repetition 114
tcp_ping received 256 bytes back
Round trip time was 0.387047 milliseconds in repetition 115
tcp_ping received 256 bytes back
Round trip time was 0.330136 milliseconds in repetition 116
tcp_ping received 256 bytes back
Round trip time was 0.324142 milliseconds in repetition 117
tcp_ping received 256 bytes back
Round trip time was 0.32706 milliseconds in repetition 118
tcp_ping received 256 bytes back
Round trip time was 0.327351 milliseconds in repetition 119
tcp_ping received 256 bytes back
Round trip time was 0.496599 milliseconds in repetition 120
tcp_ping received 256 bytes back
Round trip time was 0.34191 milliseconds in repetition 121
tcp_ping received 256 bytes back
Round trip time was 0.34332 milliseconds in repetition 122
tcp_ping received 256 bytes back
Round trip time was 0.384587 milliseconds in repetition 123
tcp_ping received 256 bytes back
Round trip time was 0.388746 milliseconds in repetition 124
tcp_ping received 256 bytes back
Round trip time was 0.343571 milliseconds in repetition 125
tcp_ping received 256 bytes back
Round trip time was 0.593178 milliseconds in repetition 126
tcp_ping received 256 bytes back
Round trip time was 0.357708 milliseconds in repetition 127
tcp_ping received 256 bytes back
Round trip time was 0.355814 milliseconds in repetition 128
tcp_ping received 256 bytes back
Round trip time was 0.335528 milliseconds in repetition 129
tcp_ping received 256 bytes back
Round trip time was 0.349859 milliseconds in repetition 130
tcp_ping received 256 bytes back
Round trip time was 0.555193 milliseconds in repetition 131
tcp_ping received 256 bytes back
Round trip time was 0.371175 milliseconds in repetition 132
tcp_ping received 256 bytes back
Round trip time was 0.383315 milliseconds in repetition 133
tcp_ping received 256 bytes back
Round trip time was 0.350891 milliseconds in repetition 134
tcp_ping received 256 bytes back
Round trip time was 0.347477 milliseconds in repetition 135
tcp_ping received 256 bytes back
Round trip time was 0.944467 milliseconds in repetition 136
tcp_ping received 256 bytes back
Round trip time was 0.367433 milliseconds in repetition 137
tcp_ping received 256 bytes back
Round trip time was 0.34278 milliseconds in repetition 138
tcp_ping received 256 bytes back
Round trip time was 0.367762 milliseconds in repetition 139
tcp_ping received 256 bytes back
Round trip time was 0.328343 milliseconds in repetition 140
tcp_ping received 256 bytes back
Round trip time was 0.43447 milliseconds in repetition 141
tcp_ping received 256 bytes back
Round trip time was 0.345659 milliseconds in repetition 142
tcp_ping received 256 bytes back
Round trip time was 0.340175 milliseconds in repetition 143
tcp_ping received 256 bytes back
Round trip time was 0.346305 milliseconds in repetition 144
tcp_ping received 256 bytes back
Round trip time was 0.334367 milliseconds in repetition 145
tcp_ping received 256 bytes back
Round trip time was 0.339907 milliseconds in repetition 146
tcp_ping received 256 bytes back
Round trip time was 0.352099 milliseconds in repetition 147
tcp_ping received 256 bytes back
Round trip time was 0.345212 milliseconds in repetition 148
tcp_ping received 256 bytes back
Round trip time was 0.332603 milliseconds in repetition 149
tcp_ping received 256 bytes back
Round trip time was 0.339375 milliseconds in repetition 150
tcp_ping received 256 bytes back
Round trip time was 0.335043 milliseconds in repetition 151
tcp_ping received 256 bytes back
Round trip time was 0.322699 milliseconds in repetition 152
tcp_ping received 256 bytes back
Round trip time was 0.329423 milliseconds in repetition 153
tcp_ping received 256 bytes back
Round trip time was 0.338602 milliseconds in repetition 154
tcp_ping received 256 bytes back
Round trip time was 0.331724 milliseconds in repetition 155
tcp_ping received 256 bytes back
Round trip time was 0.432394 milliseconds in repetition 156
tcp_ping received 256 bytes back
Round trip time was 0.291226 milliseconds in repetition 157
tcp_ping received 256 bytes back
Round trip time was 0.336045 milliseconds in repetition 158
tcp_ping received 256 bytes back
Round trip time was 0.350282 milliseconds in repetition 159
tcp_ping received 256 bytes back
Round trip time was 0.326136 milliseconds in repetition 160
tcp_ping received 256 bytes back
Round trip time was 0.337762 milliseconds in repetition 161
tcp_ping received 256 bytes back
Round trip time was 0.326273 milliseconds in repetition 162
tcp_ping received 256 bytes back
Round trip time was 0.356389 milliseconds in repetition 163
tcp_ping received 256 bytes back
Round trip time was 0.357695 milliseconds in repetition 164
tcp_ping received 256 bytes back
Round trip time was 0.332302 milliseconds in repetition 165
tcp_ping received 256 bytes back
Round trip time was 0.330366 milliseconds in repetition 166
tcp_ping received 256 bytes back
Round trip time was 0.396673 milliseconds in repetition 167
tcp_ping received 256 bytes back
Round trip time was 0.327996 milliseconds in repetition 168
tcp_ping received 256 bytes back
Round trip time was 0.337213 milliseconds in repetition 169
tcp_ping received 256 bytes back
Round trip time was 0.336865 milliseconds in repetition 170
tcp_ping received 256 bytes back
Round trip time was 0.379504 milliseconds in repetition 171
tcp_ping received 256 bytes back
Round trip time was 0.359029 milliseconds in repetition 172
tcp_ping received 256 bytes back
Round trip time was 0.33805 milliseconds in repetition 173
tcp_ping received 256 bytes back
Round trip time was 0.344585 milliseconds in repetition 174
tcp_ping received 256 bytes back
Round trip time was 0.328914 milliseconds in repetition 175
tcp_ping received 256 bytes back
Round trip time was 0.331093 milliseconds in repetition 176
tcp_ping received 256 bytes back
Round trip time was 0.319008 milliseconds in repetition 177
tcp_ping received 256 bytes back
Round trip time was 0.335881 milliseconds in repetition 178
tcp_ping received 256 bytes back
Round trip time was 0.366271 milliseconds in repetition 179
tcp_ping received 256 bytes back
Round trip time was 0.320733 milliseconds in repetition 180
tcp_ping received 256 bytes back
Round trip time was 0.28083 milliseconds in repetition 181
tcp_ping received 256 bytes back
Round trip time was 0.343015 milliseconds in repetition 182
tcp_ping received 256 bytes back
Round trip time was 0.335784 milliseconds in repetition 183
tcp_ping received 256 bytes back
Round trip time was 0.32723 milliseconds in repetition 184
tcp_ping received 256 bytes back
Round trip time was 0.335484 milliseconds in repetition 185
tcp_ping received 256 bytes back
Round trip time was 0.443803 milliseconds in repetition 186
tcp_ping received 256 bytes back
Round trip time was 0.336544 milliseconds in repetition 187
tcp_ping received 256 bytes back
Round trip time was 0.336378 milliseconds in repetition 188
tcp_ping received 256 bytes back
Round trip time was 0.364888 milliseconds in repetition 189
tcp_ping received 256 bytes back
Round trip time was 0.32955 milliseconds in repetition 190
tcp_ping received 256 bytes back
Round trip time was 0.331859 milliseconds in repetition 191
tcp_ping received 256 bytes back
Round trip time was 0.322383 milliseconds in repetition 192
tcp_ping received 256 bytes back
Round trip time was 0.335751 milliseconds in repetition 193
tcp_ping received 256 bytes back
Round trip time was 0.327396 milliseconds in repetition 194
tcp_ping received 256 bytes back
Round trip time was 0.349927 milliseconds in repetition 195
tcp_ping received 256 bytes back
Round trip time was 0.328683 milliseconds in repetition 196
tcp_ping received 256 bytes back
Round trip time was 0.381605 milliseconds in repetition 197
tcp_ping received 256 bytes back
Round trip time was 0.422677 milliseconds in repetition 198
tcp_ping received 256 bytes back
Round trip time was 0.467468 milliseconds in repetition 199
tcp_ping received 256 bytes back
Round trip time was 0.329786 milliseconds in repetition 200
tcp_ping received 256 bytes back
Round trip time was 0.337967 milliseconds in repetition 201
tcp_ping received 256 bytes back
Round trip time was 0.328184 milliseconds in repetition 202
tcp_ping received 256 bytes back
Round trip time was 0.272696 milliseconds in repetition 203
tcp_ping received 256 bytes back
Round trip time was 0.273849 milliseconds in repetition 204
tcp_ping received 256 bytes back
Round trip time was 0.350048 milliseconds in repetition 205
tcp_ping received 256 bytes back
Round trip time was 0.328351 milliseconds in repetition 206
tcp_ping received 256 bytes back
Round trip time was 0.332699 milliseconds in repetition 207
tcp_ping received 256 bytes back
Round trip time was 0.331909 milliseconds in repetition 208
tcp_ping received 256 bytes back
Round trip time was 0.370548 milliseconds in repetition 209
tcp_ping received 256 bytes back
Round trip time was 0.361978 milliseconds in repetition 210
tcp_ping received 256 bytes back
Round trip time was 0.345676 milliseconds in repetition 211
tcp_ping received 256 bytes back
Round trip time was 0.347021 milliseconds in repetition 212
tcp_ping received 256 bytes back
Round trip time was 0.32895 milliseconds in repetition 213
tcp_ping received 256 bytes back
Round trip time was 0.335347 milliseconds in repetition 214
tcp_ping received 256 bytes back
Round trip time was 0.390529 milliseconds in repetition 215
tcp_ping received 256 bytes back
Round trip time was 0.340598 milliseconds in repetition 216
tcp_ping received 256 bytes back
Round trip time was 0.330441 milliseconds in repetition 217
tcp_ping received 256 bytes back
Round trip time was 0.329496 milliseconds in repetition 218
tcp_ping received 256 bytes back
Round trip time was 0.328726 milliseconds in repetition 219
tcp_ping received 256 bytes back
Round trip time was 0.340665 milliseconds in repetition 220
tcp_ping received 256 bytes back
Round trip time was 0.316581 milliseconds in repetition 221
tcp_ping received 256 bytes back
Round trip time was 0.333502 milliseconds in repetition 222
tcp_ping received 256 bytes back
Round trip time was 0.409561 milliseconds in repetition 223
tcp_ping received 256 bytes back
Round trip time was 0.343628 milliseconds in repetition 224
tcp_ping received 256 bytes back
Round trip time was 0.429172 milliseconds in repetition 225
tcp_ping received 256 bytes back
Round trip time was 0.283186 milliseconds in repetition 226
tcp_ping received 256 bytes back
Round trip time was 0.332842 milliseconds in repetition 227
tcp_ping received 256 bytes back
Round trip time was 0.330576 milliseconds in repetition 228
tcp_ping received 256 bytes back
Round trip time was 0.366217 milliseconds in repetition 229
tcp_ping received 256 bytes back
Round trip time was 0.341563 milliseconds in repetition 230
tcp_ping received 256 bytes back
Round trip time was 0.331324 milliseconds in repetition 231
tcp_ping received 256 bytes back
Round trip time was 0.343406 milliseconds in repetition 232
tcp_ping received 256 bytes back
Round trip time was 0.333159 milliseconds in repetition 233
tcp_ping received 256 bytes back
Round trip time was 0.332477 milliseconds in repetition 234
tcp_ping received 256 bytes back
Round trip time was 0.397178 milliseconds in repetition 235
tcp_ping received 256 bytes back
Round trip time was 0.35501 milliseconds in repetition 236
tcp_ping received 256 bytes back
Round trip time was 0.336936 milliseconds in repetition 237
tcp_ping received 256 bytes back
Round trip time was 0.44719 milliseconds in repetition 238
tcp_ping received 256 bytes back
Round trip time was 0.328446 milliseconds in repetition 239
tcp_ping received 256 bytes back
Round trip time was 0.321646 milliseconds in repetition 240
tcp_ping received 256 bytes back
Round trip time was 0.331252 milliseconds in repetition 241
tcp_ping received 256 bytes back
Round trip time was 0.331995 milliseconds in repetition 242
tcp_ping received 256 bytes back
Round trip time was 0.352559 milliseconds in repetition 243
tcp_ping received 256 bytes back
Round trip time was 0.335716 milliseconds in repetition 244
tcp_ping received 256 bytes back
Round trip time was 0.377058 milliseconds in repetition 245
tcp_ping received 256 bytes back
Round trip time was 0.390471 milliseconds in repetition 246
tcp_ping received 256 bytes back
Round trip time was 0.331791 milliseconds in repetition 247
tcp_ping received 256 bytes back
Round trip time was 0.332151 milliseconds in repetition 248
tcp_ping received 256 bytes back
Round trip time was 0.330121 milliseconds in repetition 249
tcp_ping received 256 bytes back
Round trip time was 0.318862 milliseconds in repetition 250
tcp_ping received 256 bytes back
Round trip time was 0.348322 milliseconds in repetition 251
tcp_ping received 256 bytes back
Round trip time was 0.332561 milliseconds in repetition 252
tcp_ping received 256 bytes back
Round trip time was 0.394326 milliseconds in repetition 253
tcp_ping received 256 bytes back
Round trip time was 0.365428 milliseconds in repetition 254
tcp_ping received 256 bytes back
Round trip time was 0.332478 milliseconds in repetition 255
tcp_ping received 256 bytes back
Round trip time was 0.333124 milliseconds in repetition 256
tcp_ping received 256 bytes back
Round trip time was 0.347521 milliseconds in repetition 257
tcp_ping received 256 bytes back
Round trip time was 0.345773 milliseconds in repetition 258
tcp_ping received 256 bytes back
Round trip time was 0.385493 milliseconds in repetition 259
tcp_ping received 256 bytes back
Round trip time was 0.343845 milliseconds in repetition 260
tcp_ping received 256 bytes back
Round trip time was 0.332023 milliseconds in repetition 261
tcp_ping received 256 bytes back
Round trip time was 0.337801 milliseconds in repetition 262
tcp_ping received 256 bytes back
Round trip time was 0.351213 milliseconds in repetition 263
tcp_ping received 256 bytes back
Round trip time was 0.349543 milliseconds in repetition 264
tcp_ping received 256 bytes back
Round trip time was 0.311109 milliseconds in repetition 265
tcp_ping received 256 bytes back
Round trip time was 0.455864 milliseconds in repetition 266
tcp_ping received 256 bytes back
Round trip time was 0.345327 milliseconds in repetition 267
tcp_ping received 256 bytes back
Round trip time was 0.332108 milliseconds in repetition 268
tcp_ping received 256 bytes back
Round trip time was 0.346392 milliseconds in repetition 269
tcp_ping received 256 bytes back
Round trip time was 0.335443 milliseconds in repetition 270
tcp_ping received 256 bytes back
Round trip time was 0.326393 milliseconds in repetition 271
tcp_ping received 256 bytes back
Round trip time was 0.280155 milliseconds in repetition 272
tcp_ping received 256 bytes back
Round trip time was 0.276551 milliseconds in repetition 273
tcp_ping received 256 bytes back
Round trip time was 0.323376 milliseconds in repetition 274
tcp_ping received 256 bytes back
Round trip time was 0.40926 milliseconds in repetition 275
tcp_ping received 256 bytes back
Round trip time was 0.336739 milliseconds in repetition 276
tcp_ping received 256 bytes back
Round trip time was 0.330235 milliseconds in repetition 277
tcp_ping received 256 bytes back
Round trip time was 0.358424 milliseconds in repetition 278
tcp_ping received 256 bytes back
Round trip time was 0.330875 milliseconds in repetition 279
tcp_ping received 256 bytes back
Round trip time was 0.324666 milliseconds in repetition 280
tcp_ping received 256 bytes back
Round trip time was 0.344071 milliseconds in repetition 281
tcp_ping received 256 bytes back
Round trip time was 0.333236 milliseconds in repetition 282
tcp_ping received 256 bytes back
Round trip time was 0.383205 milliseconds in repetition 283
tcp_ping received 256 bytes back
Round trip time was 0.386102 milliseconds in repetition 284
tcp_ping received 256 bytes back
Round trip time was 0.332837 milliseconds in repetition 285
tcp_ping received 256 bytes back
Round trip time was 0.335495 milliseconds in repetition 286
tcp_ping received 256 bytes back
Round trip time was 0.375174 milliseconds in repetition 287
tcp_ping received 256 bytes back
Round trip time was 0.333559 milliseconds in repetition 288
tcp_ping received 256 bytes back
Round trip time was 0.3669 milliseconds in repetition 289
tcp_ping received 256 bytes back
Round trip time was 0.333013 milliseconds in repetition 290
tcp_ping received 256 bytes back
Round trip time was 0.351583 milliseconds in repetition 291
tcp_ping received 256 bytes back
Round trip time was 0.349482 milliseconds in repetition 292
tcp_ping received 256 bytes back
Round trip time was 0.340594 milliseconds in repetition 293
tcp_ping received 256 bytes back
Round trip time was 0.350653 milliseconds in repetition 294
tcp_ping received 256 bytes back
Round trip time was 0.281435 milliseconds in repetition 295
tcp_ping received 256 bytes back
Round trip time was 0.276687 milliseconds in repetition 296
tcp_ping received 256 bytes back
Round trip time was 0.331219 milliseconds in repetition 297
tcp_ping received 256 bytes back
Round trip time was 0.330419 milliseconds in repetition 298
tcp_ping received 256 bytes back
Round trip time was 0.331758 milliseconds in repetition 299
tcp_ping received 256 bytes back
Round trip time was 0.336119 milliseconds in repetition 300
tcp_ping received 256 bytes back
Round trip time was 0.336908 milliseconds in repetition 301
tcp_ping received 256 bytes back
Round trip time was 0.327087 milliseconds in repetition 302
tcp_ping received 256 bytes back
Round trip time was 0.327358 milliseconds in repetition 303
tcp_ping received 256 bytes back
Round trip time was 0.324739 milliseconds in repetition 304
tcp_ping received 256 bytes back
Round trip time was 0.331702 milliseconds in repetition 305
tcp_ping received 256 bytes back
Round trip time was 0.340581 milliseconds in repetition 306
tcp_ping received 256 bytes back
Round trip time was 0.370725 milliseconds in repetition 307
tcp_ping received 256 bytes back
Round trip time was 0.372803 milliseconds in repetition 308
tcp_ping received 256 bytes back
Round trip time was 0.316253 milliseconds in repetition 309
tcp_ping received 256 bytes back
Round trip time was 0.350304 milliseconds in repetition 310
tcp_ping received 256 bytes back
Round trip time was 0.350798 milliseconds in repetition 311
tcp_ping received 256 bytes back
Round trip time was 0.35311 milliseconds in repetition 312
tcp_ping received 256 bytes back
Round trip time was 0.379965 milliseconds in repetition 313
tcp_ping received 256 bytes back
Round trip time was 0.334154 milliseconds in repetition 314
tcp_ping received 256 bytes back
Round trip time was 0.358005 milliseconds in repetition 315
tcp_ping received 256 bytes back
Round trip time was 0.33512 milliseconds in repetition 316
tcp_ping received 256 bytes back
Round trip time was 0.338064 milliseconds in repetition 317
tcp_ping received 256 bytes back
Round trip time was 0.336011 milliseconds in repetition 318
tcp_ping received 256 bytes back
Round trip time was 0.30057 milliseconds in repetition 319
tcp_ping received 256 bytes back
Round trip time was 0.297148 milliseconds in repetition 320
tcp_ping received 256 bytes back
Round trip time was 0.333794 milliseconds in repetition 321
tcp_ping received 256 bytes back
Round trip time was 0.332572 milliseconds in repetition 322
tcp_ping received 256 bytes back
Round trip time was 0.351067 milliseconds in repetition 323
tcp_ping received 256 bytes back
Round trip time was 0.327709 milliseconds in repetition 324
tcp_ping received 256 bytes back
Round trip time was 0.335212 milliseconds in repetition 325
tcp_ping received 256 bytes back
Round trip time was 0.333413 milliseconds in repetition 326
tcp_ping received 256 bytes back
Round trip time was 0.362009 milliseconds in repetition 327
tcp_ping received 256 bytes back
Round trip time was 0.328948 milliseconds in repetition 328
tcp_ping received 256 bytes back
Round trip time was 0.326128 milliseconds in repetition 329
tcp_ping received 256 bytes back
Round trip time was 0.34618 milliseconds in repetition 330
tcp_ping received 256 bytes back
Round trip time was 0.336851 milliseconds in repetition 331
tcp_ping received 256 bytes back
Round trip time was 0.457725 milliseconds in repetition 332
tcp_ping received 256 bytes back
Round trip time was 0.456184 milliseconds in repetition 333
tcp_ping received 256 bytes back
Round trip time was 0.348265 milliseconds in repetition 334
tcp_ping received 256 bytes back
Round trip time was 0.370481 milliseconds in repetition 335
tcp_ping received 256 bytes back
Round trip time was 0.329176 milliseconds in repetition 336
tcp_ping received 256 bytes back
Round trip time was 0.334289 milliseconds in repetition 337
tcp_ping received 256 bytes back
Round trip time was 0.329042 milliseconds in repetition 338
tcp_ping received 256 bytes back
Round trip time was 0.347265 milliseconds in repetition 339
tcp_ping received 256 bytes back
Round trip time was 0.341414 milliseconds in repetition 340
tcp_ping received 256 bytes back
Round trip time was 0.363177 milliseconds in repetition 341
tcp_ping received 256 bytes back
Round trip time was 0.326168 milliseconds in repetition 342
tcp_ping received 256 bytes back
Round trip time was 0.346405 milliseconds in repetition 343
tcp_ping received 256 bytes back
Round trip time was 0.324615 milliseconds in repetition 344
tcp_ping received 256 bytes back
Round trip time was 0.560462 milliseconds in repetition 345
tcp_ping received 256 bytes back
Round trip time was 0.603554 milliseconds in repetition 346
tcp_ping received 256 bytes back
Round trip time was 0.347191 milliseconds in repetition 347
tcp_ping received 256 bytes back
Round trip time was 0.703928 milliseconds in repetition 348
tcp_ping received 256 bytes back
Round trip time was 0.365558 milliseconds in repetition 349
tcp_ping received 256 bytes back
Round trip time was 0.356183 milliseconds in repetition 350
tcp_ping received 256 bytes back
Round trip time was 0.340689 milliseconds in repetition 351
tcp_ping received 256 bytes back
Round trip time was 0.409693 milliseconds in repetition 352
tcp_ping received 256 bytes back
Round trip time was 0.323123 milliseconds in repetition 353
tcp_ping received 256 bytes back
Round trip time was 0.33414 milliseconds in repetition 354
tcp_ping received 256 bytes back
Round trip time was 0.376336 milliseconds in repetition 355
tcp_ping received 256 bytes back
Round trip time was 0.336469 milliseconds in repetition 356
tcp_ping received 256 bytes back
Round trip time was 0.34413 milliseconds in repetition 357
tcp_ping received 256 bytes back
Round trip time was 0.328802 milliseconds in repetition 358
tcp_ping received 256 bytes back
Round trip time was 0.333172 milliseconds in repetition 359
tcp_ping received 256 bytes back
Round trip time was 0.33183 milliseconds in repetition 360
tcp_ping received 256 bytes back
Round trip time was 0.328875 milliseconds in repetition 361
tcp_ping received 256 bytes back
Round trip time was 0.32913 milliseconds in repetition 362
tcp_ping received 256 bytes back
Round trip time was 0.298463 milliseconds in repetition 363
tcp_ping received 256 bytes back
Round trip time was 0.351069 milliseconds in repetition 364
tcp_ping received 256 bytes back
Round trip time was 0.331469 milliseconds in repetition 365
tcp_ping received 256 bytes back
Round trip time was 0.361387 milliseconds in repetition 366
tcp_ping received 256 bytes back
Round trip time was 0.425599 milliseconds in repetition 367
tcp_ping received 256 bytes back
Round trip time was 1.13455 milliseconds in repetition 368
tcp_ping received 256 bytes back
Round trip time was 0.397961 milliseconds in repetition 369
tcp_ping received 256 bytes back
Round trip time was 0.390784 milliseconds in repetition 370
tcp_ping received 256 bytes back
Round trip time was 0.360555 milliseconds in repetition 371
tcp_ping received 256 bytes back
Round trip time was 0.333184 milliseconds in repetition 372
tcp_ping received 256 bytes back
Round trip time was 0.363335 milliseconds in repetition 373
tcp_ping received 256 bytes back
Round trip time was 0.340459 milliseconds in repetition 374
tcp_ping received 256 bytes back
Round trip time was 0.432114 milliseconds in repetition 375
tcp_ping received 256 bytes back
Round trip time was 0.339184 milliseconds in repetition 376
tcp_ping received 256 bytes back
Round trip time was 0.365517 milliseconds in repetition 377
tcp_ping received 256 bytes back
Round trip time was 0.335804 milliseconds in repetition 378
tcp_ping received 256 bytes back
Round trip time was 0.338636 milliseconds in repetition 379
tcp_ping received 256 bytes back
Round trip time was 0.334887 milliseconds in repetition 380
tcp_ping received 256 bytes back
Round trip time was 0.330528 milliseconds in repetition 381
tcp_ping received 256 bytes back
Round trip time was 0.339045 milliseconds in repetition 382
tcp_ping received 256 bytes back
Round trip time was 0.297831 milliseconds in repetition 383
tcp_ping received 256 bytes back
Round trip time was 0.331066 milliseconds in repetition 384
tcp_ping received 256 bytes back
Round trip time was 0.341762 milliseconds in repetition 385
tcp_ping received 256 bytes back
Round trip time was 0.336203 milliseconds in repetition 386
tcp_ping received 256 bytes back
Round trip time was 0.355348 milliseconds in repetition 387
tcp_ping received 256 bytes back
Round trip time was 0.331432 milliseconds in repetition 388
tcp_ping received 256 bytes back
Round trip time was 0.348727 milliseconds in repetition 389
tcp_ping received 256 bytes back
Round trip time was 0.352609 milliseconds in repetition 390
tcp_ping received 256 bytes back
Round trip time was 0.337608 milliseconds in repetition 391
tcp_ping received 256 bytes back
Round trip time was 0.343398 milliseconds in repetition 392
tcp_ping received 256 bytes back
Round trip time was 0.387902 milliseconds in repetition 393
tcp_ping received 256 bytes back
Round trip time was 0.340272 milliseconds in repetition 394
tcp_ping received 256 bytes back
Round trip time was 0.341358 milliseconds in repetition 395
tcp_ping received 256 bytes back
Round trip time was 0.352635 milliseconds in repetition 396
tcp_ping received 256 bytes back
Round trip time was 0.323702 milliseconds in repetition 397
tcp_ping received 256 bytes back
Round trip time was 0.354513 milliseconds in repetition 398
tcp_ping received 256 bytes back
Round trip time was 0.344376 milliseconds in repetition 399
tcp_ping received 256 bytes back
Round trip time was 0.341435 milliseconds in repetition 400
tcp_ping received 256 bytes back
Round trip time was 0.33132 milliseconds in repetition 401
tcp_ping received 256 bytes back
Round trip time was 0.358498 milliseconds in repetition 402
tcp_ping received 256 bytes back
Round trip time was 0.35736 milliseconds in repetition 403
tcp_ping received 256 bytes back
Round trip time was 0.342297 milliseconds in repetition 404
tcp_ping received 256 bytes back
Round trip time was 0.373119 milliseconds in repetition 405
tcp_ping received 256 bytes back
Round trip time was 0.255608 milliseconds in repetition 406
tcp_ping received 256 bytes back
Round trip time was 0.338607 milliseconds in repetition 407
tcp_ping received 256 bytes back
Round trip time was 0.364166 milliseconds in repetition 408
tcp_ping received 256 bytes back
Round trip time was 0.333028 milliseconds in repetition 409
tcp_ping received 256 bytes back
Round trip time was 0.331705 milliseconds in repetition 410
tcp_ping received 256 bytes back
Round trip time was 0.376199 milliseconds in repetition 411
tcp_ping received 256 bytes back
Round trip time was 0.347214 milliseconds in repetition 412
tcp_ping received 256 bytes back
Round trip time was 0.342197 milliseconds in repetition 413
tcp_ping received 256 bytes back
Round trip time was 0.378849 milliseconds in repetition 414
tcp_ping received 256 bytes back
Round trip time was 0.335598 milliseconds in repetition 415
tcp_ping received 256 bytes back
Round trip time was 0.33785 milliseconds in repetition 416
tcp_ping received 256 bytes back
Round trip time was 0.345218 milliseconds in repetition 417
tcp_ping received 256 bytes back
Round trip time was 0.33641 milliseconds in repetition 418
tcp_ping received 256 bytes back
Round trip time was 0.371372 milliseconds in repetition 419
tcp_ping received 256 bytes back
Round trip time was 0.341587 milliseconds in repetition 420
tcp_ping received 256 bytes back
Round trip time was 0.348423 milliseconds in repetition 421
tcp_ping received 256 bytes back
Round trip time was 0.367742 milliseconds in repetition 422
tcp_ping received 256 bytes back
Round trip time was 0.351527 milliseconds in repetition 423
tcp_ping received 256 bytes back
Round trip time was 0.327363 milliseconds in repetition 424
tcp_ping received 256 bytes back
Round trip time was 0.336746 milliseconds in repetition 425
tcp_ping received 256 bytes back
Round trip time was 0.336423 milliseconds in repetition 426
tcp_ping received 256 bytes back
Round trip time was 0.337056 milliseconds in repetition 427
tcp_ping received 256 bytes back
Round trip time was 0.33364 milliseconds in repetition 428
tcp_ping received 256 bytes back
Round trip time was 0.481992 milliseconds in repetition 429
tcp_ping received 256 bytes back
Round trip time was 0.386325 milliseconds in repetition 430
tcp_ping received 256 bytes back
Round trip time was 0.336175 milliseconds in repetition 431
tcp_ping received 256 bytes back
Round trip time was 0.329408 milliseconds in repetition 432
tcp_ping received 256 bytes back
Round trip time was 0.341578 milliseconds in repetition 433
tcp_ping received 256 bytes back
Round trip time was 0.363273 milliseconds in repetition 434
tcp_ping received 256 bytes back
Round trip time was 0.358324 milliseconds in repetition 435
tcp_ping received 256 bytes back
Round trip time was 0.353075 milliseconds in repetition 436
tcp_ping received 256 bytes back
Round trip time was 0.335322 milliseconds in repetition 437
tcp_ping received 256 bytes back
Round trip time was 0.384551 milliseconds in repetition 438
tcp_ping received 256 bytes back
Round trip time was 0.339576 milliseconds in repetition 439
tcp_ping received 256 bytes back
Round trip time was 0.32846 milliseconds in repetition 440
tcp_ping received 256 bytes back
Round trip time was 0.320017 milliseconds in repetition 441
tcp_ping received 256 bytes back
Round trip time was 0.340434 milliseconds in repetition 442
tcp_ping received 256 bytes back
Round trip time was 0.330925 milliseconds in repetition 443
tcp_ping received 256 bytes back
Round trip time was 0.358904 milliseconds in repetition 444
tcp_ping received 256 bytes back
Round trip time was 0.332447 milliseconds in repetition 445
tcp_ping received 256 bytes back
Round trip time was 0.332928 milliseconds in repetition 446
tcp_ping received 256 bytes back
Round trip time was 0.33497 milliseconds in repetition 447
tcp_ping received 256 bytes back
Round trip time was 0.325811 milliseconds in repetition 448
tcp_ping received 256 bytes back
Round trip time was 0.333259 milliseconds in repetition 449
tcp_ping received 256 bytes back
Round trip time was 0.331537 milliseconds in repetition 450
tcp_ping received 256 bytes back
Round trip time was 0.39493 milliseconds in repetition 451
tcp_ping received 256 bytes back
Round trip time was 0.279179 milliseconds in repetition 452
tcp_ping received 256 bytes back
Round trip time was 0.349555 milliseconds in repetition 453
tcp_ping received 256 bytes back
Round trip time was 0.331381 milliseconds in repetition 454
tcp_ping received 256 bytes back
Round trip time was 0.336722 milliseconds in repetition 455
tcp_ping received 256 bytes back
Round trip time was 0.342438 milliseconds in repetition 456
tcp_ping received 256 bytes back
Round trip time was 0.363577 milliseconds in repetition 457
tcp_ping received 256 bytes back
Round trip time was 0.347139 milliseconds in repetition 458
tcp_ping received 256 bytes back
Round trip time was 0.352702 milliseconds in repetition 459
tcp_ping received 256 bytes back
Round trip time was 0.340364 milliseconds in repetition 460
tcp_ping received 256 bytes back
Round trip time was 0.331913 milliseconds in repetition 461
tcp_ping received 256 bytes back
Round trip time was 0.337452 milliseconds in repetition 462
tcp_ping received 256 bytes back
Round trip time was 0.585545 milliseconds in repetition 463
tcp_ping received 256 bytes back
Round trip time was 0.339647 milliseconds in repetition 464
tcp_ping received 256 bytes back
Round trip time was 0.327705 milliseconds in repetition 465
tcp_ping received 256 bytes back
Round trip time was 0.326692 milliseconds in repetition 466
tcp_ping received 256 bytes back
Round trip time was 0.353996 milliseconds in repetition 467
tcp_ping received 256 bytes back
Round trip time was 0.35485 milliseconds in repetition 468
tcp_ping received 256 bytes back
Round trip time was 0.351887 milliseconds in repetition 469
tcp_ping received 256 bytes back
Round trip time was 0.341367 milliseconds in repetition 470
tcp_ping received 256 bytes back
Round trip time was 0.469375 milliseconds in repetition 471
tcp_ping received 256 bytes back
Round trip time was 0.385028 milliseconds in repetition 472
tcp_ping received 256 bytes back
Round trip time was 0.350817 milliseconds in repetition 473
tcp_ping received 256 bytes back
Round trip time was 0.326834 milliseconds in repetition 474
tcp_ping received 256 bytes back
Round trip time was 0.325808 milliseconds in repetition 475
tcp_ping received 256 bytes back
Round trip time was 0.470391 milliseconds in repetition 476
tcp_ping received 256 bytes back
Round trip time was 0.340265 milliseconds in repetition 477
tcp_ping received 256 bytes back
Round trip time was 0.407304 milliseconds in repetition 478
tcp_ping received 256 bytes back
Round trip time was 0.378563 milliseconds in repetition 479
tcp_ping received 256 bytes back
Round trip time was 0.454297 milliseconds in repetition 480
tcp_ping received 256 bytes back
Round trip time was 0.362864 milliseconds in repetition 481
tcp_ping received 256 bytes back
Round trip time was 0.344347 milliseconds in repetition 482
tcp_ping received 256 bytes back
Round trip time was 0.34992 milliseconds in repetition 483
tcp_ping received 256 bytes back
Round trip time was 0.353946 milliseconds in repetition 484
tcp_ping received 256 bytes back
Round trip time was 0.342459 milliseconds in repetition 485
tcp_ping received 256 bytes back
Round trip time was 0.361133 milliseconds in repetition 486
tcp_ping received 256 bytes back
Round trip time was 0.347381 milliseconds in repetition 487
tcp_ping received 256 bytes back
Round trip time was 0.341444 milliseconds in repetition 488
tcp_ping received 256 bytes back
Round trip time was 0.372365 milliseconds in repetition 489
tcp_ping received 256 bytes back
Round trip time was 0.3391 milliseconds in repetition 490
tcp_ping received 256 bytes back
Round trip time was 0.331941 milliseconds in repetition 491
tcp_ping received 256 bytes back
Round trip time was 0.331107 milliseconds in repetition 492
tcp_ping received 256 bytes back
Round trip time was 0.330453 milliseconds in repetition 493
tcp_ping received 256 bytes back
Round trip time was 0.331696 milliseconds in repetition 494
tcp_ping received 256 bytes back
Round trip time was 0.336468 milliseconds in repetition 495
tcp_ping received 256 bytes back
Round trip time was 0.317809 milliseconds in repetition 496
tcp_ping received 256 bytes back
Round trip time was 0.28762 milliseconds in repetition 497
tcp_ping received 256 bytes back
Round trip time was 0.385147 milliseconds in repetition 498
tcp_ping received 256 bytes back
Round trip time was 0.376067 milliseconds in repetition 499
tcp_ping received 256 bytes back
Round trip time was 0.342309 milliseconds in repetition 500
tcp_ping received 256 bytes back
Round trip time was 0.415374 milliseconds in repetition 501

 ... clock resolution was 1e-06
TCP Ping:  Statistics over 501 repetitions of 256 byte messages

RTT : percentile 10: 0.326168, median: 0.341444, percentile 90: 0.469375, average: 0.395665, variance: 0.0455033

RTT histogram:
0.255607 296
0.440325 161
0.625043 9
0.809761 19
0.994479 14
1.1792 1
1.36392 0
1.54863 0
1.73335 0
1.91807 0
2.10279 0
2.2875 0
2.47222 0
2.65694 0
2.84166 0
3.02638 0
3.21109 0
3.39581 0
3.58053 0
3.76525 0
3.94997 1

   median Throughput : 1499.51 KB/s   overall Throughput : 1294.02 KB/s

