TCP Ping trying to connect to server seti.dibris.unige.it (130.251.61.30) on port 1491
 ... connected to Pong server: asking for 501 repetitions of 32768 bytes TCP messages
 ... Pong server agreed :-)
tcp_ping received 32768 bytes back
Round trip time was 29.6655 milliseconds in repetition 1
tcp_ping received 32768 bytes back
Round trip time was 3.48837 milliseconds in repetition 2
tcp_ping received 32768 bytes back
Round trip time was 1.5138 milliseconds in repetition 3
tcp_ping received 32768 bytes back
Round trip time was 1.57793 milliseconds in repetition 4
tcp_ping received 32768 bytes back
Round trip time was 1.52741 milliseconds in repetition 5
tcp_ping received 32768 bytes back
Round trip time was 1.57435 milliseconds in repetition 6
tcp_ping received 32768 bytes back
Round trip time was 1.62036 milliseconds in repetition 7
tcp_ping received 32768 bytes back
Round trip time was 1.60444 milliseconds in repetition 8
tcp_ping received 32768 bytes back
Round trip time was 1.40276 milliseconds in repetition 9
tcp_ping received 32768 bytes back
Round trip time was 1.51289 milliseconds in repetition 10
tcp_ping received 32768 bytes back
Round trip time was 1.5889 milliseconds in repetition 11
tcp_ping received 32768 bytes back
Round trip time was 1.24381 milliseconds in repetition 12
tcp_ping received 32768 bytes back
Round trip time was 1.31612 milliseconds in repetition 13
tcp_ping received 32768 bytes back
Round trip time was 1.26536 milliseconds in repetition 14
tcp_ping received 32768 bytes back
Round trip time was 1.28118 milliseconds in repetition 15
tcp_ping received 32768 bytes back
Round trip time was 1.2253 milliseconds in repetition 16
tcp_ping received 32768 bytes back
Round trip time was 1.53191 milliseconds in repetition 17
tcp_ping received 32768 bytes back
Round trip time was 1.36737 milliseconds in repetition 18
tcp_ping received 32768 bytes back
Round trip time was 1.16197 milliseconds in repetition 19
tcp_ping received 32768 bytes back
Round trip time was 1.36289 milliseconds in repetition 20
tcp_ping received 32768 bytes back
Round trip time was 1.22577 milliseconds in repetition 21
tcp_ping received 32768 bytes back
Round trip time was 1.53177 milliseconds in repetition 22
tcp_ping received 32768 bytes back
Round trip time was 1.30929 milliseconds in repetition 23
tcp_ping received 32768 bytes back
Round trip time was 1.50086 milliseconds in repetition 24
tcp_ping received 32768 bytes back
Round trip time was 1.52131 milliseconds in repetition 25
tcp_ping received 32768 bytes back
Round trip time was 1.46126 milliseconds in repetition 26
tcp_ping received 32768 bytes back
Round trip time was 1.4114 milliseconds in repetition 27
tcp_ping received 32768 bytes back
Round trip time was 1.13138 milliseconds in repetition 28
tcp_ping received 32768 bytes back
Round trip time was 1.18103 milliseconds in repetition 29
tcp_ping received 32768 bytes back
Round trip time was 1.43659 milliseconds in repetition 30
tcp_ping received 32768 bytes back
Round trip time was 1.24662 milliseconds in repetition 31
tcp_ping received 32768 bytes back
Round trip time was 1.15494 milliseconds in repetition 32
tcp_ping received 32768 bytes back
Round trip time was 1.21405 milliseconds in repetition 33
tcp_ping received 32768 bytes back
Round trip time was 1.21089 milliseconds in repetition 34
tcp_ping received 32768 bytes back
Round trip time was 1.23723 milliseconds in repetition 35
tcp_ping received 32768 bytes back
Round trip time was 1.16585 milliseconds in repetition 36
tcp_ping received 32768 bytes back
Round trip time was 1.13186 milliseconds in repetition 37
tcp_ping received 32768 bytes back
Round trip time was 1.55741 milliseconds in repetition 38
tcp_ping received 32768 bytes back
Round trip time was 1.223 milliseconds in repetition 39
tcp_ping received 32768 bytes back
Round trip time was 1.23751 milliseconds in repetition 40
tcp_ping received 32768 bytes back
Round trip time was 1.57369 milliseconds in repetition 41
tcp_ping received 32768 bytes back
Round trip time was 1.10374 milliseconds in repetition 42
tcp_ping received 32768 bytes back
Round trip time was 1.18384 milliseconds in repetition 43
tcp_ping received 32768 bytes back
Round trip time was 1.49507 milliseconds in repetition 44
tcp_ping received 32768 bytes back
Round trip time was 1.27606 milliseconds in repetition 45
tcp_ping received 32768 bytes back
Round trip time was 1.22922 milliseconds in repetition 46
tcp_ping received 32768 bytes back
Round trip time was 1.54362 milliseconds in repetition 47
tcp_ping received 32768 bytes back
Round trip time was 1.36379 milliseconds in repetition 48
tcp_ping received 32768 bytes back
Round trip time was 1.45206 milliseconds in repetition 49
tcp_ping received 32768 bytes back
Round trip time was 1.36818 milliseconds in repetition 50
tcp_ping received 32768 bytes back
Round trip time was 1.56001 milliseconds in repetition 51
tcp_ping received 32768 bytes back
Round trip time was 1.56083 milliseconds in repetition 52
tcp_ping received 32768 bytes back
Round trip time was 1.55149 milliseconds in repetition 53
tcp_ping received 32768 bytes back
Round trip time was 1.46795 milliseconds in repetition 54
tcp_ping received 32768 bytes back
Round trip time was 1.27288 milliseconds in repetition 55
tcp_ping received 32768 bytes back
Round trip time was 1.52988 milliseconds in repetition 56
tcp_ping received 32768 bytes back
Round trip time was 1.28062 milliseconds in repetition 57
tcp_ping received 32768 bytes back
Round trip time was 1.56017 milliseconds in repetition 58
tcp_ping received 32768 bytes back
Round trip time was 1.30523 milliseconds in repetition 59
tcp_ping received 32768 bytes back
Round trip time was 1.21639 milliseconds in repetition 60
tcp_ping received 32768 bytes back
Round trip time was 1.56195 milliseconds in repetition 61
tcp_ping received 32768 bytes back
Round trip time was 1.2572 milliseconds in repetition 62
tcp_ping received 32768 bytes back
Round trip time was 1.22032 milliseconds in repetition 63
tcp_ping received 32768 bytes back
Round trip time was 1.55324 milliseconds in repetition 64
tcp_ping received 32768 bytes back
Round trip time was 1.57657 milliseconds in repetition 65
tcp_ping received 32768 bytes back
Round trip time was 1.23581 milliseconds in repetition 66
tcp_ping received 32768 bytes back
Round trip time was 1.31083 milliseconds in repetition 67
tcp_ping received 32768 bytes back
Round trip time was 1.69729 milliseconds in repetition 68
tcp_ping received 32768 bytes back
Round trip time was 1.30236 milliseconds in repetition 69
tcp_ping received 32768 bytes back
Round trip time was 1.63282 milliseconds in repetition 70
tcp_ping received 32768 bytes back
Round trip time was 1.23548 milliseconds in repetition 71
tcp_ping received 32768 bytes back
Round trip time was 1.27304 milliseconds in repetition 72
tcp_ping received 32768 bytes back
Round trip time was 1.20148 milliseconds in repetition 73
tcp_ping received 32768 bytes back
Round trip time was 1.76314 milliseconds in repetition 74
tcp_ping received 32768 bytes back
Round trip time was 1.6158 milliseconds in repetition 75
tcp_ping received 32768 bytes back
Round trip time was 1.54511 milliseconds in repetition 76
tcp_ping received 32768 bytes back
Round trip time was 1.11459 milliseconds in repetition 77
tcp_ping received 32768 bytes back
Round trip time was 1.10953 milliseconds in repetition 78
tcp_ping received 32768 bytes back
Round trip time was 1.54124 milliseconds in repetition 79
tcp_ping received 32768 bytes back
Round trip time was 1.25974 milliseconds in repetition 80
tcp_ping received 32768 bytes back
Round trip time was 1.25928 milliseconds in repetition 81
tcp_ping received 32768 bytes back
Round trip time was 1.32339 milliseconds in repetition 82
tcp_ping received 32768 bytes back
Round trip time was 1.49595 milliseconds in repetition 83
tcp_ping received 32768 bytes back
Round trip time was 1.59354 milliseconds in repetition 84
tcp_ping received 32768 bytes back
Round trip time was 1.05774 milliseconds in repetition 85
tcp_ping received 32768 bytes back
Round trip time was 1.20236 milliseconds in repetition 86
tcp_ping received 32768 bytes back
Round trip time was 1.2457 milliseconds in repetition 87
tcp_ping received 32768 bytes back
Round trip time was 1.22374 milliseconds in repetition 88
tcp_ping received 32768 bytes back
Round trip time was 1.22048 milliseconds in repetition 89
tcp_ping received 32768 bytes back
Round trip time was 1.20753 milliseconds in repetition 90
tcp_ping received 32768 bytes back
Round trip time was 1.20582 milliseconds in repetition 91
tcp_ping received 32768 bytes back
Round trip time was 1.16047 milliseconds in repetition 92
tcp_ping received 32768 bytes back
Round trip time was 1.23062 milliseconds in repetition 93
tcp_ping received 32768 bytes back
Round trip time was 1.23578 milliseconds in repetition 94
tcp_ping received 32768 bytes back
Round trip time was 1.29706 milliseconds in repetition 95
tcp_ping received 32768 bytes back
Round trip time was 1.24176 milliseconds in repetition 96
tcp_ping received 32768 bytes back
Round trip time was 1.24646 milliseconds in repetition 97
tcp_ping received 32768 bytes back
Round trip time was 1.18866 milliseconds in repetition 98
tcp_ping received 32768 bytes back
Round trip time was 1.15091 milliseconds in repetition 99
tcp_ping received 32768 bytes back
Round trip time was 1.18911 milliseconds in repetition 100
tcp_ping received 32768 bytes back
Round trip time was 1.20903 milliseconds in repetition 101
tcp_ping received 32768 bytes back
Round trip time was 1.2675 milliseconds in repetition 102
tcp_ping received 32768 bytes back
Round trip time was 1.25716 milliseconds in repetition 103
tcp_ping received 32768 bytes back
Round trip time was 1.1435 milliseconds in repetition 104
tcp_ping received 32768 bytes back
Round trip time was 1.54064 milliseconds in repetition 105
tcp_ping received 32768 bytes back
Round trip time was 1.56233 milliseconds in repetition 106
tcp_ping received 32768 bytes back
Round trip time was 1.19492 milliseconds in repetition 107
tcp_ping received 32768 bytes back
Round trip time was 1.56091 milliseconds in repetition 108
tcp_ping received 32768 bytes back
Round trip time was 1.55138 milliseconds in repetition 109
tcp_ping received 32768 bytes back
Round trip time was 1.3164 milliseconds in repetition 110
tcp_ping received 32768 bytes back
Round trip time was 1.56179 milliseconds in repetition 111
tcp_ping received 32768 bytes back
Round trip time was 1.63461 milliseconds in repetition 112
tcp_ping received 32768 bytes back
Round trip time was 1.47704 milliseconds in repetition 113
tcp_ping received 32768 bytes back
Round trip time was 1.64595 milliseconds in repetition 114
tcp_ping received 32768 bytes back
Round trip time was 1.33609 milliseconds in repetition 115
tcp_ping received 32768 bytes back
Round trip time was 1.22022 milliseconds in repetition 116
tcp_ping received 32768 bytes back
Round trip time was 1.58397 milliseconds in repetition 117
tcp_ping received 32768 bytes back
Round trip time was 1.27956 milliseconds in repetition 118
tcp_ping received 32768 bytes back
Round trip time was 1.47124 milliseconds in repetition 119
tcp_ping received 32768 bytes back
Round trip time was 1.52491 milliseconds in repetition 120
tcp_ping received 32768 bytes back
Round trip time was 1.26931 milliseconds in repetition 121
tcp_ping received 32768 bytes back
Round trip time was 1.28041 milliseconds in repetition 122
tcp_ping received 32768 bytes back
Round trip time was 1.2554 milliseconds in repetition 123
tcp_ping received 32768 bytes back
Round trip time was 1.56925 milliseconds in repetition 124
tcp_ping received 32768 bytes back
Round trip time was 1.17529 milliseconds in repetition 125
tcp_ping received 32768 bytes back
Round trip time was 1.642 milliseconds in repetition 126
tcp_ping received 32768 bytes back
Round trip time was 1.26498 milliseconds in repetition 127
tcp_ping received 32768 bytes back
Round trip time was 1.57617 milliseconds in repetition 128
tcp_ping received 32768 bytes back
Round trip time was 1.26614 milliseconds in repetition 129
tcp_ping received 32768 bytes back
Round trip time was 1.2676 milliseconds in repetition 130
tcp_ping received 32768 bytes back
Round trip time was 1.21412 milliseconds in repetition 131
tcp_ping received 32768 bytes back
Round trip time was 1.33998 milliseconds in repetition 132
tcp_ping received 32768 bytes back
Round trip time was 1.52857 milliseconds in repetition 133
tcp_ping received 32768 bytes back
Round trip time was 1.06736 milliseconds in repetition 134
tcp_ping received 32768 bytes back
Round trip time was 1.09375 milliseconds in repetition 135
tcp_ping received 32768 bytes back
Round trip time was 1.26124 milliseconds in repetition 136
tcp_ping received 32768 bytes back
Round trip time was 1.13702 milliseconds in repetition 137
tcp_ping received 32768 bytes back
Round trip time was 1.12775 milliseconds in repetition 138
tcp_ping received 32768 bytes back
Round trip time was 1.48806 milliseconds in repetition 139
tcp_ping received 32768 bytes back
Round trip time was 1.51763 milliseconds in repetition 140
tcp_ping received 32768 bytes back
Round trip time was 1.30898 milliseconds in repetition 141
tcp_ping received 32768 bytes back
Round trip time was 1.5802 milliseconds in repetition 142
tcp_ping received 32768 bytes back
Round trip time was 1.56622 milliseconds in repetition 143
tcp_ping received 32768 bytes back
Round trip time was 1.45855 milliseconds in repetition 144
tcp_ping received 32768 bytes back
Round trip time was 1.29011 milliseconds in repetition 145
tcp_ping received 32768 bytes back
Round trip time was 1.50693 milliseconds in repetition 146
tcp_ping received 32768 bytes back
Round trip time was 1.38843 milliseconds in repetition 147
tcp_ping received 32768 bytes back
Round trip time was 1.48244 milliseconds in repetition 148
tcp_ping received 32768 bytes back
Round trip time was 1.55368 milliseconds in repetition 149
tcp_ping received 32768 bytes back
Round trip time was 1.19542 milliseconds in repetition 150
tcp_ping received 32768 bytes back
Round trip time was 1.56595 milliseconds in repetition 151
tcp_ping received 32768 bytes back
Round trip time was 1.46018 milliseconds in repetition 152
tcp_ping received 32768 bytes back
Round trip time was 1.28701 milliseconds in repetition 153
tcp_ping received 32768 bytes back
Round trip time was 1.52917 milliseconds in repetition 154
tcp_ping received 32768 bytes back
Round trip time was 1.33086 milliseconds in repetition 155
tcp_ping received 32768 bytes back
Round trip time was 1.55577 milliseconds in repetition 156
tcp_ping received 32768 bytes back
Round trip time was 1.27079 milliseconds in repetition 157
tcp_ping received 32768 bytes back
Round trip time was 1.56272 milliseconds in repetition 158
tcp_ping received 32768 bytes back
Round trip time was 1.3068 milliseconds in repetition 159
tcp_ping received 32768 bytes back
Round trip time was 1.24325 milliseconds in repetition 160
tcp_ping received 32768 bytes back
Round trip time was 1.59662 milliseconds in repetition 161
tcp_ping received 32768 bytes back
Round trip time was 1.26635 milliseconds in repetition 162
tcp_ping received 32768 bytes back
Round trip time was 1.53146 milliseconds in repetition 163
tcp_ping received 32768 bytes back
Round trip time was 1.52976 milliseconds in repetition 164
tcp_ping received 32768 bytes back
Round trip time was 1.51023 milliseconds in repetition 165
tcp_ping received 32768 bytes back
Round trip time was 1.21408 milliseconds in repetition 166
tcp_ping received 32768 bytes back
Round trip time was 1.3037 milliseconds in repetition 167
tcp_ping received 32768 bytes back
Round trip time was 1.18548 milliseconds in repetition 168
tcp_ping received 32768 bytes back
Round trip time was 1.59036 milliseconds in repetition 169
tcp_ping received 32768 bytes back
Round trip time was 1.17338 milliseconds in repetition 170
tcp_ping received 32768 bytes back
Round trip time was 1.66504 milliseconds in repetition 171
tcp_ping received 32768 bytes back
Round trip time was 1.64117 milliseconds in repetition 172
tcp_ping received 32768 bytes back
Round trip time was 1.24302 milliseconds in repetition 173
tcp_ping received 32768 bytes back
Round trip time was 1.16918 milliseconds in repetition 174
tcp_ping received 32768 bytes back
Round trip time was 1.19356 milliseconds in repetition 175
tcp_ping received 32768 bytes back
Round trip time was 1.6045 milliseconds in repetition 176
tcp_ping received 32768 bytes back
Round trip time was 1.19582 milliseconds in repetition 177
tcp_ping received 32768 bytes back
Round trip time was 1.24565 milliseconds in repetition 178
tcp_ping received 32768 bytes back
Round trip time was 1.5711 milliseconds in repetition 179
tcp_ping received 32768 bytes back
Round trip time was 1.79761 milliseconds in repetition 180
tcp_ping received 32768 bytes back
Round trip time was 1.57484 milliseconds in repetition 181
tcp_ping received 32768 bytes back
Round trip time was 1.27283 milliseconds in repetition 182
tcp_ping received 32768 bytes back
Round trip time was 1.53002 milliseconds in repetition 183
tcp_ping received 32768 bytes back
Round trip time was 1.47409 milliseconds in repetition 184
tcp_ping received 32768 bytes back
Round trip time was 1.86674 milliseconds in repetition 185
tcp_ping received 32768 bytes back
Round trip time was 1.59001 milliseconds in repetition 186
tcp_ping received 32768 bytes back
Round trip time was 1.48964 milliseconds in repetition 187
tcp_ping received 32768 bytes back
Round trip time was 1.61983 milliseconds in repetition 188
tcp_ping received 32768 bytes back
Round trip time was 1.47433 milliseconds in repetition 189
tcp_ping received 32768 bytes back
Round trip time was 1.31605 milliseconds in repetition 190
tcp_ping received 32768 bytes back
Round trip time was 1.54474 milliseconds in repetition 191
tcp_ping received 32768 bytes back
Round trip time was 1.59776 milliseconds in repetition 192
tcp_ping received 32768 bytes back
Round trip time was 1.41236 milliseconds in repetition 193
tcp_ping received 32768 bytes back
Round trip time was 1.31069 milliseconds in repetition 194
tcp_ping received 32768 bytes back
Round trip time was 1.31974 milliseconds in repetition 195
tcp_ping received 32768 bytes back
Round trip time was 1.50991 milliseconds in repetition 196
tcp_ping received 32768 bytes back
Round trip time was 1.86697 milliseconds in repetition 197
tcp_ping received 32768 bytes back
Round trip time was 1.241 milliseconds in repetition 198
tcp_ping received 32768 bytes back
Round trip time was 1.53813 milliseconds in repetition 199
tcp_ping received 32768 bytes back
Round trip time was 1.20534 milliseconds in repetition 200
tcp_ping received 32768 bytes back
Round trip time was 1.62112 milliseconds in repetition 201
tcp_ping received 32768 bytes back
Round trip time was 1.26234 milliseconds in repetition 202
tcp_ping received 32768 bytes back
Round trip time was 1.13414 milliseconds in repetition 203
tcp_ping received 32768 bytes back
Round trip time was 1.49384 milliseconds in repetition 204
tcp_ping received 32768 bytes back
Round trip time was 1.26377 milliseconds in repetition 205
tcp_ping received 32768 bytes back
Round trip time was 1.58033 milliseconds in repetition 206
tcp_ping received 32768 bytes back
Round trip time was 1.18686 milliseconds in repetition 207
tcp_ping received 32768 bytes back
Round trip time was 1.18077 milliseconds in repetition 208
tcp_ping received 32768 bytes back
Round trip time was 1.29972 milliseconds in repetition 209
tcp_ping received 32768 bytes back
Round trip time was 1.44667 milliseconds in repetition 210
tcp_ping received 32768 bytes back
Round trip time was 1.1902 milliseconds in repetition 211
tcp_ping received 32768 bytes back
Round trip time was 1.51207 milliseconds in repetition 212
tcp_ping received 32768 bytes back
Round trip time was 1.51084 milliseconds in repetition 213
tcp_ping received 32768 bytes back
Round trip time was 1.51887 milliseconds in repetition 214
tcp_ping received 32768 bytes back
Round trip time was 1.08892 milliseconds in repetition 215
tcp_ping received 32768 bytes back
Round trip time was 1.21177 milliseconds in repetition 216
tcp_ping received 32768 bytes back
Round trip time was 1.22819 milliseconds in repetition 217
tcp_ping received 32768 bytes back
Round trip time was 1.14557 milliseconds in repetition 218
tcp_ping received 32768 bytes back
Round trip time was 1.50318 milliseconds in repetition 219
tcp_ping received 32768 bytes back
Round trip time was 1.46601 milliseconds in repetition 220
tcp_ping received 32768 bytes back
Round trip time was 1.05961 milliseconds in repetition 221
tcp_ping received 32768 bytes back
Round trip time was 1.14545 milliseconds in repetition 222
tcp_ping received 32768 bytes back
Round trip time was 1.21076 milliseconds in repetition 223
tcp_ping received 32768 bytes back
Round trip time was 1.26704 milliseconds in repetition 224
tcp_ping received 32768 bytes back
Round trip time was 1.13499 milliseconds in repetition 225
tcp_ping received 32768 bytes back
Round trip time was 1.26553 milliseconds in repetition 226
tcp_ping received 32768 bytes back
Round trip time was 1.1262 milliseconds in repetition 227
tcp_ping received 32768 bytes back
Round trip time was 1.21735 milliseconds in repetition 228
tcp_ping received 32768 bytes back
Round trip time was 1.2292 milliseconds in repetition 229
tcp_ping received 32768 bytes back
Round trip time was 1.48951 milliseconds in repetition 230
tcp_ping received 32768 bytes back
Round trip time was 1.24808 milliseconds in repetition 231
tcp_ping received 32768 bytes back
Round trip time was 1.25173 milliseconds in repetition 232
tcp_ping received 32768 bytes back
Round trip time was 1.21104 milliseconds in repetition 233
tcp_ping received 32768 bytes back
Round trip time was 1.20874 milliseconds in repetition 234
tcp_ping received 32768 bytes back
Round trip time was 1.25613 milliseconds in repetition 235
tcp_ping received 32768 bytes back
Round trip time was 1.18749 milliseconds in repetition 236
tcp_ping received 32768 bytes back
Round trip time was 1.59094 milliseconds in repetition 237
tcp_ping received 32768 bytes back
Round trip time was 1.19827 milliseconds in repetition 238
tcp_ping received 32768 bytes back
Round trip time was 1.20827 milliseconds in repetition 239
tcp_ping received 32768 bytes back
Round trip time was 1.23117 milliseconds in repetition 240
tcp_ping received 32768 bytes back
Round trip time was 1.18494 milliseconds in repetition 241
tcp_ping received 32768 bytes back
Round trip time was 1.11074 milliseconds in repetition 242
tcp_ping received 32768 bytes back
Round trip time was 1.23817 milliseconds in repetition 243
tcp_ping received 32768 bytes back
Round trip time was 1.20739 milliseconds in repetition 244
tcp_ping received 32768 bytes back
Round trip time was 1.26793 milliseconds in repetition 245
tcp_ping received 32768 bytes back
Round trip time was 1.11084 milliseconds in repetition 246
tcp_ping received 32768 bytes back
Round trip time was 1.22296 milliseconds in repetition 247
tcp_ping received 32768 bytes back
Round trip time was 1.14504 milliseconds in repetition 248
tcp_ping received 32768 bytes back
Round trip time was 1.22752 milliseconds in repetition 249
tcp_ping received 32768 bytes back
Round trip time was 1.23628 milliseconds in repetition 250
tcp_ping received 32768 bytes back
Round trip time was 1.17567 milliseconds in repetition 251
tcp_ping received 32768 bytes back
Round trip time was 1.54206 milliseconds in repetition 252
tcp_ping received 32768 bytes back
Round trip time was 1.22836 milliseconds in repetition 253
tcp_ping received 32768 bytes back
Round trip time was 1.2455 milliseconds in repetition 254
tcp_ping received 32768 bytes back
Round trip time was 1.13718 milliseconds in repetition 255
tcp_ping received 32768 bytes back
Round trip time was 1.25567 milliseconds in repetition 256
tcp_ping received 32768 bytes back
Round trip time was 1.2022 milliseconds in repetition 257
tcp_ping received 32768 bytes back
Round trip time was 1.18821 milliseconds in repetition 258
tcp_ping received 32768 bytes back
Round trip time was 1.18283 milliseconds in repetition 259
tcp_ping received 32768 bytes back
Round trip time was 1.26265 milliseconds in repetition 260
tcp_ping received 32768 bytes back
Round trip time was 1.17552 milliseconds in repetition 261
tcp_ping received 32768 bytes back
Round trip time was 1.10867 milliseconds in repetition 262
tcp_ping received 32768 bytes back
Round trip time was 1.52428 milliseconds in repetition 263
tcp_ping received 32768 bytes back
Round trip time was 1.2661 milliseconds in repetition 264
tcp_ping received 32768 bytes back
Round trip time was 1.17932 milliseconds in repetition 265
tcp_ping received 32768 bytes back
Round trip time was 1.36262 milliseconds in repetition 266
tcp_ping received 32768 bytes back
Round trip time was 1.47477 milliseconds in repetition 267
tcp_ping received 32768 bytes back
Round trip time was 1.31194 milliseconds in repetition 268
tcp_ping received 32768 bytes back
Round trip time was 1.20507 milliseconds in repetition 269
tcp_ping received 32768 bytes back
Round trip time was 1.38157 milliseconds in repetition 270
tcp_ping received 32768 bytes back
Round trip time was 1.1685 milliseconds in repetition 271
tcp_ping received 32768 bytes back
Round trip time was 1.55888 milliseconds in repetition 272
tcp_ping received 32768 bytes back
Round trip time was 1.08802 milliseconds in repetition 273
tcp_ping received 32768 bytes back
Round trip time was 1.22205 milliseconds in repetition 274
tcp_ping received 32768 bytes back
Round trip time was 1.23948 milliseconds in repetition 275
tcp_ping received 32768 bytes back
Round trip time was 1.31828 milliseconds in repetition 276
tcp_ping received 32768 bytes back
Round trip time was 1.22111 milliseconds in repetition 277
tcp_ping received 32768 bytes back
Round trip time was 1.25177 milliseconds in repetition 278
tcp_ping received 32768 bytes back
Round trip time was 1.5592 milliseconds in repetition 279
tcp_ping received 32768 bytes back
Round trip time was 1.14056 milliseconds in repetition 280
tcp_ping received 32768 bytes back
Round trip time was 1.62061 milliseconds in repetition 281
tcp_ping received 32768 bytes back
Round trip time was 1.45729 milliseconds in repetition 282
tcp_ping received 32768 bytes back
Round trip time was 1.5783 milliseconds in repetition 283
tcp_ping received 32768 bytes back
Round trip time was 1.58422 milliseconds in repetition 284
tcp_ping received 32768 bytes back
Round trip time was 1.41729 milliseconds in repetition 285
tcp_ping received 32768 bytes back
Round trip time was 1.52323 milliseconds in repetition 286
tcp_ping received 32768 bytes back
Round trip time was 1.52614 milliseconds in repetition 287
tcp_ping received 32768 bytes back
Round trip time was 1.44326 milliseconds in repetition 288
tcp_ping received 32768 bytes back
Round trip time was 1.62917 milliseconds in repetition 289
tcp_ping received 32768 bytes back
Round trip time was 1.50959 milliseconds in repetition 290
tcp_ping received 32768 bytes back
Round trip time was 1.46264 milliseconds in repetition 291
tcp_ping received 32768 bytes back
Round trip time was 1.58373 milliseconds in repetition 292
tcp_ping received 32768 bytes back
Round trip time was 1.41426 milliseconds in repetition 293
tcp_ping received 32768 bytes back
Round trip time was 1.28654 milliseconds in repetition 294
tcp_ping received 32768 bytes back
Round trip time was 1.46044 milliseconds in repetition 295
tcp_ping received 32768 bytes back
Round trip time was 1.54141 milliseconds in repetition 296
tcp_ping received 32768 bytes back
Round trip time was 1.44297 milliseconds in repetition 297
tcp_ping received 32768 bytes back
Round trip time was 1.55046 milliseconds in repetition 298
tcp_ping received 32768 bytes back
Round trip time was 1.37098 milliseconds in repetition 299
tcp_ping received 32768 bytes back
Round trip time was 1.55522 milliseconds in repetition 300
tcp_ping received 32768 bytes back
Round trip time was 1.2271 milliseconds in repetition 301
tcp_ping received 32768 bytes back
Round trip time was 1.20693 milliseconds in repetition 302
tcp_ping received 32768 bytes back
Round trip time was 1.24993 milliseconds in repetition 303
tcp_ping received 32768 bytes back
Round trip time was 1.54364 milliseconds in repetition 304
tcp_ping received 32768 bytes back
Round trip time was 1.2882 milliseconds in repetition 305
tcp_ping received 32768 bytes back
Round trip time was 1.12545 milliseconds in repetition 306
tcp_ping received 32768 bytes back
Round trip time was 1.55264 milliseconds in repetition 307
tcp_ping received 32768 bytes back
Round trip time was 1.19921 milliseconds in repetition 308
tcp_ping received 32768 bytes back
Round trip time was 1.17721 milliseconds in repetition 309
tcp_ping received 32768 bytes back
Round trip time was 1.21328 milliseconds in repetition 310
tcp_ping received 32768 bytes back
Round trip time was 1.52675 milliseconds in repetition 311
tcp_ping received 32768 bytes back
Round trip time was 1.58489 milliseconds in repetition 312
tcp_ping received 32768 bytes back
Round trip time was 1.56724 milliseconds in repetition 313
tcp_ping received 32768 bytes back
Round trip time was 1.47219 milliseconds in repetition 314
tcp_ping received 32768 bytes back
Round trip time was 1.26305 milliseconds in repetition 315
tcp_ping received 32768 bytes back
Round trip time was 1.51323 milliseconds in repetition 316
tcp_ping received 32768 bytes back
Round trip time was 1.46206 milliseconds in repetition 317
tcp_ping received 32768 bytes back
Round trip time was 1.18145 milliseconds in repetition 318
tcp_ping received 32768 bytes back
Round trip time was 1.58786 milliseconds in repetition 319
tcp_ping received 32768 bytes back
Round trip time was 1.568 milliseconds in repetition 320
tcp_ping received 32768 bytes back
Round trip time was 1.56895 milliseconds in repetition 321
tcp_ping received 32768 bytes back
Round trip time was 1.46947 milliseconds in repetition 322
tcp_ping received 32768 bytes back
Round trip time was 1.58587 milliseconds in repetition 323
tcp_ping received 32768 bytes back
Round trip time was 1.57966 milliseconds in repetition 324
tcp_ping received 32768 bytes back
Round trip time was 1.57063 milliseconds in repetition 325
tcp_ping received 32768 bytes back
Round trip time was 1.60586 milliseconds in repetition 326
tcp_ping received 32768 bytes back
Round trip time was 1.25597 milliseconds in repetition 327
tcp_ping received 32768 bytes back
Round trip time was 1.5653 milliseconds in repetition 328
tcp_ping received 32768 bytes back
Round trip time was 1.57339 milliseconds in repetition 329
tcp_ping received 32768 bytes back
Round trip time was 1.44947 milliseconds in repetition 330
tcp_ping received 32768 bytes back
Round trip time was 1.36989 milliseconds in repetition 331
tcp_ping received 32768 bytes back
Round trip time was 1.54266 milliseconds in repetition 332
tcp_ping received 32768 bytes back
Round trip time was 1.27881 milliseconds in repetition 333
tcp_ping received 32768 bytes back
Round trip time was 1.21763 milliseconds in repetition 334
tcp_ping received 32768 bytes back
Round trip time was 1.44748 milliseconds in repetition 335
tcp_ping received 32768 bytes back
Round trip time was 1.48182 milliseconds in repetition 336
tcp_ping received 32768 bytes back
Round trip time was 1.5069 milliseconds in repetition 337
tcp_ping received 32768 bytes back
Round trip time was 1.45812 milliseconds in repetition 338
tcp_ping received 32768 bytes back
Round trip time was 1.63199 milliseconds in repetition 339
tcp_ping received 32768 bytes back
Round trip time was 1.50774 milliseconds in repetition 340
tcp_ping received 32768 bytes back
Round trip time was 1.23914 milliseconds in repetition 341
tcp_ping received 32768 bytes back
Round trip time was 1.44776 milliseconds in repetition 342
tcp_ping received 32768 bytes back
Round trip time was 1.19864 milliseconds in repetition 343
tcp_ping received 32768 bytes back
Round trip time was 1.29425 milliseconds in repetition 344
tcp_ping received 32768 bytes back
Round trip time was 1.58068 milliseconds in repetition 345
tcp_ping received 32768 bytes back
Round trip time was 1.56101 milliseconds in repetition 346
tcp_ping received 32768 bytes back
Round trip time was 1.53226 milliseconds in repetition 347
tcp_ping received 32768 bytes back
Round trip time was 1.29327 milliseconds in repetition 348
tcp_ping received 32768 bytes back
Round trip time was 1.5335 milliseconds in repetition 349
tcp_ping received 32768 bytes back
Round trip time was 1.49243 milliseconds in repetition 350
tcp_ping received 32768 bytes back
Round trip time was 1.26249 milliseconds in repetition 351
tcp_ping received 32768 bytes back
Round trip time was 1.2728 milliseconds in repetition 352
tcp_ping received 32768 bytes back
Round trip time was 1.51767 milliseconds in repetition 353
tcp_ping received 32768 bytes back
Round trip time was 1.25656 milliseconds in repetition 354
tcp_ping received 32768 bytes back
Round trip time was 1.53793 milliseconds in repetition 355
tcp_ping received 32768 bytes back
Round trip time was 1.46185 milliseconds in repetition 356
tcp_ping received 32768 bytes back
Round trip time was 1.2308 milliseconds in repetition 357
tcp_ping received 32768 bytes back
Round trip time was 1.53452 milliseconds in repetition 358
tcp_ping received 32768 bytes back
Round trip time was 1.45236 milliseconds in repetition 359
tcp_ping received 32768 bytes back
Round trip time was 1.26258 milliseconds in repetition 360
tcp_ping received 32768 bytes back
Round trip time was 1.55292 milliseconds in repetition 361
tcp_ping received 32768 bytes back
Round trip time was 1.27567 milliseconds in repetition 362
tcp_ping received 32768 bytes back
Round trip time was 1.15892 milliseconds in repetition 363
tcp_ping received 32768 bytes back
Round trip time was 1.42855 milliseconds in repetition 364
tcp_ping received 32768 bytes back
Round trip time was 1.45143 milliseconds in repetition 365
tcp_ping received 32768 bytes back
Round trip time was 1.29382 milliseconds in repetition 366
tcp_ping received 32768 bytes back
Round trip time was 1.32258 milliseconds in repetition 367
tcp_ping received 32768 bytes back
Round trip time was 1.49012 milliseconds in repetition 368
tcp_ping received 32768 bytes back
Round trip time was 1.532 milliseconds in repetition 369
tcp_ping received 32768 bytes back
Round trip time was 1.25123 milliseconds in repetition 370
tcp_ping received 32768 bytes back
Round trip time was 1.21018 milliseconds in repetition 371
tcp_ping received 32768 bytes back
Round trip time was 1.17392 milliseconds in repetition 372
tcp_ping received 32768 bytes back
Round trip time was 1.2515 milliseconds in repetition 373
tcp_ping received 32768 bytes back
Round trip time was 1.16739 milliseconds in repetition 374
tcp_ping received 32768 bytes back
Round trip time was 1.22215 milliseconds in repetition 375
tcp_ping received 32768 bytes back
Round trip time was 1.48648 milliseconds in repetition 376
tcp_ping received 32768 bytes back
Round trip time was 1.47135 milliseconds in repetition 377
tcp_ping received 32768 bytes back
Round trip time was 1.341 milliseconds in repetition 378
tcp_ping received 32768 bytes back
Round trip time was 1.22488 milliseconds in repetition 379
tcp_ping received 32768 bytes back
Round trip time was 1.52445 milliseconds in repetition 380
tcp_ping received 32768 bytes back
Round trip time was 1.26734 milliseconds in repetition 381
tcp_ping received 32768 bytes back
Round trip time was 1.49301 milliseconds in repetition 382
tcp_ping received 32768 bytes back
Round trip time was 1.33597 milliseconds in repetition 383
tcp_ping received 32768 bytes back
Round trip time was 1.20082 milliseconds in repetition 384
tcp_ping received 32768 bytes back
Round trip time was 1.23975 milliseconds in repetition 385
tcp_ping received 32768 bytes back
Round trip time was 1.29398 milliseconds in repetition 386
tcp_ping received 32768 bytes back
Round trip time was 1.52626 milliseconds in repetition 387
tcp_ping received 32768 bytes back
Round trip time was 1.61067 milliseconds in repetition 388
tcp_ping received 32768 bytes back
Round trip time was 1.32343 milliseconds in repetition 389
tcp_ping received 32768 bytes back
Round trip time was 1.2674 milliseconds in repetition 390
tcp_ping received 32768 bytes back
Round trip time was 1.2499 milliseconds in repetition 391
tcp_ping received 32768 bytes back
Round trip time was 1.3653 milliseconds in repetition 392
tcp_ping received 32768 bytes back
Round trip time was 1.54488 milliseconds in repetition 393
tcp_ping received 32768 bytes back
Round trip time was 1.23981 milliseconds in repetition 394
tcp_ping received 32768 bytes back
Round trip time was 1.2545 milliseconds in repetition 395
tcp_ping received 32768 bytes back
Round trip time was 1.60229 milliseconds in repetition 396
tcp_ping received 32768 bytes back
Round trip time was 1.36887 milliseconds in repetition 397
tcp_ping received 32768 bytes back
Round trip time was 1.5307 milliseconds in repetition 398
tcp_ping received 32768 bytes back
Round trip time was 1.46002 milliseconds in repetition 399
tcp_ping received 32768 bytes back
Round trip time was 1.53318 milliseconds in repetition 400
tcp_ping received 32768 bytes back
Round trip time was 1.86054 milliseconds in repetition 401
tcp_ping received 32768 bytes back
Round trip time was 1.56111 milliseconds in repetition 402
tcp_ping received 32768 bytes back
Round trip time was 1.50266 milliseconds in repetition 403
tcp_ping received 32768 bytes back
Round trip time was 1.57774 milliseconds in repetition 404
tcp_ping received 32768 bytes back
Round trip time was 1.4085 milliseconds in repetition 405
tcp_ping received 32768 bytes back
Round trip time was 1.50516 milliseconds in repetition 406
tcp_ping received 32768 bytes back
Round trip time was 1.20344 milliseconds in repetition 407
tcp_ping received 32768 bytes back
Round trip time was 1.48171 milliseconds in repetition 408
tcp_ping received 32768 bytes back
Round trip time was 1.50667 milliseconds in repetition 409
tcp_ping received 32768 bytes back
Round trip time was 1.50523 milliseconds in repetition 410
tcp_ping received 32768 bytes back
Round trip time was 1.45935 milliseconds in repetition 411
tcp_ping received 32768 bytes back
Round trip time was 1.23824 milliseconds in repetition 412
tcp_ping received 32768 bytes back
Round trip time was 1.20803 milliseconds in repetition 413
tcp_ping received 32768 bytes back
Round trip time was 1.55449 milliseconds in repetition 414
tcp_ping received 32768 bytes back
Round trip time was 1.53146 milliseconds in repetition 415
tcp_ping received 32768 bytes back
Round trip time was 1.13241 milliseconds in repetition 416
tcp_ping received 32768 bytes back
Round trip time was 1.26799 milliseconds in repetition 417
tcp_ping received 32768 bytes back
Round trip time was 1.25449 milliseconds in repetition 418
tcp_ping received 32768 bytes back
Round trip time was 1.55349 milliseconds in repetition 419
tcp_ping received 32768 bytes back
Round trip time was 1.2553 milliseconds in repetition 420
tcp_ping received 32768 bytes back
Round trip time was 1.58152 milliseconds in repetition 421
tcp_ping received 32768 bytes back
Round trip time was 1.49484 milliseconds in repetition 422
tcp_ping received 32768 bytes back
Round trip time was 1.10439 milliseconds in repetition 423
tcp_ping received 32768 bytes back
Round trip time was 1.48446 milliseconds in repetition 424
tcp_ping received 32768 bytes back
Round trip time was 1.45422 milliseconds in repetition 425
tcp_ping received 32768 bytes back
Round trip time was 1.27563 milliseconds in repetition 426
tcp_ping received 32768 bytes back
Round trip time was 1.0594 milliseconds in repetition 427
tcp_ping received 32768 bytes back
Round trip time was 1.43871 milliseconds in repetition 428
tcp_ping received 32768 bytes back
Round trip time was 1.10552 milliseconds in repetition 429
tcp_ping received 32768 bytes back
Round trip time was 1.10903 milliseconds in repetition 430
tcp_ping received 32768 bytes back
Round trip time was 1.07935 milliseconds in repetition 431
tcp_ping received 32768 bytes back
Round trip time was 1.17816 milliseconds in repetition 432
tcp_ping received 32768 bytes back
Round trip time was 1.52488 milliseconds in repetition 433
tcp_ping received 32768 bytes back
Round trip time was 1.30639 milliseconds in repetition 434
tcp_ping received 32768 bytes back
Round trip time was 1.50097 milliseconds in repetition 435
tcp_ping received 32768 bytes back
Round trip time was 1.2671 milliseconds in repetition 436
tcp_ping received 32768 bytes back
Round trip time was 1.47042 milliseconds in repetition 437
tcp_ping received 32768 bytes back
Round trip time was 1.41774 milliseconds in repetition 438
tcp_ping received 32768 bytes back
Round trip time was 1.40181 milliseconds in repetition 439
tcp_ping received 32768 bytes back
Round trip time was 1.42938 milliseconds in repetition 440
tcp_ping received 32768 bytes back
Round trip time was 1.42948 milliseconds in repetition 441
tcp_ping received 32768 bytes back
Round trip time was 1.19503 milliseconds in repetition 442
tcp_ping received 32768 bytes back
Round trip time was 1.23502 milliseconds in repetition 443
tcp_ping received 32768 bytes back
Round trip time was 1.18853 milliseconds in repetition 444
tcp_ping received 32768 bytes back
Round trip time was 1.24024 milliseconds in repetition 445
tcp_ping received 32768 bytes back
Round trip time was 1.23696 milliseconds in repetition 446
tcp_ping received 32768 bytes back
Round trip time was 1.20947 milliseconds in repetition 447
tcp_ping received 32768 bytes back
Round trip time was 1.54904 milliseconds in repetition 448
tcp_ping received 32768 bytes back
Round trip time was 1.24266 milliseconds in repetition 449
tcp_ping received 32768 bytes back
Round trip time was 1.25828 milliseconds in repetition 450
tcp_ping received 32768 bytes back
Round trip time was 1.46117 milliseconds in repetition 451
tcp_ping received 32768 bytes back
Round trip time was 1.14041 milliseconds in repetition 452
tcp_ping received 32768 bytes back
Round trip time was 1.22261 milliseconds in repetition 453
tcp_ping received 32768 bytes back
Round trip time was 1.29588 milliseconds in repetition 454
tcp_ping received 32768 bytes back
Round trip time was 1.23026 milliseconds in repetition 455
tcp_ping received 32768 bytes back
Round trip time was 1.49723 milliseconds in repetition 456
tcp_ping received 32768 bytes back
Round trip time was 1.39096 milliseconds in repetition 457
tcp_ping received 32768 bytes back
Round trip time was 1.10861 milliseconds in repetition 458
tcp_ping received 32768 bytes back
Round trip time was 1.27618 milliseconds in repetition 459
tcp_ping received 32768 bytes back
Round trip time was 1.25888 milliseconds in repetition 460
tcp_ping received 32768 bytes back
Round trip time was 1.26336 milliseconds in repetition 461
tcp_ping received 32768 bytes back
Round trip time was 1.55002 milliseconds in repetition 462
tcp_ping received 32768 bytes back
Round trip time was 1.56375 milliseconds in repetition 463
tcp_ping received 32768 bytes back
Round trip time was 1.48308 milliseconds in repetition 464
tcp_ping received 32768 bytes back
Round trip time was 1.77885 milliseconds in repetition 465
tcp_ping received 32768 bytes back
Round trip time was 1.45891 milliseconds in repetition 466
tcp_ping received 32768 bytes back
Round trip time was 1.52118 milliseconds in repetition 467
tcp_ping received 32768 bytes back
Round trip time was 1.26677 milliseconds in repetition 468
tcp_ping received 32768 bytes back
Round trip time was 1.4821 milliseconds in repetition 469
tcp_ping received 32768 bytes back
Round trip time was 1.28779 milliseconds in repetition 470
tcp_ping received 32768 bytes back
Round trip time was 1.89432 milliseconds in repetition 471
tcp_ping received 32768 bytes back
Round trip time was 1.33593 milliseconds in repetition 472
tcp_ping received 32768 bytes back
Round trip time was 1.54751 milliseconds in repetition 473
tcp_ping received 32768 bytes back
Round trip time was 1.55515 milliseconds in repetition 474
tcp_ping received 32768 bytes back
Round trip time was 1.49046 milliseconds in repetition 475
tcp_ping received 32768 bytes back
Round trip time was 1.59678 milliseconds in repetition 476
tcp_ping received 32768 bytes back
Round trip time was 1.26854 milliseconds in repetition 477
tcp_ping received 32768 bytes back
Round trip time was 1.54807 milliseconds in repetition 478
tcp_ping received 32768 bytes back
Round trip time was 1.61729 milliseconds in repetition 479
tcp_ping received 32768 bytes back
Round trip time was 1.22998 milliseconds in repetition 480
tcp_ping received 32768 bytes back
Round trip time was -998.807 milliseconds in repetition 481
tcp_ping received 32768 bytes back
Round trip time was 1.52586 milliseconds in repetition 482
tcp_ping received 32768 bytes back
Round trip time was 1.38629 milliseconds in repetition 483
tcp_ping received 32768 bytes back
Round trip time was 1.62555 milliseconds in repetition 484
tcp_ping received 32768 bytes back
Round trip time was 1.46448 milliseconds in repetition 485
tcp_ping received 32768 bytes back
Round trip time was 1.4999 milliseconds in repetition 486
tcp_ping received 32768 bytes back
Round trip time was 1.39853 milliseconds in repetition 487
tcp_ping received 32768 bytes back
Round trip time was 1.4882 milliseconds in repetition 488
tcp_ping received 32768 bytes back
Round trip time was 1.28824 milliseconds in repetition 489
tcp_ping received 32768 bytes back
Round trip time was 1.33518 milliseconds in repetition 490
tcp_ping received 32768 bytes back
Round trip time was 1.58501 milliseconds in repetition 491
tcp_ping received 32768 bytes back
Round trip time was 1.26628 milliseconds in repetition 492
tcp_ping received 32768 bytes back
Round trip time was 1.32858 milliseconds in repetition 493
tcp_ping received 32768 bytes back
Round trip time was 1.49469 milliseconds in repetition 494
tcp_ping received 32768 bytes back
Round trip time was 1.23832 milliseconds in repetition 495
tcp_ping received 32768 bytes back
Round trip time was 1.2378 milliseconds in repetition 496
tcp_ping received 32768 bytes back
Round trip time was 1.35502 milliseconds in repetition 497
tcp_ping received 32768 bytes back
Round trip time was 1.17595 milliseconds in repetition 498
tcp_ping received 32768 bytes back
Round trip time was 1.2212 milliseconds in repetition 499
tcp_ping received 32768 bytes back
Round trip time was 1.31831 milliseconds in repetition 500
tcp_ping received 32768 bytes back
Round trip time was 1.23704 milliseconds in repetition 501

 ... clock resolution was 1e-06
TCP Ping:  Statistics over 501 repetitions of 32768 byte messages

RTT : percentile 10: 1.17721, median: 1.32858, percentile 90: 1.5783, average: -0.563713, variance: 1998.6

RTT histogram:
0 0
1.48328 498
2.96655 1
4.44983 0
5.93311 0
7.41638 0
8.89966 0
10.3829 0
11.8662 0
13.3495 0
14.8328 0
16.316 0
17.7993 0
19.2826 0
20.7659 0
22.2492 0
23.7324 0
25.2157 0
26.699 0
28.1823 0
29.6655 1

   median Throughput : 49328 KB/s

