TCP Ping trying to connect to server seti.dibris.unige.it (130.251.61.30) on port 1491
 ... connected to Pong server: asking for 501 repetitions of 65536 bytes TCP messages
 ... Pong server agreed :-)
tcp_ping received 65536 bytes back
Round trip time was -971.343 milliseconds in repetition 1
tcp_ping received 65536 bytes back
Round trip time was 2.5716 milliseconds in repetition 2
tcp_ping received 65536 bytes back
Round trip time was 2.74194 milliseconds in repetition 3
tcp_ping received 65536 bytes back
Round trip time was 2.60047 milliseconds in repetition 4
tcp_ping received 65536 bytes back
Round trip time was 2.48916 milliseconds in repetition 5
tcp_ping received 65536 bytes back
Round trip time was 2.36992 milliseconds in repetition 6
tcp_ping received 65536 bytes back
Round trip time was 2.36909 milliseconds in repetition 7
tcp_ping received 65536 bytes back
Round trip time was 2.14321 milliseconds in repetition 8
tcp_ping received 65536 bytes back
Round trip time was 2.15948 milliseconds in repetition 9
tcp_ping received 65536 bytes back
Round trip time was 2.34626 milliseconds in repetition 10
tcp_ping received 65536 bytes back
Round trip time was 2.06777 milliseconds in repetition 11
tcp_ping received 65536 bytes back
Round trip time was 2.30262 milliseconds in repetition 12
tcp_ping received 65536 bytes back
Round trip time was 2.15397 milliseconds in repetition 13
tcp_ping received 65536 bytes back
Round trip time was 2.02134 milliseconds in repetition 14
tcp_ping received 65536 bytes back
Round trip time was 2.43242 milliseconds in repetition 15
tcp_ping received 65536 bytes back
Round trip time was 2.06736 milliseconds in repetition 16
tcp_ping received 65536 bytes back
Round trip time was 1.8094 milliseconds in repetition 17
tcp_ping received 65536 bytes back
Round trip time was 1.99321 milliseconds in repetition 18
tcp_ping received 65536 bytes back
Round trip time was 2.41121 milliseconds in repetition 19
tcp_ping received 65536 bytes back
Round trip time was 2.47868 milliseconds in repetition 20
tcp_ping received 65536 bytes back
Round trip time was 2.03384 milliseconds in repetition 21
tcp_ping received 65536 bytes back
Round trip time was 2.41352 milliseconds in repetition 22
tcp_ping received 65536 bytes back
Round trip time was 1.98665 milliseconds in repetition 23
tcp_ping received 65536 bytes back
Round trip time was 2.56105 milliseconds in repetition 24
tcp_ping received 65536 bytes back
Round trip time was 2.00389 milliseconds in repetition 25
tcp_ping received 65536 bytes back
Round trip time was 2.38909 milliseconds in repetition 26
tcp_ping received 65536 bytes back
Round trip time was 2.43991 milliseconds in repetition 27
tcp_ping received 65536 bytes back
Round trip time was 2.3429 milliseconds in repetition 28
tcp_ping received 65536 bytes back
Round trip time was 2.46053 milliseconds in repetition 29
tcp_ping received 65536 bytes back
Round trip time was 2.40885 milliseconds in repetition 30
tcp_ping received 65536 bytes back
Round trip time was 2.02384 milliseconds in repetition 31
tcp_ping received 65536 bytes back
Round trip time was 2.12244 milliseconds in repetition 32
tcp_ping received 65536 bytes back
Round trip time was 2.08845 milliseconds in repetition 33
tcp_ping received 65536 bytes back
Round trip time was 2.43862 milliseconds in repetition 34
tcp_ping received 65536 bytes back
Round trip time was 2.24463 milliseconds in repetition 35
tcp_ping received 65536 bytes back
Round trip time was 2.10405 milliseconds in repetition 36
tcp_ping received 65536 bytes back
Round trip time was 2.42101 milliseconds in repetition 37
tcp_ping received 65536 bytes back
Round trip time was 2.02955 milliseconds in repetition 38
tcp_ping received 65536 bytes back
Round trip time was 2.01945 milliseconds in repetition 39
tcp_ping received 65536 bytes back
Round trip time was 2.0873 milliseconds in repetition 40
tcp_ping received 65536 bytes back
Round trip time was 2.28923 milliseconds in repetition 41
tcp_ping received 65536 bytes back
Round trip time was 1.92952 milliseconds in repetition 42
tcp_ping received 65536 bytes back
Round trip time was 2.35594 milliseconds in repetition 43
tcp_ping received 65536 bytes back
Round trip time was 2.4298 milliseconds in repetition 44
tcp_ping received 65536 bytes back
Round trip time was 2.05373 milliseconds in repetition 45
tcp_ping received 65536 bytes back
Round trip time was 2.11573 milliseconds in repetition 46
tcp_ping received 65536 bytes back
Round trip time was 2.05063 milliseconds in repetition 47
tcp_ping received 65536 bytes back
Round trip time was 2.06955 milliseconds in repetition 48
tcp_ping received 65536 bytes back
Round trip time was 2.01146 milliseconds in repetition 49
tcp_ping received 65536 bytes back
Round trip time was 2.16102 milliseconds in repetition 50
tcp_ping received 65536 bytes back
Round trip time was 2.03931 milliseconds in repetition 51
tcp_ping received 65536 bytes back
Round trip time was 2.03645 milliseconds in repetition 52
tcp_ping received 65536 bytes back
Round trip time was 2.044 milliseconds in repetition 53
tcp_ping received 65536 bytes back
Round trip time was 2.04443 milliseconds in repetition 54
tcp_ping received 65536 bytes back
Round trip time was 2.27028 milliseconds in repetition 55
tcp_ping received 65536 bytes back
Round trip time was 4.12512 milliseconds in repetition 56
tcp_ping received 65536 bytes back
Round trip time was 4.74676 milliseconds in repetition 57
tcp_ping received 65536 bytes back
Round trip time was 3.86852 milliseconds in repetition 58
tcp_ping received 65536 bytes back
Round trip time was 2.43332 milliseconds in repetition 59
tcp_ping received 65536 bytes back
Round trip time was 2.46546 milliseconds in repetition 60
tcp_ping received 65536 bytes back
Round trip time was 2.16447 milliseconds in repetition 61
tcp_ping received 65536 bytes back
Round trip time was 2.4838 milliseconds in repetition 62
tcp_ping received 65536 bytes back
Round trip time was 3.32 milliseconds in repetition 63
tcp_ping received 65536 bytes back
Round trip time was 2.69213 milliseconds in repetition 64
tcp_ping received 65536 bytes back
Round trip time was 2.2112 milliseconds in repetition 65
tcp_ping received 65536 bytes back
Round trip time was 2.06935 milliseconds in repetition 66
tcp_ping received 65536 bytes back
Round trip time was 2.03466 milliseconds in repetition 67
tcp_ping received 65536 bytes back
Round trip time was 1.92713 milliseconds in repetition 68
tcp_ping received 65536 bytes back
Round trip time was 2.07384 milliseconds in repetition 69
tcp_ping received 65536 bytes back
Round trip time was 2.29905 milliseconds in repetition 70
tcp_ping received 65536 bytes back
Round trip time was 2.09369 milliseconds in repetition 71
tcp_ping received 65536 bytes back
Round trip time was 2.06818 milliseconds in repetition 72
tcp_ping received 65536 bytes back
Round trip time was 2.05954 milliseconds in repetition 73
tcp_ping received 65536 bytes back
Round trip time was 2.09138 milliseconds in repetition 74
tcp_ping received 65536 bytes back
Round trip time was 1.94436 milliseconds in repetition 75
tcp_ping received 65536 bytes back
Round trip time was 2.01525 milliseconds in repetition 76
tcp_ping received 65536 bytes back
Round trip time was 1.95704 milliseconds in repetition 77
tcp_ping received 65536 bytes back
Round trip time was 2.47571 milliseconds in repetition 78
tcp_ping received 65536 bytes back
Round trip time was 2.03666 milliseconds in repetition 79
tcp_ping received 65536 bytes back
Round trip time was 2.07077 milliseconds in repetition 80
tcp_ping received 65536 bytes back
Round trip time was 2.06137 milliseconds in repetition 81
tcp_ping received 65536 bytes back
Round trip time was 2.74315 milliseconds in repetition 82
tcp_ping received 65536 bytes back
Round trip time was 1.78778 milliseconds in repetition 83
tcp_ping received 65536 bytes back
Round trip time was 2.39975 milliseconds in repetition 84
tcp_ping received 65536 bytes back
Round trip time was 2.08034 milliseconds in repetition 85
tcp_ping received 65536 bytes back
Round trip time was 2.06589 milliseconds in repetition 86
tcp_ping received 65536 bytes back
Round trip time was 2.84381 milliseconds in repetition 87
tcp_ping received 65536 bytes back
Round trip time was 2.42731 milliseconds in repetition 88
tcp_ping received 65536 bytes back
Round trip time was 2.41469 milliseconds in repetition 89
tcp_ping received 65536 bytes back
Round trip time was 2.4769 milliseconds in repetition 90
tcp_ping received 65536 bytes back
Round trip time was 2.75068 milliseconds in repetition 91
tcp_ping received 65536 bytes back
Round trip time was 2.60772 milliseconds in repetition 92
tcp_ping received 65536 bytes back
Round trip time was 2.02811 milliseconds in repetition 93
tcp_ping received 65536 bytes back
Round trip time was 2.38498 milliseconds in repetition 94
tcp_ping received 65536 bytes back
Round trip time was 2.08182 milliseconds in repetition 95
tcp_ping received 65536 bytes back
Round trip time was 2.02063 milliseconds in repetition 96
tcp_ping received 65536 bytes back
Round trip time was 2.37142 milliseconds in repetition 97
tcp_ping received 65536 bytes back
Round trip time was 2.39268 milliseconds in repetition 98
tcp_ping received 65536 bytes back
Round trip time was 1.92714 milliseconds in repetition 99
tcp_ping received 65536 bytes back
Round trip time was 1.99999 milliseconds in repetition 100
tcp_ping received 65536 bytes back
Round trip time was 2.01211 milliseconds in repetition 101
tcp_ping received 65536 bytes back
Round trip time was 2.36464 milliseconds in repetition 102
tcp_ping received 65536 bytes back
Round trip time was 2.02674 milliseconds in repetition 103
tcp_ping received 65536 bytes back
Round trip time was 2.07198 milliseconds in repetition 104
tcp_ping received 65536 bytes back
Round trip time was 1.97942 milliseconds in repetition 105
tcp_ping received 65536 bytes back
Round trip time was 2.02141 milliseconds in repetition 106
tcp_ping received 65536 bytes back
Round trip time was 2.09218 milliseconds in repetition 107
tcp_ping received 65536 bytes back
Round trip time was 2.04655 milliseconds in repetition 108
tcp_ping received 65536 bytes back
Round trip time was 2.04455 milliseconds in repetition 109
tcp_ping received 65536 bytes back
Round trip time was 1.99146 milliseconds in repetition 110
tcp_ping received 65536 bytes back
Round trip time was 2.48019 milliseconds in repetition 111
tcp_ping received 65536 bytes back
Round trip time was 2.03956 milliseconds in repetition 112
tcp_ping received 65536 bytes back
Round trip time was 2.02821 milliseconds in repetition 113
tcp_ping received 65536 bytes back
Round trip time was 2.51119 milliseconds in repetition 114
tcp_ping received 65536 bytes back
Round trip time was 2.13973 milliseconds in repetition 115
tcp_ping received 65536 bytes back
Round trip time was 2.38288 milliseconds in repetition 116
tcp_ping received 65536 bytes back
Round trip time was 2.4021 milliseconds in repetition 117
tcp_ping received 65536 bytes back
Round trip time was 2.39022 milliseconds in repetition 118
tcp_ping received 65536 bytes back
Round trip time was 2.18769 milliseconds in repetition 119
tcp_ping received 65536 bytes back
Round trip time was 2.0357 milliseconds in repetition 120
tcp_ping received 65536 bytes back
Round trip time was 2.34217 milliseconds in repetition 121
tcp_ping received 65536 bytes back
Round trip time was 2.16282 milliseconds in repetition 122
tcp_ping received 65536 bytes back
Round trip time was 2.05717 milliseconds in repetition 123
tcp_ping received 65536 bytes back
Round trip time was 2.0971 milliseconds in repetition 124
tcp_ping received 65536 bytes back
Round trip time was 2.04788 milliseconds in repetition 125
tcp_ping received 65536 bytes back
Round trip time was 2.1159 milliseconds in repetition 126
tcp_ping received 65536 bytes back
Round trip time was 2.42843 milliseconds in repetition 127
tcp_ping received 65536 bytes back
Round trip time was 2.01886 milliseconds in repetition 128
tcp_ping received 65536 bytes back
Round trip time was 2.11827 milliseconds in repetition 129
tcp_ping received 65536 bytes back
Round trip time was 1.8254 milliseconds in repetition 130
tcp_ping received 65536 bytes back
Round trip time was 1.95089 milliseconds in repetition 131
tcp_ping received 65536 bytes back
Round trip time was 2.11578 milliseconds in repetition 132
tcp_ping received 65536 bytes back
Round trip time was 2.14432 milliseconds in repetition 133
tcp_ping received 65536 bytes back
Round trip time was 2.47608 milliseconds in repetition 134
tcp_ping received 65536 bytes back
Round trip time was 2.17539 milliseconds in repetition 135
tcp_ping received 65536 bytes back
Round trip time was 2.56111 milliseconds in repetition 136
tcp_ping received 65536 bytes back
Round trip time was 2.17428 milliseconds in repetition 137
tcp_ping received 65536 bytes back
Round trip time was 2.44821 milliseconds in repetition 138
tcp_ping received 65536 bytes back
Round trip time was 2.1107 milliseconds in repetition 139
tcp_ping received 65536 bytes back
Round trip time was 2.55351 milliseconds in repetition 140
tcp_ping received 65536 bytes back
Round trip time was 2.27754 milliseconds in repetition 141
tcp_ping received 65536 bytes back
Round trip time was 1.9987 milliseconds in repetition 142
tcp_ping received 65536 bytes back
Round trip time was 2.15891 milliseconds in repetition 143
tcp_ping received 65536 bytes back
Round trip time was 2.16817 milliseconds in repetition 144
tcp_ping received 65536 bytes back
Round trip time was 2.16201 milliseconds in repetition 145
tcp_ping received 65536 bytes back
Round trip time was 2.14725 milliseconds in repetition 146
tcp_ping received 65536 bytes back
Round trip time was 2.474 milliseconds in repetition 147
tcp_ping received 65536 bytes back
Round trip time was 2.3432 milliseconds in repetition 148
tcp_ping received 65536 bytes back
Round trip time was 2.12197 milliseconds in repetition 149
tcp_ping received 65536 bytes back
Round trip time was 2.46216 milliseconds in repetition 150
tcp_ping received 65536 bytes back
Round trip time was 2.05752 milliseconds in repetition 151
tcp_ping received 65536 bytes back
Round trip time was 2.07712 milliseconds in repetition 152
tcp_ping received 65536 bytes back
Round trip time was 1.9877 milliseconds in repetition 153
tcp_ping received 65536 bytes back
Round trip time was 2.02726 milliseconds in repetition 154
tcp_ping received 65536 bytes back
Round trip time was 1.96702 milliseconds in repetition 155
tcp_ping received 65536 bytes back
Round trip time was 2.01076 milliseconds in repetition 156
tcp_ping received 65536 bytes back
Round trip time was 1.95562 milliseconds in repetition 157
tcp_ping received 65536 bytes back
Round trip time was 2.01204 milliseconds in repetition 158
tcp_ping received 65536 bytes back
Round trip time was 2.00345 milliseconds in repetition 159
tcp_ping received 65536 bytes back
Round trip time was 2.02399 milliseconds in repetition 160
tcp_ping received 65536 bytes back
Round trip time was 2.01741 milliseconds in repetition 161
tcp_ping received 65536 bytes back
Round trip time was 2.45599 milliseconds in repetition 162
tcp_ping received 65536 bytes back
Round trip time was 1.76888 milliseconds in repetition 163
tcp_ping received 65536 bytes back
Round trip time was 2.17717 milliseconds in repetition 164
tcp_ping received 65536 bytes back
Round trip time was 2.33279 milliseconds in repetition 165
tcp_ping received 65536 bytes back
Round trip time was 2.11706 milliseconds in repetition 166
tcp_ping received 65536 bytes back
Round trip time was 2.01146 milliseconds in repetition 167
tcp_ping received 65536 bytes back
Round trip time was 2.10978 milliseconds in repetition 168
tcp_ping received 65536 bytes back
Round trip time was 1.84173 milliseconds in repetition 169
tcp_ping received 65536 bytes back
Round trip time was 2.03359 milliseconds in repetition 170
tcp_ping received 65536 bytes back
Round trip time was 2.88633 milliseconds in repetition 171
tcp_ping received 65536 bytes back
Round trip time was 2.40214 milliseconds in repetition 172
tcp_ping received 65536 bytes back
Round trip time was 2.19983 milliseconds in repetition 173
tcp_ping received 65536 bytes back
Round trip time was 2.36292 milliseconds in repetition 174
tcp_ping received 65536 bytes back
Round trip time was 2.25544 milliseconds in repetition 175
tcp_ping received 65536 bytes back
Round trip time was 2.37771 milliseconds in repetition 176
tcp_ping received 65536 bytes back
Round trip time was 2.32679 milliseconds in repetition 177
tcp_ping received 65536 bytes back
Round trip time was 2.1274 milliseconds in repetition 178
tcp_ping received 65536 bytes back
Round trip time was 2.57645 milliseconds in repetition 179
tcp_ping received 65536 bytes back
Round trip time was 2.47948 milliseconds in repetition 180
tcp_ping received 65536 bytes back
Round trip time was 2.99486 milliseconds in repetition 181
tcp_ping received 65536 bytes back
Round trip time was 2.53163 milliseconds in repetition 182
tcp_ping received 65536 bytes back
Round trip time was 2.02893 milliseconds in repetition 183
tcp_ping received 65536 bytes back
Round trip time was 2.12183 milliseconds in repetition 184
tcp_ping received 65536 bytes back
Round trip time was 2.04463 milliseconds in repetition 185
tcp_ping received 65536 bytes back
Round trip time was 2.17362 milliseconds in repetition 186
tcp_ping received 65536 bytes back
Round trip time was 2.28899 milliseconds in repetition 187
tcp_ping received 65536 bytes back
Round trip time was 1.88671 milliseconds in repetition 188
tcp_ping received 65536 bytes back
Round trip time was 2.01359 milliseconds in repetition 189
tcp_ping received 65536 bytes back
Round trip time was 2.49242 milliseconds in repetition 190
tcp_ping received 65536 bytes back
Round trip time was 1.91632 milliseconds in repetition 191
tcp_ping received 65536 bytes back
Round trip time was 2.03675 milliseconds in repetition 192
tcp_ping received 65536 bytes back
Round trip time was 2.12307 milliseconds in repetition 193
tcp_ping received 65536 bytes back
Round trip time was 2.12244 milliseconds in repetition 194
tcp_ping received 65536 bytes back
Round trip time was 1.90795 milliseconds in repetition 195
tcp_ping received 65536 bytes back
Round trip time was 2.10987 milliseconds in repetition 196
tcp_ping received 65536 bytes back
Round trip time was 2.20569 milliseconds in repetition 197
tcp_ping received 65536 bytes back
Round trip time was 2.16574 milliseconds in repetition 198
tcp_ping received 65536 bytes back
Round trip time was 2.10713 milliseconds in repetition 199
tcp_ping received 65536 bytes back
Round trip time was 2.47093 milliseconds in repetition 200
tcp_ping received 65536 bytes back
Round trip time was 2.19206 milliseconds in repetition 201
tcp_ping received 65536 bytes back
Round trip time was 1.97773 milliseconds in repetition 202
tcp_ping received 65536 bytes back
Round trip time was 2.07391 milliseconds in repetition 203
tcp_ping received 65536 bytes back
Round trip time was 2.31229 milliseconds in repetition 204
tcp_ping received 65536 bytes back
Round trip time was 2.00353 milliseconds in repetition 205
tcp_ping received 65536 bytes back
Round trip time was 1.9935 milliseconds in repetition 206
tcp_ping received 65536 bytes back
Round trip time was 2.04504 milliseconds in repetition 207
tcp_ping received 65536 bytes back
Round trip time was 2.42234 milliseconds in repetition 208
tcp_ping received 65536 bytes back
Round trip time was 2.02651 milliseconds in repetition 209
tcp_ping received 65536 bytes back
Round trip time was 2.05061 milliseconds in repetition 210
tcp_ping received 65536 bytes back
Round trip time was 2.21567 milliseconds in repetition 211
tcp_ping received 65536 bytes back
Round trip time was 2.43636 milliseconds in repetition 212
tcp_ping received 65536 bytes back
Round trip time was 2.4358 milliseconds in repetition 213
tcp_ping received 65536 bytes back
Round trip time was 2.49035 milliseconds in repetition 214
tcp_ping received 65536 bytes back
Round trip time was 2.16606 milliseconds in repetition 215
tcp_ping received 65536 bytes back
Round trip time was 2.43074 milliseconds in repetition 216
tcp_ping received 65536 bytes back
Round trip time was 2.21098 milliseconds in repetition 217
tcp_ping received 65536 bytes back
Round trip time was 2.26353 milliseconds in repetition 218
tcp_ping received 65536 bytes back
Round trip time was 1.98217 milliseconds in repetition 219
tcp_ping received 65536 bytes back
Round trip time was 2.0282 milliseconds in repetition 220
tcp_ping received 65536 bytes back
Round trip time was 2.06157 milliseconds in repetition 221
tcp_ping received 65536 bytes back
Round trip time was 1.98715 milliseconds in repetition 222
tcp_ping received 65536 bytes back
Round trip time was 1.99811 milliseconds in repetition 223
tcp_ping received 65536 bytes back
Round trip time was 1.96615 milliseconds in repetition 224
tcp_ping received 65536 bytes back
Round trip time was 2.20583 milliseconds in repetition 225
tcp_ping received 65536 bytes back
Round trip time was 2.78108 milliseconds in repetition 226
tcp_ping received 65536 bytes back
Round trip time was 2.13101 milliseconds in repetition 227
tcp_ping received 65536 bytes back
Round trip time was 2.15305 milliseconds in repetition 228
tcp_ping received 65536 bytes back
Round trip time was 2.08607 milliseconds in repetition 229
tcp_ping received 65536 bytes back
Round trip time was 2.06834 milliseconds in repetition 230
tcp_ping received 65536 bytes back
Round trip time was 2.06177 milliseconds in repetition 231
tcp_ping received 65536 bytes back
Round trip time was 2.22742 milliseconds in repetition 232
tcp_ping received 65536 bytes back
Round trip time was 1.96831 milliseconds in repetition 233
tcp_ping received 65536 bytes back
Round trip time was 2.05827 milliseconds in repetition 234
tcp_ping received 65536 bytes back
Round trip time was 2.48054 milliseconds in repetition 235
tcp_ping received 65536 bytes back
Round trip time was 2.10152 milliseconds in repetition 236
tcp_ping received 65536 bytes back
Round trip time was 2.02946 milliseconds in repetition 237
tcp_ping received 65536 bytes back
Round trip time was 2.3069 milliseconds in repetition 238
tcp_ping received 65536 bytes back
Round trip time was 2.46831 milliseconds in repetition 239
tcp_ping received 65536 bytes back
Round trip time was 2.30025 milliseconds in repetition 240
tcp_ping received 65536 bytes back
Round trip time was 2.09613 milliseconds in repetition 241
tcp_ping received 65536 bytes back
Round trip time was 2.32347 milliseconds in repetition 242
tcp_ping received 65536 bytes back
Round trip time was 2.08623 milliseconds in repetition 243
tcp_ping received 65536 bytes back
Round trip time was 2.23033 milliseconds in repetition 244
tcp_ping received 65536 bytes back
Round trip time was 2.11074 milliseconds in repetition 245
tcp_ping received 65536 bytes back
Round trip time was 2.15737 milliseconds in repetition 246
tcp_ping received 65536 bytes back
Round trip time was 2.32506 milliseconds in repetition 247
tcp_ping received 65536 bytes back
Round trip time was 2.07992 milliseconds in repetition 248
tcp_ping received 65536 bytes back
Round trip time was 2.0627 milliseconds in repetition 249
tcp_ping received 65536 bytes back
Round trip time was 2.13101 milliseconds in repetition 250
tcp_ping received 65536 bytes back
Round trip time was 2.41132 milliseconds in repetition 251
tcp_ping received 65536 bytes back
Round trip time was 2.11012 milliseconds in repetition 252
tcp_ping received 65536 bytes back
Round trip time was 2.20854 milliseconds in repetition 253
tcp_ping received 65536 bytes back
Round trip time was 2.08306 milliseconds in repetition 254
tcp_ping received 65536 bytes back
Round trip time was 2.4552 milliseconds in repetition 255
tcp_ping received 65536 bytes back
Round trip time was 2.1386 milliseconds in repetition 256
tcp_ping received 65536 bytes back
Round trip time was 2.36709 milliseconds in repetition 257
tcp_ping received 65536 bytes back
Round trip time was 2.08175 milliseconds in repetition 258
tcp_ping received 65536 bytes back
Round trip time was 3.28869 milliseconds in repetition 259
tcp_ping received 65536 bytes back
Round trip time was 2.44144 milliseconds in repetition 260
tcp_ping received 65536 bytes back
Round trip time was 2.22017 milliseconds in repetition 261
tcp_ping received 65536 bytes back
Round trip time was 2.0383 milliseconds in repetition 262
tcp_ping received 65536 bytes back
Round trip time was 2.40654 milliseconds in repetition 263
tcp_ping received 65536 bytes back
Round trip time was 2.02305 milliseconds in repetition 264
tcp_ping received 65536 bytes back
Round trip time was 2.49972 milliseconds in repetition 265
tcp_ping received 65536 bytes back
Round trip time was 1.97297 milliseconds in repetition 266
tcp_ping received 65536 bytes back
Round trip time was 2.40664 milliseconds in repetition 267
tcp_ping received 65536 bytes back
Round trip time was 2.0115 milliseconds in repetition 268
tcp_ping received 65536 bytes back
Round trip time was 1.9089 milliseconds in repetition 269
tcp_ping received 65536 bytes back
Round trip time was 2.22516 milliseconds in repetition 270
tcp_ping received 65536 bytes back
Round trip time was 2.34755 milliseconds in repetition 271
tcp_ping received 65536 bytes back
Round trip time was 2.36955 milliseconds in repetition 272
tcp_ping received 65536 bytes back
Round trip time was 2.22264 milliseconds in repetition 273
tcp_ping received 65536 bytes back
Round trip time was 2.34076 milliseconds in repetition 274
tcp_ping received 65536 bytes back
Round trip time was 2.11678 milliseconds in repetition 275
tcp_ping received 65536 bytes back
Round trip time was 2.15749 milliseconds in repetition 276
tcp_ping received 65536 bytes back
Round trip time was 2.08227 milliseconds in repetition 277
tcp_ping received 65536 bytes back
Round trip time was 2.0125 milliseconds in repetition 278
tcp_ping received 65536 bytes back
Round trip time was 2.16622 milliseconds in repetition 279
tcp_ping received 65536 bytes back
Round trip time was 2.41484 milliseconds in repetition 280
tcp_ping received 65536 bytes back
Round trip time was 2.07568 milliseconds in repetition 281
tcp_ping received 65536 bytes back
Round trip time was 2.09645 milliseconds in repetition 282
tcp_ping received 65536 bytes back
Round trip time was 2.49344 milliseconds in repetition 283
tcp_ping received 65536 bytes back
Round trip time was 2.27699 milliseconds in repetition 284
tcp_ping received 65536 bytes back
Round trip time was 1.98018 milliseconds in repetition 285
tcp_ping received 65536 bytes back
Round trip time was 2.54732 milliseconds in repetition 286
tcp_ping received 65536 bytes back
Round trip time was 2.27659 milliseconds in repetition 287
tcp_ping received 65536 bytes back
Round trip time was 2.28195 milliseconds in repetition 288
tcp_ping received 65536 bytes back
Round trip time was 1.9434 milliseconds in repetition 289
tcp_ping received 65536 bytes back
Round trip time was 2.02861 milliseconds in repetition 290
tcp_ping received 65536 bytes back
Round trip time was 2.21953 milliseconds in repetition 291
tcp_ping received 65536 bytes back
Round trip time was 2.14021 milliseconds in repetition 292
tcp_ping received 65536 bytes back
Round trip time was 2.50236 milliseconds in repetition 293
tcp_ping received 65536 bytes back
Round trip time was 2.04369 milliseconds in repetition 294
tcp_ping received 65536 bytes back
Round trip time was 2.22749 milliseconds in repetition 295
tcp_ping received 65536 bytes back
Round trip time was 2.05731 milliseconds in repetition 296
tcp_ping received 65536 bytes back
Round trip time was 2.02629 milliseconds in repetition 297
tcp_ping received 65536 bytes back
Round trip time was 2.05792 milliseconds in repetition 298
tcp_ping received 65536 bytes back
Round trip time was 2.42009 milliseconds in repetition 299
tcp_ping received 65536 bytes back
Round trip time was 2.35682 milliseconds in repetition 300
tcp_ping received 65536 bytes back
Round trip time was 2.09797 milliseconds in repetition 301
tcp_ping received 65536 bytes back
Round trip time was 2.14884 milliseconds in repetition 302
tcp_ping received 65536 bytes back
Round trip time was 2.80879 milliseconds in repetition 303
tcp_ping received 65536 bytes back
Round trip time was 2.71168 milliseconds in repetition 304
tcp_ping received 65536 bytes back
Round trip time was 2.05589 milliseconds in repetition 305
tcp_ping received 65536 bytes back
Round trip time was 1.96532 milliseconds in repetition 306
tcp_ping received 65536 bytes back
Round trip time was 2.00731 milliseconds in repetition 307
tcp_ping received 65536 bytes back
Round trip time was 2.10453 milliseconds in repetition 308
tcp_ping received 65536 bytes back
Round trip time was 2.0818 milliseconds in repetition 309
tcp_ping received 65536 bytes back
Round trip time was 2.43233 milliseconds in repetition 310
tcp_ping received 65536 bytes back
Round trip time was 2.00507 milliseconds in repetition 311
tcp_ping received 65536 bytes back
Round trip time was 2.08635 milliseconds in repetition 312
tcp_ping received 65536 bytes back
Round trip time was 2.89739 milliseconds in repetition 313
tcp_ping received 65536 bytes back
Round trip time was 2.48498 milliseconds in repetition 314
tcp_ping received 65536 bytes back
Round trip time was 2.10558 milliseconds in repetition 315
tcp_ping received 65536 bytes back
Round trip time was 2.09019 milliseconds in repetition 316
tcp_ping received 65536 bytes back
Round trip time was 1.99072 milliseconds in repetition 317
tcp_ping received 65536 bytes back
Round trip time was 1.99687 milliseconds in repetition 318
tcp_ping received 65536 bytes back
Round trip time was 2.1166 milliseconds in repetition 319
tcp_ping received 65536 bytes back
Round trip time was 2.1054 milliseconds in repetition 320
tcp_ping received 65536 bytes back
Round trip time was 2.03982 milliseconds in repetition 321
tcp_ping received 65536 bytes back
Round trip time was 2.30434 milliseconds in repetition 322
tcp_ping received 65536 bytes back
Round trip time was 2.09945 milliseconds in repetition 323
tcp_ping received 65536 bytes back
Round trip time was 2.29933 milliseconds in repetition 324
tcp_ping received 65536 bytes back
Round trip time was 2.11868 milliseconds in repetition 325
tcp_ping received 65536 bytes back
Round trip time was 2.08066 milliseconds in repetition 326
tcp_ping received 65536 bytes back
Round trip time was 2.42085 milliseconds in repetition 327
tcp_ping received 65536 bytes back
Round trip time was 1.68419 milliseconds in repetition 328
tcp_ping received 65536 bytes back
Round trip time was 2.46575 milliseconds in repetition 329
tcp_ping received 65536 bytes back
Round trip time was 2.13273 milliseconds in repetition 330
tcp_ping received 65536 bytes back
Round trip time was 2.35316 milliseconds in repetition 331
tcp_ping received 65536 bytes back
Round trip time was 1.8406 milliseconds in repetition 332
tcp_ping received 65536 bytes back
Round trip time was 1.9938 milliseconds in repetition 333
tcp_ping received 65536 bytes back
Round trip time was 2.00505 milliseconds in repetition 334
tcp_ping received 65536 bytes back
Round trip time was 2.42378 milliseconds in repetition 335
tcp_ping received 65536 bytes back
Round trip time was 2.53885 milliseconds in repetition 336
tcp_ping received 65536 bytes back
Round trip time was 2.45301 milliseconds in repetition 337
tcp_ping received 65536 bytes back
Round trip time was 2.48881 milliseconds in repetition 338
tcp_ping received 65536 bytes back
Round trip time was 2.96192 milliseconds in repetition 339
tcp_ping received 65536 bytes back
Round trip time was 2.93519 milliseconds in repetition 340
tcp_ping received 65536 bytes back
Round trip time was 2.8661 milliseconds in repetition 341
tcp_ping received 65536 bytes back
Round trip time was 2.12573 milliseconds in repetition 342
tcp_ping received 65536 bytes back
Round trip time was 2.11521 milliseconds in repetition 343
tcp_ping received 65536 bytes back
Round trip time was 2.06203 milliseconds in repetition 344
tcp_ping received 65536 bytes back
Round trip time was 5.91537 milliseconds in repetition 345
tcp_ping received 65536 bytes back
Round trip time was 2.41946 milliseconds in repetition 346
tcp_ping received 65536 bytes back
Round trip time was 2.9463 milliseconds in repetition 347
tcp_ping received 65536 bytes back
Round trip time was 2.96613 milliseconds in repetition 348
tcp_ping received 65536 bytes back
Round trip time was 2.54596 milliseconds in repetition 349
tcp_ping received 65536 bytes back
Round trip time was 1.98451 milliseconds in repetition 350
tcp_ping received 65536 bytes back
Round trip time was 2.03632 milliseconds in repetition 351
tcp_ping received 65536 bytes back
Round trip time was 2.11783 milliseconds in repetition 352
tcp_ping received 65536 bytes back
Round trip time was 2.77847 milliseconds in repetition 353
tcp_ping received 65536 bytes back
Round trip time was 2.37996 milliseconds in repetition 354
tcp_ping received 65536 bytes back
Round trip time was 2.08174 milliseconds in repetition 355
tcp_ping received 65536 bytes back
Round trip time was 1.96808 milliseconds in repetition 356
tcp_ping received 65536 bytes back
Round trip time was 2.06883 milliseconds in repetition 357
tcp_ping received 65536 bytes back
Round trip time was 2.34983 milliseconds in repetition 358
tcp_ping received 65536 bytes back
Round trip time was 2.0444 milliseconds in repetition 359
tcp_ping received 65536 bytes back
Round trip time was 2.28818 milliseconds in repetition 360
tcp_ping received 65536 bytes back
Round trip time was 2.11917 milliseconds in repetition 361
tcp_ping received 65536 bytes back
Round trip time was 1.99411 milliseconds in repetition 362
tcp_ping received 65536 bytes back
Round trip time was 2.39523 milliseconds in repetition 363
tcp_ping received 65536 bytes back
Round trip time was 2.36331 milliseconds in repetition 364
tcp_ping received 65536 bytes back
Round trip time was 1.99782 milliseconds in repetition 365
tcp_ping received 65536 bytes back
Round trip time was 2.1089 milliseconds in repetition 366
tcp_ping received 65536 bytes back
Round trip time was 2.19618 milliseconds in repetition 367
tcp_ping received 65536 bytes back
Round trip time was 2.24273 milliseconds in repetition 368
tcp_ping received 65536 bytes back
Round trip time was 2.22881 milliseconds in repetition 369
tcp_ping received 65536 bytes back
Round trip time was 2.06691 milliseconds in repetition 370
tcp_ping received 65536 bytes back
Round trip time was 2.03202 milliseconds in repetition 371
tcp_ping received 65536 bytes back
Round trip time was 2.12685 milliseconds in repetition 372
tcp_ping received 65536 bytes back
Round trip time was 1.96702 milliseconds in repetition 373
tcp_ping received 65536 bytes back
Round trip time was 2.13741 milliseconds in repetition 374
tcp_ping received 65536 bytes back
Round trip time was 2.08544 milliseconds in repetition 375
tcp_ping received 65536 bytes back
Round trip time was 2.02232 milliseconds in repetition 376
tcp_ping received 65536 bytes back
Round trip time was 2.07332 milliseconds in repetition 377
tcp_ping received 65536 bytes back
Round trip time was 3.25851 milliseconds in repetition 378
tcp_ping received 65536 bytes back
Round trip time was 2.66442 milliseconds in repetition 379
tcp_ping received 65536 bytes back
Round trip time was 2.45511 milliseconds in repetition 380
tcp_ping received 65536 bytes back
Round trip time was 2.39927 milliseconds in repetition 381
tcp_ping received 65536 bytes back
Round trip time was 2.08953 milliseconds in repetition 382
tcp_ping received 65536 bytes back
Round trip time was 2.31678 milliseconds in repetition 383
tcp_ping received 65536 bytes back
Round trip time was 2.1487 milliseconds in repetition 384
tcp_ping received 65536 bytes back
Round trip time was 2.12483 milliseconds in repetition 385
tcp_ping received 65536 bytes back
Round trip time was 2.41077 milliseconds in repetition 386
tcp_ping received 65536 bytes back
Round trip time was 2.1936 milliseconds in repetition 387
tcp_ping received 65536 bytes back
Round trip time was 3.33484 milliseconds in repetition 388
tcp_ping received 65536 bytes back
Round trip time was 2.12825 milliseconds in repetition 389
tcp_ping received 65536 bytes back
Round trip time was 2.5277 milliseconds in repetition 390
tcp_ping received 65536 bytes back
Round trip time was 2.27113 milliseconds in repetition 391
tcp_ping received 65536 bytes back
Round trip time was 2.13116 milliseconds in repetition 392
tcp_ping received 65536 bytes back
Round trip time was 2.26522 milliseconds in repetition 393
tcp_ping received 65536 bytes back
Round trip time was 2.00946 milliseconds in repetition 394
tcp_ping received 65536 bytes back
Round trip time was 2.31744 milliseconds in repetition 395
tcp_ping received 65536 bytes back
Round trip time was 2.18658 milliseconds in repetition 396
tcp_ping received 65536 bytes back
Round trip time was 2.01002 milliseconds in repetition 397
tcp_ping received 65536 bytes back
Round trip time was 3.80478 milliseconds in repetition 398
tcp_ping received 65536 bytes back
Round trip time was 2.13074 milliseconds in repetition 399
tcp_ping received 65536 bytes back
Round trip time was 1.75004 milliseconds in repetition 400
tcp_ping received 65536 bytes back
Round trip time was 2.04172 milliseconds in repetition 401
tcp_ping received 65536 bytes back
Round trip time was 2.3135 milliseconds in repetition 402
tcp_ping received 65536 bytes back
Round trip time was 2.0233 milliseconds in repetition 403
tcp_ping received 65536 bytes back
Round trip time was 2.12167 milliseconds in repetition 404
tcp_ping received 65536 bytes back
Round trip time was 1.94058 milliseconds in repetition 405
tcp_ping received 65536 bytes back
Round trip time was 2.4112 milliseconds in repetition 406
tcp_ping received 65536 bytes back
Round trip time was 2.11107 milliseconds in repetition 407
tcp_ping received 65536 bytes back
Round trip time was 2.05557 milliseconds in repetition 408
tcp_ping received 65536 bytes back
Round trip time was 2.71141 milliseconds in repetition 409
tcp_ping received 65536 bytes back
Round trip time was 2.37945 milliseconds in repetition 410
tcp_ping received 65536 bytes back
Round trip time was 2.50071 milliseconds in repetition 411
tcp_ping received 65536 bytes back
Round trip time was 2.38514 milliseconds in repetition 412
tcp_ping received 65536 bytes back
Round trip time was 2.19277 milliseconds in repetition 413
tcp_ping received 65536 bytes back
Round trip time was 2.61171 milliseconds in repetition 414
tcp_ping received 65536 bytes back
Round trip time was 2.12448 milliseconds in repetition 415
tcp_ping received 65536 bytes back
Round trip time was 2.27814 milliseconds in repetition 416
tcp_ping received 65536 bytes back
Round trip time was 2.18008 milliseconds in repetition 417
tcp_ping received 65536 bytes back
Round trip time was 2.31563 milliseconds in repetition 418
tcp_ping received 65536 bytes back
Round trip time was 2.752 milliseconds in repetition 419
tcp_ping received 65536 bytes back
Round trip time was 2.05932 milliseconds in repetition 420
tcp_ping received 65536 bytes back
Round trip time was 2.24948 milliseconds in repetition 421
tcp_ping received 65536 bytes back
Round trip time was 2.43028 milliseconds in repetition 422
tcp_ping received 65536 bytes back
Round trip time was 2.47175 milliseconds in repetition 423
tcp_ping received 65536 bytes back
Round trip time was 2.43112 milliseconds in repetition 424
tcp_ping received 65536 bytes back
Round trip time was 2.2637 milliseconds in repetition 425
tcp_ping received 65536 bytes back
Round trip time was 2.26998 milliseconds in repetition 426
tcp_ping received 65536 bytes back
Round trip time was 1.87666 milliseconds in repetition 427
tcp_ping received 65536 bytes back
Round trip time was 2.04275 milliseconds in repetition 428
tcp_ping received 65536 bytes back
Round trip time was 2.55338 milliseconds in repetition 429
tcp_ping received 65536 bytes back
Round trip time was 2.12263 milliseconds in repetition 430
tcp_ping received 65536 bytes back
Round trip time was 2.59027 milliseconds in repetition 431
tcp_ping received 65536 bytes back
Round trip time was 2.34706 milliseconds in repetition 432
tcp_ping received 65536 bytes back
Round trip time was -997.363 milliseconds in repetition 433
tcp_ping received 65536 bytes back
Round trip time was 2.25325 milliseconds in repetition 434
tcp_ping received 65536 bytes back
Round trip time was 2.52495 milliseconds in repetition 435
tcp_ping received 65536 bytes back
Round trip time was 2.25549 milliseconds in repetition 436
tcp_ping received 65536 bytes back
Round trip time was 2.32795 milliseconds in repetition 437
tcp_ping received 65536 bytes back
Round trip time was 2.11353 milliseconds in repetition 438
tcp_ping received 65536 bytes back
Round trip time was 2.13 milliseconds in repetition 439
tcp_ping received 65536 bytes back
Round trip time was 2.75034 milliseconds in repetition 440
tcp_ping received 65536 bytes back
Round trip time was 2.11595 milliseconds in repetition 441
tcp_ping received 65536 bytes back
Round trip time was 2.09107 milliseconds in repetition 442
tcp_ping received 65536 bytes back
Round trip time was 2.09665 milliseconds in repetition 443
tcp_ping received 65536 bytes back
Round trip time was 1.99207 milliseconds in repetition 444
tcp_ping received 65536 bytes back
Round trip time was 2.33522 milliseconds in repetition 445
tcp_ping received 65536 bytes back
Round trip time was 2.08747 milliseconds in repetition 446
tcp_ping received 65536 bytes back
Round trip time was 2.05731 milliseconds in repetition 447
tcp_ping received 65536 bytes back
Round trip time was 2.11678 milliseconds in repetition 448
tcp_ping received 65536 bytes back
Round trip time was 2.11923 milliseconds in repetition 449
tcp_ping received 65536 bytes back
Round trip time was 1.98402 milliseconds in repetition 450
tcp_ping received 65536 bytes back
Round trip time was 2.13365 milliseconds in repetition 451
tcp_ping received 65536 bytes back
Round trip time was 2.04721 milliseconds in repetition 452
tcp_ping received 65536 bytes back
Round trip time was 1.90634 milliseconds in repetition 453
tcp_ping received 65536 bytes back
Round trip time was 2.01006 milliseconds in repetition 454
tcp_ping received 65536 bytes back
Round trip time was 2.03985 milliseconds in repetition 455
tcp_ping received 65536 bytes back
Round trip time was 2.07076 milliseconds in repetition 456
tcp_ping received 65536 bytes back
Round trip time was 2.144 milliseconds in repetition 457
tcp_ping received 65536 bytes back
Round trip time was 2.46061 milliseconds in repetition 458
tcp_ping received 65536 bytes back
Round trip time was 2.36782 milliseconds in repetition 459
tcp_ping received 65536 bytes back
Round trip time was 2.15578 milliseconds in repetition 460
tcp_ping received 65536 bytes back
Round trip time was 1.97279 milliseconds in repetition 461
tcp_ping received 65536 bytes back
Round trip time was 2.67124 milliseconds in repetition 462
tcp_ping received 65536 bytes back
Round trip time was 2.86858 milliseconds in repetition 463
tcp_ping received 65536 bytes back
Round trip time was 2.60763 milliseconds in repetition 464
tcp_ping received 65536 bytes back
Round trip time was 2.67057 milliseconds in repetition 465
tcp_ping received 65536 bytes back
Round trip time was 2.28099 milliseconds in repetition 466
tcp_ping received 65536 bytes back
Round trip time was 2.36985 milliseconds in repetition 467
tcp_ping received 65536 bytes back
Round trip time was 2.49 milliseconds in repetition 468
tcp_ping received 65536 bytes back
Round trip time was 2.44712 milliseconds in repetition 469
tcp_ping received 65536 bytes back
Round trip time was 2.13169 milliseconds in repetition 470
tcp_ping received 65536 bytes back
Round trip time was 2.10485 milliseconds in repetition 471
tcp_ping received 65536 bytes back
Round trip time was 2.07088 milliseconds in repetition 472
tcp_ping received 65536 bytes back
Round trip time was 2.07502 milliseconds in repetition 473
tcp_ping received 65536 bytes back
Round trip time was 2.27285 milliseconds in repetition 474
tcp_ping received 65536 bytes back
Round trip time was 2.37668 milliseconds in repetition 475
tcp_ping received 65536 bytes back
Round trip time was 2.1603 milliseconds in repetition 476
tcp_ping received 65536 bytes back
Round trip time was 2.36799 milliseconds in repetition 477
tcp_ping received 65536 bytes back
Round trip time was 2.12283 milliseconds in repetition 478
tcp_ping received 65536 bytes back
Round trip time was 2.38508 milliseconds in repetition 479
tcp_ping received 65536 bytes back
Round trip time was 2.16484 milliseconds in repetition 480
tcp_ping received 65536 bytes back
Round trip time was 2.12329 milliseconds in repetition 481
tcp_ping received 65536 bytes back
Round trip time was 2.21287 milliseconds in repetition 482
tcp_ping received 65536 bytes back
Round trip time was 2.21887 milliseconds in repetition 483
tcp_ping received 65536 bytes back
Round trip time was 2.1937 milliseconds in repetition 484
tcp_ping received 65536 bytes back
Round trip time was 2.36312 milliseconds in repetition 485
tcp_ping received 65536 bytes back
Round trip time was 2.27395 milliseconds in repetition 486
tcp_ping received 65536 bytes back
Round trip time was 2.45208 milliseconds in repetition 487
tcp_ping received 65536 bytes back
Round trip time was 2.43652 milliseconds in repetition 488
tcp_ping received 65536 bytes back
Round trip time was 2.21447 milliseconds in repetition 489
tcp_ping received 65536 bytes back
Round trip time was 2.35022 milliseconds in repetition 490
tcp_ping received 65536 bytes back
Round trip time was 2.29624 milliseconds in repetition 491
tcp_ping received 65536 bytes back
Round trip time was 2.37958 milliseconds in repetition 492
tcp_ping received 65536 bytes back
Round trip time was 2.1105 milliseconds in repetition 493
tcp_ping received 65536 bytes back
Round trip time was 2.27305 milliseconds in repetition 494
tcp_ping received 65536 bytes back
Round trip time was 2.12589 milliseconds in repetition 495
tcp_ping received 65536 bytes back
Round trip time was 1.98274 milliseconds in repetition 496
tcp_ping received 65536 bytes back
Round trip time was 2.36512 milliseconds in repetition 497
tcp_ping received 65536 bytes back
Round trip time was 2.11851 milliseconds in repetition 498
tcp_ping received 65536 bytes back
Round trip time was 2.27787 milliseconds in repetition 499
tcp_ping received 65536 bytes back
Round trip time was 2.42406 milliseconds in repetition 500
tcp_ping received 65536 bytes back
Round trip time was 2.39652 milliseconds in repetition 501

 ... clock resolution was 1e-06
TCP Ping:  Statistics over 501 repetitions of 65536 byte messages

RTT : percentile 10: 1.99687, median: 2.14884, percentile 90: 2.51119, average: -1.6873, variance: 3878.8

RTT histogram:
0 0
0.295769 0
0.591537 0
0.887306 0
1.18307 0
1.47884 0
1.77461 14
2.07038 273
2.36615 162
2.66192 31
2.95769 10
3.25346 4
3.54922 0
3.84499 2
4.14076 1
4.43653 0
4.7323 1
5.02807 0
5.32384 0
5.6196 0
5.91537 1

   median Throughput : 60996.5 KB/s

