TCP Ping trying to connect to server seti.dibris.unige.it (130.251.61.30) on port 1491
 ... connected to Pong server: asking for 501 repetitions of 96 bytes TCP messages
 ... Pong server agreed :-)
tcp_ping received 96 bytes back
Round trip time was 2.41972 milliseconds in repetition 1
tcp_ping received 96 bytes back
Round trip time was 0.800303 milliseconds in repetition 2
tcp_ping received 96 bytes back
Round trip time was 0.819782 milliseconds in repetition 3
tcp_ping received 96 bytes back
Round trip time was 0.958692 milliseconds in repetition 4
tcp_ping received 96 bytes back
Round trip time was 0.782245 milliseconds in repetition 5
tcp_ping received 96 bytes back
Round trip time was 0.934165 milliseconds in repetition 6
tcp_ping received 96 bytes back
Round trip time was 0.898885 milliseconds in repetition 7
tcp_ping received 96 bytes back
Round trip time was 0.704659 milliseconds in repetition 8
tcp_ping received 96 bytes back
Round trip time was 0.594361 milliseconds in repetition 9
tcp_ping received 96 bytes back
Round trip time was 0.667193 milliseconds in repetition 10
tcp_ping received 96 bytes back
Round trip time was 0.682429 milliseconds in repetition 11
tcp_ping received 96 bytes back
Round trip time was 0.742936 milliseconds in repetition 12
tcp_ping received 96 bytes back
Round trip time was 0.770851 milliseconds in repetition 13
tcp_ping received 96 bytes back
Round trip time was 0.969318 milliseconds in repetition 14
tcp_ping received 96 bytes back
Round trip time was 0.739131 milliseconds in repetition 15
tcp_ping received 96 bytes back
Round trip time was 0.722061 milliseconds in repetition 16
tcp_ping received 96 bytes back
Round trip time was 0.697038 milliseconds in repetition 17
tcp_ping received 96 bytes back
Round trip time was 0.671467 milliseconds in repetition 18
tcp_ping received 96 bytes back
Round trip time was 0.653524 milliseconds in repetition 19
tcp_ping received 96 bytes back
Round trip time was 0.757791 milliseconds in repetition 20
tcp_ping received 96 bytes back
Round trip time was 0.768762 milliseconds in repetition 21
tcp_ping received 96 bytes back
Round trip time was 0.747188 milliseconds in repetition 22
tcp_ping received 96 bytes back
Round trip time was 0.794331 milliseconds in repetition 23
tcp_ping received 96 bytes back
Round trip time was 0.695837 milliseconds in repetition 24
tcp_ping received 96 bytes back
Round trip time was 0.739068 milliseconds in repetition 25
tcp_ping received 96 bytes back
Round trip time was 0.84531 milliseconds in repetition 26
tcp_ping received 96 bytes back
Round trip time was 0.793596 milliseconds in repetition 27
tcp_ping received 96 bytes back
Round trip time was 0.682454 milliseconds in repetition 28
tcp_ping received 96 bytes back
Round trip time was 0.693057 milliseconds in repetition 29
tcp_ping received 96 bytes back
Round trip time was 0.660173 milliseconds in repetition 30
tcp_ping received 96 bytes back
Round trip time was 0.642863 milliseconds in repetition 31
tcp_ping received 96 bytes back
Round trip time was 0.599673 milliseconds in repetition 32
tcp_ping received 96 bytes back
Round trip time was 0.688834 milliseconds in repetition 33
tcp_ping received 96 bytes back
Round trip time was 0.554858 milliseconds in repetition 34
tcp_ping received 96 bytes back
Round trip time was 0.316604 milliseconds in repetition 35
tcp_ping received 96 bytes back
Round trip time was 0.262297 milliseconds in repetition 36
tcp_ping received 96 bytes back
Round trip time was 0.246053 milliseconds in repetition 37
tcp_ping received 96 bytes back
Round trip time was 0.248091 milliseconds in repetition 38
tcp_ping received 96 bytes back
Round trip time was 0.290325 milliseconds in repetition 39
tcp_ping received 96 bytes back
Round trip time was 0.256849 milliseconds in repetition 40
tcp_ping received 96 bytes back
Round trip time was 0.255762 milliseconds in repetition 41
tcp_ping received 96 bytes back
Round trip time was 0.250404 milliseconds in repetition 42
tcp_ping received 96 bytes back
Round trip time was 0.246503 milliseconds in repetition 43
tcp_ping received 96 bytes back
Round trip time was 0.337614 milliseconds in repetition 44
tcp_ping received 96 bytes back
Round trip time was 0.304956 milliseconds in repetition 45
tcp_ping received 96 bytes back
Round trip time was 0.26458 milliseconds in repetition 46
tcp_ping received 96 bytes back
Round trip time was 0.246344 milliseconds in repetition 47
tcp_ping received 96 bytes back
Round trip time was 0.304146 milliseconds in repetition 48
tcp_ping received 96 bytes back
Round trip time was 0.288408 milliseconds in repetition 49
tcp_ping received 96 bytes back
Round trip time was 0.262877 milliseconds in repetition 50
tcp_ping received 96 bytes back
Round trip time was 0.323806 milliseconds in repetition 51
tcp_ping received 96 bytes back
Round trip time was 0.261468 milliseconds in repetition 52
tcp_ping received 96 bytes back
Round trip time was 0.251033 milliseconds in repetition 53
tcp_ping received 96 bytes back
Round trip time was 0.259364 milliseconds in repetition 54
tcp_ping received 96 bytes back
Round trip time was 0.304412 milliseconds in repetition 55
tcp_ping received 96 bytes back
Round trip time was 0.259496 milliseconds in repetition 56
tcp_ping received 96 bytes back
Round trip time was 0.202523 milliseconds in repetition 57
tcp_ping received 96 bytes back
Round trip time was 0.2497 milliseconds in repetition 58
tcp_ping received 96 bytes back
Round trip time was 0.272714 milliseconds in repetition 59
tcp_ping received 96 bytes back
Round trip time was 0.698591 milliseconds in repetition 60
tcp_ping received 96 bytes back
Round trip time was 0.305588 milliseconds in repetition 61
tcp_ping received 96 bytes back
Round trip time was 0.494455 milliseconds in repetition 62
tcp_ping received 96 bytes back
Round trip time was 0.326121 milliseconds in repetition 63
tcp_ping received 96 bytes back
Round trip time was 0.345954 milliseconds in repetition 64
tcp_ping received 96 bytes back
Round trip time was 0.344252 milliseconds in repetition 65
tcp_ping received 96 bytes back
Round trip time was 0.31422 milliseconds in repetition 66
tcp_ping received 96 bytes back
Round trip time was 0.254478 milliseconds in repetition 67
tcp_ping received 96 bytes back
Round trip time was 0.259365 milliseconds in repetition 68
tcp_ping received 96 bytes back
Round trip time was 0.26183 milliseconds in repetition 69
tcp_ping received 96 bytes back
Round trip time was 0.318525 milliseconds in repetition 70
tcp_ping received 96 bytes back
Round trip time was 0.286455 milliseconds in repetition 71
tcp_ping received 96 bytes back
Round trip time was 0.26134 milliseconds in repetition 72
tcp_ping received 96 bytes back
Round trip time was 0.327269 milliseconds in repetition 73
tcp_ping received 96 bytes back
Round trip time was 0.396676 milliseconds in repetition 74
tcp_ping received 96 bytes back
Round trip time was 0.316045 milliseconds in repetition 75
tcp_ping received 96 bytes back
Round trip time was 0.350812 milliseconds in repetition 76
tcp_ping received 96 bytes back
Round trip time was 0.337225 milliseconds in repetition 77
tcp_ping received 96 bytes back
Round trip time was 0.330083 milliseconds in repetition 78
tcp_ping received 96 bytes back
Round trip time was 0.253467 milliseconds in repetition 79
tcp_ping received 96 bytes back
Round trip time was 0.291582 milliseconds in repetition 80
tcp_ping received 96 bytes back
Round trip time was 0.229214 milliseconds in repetition 81
tcp_ping received 96 bytes back
Round trip time was 0.279595 milliseconds in repetition 82
tcp_ping received 96 bytes back
Round trip time was 0.317783 milliseconds in repetition 83
tcp_ping received 96 bytes back
Round trip time was 0.353802 milliseconds in repetition 84
tcp_ping received 96 bytes back
Round trip time was 0.416288 milliseconds in repetition 85
tcp_ping received 96 bytes back
Round trip time was 0.313406 milliseconds in repetition 86
tcp_ping received 96 bytes back
Round trip time was 0.312346 milliseconds in repetition 87
tcp_ping received 96 bytes back
Round trip time was 0.346456 milliseconds in repetition 88
tcp_ping received 96 bytes back
Round trip time was 0.319311 milliseconds in repetition 89
tcp_ping received 96 bytes back
Round trip time was 0.279099 milliseconds in repetition 90
tcp_ping received 96 bytes back
Round trip time was 0.364608 milliseconds in repetition 91
tcp_ping received 96 bytes back
Round trip time was 0.313665 milliseconds in repetition 92
tcp_ping received 96 bytes back
Round trip time was 0.311441 milliseconds in repetition 93
tcp_ping received 96 bytes back
Round trip time was 0.326262 milliseconds in repetition 94
tcp_ping received 96 bytes back
Round trip time was 0.318441 milliseconds in repetition 95
tcp_ping received 96 bytes back
Round trip time was 0.32013 milliseconds in repetition 96
tcp_ping received 96 bytes back
Round trip time was 0.334453 milliseconds in repetition 97
tcp_ping received 96 bytes back
Round trip time was 0.314748 milliseconds in repetition 98
tcp_ping received 96 bytes back
Round trip time was 0.318803 milliseconds in repetition 99
tcp_ping received 96 bytes back
Round trip time was 0.459489 milliseconds in repetition 100
tcp_ping received 96 bytes back
Round trip time was 0.337511 milliseconds in repetition 101
tcp_ping received 96 bytes back
Round trip time was 0.399696 milliseconds in repetition 102
tcp_ping received 96 bytes back
Round trip time was 0.333889 milliseconds in repetition 103
tcp_ping received 96 bytes back
Round trip time was 0.320706 milliseconds in repetition 104
tcp_ping received 96 bytes back
Round trip time was 0.356546 milliseconds in repetition 105
tcp_ping received 96 bytes back
Round trip time was 0.275508 milliseconds in repetition 106
tcp_ping received 96 bytes back
Round trip time was 0.324709 milliseconds in repetition 107
tcp_ping received 96 bytes back
Round trip time was 0.315477 milliseconds in repetition 108
tcp_ping received 96 bytes back
Round trip time was 0.319827 milliseconds in repetition 109
tcp_ping received 96 bytes back
Round trip time was 0.350724 milliseconds in repetition 110
tcp_ping received 96 bytes back
Round trip time was 0.371685 milliseconds in repetition 111
tcp_ping received 96 bytes back
Round trip time was 0.271696 milliseconds in repetition 112
tcp_ping received 96 bytes back
Round trip time was 0.338947 milliseconds in repetition 113
tcp_ping received 96 bytes back
Round trip time was 0.326978 milliseconds in repetition 114
tcp_ping received 96 bytes back
Round trip time was 0.336525 milliseconds in repetition 115
tcp_ping received 96 bytes back
Round trip time was 0.336291 milliseconds in repetition 116
tcp_ping received 96 bytes back
Round trip time was 0.334387 milliseconds in repetition 117
tcp_ping received 96 bytes back
Round trip time was 0.365704 milliseconds in repetition 118
tcp_ping received 96 bytes back
Round trip time was 0.328236 milliseconds in repetition 119
tcp_ping received 96 bytes back
Round trip time was 0.315158 milliseconds in repetition 120
tcp_ping received 96 bytes back
Round trip time was 0.391492 milliseconds in repetition 121
tcp_ping received 96 bytes back
Round trip time was 0.330159 milliseconds in repetition 122
tcp_ping received 96 bytes back
Round trip time was 0.323966 milliseconds in repetition 123
tcp_ping received 96 bytes back
Round trip time was 0.329003 milliseconds in repetition 124
tcp_ping received 96 bytes back
Round trip time was 0.398073 milliseconds in repetition 125
tcp_ping received 96 bytes back
Round trip time was 0.32404 milliseconds in repetition 126
tcp_ping received 96 bytes back
Round trip time was 0.31945 milliseconds in repetition 127
tcp_ping received 96 bytes back
Round trip time was 0.312686 milliseconds in repetition 128
tcp_ping received 96 bytes back
Round trip time was 0.284659 milliseconds in repetition 129
tcp_ping received 96 bytes back
Round trip time was 0.487108 milliseconds in repetition 130
tcp_ping received 96 bytes back
Round trip time was 0.338036 milliseconds in repetition 131
tcp_ping received 96 bytes back
Round trip time was 0.326583 milliseconds in repetition 132
tcp_ping received 96 bytes back
Round trip time was 0.316631 milliseconds in repetition 133
tcp_ping received 96 bytes back
Round trip time was 0.333616 milliseconds in repetition 134
tcp_ping received 96 bytes back
Round trip time was 0.422652 milliseconds in repetition 135
tcp_ping received 96 bytes back
Round trip time was 0.337382 milliseconds in repetition 136
tcp_ping received 96 bytes back
Round trip time was 0.327183 milliseconds in repetition 137
tcp_ping received 96 bytes back
Round trip time was 0.296058 milliseconds in repetition 138
tcp_ping received 96 bytes back
Round trip time was 0.35659 milliseconds in repetition 139
tcp_ping received 96 bytes back
Round trip time was 0.319957 milliseconds in repetition 140
tcp_ping received 96 bytes back
Round trip time was 0.360036 milliseconds in repetition 141
tcp_ping received 96 bytes back
Round trip time was 0.327411 milliseconds in repetition 142
tcp_ping received 96 bytes back
Round trip time was 0.332993 milliseconds in repetition 143
tcp_ping received 96 bytes back
Round trip time was 0.338047 milliseconds in repetition 144
tcp_ping received 96 bytes back
Round trip time was 0.350719 milliseconds in repetition 145
tcp_ping received 96 bytes back
Round trip time was 0.393941 milliseconds in repetition 146
tcp_ping received 96 bytes back
Round trip time was 0.325085 milliseconds in repetition 147
tcp_ping received 96 bytes back
Round trip time was 0.318545 milliseconds in repetition 148
tcp_ping received 96 bytes back
Round trip time was 0.325411 milliseconds in repetition 149
tcp_ping received 96 bytes back
Round trip time was 0.310815 milliseconds in repetition 150
tcp_ping received 96 bytes back
Round trip time was 0.321265 milliseconds in repetition 151
tcp_ping received 96 bytes back
Round trip time was 0.285767 milliseconds in repetition 152
tcp_ping received 96 bytes back
Round trip time was 0.267945 milliseconds in repetition 153
tcp_ping received 96 bytes back
Round trip time was 0.322364 milliseconds in repetition 154
tcp_ping received 96 bytes back
Round trip time was 0.314573 milliseconds in repetition 155
tcp_ping received 96 bytes back
Round trip time was 0.397159 milliseconds in repetition 156
tcp_ping received 96 bytes back
Round trip time was 0.491425 milliseconds in repetition 157
tcp_ping received 96 bytes back
Round trip time was 0.322905 milliseconds in repetition 158
tcp_ping received 96 bytes back
Round trip time was 0.354513 milliseconds in repetition 159
tcp_ping received 96 bytes back
Round trip time was 0.342351 milliseconds in repetition 160
tcp_ping received 96 bytes back
Round trip time was 0.344622 milliseconds in repetition 161
tcp_ping received 96 bytes back
Round trip time was 0.323621 milliseconds in repetition 162
tcp_ping received 96 bytes back
Round trip time was 0.323569 milliseconds in repetition 163
tcp_ping received 96 bytes back
Round trip time was 0.42129 milliseconds in repetition 164
tcp_ping received 96 bytes back
Round trip time was 0.376898 milliseconds in repetition 165
tcp_ping received 96 bytes back
Round trip time was 0.357846 milliseconds in repetition 166
tcp_ping received 96 bytes back
Round trip time was 0.313826 milliseconds in repetition 167
tcp_ping received 96 bytes back
Round trip time was 0.345762 milliseconds in repetition 168
tcp_ping received 96 bytes back
Round trip time was 0.333376 milliseconds in repetition 169
tcp_ping received 96 bytes back
Round trip time was 0.337438 milliseconds in repetition 170
tcp_ping received 96 bytes back
Round trip time was 0.329239 milliseconds in repetition 171
tcp_ping received 96 bytes back
Round trip time was 0.3534 milliseconds in repetition 172
tcp_ping received 96 bytes back
Round trip time was 0.306839 milliseconds in repetition 173
tcp_ping received 96 bytes back
Round trip time was 0.327378 milliseconds in repetition 174
tcp_ping received 96 bytes back
Round trip time was 0.31772 milliseconds in repetition 175
tcp_ping received 96 bytes back
Round trip time was 0.327937 milliseconds in repetition 176
tcp_ping received 96 bytes back
Round trip time was 0.346114 milliseconds in repetition 177
tcp_ping received 96 bytes back
Round trip time was 0.327403 milliseconds in repetition 178
tcp_ping received 96 bytes back
Round trip time was 0.342677 milliseconds in repetition 179
tcp_ping received 96 bytes back
Round trip time was 0.337464 milliseconds in repetition 180
tcp_ping received 96 bytes back
Round trip time was 0.32508 milliseconds in repetition 181
tcp_ping received 96 bytes back
Round trip time was 0.320369 milliseconds in repetition 182
tcp_ping received 96 bytes back
Round trip time was 0.332782 milliseconds in repetition 183
tcp_ping received 96 bytes back
Round trip time was 0.32156 milliseconds in repetition 184
tcp_ping received 96 bytes back
Round trip time was 0.33364 milliseconds in repetition 185
tcp_ping received 96 bytes back
Round trip time was 0.320236 milliseconds in repetition 186
tcp_ping received 96 bytes back
Round trip time was 0.397119 milliseconds in repetition 187
tcp_ping received 96 bytes back
Round trip time was 0.315624 milliseconds in repetition 188
tcp_ping received 96 bytes back
Round trip time was 0.319713 milliseconds in repetition 189
tcp_ping received 96 bytes back
Round trip time was 0.314971 milliseconds in repetition 190
tcp_ping received 96 bytes back
Round trip time was 0.319867 milliseconds in repetition 191
tcp_ping received 96 bytes back
Round trip time was 0.344773 milliseconds in repetition 192
tcp_ping received 96 bytes back
Round trip time was 0.357594 milliseconds in repetition 193
tcp_ping received 96 bytes back
Round trip time was 0.323341 milliseconds in repetition 194
tcp_ping received 96 bytes back
Round trip time was 0.323528 milliseconds in repetition 195
tcp_ping received 96 bytes back
Round trip time was 0.322029 milliseconds in repetition 196
tcp_ping received 96 bytes back
Round trip time was 0.325869 milliseconds in repetition 197
tcp_ping received 96 bytes back
Round trip time was 0.398968 milliseconds in repetition 198
tcp_ping received 96 bytes back
Round trip time was 0.308641 milliseconds in repetition 199
tcp_ping received 96 bytes back
Round trip time was 0.282968 milliseconds in repetition 200
tcp_ping received 96 bytes back
Round trip time was 0.32559 milliseconds in repetition 201
tcp_ping received 96 bytes back
Round trip time was 0.322098 milliseconds in repetition 202
tcp_ping received 96 bytes back
Round trip time was 0.32262 milliseconds in repetition 203
tcp_ping received 96 bytes back
Round trip time was 0.321323 milliseconds in repetition 204
tcp_ping received 96 bytes back
Round trip time was 0.319873 milliseconds in repetition 205
tcp_ping received 96 bytes back
Round trip time was 0.347624 milliseconds in repetition 206
tcp_ping received 96 bytes back
Round trip time was 0.319228 milliseconds in repetition 207
tcp_ping received 96 bytes back
Round trip time was 0.319444 milliseconds in repetition 208
tcp_ping received 96 bytes back
Round trip time was 0.340952 milliseconds in repetition 209
tcp_ping received 96 bytes back
Round trip time was 0.327802 milliseconds in repetition 210
tcp_ping received 96 bytes back
Round trip time was 0.322881 milliseconds in repetition 211
tcp_ping received 96 bytes back
Round trip time was 0.320047 milliseconds in repetition 212
tcp_ping received 96 bytes back
Round trip time was 0.327147 milliseconds in repetition 213
tcp_ping received 96 bytes back
Round trip time was 0.312031 milliseconds in repetition 214
tcp_ping received 96 bytes back
Round trip time was 0.322897 milliseconds in repetition 215
tcp_ping received 96 bytes back
Round trip time was 0.324813 milliseconds in repetition 216
tcp_ping received 96 bytes back
Round trip time was 0.327322 milliseconds in repetition 217
tcp_ping received 96 bytes back
Round trip time was 0.576157 milliseconds in repetition 218
tcp_ping received 96 bytes back
Round trip time was 0.395282 milliseconds in repetition 219
tcp_ping received 96 bytes back
Round trip time was 0.328667 milliseconds in repetition 220
tcp_ping received 96 bytes back
Round trip time was 0.372836 milliseconds in repetition 221
tcp_ping received 96 bytes back
Round trip time was 0.351458 milliseconds in repetition 222
tcp_ping received 96 bytes back
Round trip time was 0.266682 milliseconds in repetition 223
tcp_ping received 96 bytes back
Round trip time was 0.329417 milliseconds in repetition 224
tcp_ping received 96 bytes back
Round trip time was 0.352953 milliseconds in repetition 225
tcp_ping received 96 bytes back
Round trip time was 0.327743 milliseconds in repetition 226
tcp_ping received 96 bytes back
Round trip time was 0.389561 milliseconds in repetition 227
tcp_ping received 96 bytes back
Round trip time was 0.346425 milliseconds in repetition 228
tcp_ping received 96 bytes back
Round trip time was 0.333706 milliseconds in repetition 229
tcp_ping received 96 bytes back
Round trip time was 0.327634 milliseconds in repetition 230
tcp_ping received 96 bytes back
Round trip time was 0.321067 milliseconds in repetition 231
tcp_ping received 96 bytes back
Round trip time was 0.326643 milliseconds in repetition 232
tcp_ping received 96 bytes back
Round trip time was 0.369135 milliseconds in repetition 233
tcp_ping received 96 bytes back
Round trip time was 0.357608 milliseconds in repetition 234
tcp_ping received 96 bytes back
Round trip time was 0.339191 milliseconds in repetition 235
tcp_ping received 96 bytes back
Round trip time was 0.322568 milliseconds in repetition 236
tcp_ping received 96 bytes back
Round trip time was 0.31923 milliseconds in repetition 237
tcp_ping received 96 bytes back
Round trip time was 0.360261 milliseconds in repetition 238
tcp_ping received 96 bytes back
Round trip time was 0.336934 milliseconds in repetition 239
tcp_ping received 96 bytes back
Round trip time was 0.326373 milliseconds in repetition 240
tcp_ping received 96 bytes back
Round trip time was 0.343025 milliseconds in repetition 241
tcp_ping received 96 bytes back
Round trip time was 0.605893 milliseconds in repetition 242
tcp_ping received 96 bytes back
Round trip time was 0.346983 milliseconds in repetition 243
tcp_ping received 96 bytes back
Round trip time was 0.319964 milliseconds in repetition 244
tcp_ping received 96 bytes back
Round trip time was 0.31406 milliseconds in repetition 245
tcp_ping received 96 bytes back
Round trip time was 0.273871 milliseconds in repetition 246
tcp_ping received 96 bytes back
Round trip time was 0.319174 milliseconds in repetition 247
tcp_ping received 96 bytes back
Round trip time was 0.316699 milliseconds in repetition 248
tcp_ping received 96 bytes back
Round trip time was 0.323566 milliseconds in repetition 249
tcp_ping received 96 bytes back
Round trip time was 0.320465 milliseconds in repetition 250
tcp_ping received 96 bytes back
Round trip time was 0.319338 milliseconds in repetition 251
tcp_ping received 96 bytes back
Round trip time was 0.321514 milliseconds in repetition 252
tcp_ping received 96 bytes back
Round trip time was 0.318636 milliseconds in repetition 253
tcp_ping received 96 bytes back
Round trip time was 0.337537 milliseconds in repetition 254
tcp_ping received 96 bytes back
Round trip time was 0.316849 milliseconds in repetition 255
tcp_ping received 96 bytes back
Round trip time was 0.330534 milliseconds in repetition 256
tcp_ping received 96 bytes back
Round trip time was 0.390172 milliseconds in repetition 257
tcp_ping received 96 bytes back
Round trip time was 0.362933 milliseconds in repetition 258
tcp_ping received 96 bytes back
Round trip time was 0.332145 milliseconds in repetition 259
tcp_ping received 96 bytes back
Round trip time was 0.327599 milliseconds in repetition 260
tcp_ping received 96 bytes back
Round trip time was 0.315028 milliseconds in repetition 261
tcp_ping received 96 bytes back
Round trip time was 0.311402 milliseconds in repetition 262
tcp_ping received 96 bytes back
Round trip time was 0.358753 milliseconds in repetition 263
tcp_ping received 96 bytes back
Round trip time was 0.335988 milliseconds in repetition 264
tcp_ping received 96 bytes back
Round trip time was 0.341799 milliseconds in repetition 265
tcp_ping received 96 bytes back
Round trip time was 0.329349 milliseconds in repetition 266
tcp_ping received 96 bytes back
Round trip time was 0.318984 milliseconds in repetition 267
tcp_ping received 96 bytes back
Round trip time was 0.338154 milliseconds in repetition 268
tcp_ping received 96 bytes back
Round trip time was 0.317179 milliseconds in repetition 269
tcp_ping received 96 bytes back
Round trip time was 0.467518 milliseconds in repetition 270
tcp_ping received 96 bytes back
Round trip time was 0.349532 milliseconds in repetition 271
tcp_ping received 96 bytes back
Round trip time was 0.314987 milliseconds in repetition 272
tcp_ping received 96 bytes back
Round trip time was 0.384783 milliseconds in repetition 273
tcp_ping received 96 bytes back
Round trip time was 0.352843 milliseconds in repetition 274
tcp_ping received 96 bytes back
Round trip time was 0.322771 milliseconds in repetition 275
tcp_ping received 96 bytes back
Round trip time was 0.324228 milliseconds in repetition 276
tcp_ping received 96 bytes back
Round trip time was 0.318918 milliseconds in repetition 277
tcp_ping received 96 bytes back
Round trip time was 0.322473 milliseconds in repetition 278
tcp_ping received 96 bytes back
Round trip time was 0.322161 milliseconds in repetition 279
tcp_ping received 96 bytes back
Round trip time was 0.318024 milliseconds in repetition 280
tcp_ping received 96 bytes back
Round trip time was 0.318626 milliseconds in repetition 281
tcp_ping received 96 bytes back
Round trip time was 0.572911 milliseconds in repetition 282
tcp_ping received 96 bytes back
Round trip time was 0.317777 milliseconds in repetition 283
tcp_ping received 96 bytes back
Round trip time was 0.31678 milliseconds in repetition 284
tcp_ping received 96 bytes back
Round trip time was 0.46159 milliseconds in repetition 285
tcp_ping received 96 bytes back
Round trip time was 0.391411 milliseconds in repetition 286
tcp_ping received 96 bytes back
Round trip time was 0.355387 milliseconds in repetition 287
tcp_ping received 96 bytes back
Round trip time was 0.318762 milliseconds in repetition 288
tcp_ping received 96 bytes back
Round trip time was 0.377869 milliseconds in repetition 289
tcp_ping received 96 bytes back
Round trip time was 0.331911 milliseconds in repetition 290
tcp_ping received 96 bytes back
Round trip time was 0.319112 milliseconds in repetition 291
tcp_ping received 96 bytes back
Round trip time was 0.26976 milliseconds in repetition 292
tcp_ping received 96 bytes back
Round trip time was 0.26489 milliseconds in repetition 293
tcp_ping received 96 bytes back
Round trip time was 0.313307 milliseconds in repetition 294
tcp_ping received 96 bytes back
Round trip time was 0.315999 milliseconds in repetition 295
tcp_ping received 96 bytes back
Round trip time was 0.816745 milliseconds in repetition 296
tcp_ping received 96 bytes back
Round trip time was 0.327184 milliseconds in repetition 297
tcp_ping received 96 bytes back
Round trip time was 0.323788 milliseconds in repetition 298
tcp_ping received 96 bytes back
Round trip time was 0.315163 milliseconds in repetition 299
tcp_ping received 96 bytes back
Round trip time was 0.324089 milliseconds in repetition 300
tcp_ping received 96 bytes back
Round trip time was 0.352197 milliseconds in repetition 301
tcp_ping received 96 bytes back
Round trip time was 0.317881 milliseconds in repetition 302
tcp_ping received 96 bytes back
Round trip time was 0.317746 milliseconds in repetition 303
tcp_ping received 96 bytes back
Round trip time was 0.314543 milliseconds in repetition 304
tcp_ping received 96 bytes back
Round trip time was 0.354803 milliseconds in repetition 305
tcp_ping received 96 bytes back
Round trip time was 0.31757 milliseconds in repetition 306
tcp_ping received 96 bytes back
Round trip time was 0.327144 milliseconds in repetition 307
tcp_ping received 96 bytes back
Round trip time was 0.323181 milliseconds in repetition 308
tcp_ping received 96 bytes back
Round trip time was 0.334331 milliseconds in repetition 309
tcp_ping received 96 bytes back
Round trip time was 0.32997 milliseconds in repetition 310
tcp_ping received 96 bytes back
Round trip time was 0.31832 milliseconds in repetition 311
tcp_ping received 96 bytes back
Round trip time was 0.320589 milliseconds in repetition 312
tcp_ping received 96 bytes back
Round trip time was 0.30672 milliseconds in repetition 313
tcp_ping received 96 bytes back
Round trip time was 0.361461 milliseconds in repetition 314
tcp_ping received 96 bytes back
Round trip time was 0.99824 milliseconds in repetition 315
tcp_ping received 96 bytes back
Round trip time was 0.321175 milliseconds in repetition 316
tcp_ping received 96 bytes back
Round trip time was 0.348667 milliseconds in repetition 317
tcp_ping received 96 bytes back
Round trip time was 0.699903 milliseconds in repetition 318
tcp_ping received 96 bytes back
Round trip time was 0.324807 milliseconds in repetition 319
tcp_ping received 96 bytes back
Round trip time was 0.322937 milliseconds in repetition 320
tcp_ping received 96 bytes back
Round trip time was 0.372382 milliseconds in repetition 321
tcp_ping received 96 bytes back
Round trip time was 0.335471 milliseconds in repetition 322
tcp_ping received 96 bytes back
Round trip time was 0.319156 milliseconds in repetition 323
tcp_ping received 96 bytes back
Round trip time was 0.471413 milliseconds in repetition 324
tcp_ping received 96 bytes back
Round trip time was 0.351094 milliseconds in repetition 325
tcp_ping received 96 bytes back
Round trip time was 0.322908 milliseconds in repetition 326
tcp_ping received 96 bytes back
Round trip time was 0.326783 milliseconds in repetition 327
tcp_ping received 96 bytes back
Round trip time was 0.367113 milliseconds in repetition 328
tcp_ping received 96 bytes back
Round trip time was 0.326731 milliseconds in repetition 329
tcp_ping received 96 bytes back
Round trip time was 0.347508 milliseconds in repetition 330
tcp_ping received 96 bytes back
Round trip time was 0.327377 milliseconds in repetition 331
tcp_ping received 96 bytes back
Round trip time was 0.321951 milliseconds in repetition 332
tcp_ping received 96 bytes back
Round trip time was 0.294669 milliseconds in repetition 333
tcp_ping received 96 bytes back
Round trip time was 0.294861 milliseconds in repetition 334
tcp_ping received 96 bytes back
Round trip time was 0.390679 milliseconds in repetition 335
tcp_ping received 96 bytes back
Round trip time was 0.304734 milliseconds in repetition 336
tcp_ping received 96 bytes back
Round trip time was 0.342145 milliseconds in repetition 337
tcp_ping received 96 bytes back
Round trip time was 0.323236 milliseconds in repetition 338
tcp_ping received 96 bytes back
Round trip time was 0.324142 milliseconds in repetition 339
tcp_ping received 96 bytes back
Round trip time was 0.385686 milliseconds in repetition 340
tcp_ping received 96 bytes back
Round trip time was 0.325029 milliseconds in repetition 341
tcp_ping received 96 bytes back
Round trip time was 0.321818 milliseconds in repetition 342
tcp_ping received 96 bytes back
Round trip time was 0.355486 milliseconds in repetition 343
tcp_ping received 96 bytes back
Round trip time was 0.318452 milliseconds in repetition 344
tcp_ping received 96 bytes back
Round trip time was 0.318783 milliseconds in repetition 345
tcp_ping received 96 bytes back
Round trip time was 0.321556 milliseconds in repetition 346
tcp_ping received 96 bytes back
Round trip time was 0.323607 milliseconds in repetition 347
tcp_ping received 96 bytes back
Round trip time was 0.321069 milliseconds in repetition 348
tcp_ping received 96 bytes back
Round trip time was 0.317384 milliseconds in repetition 349
tcp_ping received 96 bytes back
Round trip time was 0.603458 milliseconds in repetition 350
tcp_ping received 96 bytes back
Round trip time was 0.929576 milliseconds in repetition 351
tcp_ping received 96 bytes back
Round trip time was 0.32808 milliseconds in repetition 352
tcp_ping received 96 bytes back
Round trip time was 0.337387 milliseconds in repetition 353
tcp_ping received 96 bytes back
Round trip time was 0.54021 milliseconds in repetition 354
tcp_ping received 96 bytes back
Round trip time was 0.374375 milliseconds in repetition 355
tcp_ping received 96 bytes back
Round trip time was 0.285594 milliseconds in repetition 356
tcp_ping received 96 bytes back
Round trip time was 0.265736 milliseconds in repetition 357
tcp_ping received 96 bytes back
Round trip time was 0.314879 milliseconds in repetition 358
tcp_ping received 96 bytes back
Round trip time was 0.323101 milliseconds in repetition 359
tcp_ping received 96 bytes back
Round trip time was 0.323005 milliseconds in repetition 360
tcp_ping received 96 bytes back
Round trip time was 0.324811 milliseconds in repetition 361
tcp_ping received 96 bytes back
Round trip time was 0.319939 milliseconds in repetition 362
tcp_ping received 96 bytes back
Round trip time was 0.324504 milliseconds in repetition 363
tcp_ping received 96 bytes back
Round trip time was 0.358406 milliseconds in repetition 364
tcp_ping received 96 bytes back
Round trip time was 0.319988 milliseconds in repetition 365
tcp_ping received 96 bytes back
Round trip time was 0.318309 milliseconds in repetition 366
tcp_ping received 96 bytes back
Round trip time was 0.326202 milliseconds in repetition 367
tcp_ping received 96 bytes back
Round trip time was 0.407046 milliseconds in repetition 368
tcp_ping received 96 bytes back
Round trip time was 0.350702 milliseconds in repetition 369
tcp_ping received 96 bytes back
Round trip time was 0.323701 milliseconds in repetition 370
tcp_ping received 96 bytes back
Round trip time was 0.323915 milliseconds in repetition 371
tcp_ping received 96 bytes back
Round trip time was 0.317785 milliseconds in repetition 372
tcp_ping received 96 bytes back
Round trip time was 0.323411 milliseconds in repetition 373
tcp_ping received 96 bytes back
Round trip time was 0.314713 milliseconds in repetition 374
tcp_ping received 96 bytes back
Round trip time was 0.660192 milliseconds in repetition 375
tcp_ping received 96 bytes back
Round trip time was 0.336592 milliseconds in repetition 376
tcp_ping received 96 bytes back
Round trip time was 0.328245 milliseconds in repetition 377
tcp_ping received 96 bytes back
Round trip time was 0.317041 milliseconds in repetition 378
tcp_ping received 96 bytes back
Round trip time was 0.318798 milliseconds in repetition 379
tcp_ping received 96 bytes back
Round trip time was 0.260123 milliseconds in repetition 380
tcp_ping received 96 bytes back
Round trip time was 0.260695 milliseconds in repetition 381
tcp_ping received 96 bytes back
Round trip time was 0.312416 milliseconds in repetition 382
tcp_ping received 96 bytes back
Round trip time was 0.529466 milliseconds in repetition 383
tcp_ping received 96 bytes back
Round trip time was 0.317137 milliseconds in repetition 384
tcp_ping received 96 bytes back
Round trip time was 0.343612 milliseconds in repetition 385
tcp_ping received 96 bytes back
Round trip time was 0.357704 milliseconds in repetition 386
tcp_ping received 96 bytes back
Round trip time was 0.326249 milliseconds in repetition 387
tcp_ping received 96 bytes back
Round trip time was 0.319221 milliseconds in repetition 388
tcp_ping received 96 bytes back
Round trip time was 0.325573 milliseconds in repetition 389
tcp_ping received 96 bytes back
Round trip time was 0.332039 milliseconds in repetition 390
tcp_ping received 96 bytes back
Round trip time was 0.316812 milliseconds in repetition 391
tcp_ping received 96 bytes back
Round trip time was 0.322803 milliseconds in repetition 392
tcp_ping received 96 bytes back
Round trip time was 0.318129 milliseconds in repetition 393
tcp_ping received 96 bytes back
Round trip time was 0.324579 milliseconds in repetition 394
tcp_ping received 96 bytes back
Round trip time was 0.32964 milliseconds in repetition 395
tcp_ping received 96 bytes back
Round trip time was 0.339445 milliseconds in repetition 396
tcp_ping received 96 bytes back
Round trip time was 0.331414 milliseconds in repetition 397
tcp_ping received 96 bytes back
Round trip time was 0.371502 milliseconds in repetition 398
tcp_ping received 96 bytes back
Round trip time was 0.330266 milliseconds in repetition 399
tcp_ping received 96 bytes back
Round trip time was 0.468037 milliseconds in repetition 400
tcp_ping received 96 bytes back
Round trip time was 0.345018 milliseconds in repetition 401
tcp_ping received 96 bytes back
Round trip time was 0.345578 milliseconds in repetition 402
tcp_ping received 96 bytes back
Round trip time was 0.294802 milliseconds in repetition 403
tcp_ping received 96 bytes back
Round trip time was 0.281197 milliseconds in repetition 404
tcp_ping received 96 bytes back
Round trip time was 0.313846 milliseconds in repetition 405
tcp_ping received 96 bytes back
Round trip time was 0.313597 milliseconds in repetition 406
tcp_ping received 96 bytes back
Round trip time was 0.325177 milliseconds in repetition 407
tcp_ping received 96 bytes back
Round trip time was 0.319899 milliseconds in repetition 408
tcp_ping received 96 bytes back
Round trip time was 0.376204 milliseconds in repetition 409
tcp_ping received 96 bytes back
Round trip time was 0.334754 milliseconds in repetition 410
tcp_ping received 96 bytes back
Round trip time was 0.330599 milliseconds in repetition 411
tcp_ping received 96 bytes back
Round trip time was 0.337811 milliseconds in repetition 412
tcp_ping received 96 bytes back
Round trip time was 0.332403 milliseconds in repetition 413
tcp_ping received 96 bytes back
Round trip time was 0.327765 milliseconds in repetition 414
tcp_ping received 96 bytes back
Round trip time was 0.343952 milliseconds in repetition 415
tcp_ping received 96 bytes back
Round trip time was 0.321397 milliseconds in repetition 416
tcp_ping received 96 bytes back
Round trip time was 0.335949 milliseconds in repetition 417
tcp_ping received 96 bytes back
Round trip time was 0.315514 milliseconds in repetition 418
tcp_ping received 96 bytes back
Round trip time was 0.327791 milliseconds in repetition 419
tcp_ping received 96 bytes back
Round trip time was 0.316374 milliseconds in repetition 420
tcp_ping received 96 bytes back
Round trip time was 0.327411 milliseconds in repetition 421
tcp_ping received 96 bytes back
Round trip time was 0.315525 milliseconds in repetition 422
tcp_ping received 96 bytes back
Round trip time was 0.327773 milliseconds in repetition 423
tcp_ping received 96 bytes back
Round trip time was 0.349718 milliseconds in repetition 424
tcp_ping received 96 bytes back
Round trip time was 0.32711 milliseconds in repetition 425
tcp_ping received 96 bytes back
Round trip time was 0.335771 milliseconds in repetition 426
tcp_ping received 96 bytes back
Round trip time was 0.325951 milliseconds in repetition 427
tcp_ping received 96 bytes back
Round trip time was 0.250734 milliseconds in repetition 428
tcp_ping received 96 bytes back
Round trip time was 0.359221 milliseconds in repetition 429
tcp_ping received 96 bytes back
Round trip time was 0.318715 milliseconds in repetition 430
tcp_ping received 96 bytes back
Round trip time was 0.322361 milliseconds in repetition 431
tcp_ping received 96 bytes back
Round trip time was 0.321389 milliseconds in repetition 432
tcp_ping received 96 bytes back
Round trip time was 0.334973 milliseconds in repetition 433
tcp_ping received 96 bytes back
Round trip time was 0.318828 milliseconds in repetition 434
tcp_ping received 96 bytes back
Round trip time was 0.552415 milliseconds in repetition 435
tcp_ping received 96 bytes back
Round trip time was 0.321684 milliseconds in repetition 436
tcp_ping received 96 bytes back
Round trip time was 0.319678 milliseconds in repetition 437
tcp_ping received 96 bytes back
Round trip time was 0.317907 milliseconds in repetition 438
tcp_ping received 96 bytes back
Round trip time was 0.334278 milliseconds in repetition 439
tcp_ping received 96 bytes back
Round trip time was 0.323837 milliseconds in repetition 440
tcp_ping received 96 bytes back
Round trip time was 0.314452 milliseconds in repetition 441
tcp_ping received 96 bytes back
Round trip time was 0.315855 milliseconds in repetition 442
tcp_ping received 96 bytes back
Round trip time was 0.316893 milliseconds in repetition 443
tcp_ping received 96 bytes back
Round trip time was 0.34304 milliseconds in repetition 444
tcp_ping received 96 bytes back
Round trip time was 0.316192 milliseconds in repetition 445
tcp_ping received 96 bytes back
Round trip time was 0.319251 milliseconds in repetition 446
tcp_ping received 96 bytes back
Round trip time was 0.323364 milliseconds in repetition 447
tcp_ping received 96 bytes back
Round trip time was 0.326237 milliseconds in repetition 448
tcp_ping received 96 bytes back
Round trip time was 0.339377 milliseconds in repetition 449
tcp_ping received 96 bytes back
Round trip time was 0.314527 milliseconds in repetition 450
tcp_ping received 96 bytes back
Round trip time was 0.310905 milliseconds in repetition 451
tcp_ping received 96 bytes back
Round trip time was 0.25882 milliseconds in repetition 452
tcp_ping received 96 bytes back
Round trip time was 0.339615 milliseconds in repetition 453
tcp_ping received 96 bytes back
Round trip time was 0.327621 milliseconds in repetition 454
tcp_ping received 96 bytes back
Round trip time was 0.330122 milliseconds in repetition 455
tcp_ping received 96 bytes back
Round trip time was 0.320451 milliseconds in repetition 456
tcp_ping received 96 bytes back
Round trip time was 0.354852 milliseconds in repetition 457
tcp_ping received 96 bytes back
Round trip time was 0.328134 milliseconds in repetition 458
tcp_ping received 96 bytes back
Round trip time was 0.318098 milliseconds in repetition 459
tcp_ping received 96 bytes back
Round trip time was 0.316336 milliseconds in repetition 460
tcp_ping received 96 bytes back
Round trip time was 0.313579 milliseconds in repetition 461
tcp_ping received 96 bytes back
Round trip time was 0.313622 milliseconds in repetition 462
tcp_ping received 96 bytes back
Round trip time was 0.320301 milliseconds in repetition 463
tcp_ping received 96 bytes back
Round trip time was 0.320877 milliseconds in repetition 464
tcp_ping received 96 bytes back
Round trip time was 0.343541 milliseconds in repetition 465
tcp_ping received 96 bytes back
Round trip time was 0.357426 milliseconds in repetition 466
tcp_ping received 96 bytes back
Round trip time was 0.313996 milliseconds in repetition 467
tcp_ping received 96 bytes back
Round trip time was 0.315351 milliseconds in repetition 468
tcp_ping received 96 bytes back
Round trip time was 0.331194 milliseconds in repetition 469
tcp_ping received 96 bytes back
Round trip time was 0.313727 milliseconds in repetition 470
tcp_ping received 96 bytes back
Round trip time was 0.321722 milliseconds in repetition 471
tcp_ping received 96 bytes back
Round trip time was 0.321304 milliseconds in repetition 472
tcp_ping received 96 bytes back
Round trip time was 0.313777 milliseconds in repetition 473
tcp_ping received 96 bytes back
Round trip time was 0.3186 milliseconds in repetition 474
tcp_ping received 96 bytes back
Round trip time was 0.352162 milliseconds in repetition 475
tcp_ping received 96 bytes back
Round trip time was 0.270207 milliseconds in repetition 476
tcp_ping received 96 bytes back
Round trip time was 0.269668 milliseconds in repetition 477
tcp_ping received 96 bytes back
Round trip time was 0.319482 milliseconds in repetition 478
tcp_ping received 96 bytes back
Round trip time was 0.32055 milliseconds in repetition 479
tcp_ping received 96 bytes back
Round trip time was 0.323623 milliseconds in repetition 480
tcp_ping received 96 bytes back
Round trip time was 0.340454 milliseconds in repetition 481
tcp_ping received 96 bytes back
Round trip time was 0.324743 milliseconds in repetition 482
tcp_ping received 96 bytes back
Round trip time was 0.354005 milliseconds in repetition 483
tcp_ping received 96 bytes back
Round trip time was 0.344437 milliseconds in repetition 484
tcp_ping received 96 bytes back
Round trip time was 0.315398 milliseconds in repetition 485
tcp_ping received 96 bytes back
Round trip time was 0.315578 milliseconds in repetition 486
tcp_ping received 96 bytes back
Round trip time was 0.341786 milliseconds in repetition 487
tcp_ping received 96 bytes back
Round trip time was 0.350545 milliseconds in repetition 488
tcp_ping received 96 bytes back
Round trip time was 0.326474 milliseconds in repetition 489
tcp_ping received 96 bytes back
Round trip time was 0.338292 milliseconds in repetition 490
tcp_ping received 96 bytes back
Round trip time was 0.305166 milliseconds in repetition 491
tcp_ping received 96 bytes back
Round trip time was 0.31797 milliseconds in repetition 492
tcp_ping received 96 bytes back
Round trip time was 0.489526 milliseconds in repetition 493
tcp_ping received 96 bytes back
Round trip time was 0.335942 milliseconds in repetition 494
tcp_ping received 96 bytes back
Round trip time was 0.332894 milliseconds in repetition 495
tcp_ping received 96 bytes back
Round trip time was 0.320555 milliseconds in repetition 496
tcp_ping received 96 bytes back
Round trip time was 0.344083 milliseconds in repetition 497
tcp_ping received 96 bytes back
Round trip time was 0.324539 milliseconds in repetition 498
tcp_ping received 96 bytes back
Round trip time was 0.315552 milliseconds in repetition 499
tcp_ping received 96 bytes back
Round trip time was 0.28209 milliseconds in repetition 500
tcp_ping received 96 bytes back
Round trip time was 0.284492 milliseconds in repetition 501

 ... clock resolution was 1e-06
TCP Ping:  Statistics over 501 repetitions of 96 byte messages

RTT : percentile 10: 0.294669, median: 0.325573, percentile 90: 0.487108, average: 0.368073, variance: 0.0239541

RTT histogram:
0.202522 14
0.313382 403
0.424242 33
0.535102 10
0.645961 18
0.756821 13
0.867681 4
0.97854 5
1.0894 0
1.20026 0
1.31112 0
1.42198 0
1.53284 0
1.6437 0
1.75456 0
1.86542 0
1.97628 0
2.08714 0
2.198 0
2.30886 0
2.41972 1

   median Throughput : 589.729 KB/s   overall Throughput : 521.635 KB/s

