TCP Ping trying to connect to server seti.dibris.unige.it (130.251.61.30) on port 1491
 ... connected to Pong server: asking for 501 repetitions of 196608 bytes TCP messages
 ... Pong server agreed :-)
tcp_ping received 196608 bytes back
Round trip time was 32.7814 milliseconds in repetition 1
tcp_ping received 196608 bytes back
Round trip time was 5.32914 milliseconds in repetition 2
tcp_ping received 196608 bytes back
Round trip time was 5.46887 milliseconds in repetition 3
tcp_ping received 196608 bytes back
Round trip time was 4.94152 milliseconds in repetition 4
tcp_ping received 196608 bytes back
Round trip time was 4.71554 milliseconds in repetition 5
tcp_ping received 196608 bytes back
Round trip time was 4.3108 milliseconds in repetition 6
tcp_ping received 196608 bytes back
Round trip time was 4.46836 milliseconds in repetition 7
tcp_ping received 196608 bytes back
Round trip time was 4.3082 milliseconds in repetition 8
tcp_ping received 196608 bytes back
Round trip time was 4.40584 milliseconds in repetition 9
tcp_ping received 196608 bytes back
Round trip time was 4.6513 milliseconds in repetition 10
tcp_ping received 196608 bytes back
Round trip time was 5.38422 milliseconds in repetition 11
tcp_ping received 196608 bytes back
Round trip time was 5.73886 milliseconds in repetition 12
tcp_ping received 196608 bytes back
Round trip time was 5.24363 milliseconds in repetition 13
tcp_ping received 196608 bytes back
Round trip time was 4.15694 milliseconds in repetition 14
tcp_ping received 196608 bytes back
Round trip time was 5.8635 milliseconds in repetition 15
tcp_ping received 196608 bytes back
Round trip time was 4.79463 milliseconds in repetition 16
tcp_ping received 196608 bytes back
Round trip time was 4.18997 milliseconds in repetition 17
tcp_ping received 196608 bytes back
Round trip time was 4.46091 milliseconds in repetition 18
tcp_ping received 196608 bytes back
Round trip time was 5.11672 milliseconds in repetition 19
tcp_ping received 196608 bytes back
Round trip time was 4.46886 milliseconds in repetition 20
tcp_ping received 196608 bytes back
Round trip time was 6.81974 milliseconds in repetition 21
tcp_ping received 196608 bytes back
Round trip time was 6.83119 milliseconds in repetition 22
tcp_ping received 196608 bytes back
Round trip time was 5.73645 milliseconds in repetition 23
tcp_ping received 196608 bytes back
Round trip time was 5.13753 milliseconds in repetition 24
tcp_ping received 196608 bytes back
Round trip time was 4.33595 milliseconds in repetition 25
tcp_ping received 196608 bytes back
Round trip time was 5.0376 milliseconds in repetition 26
tcp_ping received 196608 bytes back
Round trip time was 4.20875 milliseconds in repetition 27
tcp_ping received 196608 bytes back
Round trip time was 5.29851 milliseconds in repetition 28
tcp_ping received 196608 bytes back
Round trip time was 4.13357 milliseconds in repetition 29
tcp_ping received 196608 bytes back
Round trip time was 4.223 milliseconds in repetition 30
tcp_ping received 196608 bytes back
Round trip time was 4.65233 milliseconds in repetition 31
tcp_ping received 196608 bytes back
Round trip time was 4.31526 milliseconds in repetition 32
tcp_ping received 196608 bytes back
Round trip time was 4.63921 milliseconds in repetition 33
tcp_ping received 196608 bytes back
Round trip time was 4.28248 milliseconds in repetition 34
tcp_ping received 196608 bytes back
Round trip time was 5.20522 milliseconds in repetition 35
tcp_ping received 196608 bytes back
Round trip time was 4.26513 milliseconds in repetition 36
tcp_ping received 196608 bytes back
Round trip time was 4.31664 milliseconds in repetition 37
tcp_ping received 196608 bytes back
Round trip time was 4.32509 milliseconds in repetition 38
tcp_ping received 196608 bytes back
Round trip time was 4.41512 milliseconds in repetition 39
tcp_ping received 196608 bytes back
Round trip time was 4.30054 milliseconds in repetition 40
tcp_ping received 196608 bytes back
Round trip time was 4.36242 milliseconds in repetition 41
tcp_ping received 196608 bytes back
Round trip time was 4.18865 milliseconds in repetition 42
tcp_ping received 196608 bytes back
Round trip time was 4.32828 milliseconds in repetition 43
tcp_ping received 196608 bytes back
Round trip time was 4.44406 milliseconds in repetition 44
tcp_ping received 196608 bytes back
Round trip time was 4.36167 milliseconds in repetition 45
tcp_ping received 196608 bytes back
Round trip time was 4.33263 milliseconds in repetition 46
tcp_ping received 196608 bytes back
Round trip time was 4.35359 milliseconds in repetition 47
tcp_ping received 196608 bytes back
Round trip time was 4.39746 milliseconds in repetition 48
tcp_ping received 196608 bytes back
Round trip time was 4.25355 milliseconds in repetition 49
tcp_ping received 196608 bytes back
Round trip time was 4.27152 milliseconds in repetition 50
tcp_ping received 196608 bytes back
Round trip time was 4.23836 milliseconds in repetition 51
tcp_ping received 196608 bytes back
Round trip time was 4.43799 milliseconds in repetition 52
tcp_ping received 196608 bytes back
Round trip time was 4.24813 milliseconds in repetition 53
tcp_ping received 196608 bytes back
Round trip time was 4.37158 milliseconds in repetition 54
tcp_ping received 196608 bytes back
Round trip time was 4.04286 milliseconds in repetition 55
tcp_ping received 196608 bytes back
Round trip time was 4.28683 milliseconds in repetition 56
tcp_ping received 196608 bytes back
Round trip time was 4.18052 milliseconds in repetition 57
tcp_ping received 196608 bytes back
Round trip time was 4.18706 milliseconds in repetition 58
tcp_ping received 196608 bytes back
Round trip time was 4.44245 milliseconds in repetition 59
tcp_ping received 196608 bytes back
Round trip time was 3.98776 milliseconds in repetition 60
tcp_ping received 196608 bytes back
Round trip time was 4.70934 milliseconds in repetition 61
tcp_ping received 196608 bytes back
Round trip time was 3.83373 milliseconds in repetition 62
tcp_ping received 196608 bytes back
Round trip time was 7.68429 milliseconds in repetition 63
tcp_ping received 196608 bytes back
Round trip time was 4.327 milliseconds in repetition 64
tcp_ping received 196608 bytes back
Round trip time was 4.09261 milliseconds in repetition 65
tcp_ping received 196608 bytes back
Round trip time was 6.23267 milliseconds in repetition 66
tcp_ping received 196608 bytes back
Round trip time was 5.36513 milliseconds in repetition 67
tcp_ping received 196608 bytes back
Round trip time was 5.48578 milliseconds in repetition 68
tcp_ping received 196608 bytes back
Round trip time was 7.57845 milliseconds in repetition 69
tcp_ping received 196608 bytes back
Round trip time was 13.5213 milliseconds in repetition 70
tcp_ping received 196608 bytes back
Round trip time was 13.1585 milliseconds in repetition 71
tcp_ping received 196608 bytes back
Round trip time was 16.2739 milliseconds in repetition 72
tcp_ping received 196608 bytes back
Round trip time was 13.284 milliseconds in repetition 73
tcp_ping received 196608 bytes back
Round trip time was 8.43457 milliseconds in repetition 74
tcp_ping received 196608 bytes back
Round trip time was 7.29186 milliseconds in repetition 75
tcp_ping received 196608 bytes back
Round trip time was 7.31476 milliseconds in repetition 76
tcp_ping received 196608 bytes back
Round trip time was 9.01236 milliseconds in repetition 77
tcp_ping received 196608 bytes back
Round trip time was 6.10677 milliseconds in repetition 78
tcp_ping received 196608 bytes back
Round trip time was 7.55217 milliseconds in repetition 79
tcp_ping received 196608 bytes back
Round trip time was 7.28518 milliseconds in repetition 80
tcp_ping received 196608 bytes back
Round trip time was 11.5188 milliseconds in repetition 81
tcp_ping received 196608 bytes back
Round trip time was 8.84433 milliseconds in repetition 82
tcp_ping received 196608 bytes back
Round trip time was 9.11504 milliseconds in repetition 83
tcp_ping received 196608 bytes back
Round trip time was 8.94252 milliseconds in repetition 84
tcp_ping received 196608 bytes back
Round trip time was 6.09979 milliseconds in repetition 85
tcp_ping received 196608 bytes back
Round trip time was 7.96238 milliseconds in repetition 86
tcp_ping received 196608 bytes back
Round trip time was 8.46134 milliseconds in repetition 87
tcp_ping received 196608 bytes back
Round trip time was 4.99007 milliseconds in repetition 88
tcp_ping received 196608 bytes back
Round trip time was 6.56778 milliseconds in repetition 89
tcp_ping received 196608 bytes back
Round trip time was 4.80776 milliseconds in repetition 90
tcp_ping received 196608 bytes back
Round trip time was 7.9588 milliseconds in repetition 91
tcp_ping received 196608 bytes back
Round trip time was 5.05633 milliseconds in repetition 92
tcp_ping received 196608 bytes back
Round trip time was 4.8457 milliseconds in repetition 93
tcp_ping received 196608 bytes back
Round trip time was 4.49118 milliseconds in repetition 94
tcp_ping received 196608 bytes back
Round trip time was 4.82844 milliseconds in repetition 95
tcp_ping received 196608 bytes back
Round trip time was 5.07825 milliseconds in repetition 96
tcp_ping received 196608 bytes back
Round trip time was 4.2584 milliseconds in repetition 97
tcp_ping received 196608 bytes back
Round trip time was 4.39482 milliseconds in repetition 98
tcp_ping received 196608 bytes back
Round trip time was 4.00086 milliseconds in repetition 99
tcp_ping received 196608 bytes back
Round trip time was 4.26968 milliseconds in repetition 100
tcp_ping received 196608 bytes back
Round trip time was 6.1487 milliseconds in repetition 101
tcp_ping received 196608 bytes back
Round trip time was 4.33926 milliseconds in repetition 102
tcp_ping received 196608 bytes back
Round trip time was 4.08317 milliseconds in repetition 103
tcp_ping received 196608 bytes back
Round trip time was -995.031 milliseconds in repetition 104
tcp_ping received 196608 bytes back
Round trip time was 4.10627 milliseconds in repetition 105
tcp_ping received 196608 bytes back
Round trip time was 7.0385 milliseconds in repetition 106
tcp_ping received 196608 bytes back
Round trip time was 5.49686 milliseconds in repetition 107
tcp_ping received 196608 bytes back
Round trip time was 4.64091 milliseconds in repetition 108
tcp_ping received 196608 bytes back
Round trip time was 4.80389 milliseconds in repetition 109
tcp_ping received 196608 bytes back
Round trip time was 4.97056 milliseconds in repetition 110
tcp_ping received 196608 bytes back
Round trip time was 5.43673 milliseconds in repetition 111
tcp_ping received 196608 bytes back
Round trip time was 4.6218 milliseconds in repetition 112
tcp_ping received 196608 bytes back
Round trip time was 4.81361 milliseconds in repetition 113
tcp_ping received 196608 bytes back
Round trip time was 4.71938 milliseconds in repetition 114
tcp_ping received 196608 bytes back
Round trip time was 4.57277 milliseconds in repetition 115
tcp_ping received 196608 bytes back
Round trip time was 4.52691 milliseconds in repetition 116
tcp_ping received 196608 bytes back
Round trip time was 4.3971 milliseconds in repetition 117
tcp_ping received 196608 bytes back
Round trip time was 4.31971 milliseconds in repetition 118
tcp_ping received 196608 bytes back
Round trip time was 4.27315 milliseconds in repetition 119
tcp_ping received 196608 bytes back
Round trip time was 4.30027 milliseconds in repetition 120
tcp_ping received 196608 bytes back
Round trip time was 4.43689 milliseconds in repetition 121
tcp_ping received 196608 bytes back
Round trip time was 4.22009 milliseconds in repetition 122
tcp_ping received 196608 bytes back
Round trip time was 4.09473 milliseconds in repetition 123
tcp_ping received 196608 bytes back
Round trip time was 4.48538 milliseconds in repetition 124
tcp_ping received 196608 bytes back
Round trip time was 4.32471 milliseconds in repetition 125
tcp_ping received 196608 bytes back
Round trip time was 4.31767 milliseconds in repetition 126
tcp_ping received 196608 bytes back
Round trip time was 4.04977 milliseconds in repetition 127
tcp_ping received 196608 bytes back
Round trip time was 4.32847 milliseconds in repetition 128
tcp_ping received 196608 bytes back
Round trip time was 4.11117 milliseconds in repetition 129
tcp_ping received 196608 bytes back
Round trip time was 4.42138 milliseconds in repetition 130
tcp_ping received 196608 bytes back
Round trip time was 4.20004 milliseconds in repetition 131
tcp_ping received 196608 bytes back
Round trip time was 4.00662 milliseconds in repetition 132
tcp_ping received 196608 bytes back
Round trip time was 4.38316 milliseconds in repetition 133
tcp_ping received 196608 bytes back
Round trip time was 4.57063 milliseconds in repetition 134
tcp_ping received 196608 bytes back
Round trip time was 4.36184 milliseconds in repetition 135
tcp_ping received 196608 bytes back
Round trip time was 4.08448 milliseconds in repetition 136
tcp_ping received 196608 bytes back
Round trip time was 4.03179 milliseconds in repetition 137
tcp_ping received 196608 bytes back
Round trip time was 4.3239 milliseconds in repetition 138
tcp_ping received 196608 bytes back
Round trip time was 3.98721 milliseconds in repetition 139
tcp_ping received 196608 bytes back
Round trip time was 4.35295 milliseconds in repetition 140
tcp_ping received 196608 bytes back
Round trip time was 4.27087 milliseconds in repetition 141
tcp_ping received 196608 bytes back
Round trip time was 4.82977 milliseconds in repetition 142
tcp_ping received 196608 bytes back
Round trip time was 4.1014 milliseconds in repetition 143
tcp_ping received 196608 bytes back
Round trip time was 4.06023 milliseconds in repetition 144
tcp_ping received 196608 bytes back
Round trip time was 4.38154 milliseconds in repetition 145
tcp_ping received 196608 bytes back
Round trip time was 4.24014 milliseconds in repetition 146
tcp_ping received 196608 bytes back
Round trip time was 4.38231 milliseconds in repetition 147
tcp_ping received 196608 bytes back
Round trip time was 4.10617 milliseconds in repetition 148
tcp_ping received 196608 bytes back
Round trip time was 4.71324 milliseconds in repetition 149
tcp_ping received 196608 bytes back
Round trip time was 4.30198 milliseconds in repetition 150
tcp_ping received 196608 bytes back
Round trip time was 4.33079 milliseconds in repetition 151
tcp_ping received 196608 bytes back
Round trip time was 4.1903 milliseconds in repetition 152
tcp_ping received 196608 bytes back
Round trip time was 4.51637 milliseconds in repetition 153
tcp_ping received 196608 bytes back
Round trip time was 4.38143 milliseconds in repetition 154
tcp_ping received 196608 bytes back
Round trip time was 5.98611 milliseconds in repetition 155
tcp_ping received 196608 bytes back
Round trip time was 4.32726 milliseconds in repetition 156
tcp_ping received 196608 bytes back
Round trip time was 4.28053 milliseconds in repetition 157
tcp_ping received 196608 bytes back
Round trip time was 4.35795 milliseconds in repetition 158
tcp_ping received 196608 bytes back
Round trip time was 4.33074 milliseconds in repetition 159
tcp_ping received 196608 bytes back
Round trip time was 4.27887 milliseconds in repetition 160
tcp_ping received 196608 bytes back
Round trip time was 4.27346 milliseconds in repetition 161
tcp_ping received 196608 bytes back
Round trip time was 4.19092 milliseconds in repetition 162
tcp_ping received 196608 bytes back
Round trip time was 4.40644 milliseconds in repetition 163
tcp_ping received 196608 bytes back
Round trip time was 4.09839 milliseconds in repetition 164
tcp_ping received 196608 bytes back
Round trip time was 4.30189 milliseconds in repetition 165
tcp_ping received 196608 bytes back
Round trip time was 4.14141 milliseconds in repetition 166
tcp_ping received 196608 bytes back
Round trip time was 4.87897 milliseconds in repetition 167
tcp_ping received 196608 bytes back
Round trip time was 4.24406 milliseconds in repetition 168
tcp_ping received 196608 bytes back
Round trip time was 4.37156 milliseconds in repetition 169
tcp_ping received 196608 bytes back
Round trip time was 4.26757 milliseconds in repetition 170
tcp_ping received 196608 bytes back
Round trip time was 4.31645 milliseconds in repetition 171
tcp_ping received 196608 bytes back
Round trip time was 4.61661 milliseconds in repetition 172
tcp_ping received 196608 bytes back
Round trip time was 4.26039 milliseconds in repetition 173
tcp_ping received 196608 bytes back
Round trip time was 4.28006 milliseconds in repetition 174
tcp_ping received 196608 bytes back
Round trip time was 4.32584 milliseconds in repetition 175
tcp_ping received 196608 bytes back
Round trip time was 4.355 milliseconds in repetition 176
tcp_ping received 196608 bytes back
Round trip time was 4.41324 milliseconds in repetition 177
tcp_ping received 196608 bytes back
Round trip time was 3.90808 milliseconds in repetition 178
tcp_ping received 196608 bytes back
Round trip time was 4.13744 milliseconds in repetition 179
tcp_ping received 196608 bytes back
Round trip time was 4.28647 milliseconds in repetition 180
tcp_ping received 196608 bytes back
Round trip time was 4.72986 milliseconds in repetition 181
tcp_ping received 196608 bytes back
Round trip time was 4.37409 milliseconds in repetition 182
tcp_ping received 196608 bytes back
Round trip time was 4.25011 milliseconds in repetition 183
tcp_ping received 196608 bytes back
Round trip time was 4.64438 milliseconds in repetition 184
tcp_ping received 196608 bytes back
Round trip time was 4.07046 milliseconds in repetition 185
tcp_ping received 196608 bytes back
Round trip time was 4.69531 milliseconds in repetition 186
tcp_ping received 196608 bytes back
Round trip time was 4.09276 milliseconds in repetition 187
tcp_ping received 196608 bytes back
Round trip time was 5.31489 milliseconds in repetition 188
tcp_ping received 196608 bytes back
Round trip time was 5.33783 milliseconds in repetition 189
tcp_ping received 196608 bytes back
Round trip time was 4.75031 milliseconds in repetition 190
tcp_ping received 196608 bytes back
Round trip time was 4.59545 milliseconds in repetition 191
tcp_ping received 196608 bytes back
Round trip time was 4.378 milliseconds in repetition 192
tcp_ping received 196608 bytes back
Round trip time was 4.34091 milliseconds in repetition 193
tcp_ping received 196608 bytes back
Round trip time was 3.94604 milliseconds in repetition 194
tcp_ping received 196608 bytes back
Round trip time was 5.23285 milliseconds in repetition 195
tcp_ping received 196608 bytes back
Round trip time was 5.01133 milliseconds in repetition 196
tcp_ping received 196608 bytes back
Round trip time was 5.23632 milliseconds in repetition 197
tcp_ping received 196608 bytes back
Round trip time was 4.45078 milliseconds in repetition 198
tcp_ping received 196608 bytes back
Round trip time was 4.78301 milliseconds in repetition 199
tcp_ping received 196608 bytes back
Round trip time was 4.86388 milliseconds in repetition 200
tcp_ping received 196608 bytes back
Round trip time was 4.43259 milliseconds in repetition 201
tcp_ping received 196608 bytes back
Round trip time was 4.43298 milliseconds in repetition 202
tcp_ping received 196608 bytes back
Round trip time was 4.41572 milliseconds in repetition 203
tcp_ping received 196608 bytes back
Round trip time was 4.68653 milliseconds in repetition 204
tcp_ping received 196608 bytes back
Round trip time was 5.12194 milliseconds in repetition 205
tcp_ping received 196608 bytes back
Round trip time was 5.06216 milliseconds in repetition 206
tcp_ping received 196608 bytes back
Round trip time was 5.3191 milliseconds in repetition 207
tcp_ping received 196608 bytes back
Round trip time was 4.48438 milliseconds in repetition 208
tcp_ping received 196608 bytes back
Round trip time was 4.45623 milliseconds in repetition 209
tcp_ping received 196608 bytes back
Round trip time was 5.23048 milliseconds in repetition 210
tcp_ping received 196608 bytes back
Round trip time was 5.22197 milliseconds in repetition 211
tcp_ping received 196608 bytes back
Round trip time was 4.61761 milliseconds in repetition 212
tcp_ping received 196608 bytes back
Round trip time was 4.7314 milliseconds in repetition 213
tcp_ping received 196608 bytes back
Round trip time was 4.55478 milliseconds in repetition 214
tcp_ping received 196608 bytes back
Round trip time was 4.90826 milliseconds in repetition 215
tcp_ping received 196608 bytes back
Round trip time was 4.45498 milliseconds in repetition 216
tcp_ping received 196608 bytes back
Round trip time was 4.32696 milliseconds in repetition 217
tcp_ping received 196608 bytes back
Round trip time was 4.47248 milliseconds in repetition 218
tcp_ping received 196608 bytes back
Round trip time was 4.29025 milliseconds in repetition 219
tcp_ping received 196608 bytes back
Round trip time was 4.54028 milliseconds in repetition 220
tcp_ping received 196608 bytes back
Round trip time was 4.30303 milliseconds in repetition 221
tcp_ping received 196608 bytes back
Round trip time was 4.61427 milliseconds in repetition 222
tcp_ping received 196608 bytes back
Round trip time was 4.39006 milliseconds in repetition 223
tcp_ping received 196608 bytes back
Round trip time was 4.52668 milliseconds in repetition 224
tcp_ping received 196608 bytes back
Round trip time was 4.30403 milliseconds in repetition 225
tcp_ping received 196608 bytes back
Round trip time was 4.26346 milliseconds in repetition 226
tcp_ping received 196608 bytes back
Round trip time was 4.52857 milliseconds in repetition 227
tcp_ping received 196608 bytes back
Round trip time was 4.64365 milliseconds in repetition 228
tcp_ping received 196608 bytes back
Round trip time was 4.35418 milliseconds in repetition 229
tcp_ping received 196608 bytes back
Round trip time was 5.51799 milliseconds in repetition 230
tcp_ping received 196608 bytes back
Round trip time was 5.85053 milliseconds in repetition 231
tcp_ping received 196608 bytes back
Round trip time was 4.3567 milliseconds in repetition 232
tcp_ping received 196608 bytes back
Round trip time was 4.36999 milliseconds in repetition 233
tcp_ping received 196608 bytes back
Round trip time was 4.89766 milliseconds in repetition 234
tcp_ping received 196608 bytes back
Round trip time was 4.3152 milliseconds in repetition 235
tcp_ping received 196608 bytes back
Round trip time was 4.26207 milliseconds in repetition 236
tcp_ping received 196608 bytes back
Round trip time was 4.03727 milliseconds in repetition 237
tcp_ping received 196608 bytes back
Round trip time was 4.30635 milliseconds in repetition 238
tcp_ping received 196608 bytes back
Round trip time was 5.32506 milliseconds in repetition 239
tcp_ping received 196608 bytes back
Round trip time was 5.13901 milliseconds in repetition 240
tcp_ping received 196608 bytes back
Round trip time was 4.22243 milliseconds in repetition 241
tcp_ping received 196608 bytes back
Round trip time was 4.34776 milliseconds in repetition 242
tcp_ping received 196608 bytes back
Round trip time was 4.8486 milliseconds in repetition 243
tcp_ping received 196608 bytes back
Round trip time was 4.84315 milliseconds in repetition 244
tcp_ping received 196608 bytes back
Round trip time was 4.81187 milliseconds in repetition 245
tcp_ping received 196608 bytes back
Round trip time was 4.90667 milliseconds in repetition 246
tcp_ping received 196608 bytes back
Round trip time was 4.95701 milliseconds in repetition 247
tcp_ping received 196608 bytes back
Round trip time was 4.87086 milliseconds in repetition 248
tcp_ping received 196608 bytes back
Round trip time was 5.11136 milliseconds in repetition 249
tcp_ping received 196608 bytes back
Round trip time was 4.89655 milliseconds in repetition 250
tcp_ping received 196608 bytes back
Round trip time was 4.26676 milliseconds in repetition 251
tcp_ping received 196608 bytes back
Round trip time was 5.98716 milliseconds in repetition 252
tcp_ping received 196608 bytes back
Round trip time was 4.58473 milliseconds in repetition 253
tcp_ping received 196608 bytes back
Round trip time was 4.59194 milliseconds in repetition 254
tcp_ping received 196608 bytes back
Round trip time was 4.6501 milliseconds in repetition 255
tcp_ping received 196608 bytes back
Round trip time was 4.35623 milliseconds in repetition 256
tcp_ping received 196608 bytes back
Round trip time was 4.56289 milliseconds in repetition 257
tcp_ping received 196608 bytes back
Round trip time was 4.30598 milliseconds in repetition 258
tcp_ping received 196608 bytes back
Round trip time was 4.19562 milliseconds in repetition 259
tcp_ping received 196608 bytes back
Round trip time was 4.30416 milliseconds in repetition 260
tcp_ping received 196608 bytes back
Round trip time was 4.16959 milliseconds in repetition 261
tcp_ping received 196608 bytes back
Round trip time was 4.15146 milliseconds in repetition 262
tcp_ping received 196608 bytes back
Round trip time was 4.36391 milliseconds in repetition 263
tcp_ping received 196608 bytes back
Round trip time was 4.65705 milliseconds in repetition 264
tcp_ping received 196608 bytes back
Round trip time was 4.60712 milliseconds in repetition 265
tcp_ping received 196608 bytes back
Round trip time was 4.35581 milliseconds in repetition 266
tcp_ping received 196608 bytes back
Round trip time was 6.07577 milliseconds in repetition 267
tcp_ping received 196608 bytes back
Round trip time was 8.19656 milliseconds in repetition 268
tcp_ping received 196608 bytes back
Round trip time was 11.0799 milliseconds in repetition 269
tcp_ping received 196608 bytes back
Round trip time was 7.96254 milliseconds in repetition 270
tcp_ping received 196608 bytes back
Round trip time was 5.05413 milliseconds in repetition 271
tcp_ping received 196608 bytes back
Round trip time was 4.69277 milliseconds in repetition 272
tcp_ping received 196608 bytes back
Round trip time was 4.98956 milliseconds in repetition 273
tcp_ping received 196608 bytes back
Round trip time was 4.94468 milliseconds in repetition 274
tcp_ping received 196608 bytes back
Round trip time was 4.11282 milliseconds in repetition 275
tcp_ping received 196608 bytes back
Round trip time was 10.1491 milliseconds in repetition 276
tcp_ping received 196608 bytes back
Round trip time was 5.83165 milliseconds in repetition 277
tcp_ping received 196608 bytes back
Round trip time was 5.04883 milliseconds in repetition 278
tcp_ping received 196608 bytes back
Round trip time was 5.44911 milliseconds in repetition 279
tcp_ping received 196608 bytes back
Round trip time was 5.01489 milliseconds in repetition 280
tcp_ping received 196608 bytes back
Round trip time was 4.30606 milliseconds in repetition 281
tcp_ping received 196608 bytes back
Round trip time was 4.33352 milliseconds in repetition 282
tcp_ping received 196608 bytes back
Round trip time was 4.29253 milliseconds in repetition 283
tcp_ping received 196608 bytes back
Round trip time was 5.09375 milliseconds in repetition 284
tcp_ping received 196608 bytes back
Round trip time was 5.23597 milliseconds in repetition 285
tcp_ping received 196608 bytes back
Round trip time was 4.94105 milliseconds in repetition 286
tcp_ping received 196608 bytes back
Round trip time was 5.02986 milliseconds in repetition 287
tcp_ping received 196608 bytes back
Round trip time was 4.90459 milliseconds in repetition 288
tcp_ping received 196608 bytes back
Round trip time was 4.87603 milliseconds in repetition 289
tcp_ping received 196608 bytes back
Round trip time was 6.24802 milliseconds in repetition 290
tcp_ping received 196608 bytes back
Round trip time was 5.55489 milliseconds in repetition 291
tcp_ping received 196608 bytes back
Round trip time was 6.45857 milliseconds in repetition 292
tcp_ping received 196608 bytes back
Round trip time was 4.41208 milliseconds in repetition 293
tcp_ping received 196608 bytes back
Round trip time was 4.98051 milliseconds in repetition 294
tcp_ping received 196608 bytes back
Round trip time was 5.89819 milliseconds in repetition 295
tcp_ping received 196608 bytes back
Round trip time was 5.5005 milliseconds in repetition 296
tcp_ping received 196608 bytes back
Round trip time was 4.87111 milliseconds in repetition 297
tcp_ping received 196608 bytes back
Round trip time was 4.47626 milliseconds in repetition 298
tcp_ping received 196608 bytes back
Round trip time was 4.06094 milliseconds in repetition 299
tcp_ping received 196608 bytes back
Round trip time was 4.28807 milliseconds in repetition 300
tcp_ping received 196608 bytes back
Round trip time was 4.56185 milliseconds in repetition 301
tcp_ping received 196608 bytes back
Round trip time was 4.78391 milliseconds in repetition 302
tcp_ping received 196608 bytes back
Round trip time was 5.0583 milliseconds in repetition 303
tcp_ping received 196608 bytes back
Round trip time was 6.27416 milliseconds in repetition 304
tcp_ping received 196608 bytes back
Round trip time was 5.83016 milliseconds in repetition 305
tcp_ping received 196608 bytes back
Round trip time was 8.30824 milliseconds in repetition 306
tcp_ping received 196608 bytes back
Round trip time was 5.55478 milliseconds in repetition 307
tcp_ping received 196608 bytes back
Round trip time was 5.44015 milliseconds in repetition 308
tcp_ping received 196608 bytes back
Round trip time was 4.73191 milliseconds in repetition 309
tcp_ping received 196608 bytes back
Round trip time was 9.32833 milliseconds in repetition 310
tcp_ping received 196608 bytes back
Round trip time was -984.979 milliseconds in repetition 311
tcp_ping received 196608 bytes back
Round trip time was 18.7041 milliseconds in repetition 312
tcp_ping received 196608 bytes back
Round trip time was 11.6239 milliseconds in repetition 313
tcp_ping received 196608 bytes back
Round trip time was 6.13345 milliseconds in repetition 314
tcp_ping received 196608 bytes back
Round trip time was 6.61397 milliseconds in repetition 315
tcp_ping received 196608 bytes back
Round trip time was 4.31939 milliseconds in repetition 316
tcp_ping received 196608 bytes back
Round trip time was 5.35896 milliseconds in repetition 317
tcp_ping received 196608 bytes back
Round trip time was 4.51413 milliseconds in repetition 318
tcp_ping received 196608 bytes back
Round trip time was 6.51598 milliseconds in repetition 319
tcp_ping received 196608 bytes back
Round trip time was 4.34308 milliseconds in repetition 320
tcp_ping received 196608 bytes back
Round trip time was 4.99475 milliseconds in repetition 321
tcp_ping received 196608 bytes back
Round trip time was 5.05647 milliseconds in repetition 322
tcp_ping received 196608 bytes back
Round trip time was 4.62099 milliseconds in repetition 323
tcp_ping received 196608 bytes back
Round trip time was 5.42316 milliseconds in repetition 324
tcp_ping received 196608 bytes back
Round trip time was 3.93984 milliseconds in repetition 325
tcp_ping received 196608 bytes back
Round trip time was 4.59724 milliseconds in repetition 326
tcp_ping received 196608 bytes back
Round trip time was 6.5936 milliseconds in repetition 327
tcp_ping received 196608 bytes back
Round trip time was 4.81609 milliseconds in repetition 328
tcp_ping received 196608 bytes back
Round trip time was 5.23446 milliseconds in repetition 329
tcp_ping received 196608 bytes back
Round trip time was 5.25768 milliseconds in repetition 330
tcp_ping received 196608 bytes back
Round trip time was 4.73433 milliseconds in repetition 331
tcp_ping received 196608 bytes back
Round trip time was 4.70625 milliseconds in repetition 332
tcp_ping received 196608 bytes back
Round trip time was 4.37638 milliseconds in repetition 333
tcp_ping received 196608 bytes back
Round trip time was 4.90993 milliseconds in repetition 334
tcp_ping received 196608 bytes back
Round trip time was 4.33118 milliseconds in repetition 335
tcp_ping received 196608 bytes back
Round trip time was 4.87848 milliseconds in repetition 336
tcp_ping received 196608 bytes back
Round trip time was 4.60191 milliseconds in repetition 337
tcp_ping received 196608 bytes back
Round trip time was 5.26838 milliseconds in repetition 338
tcp_ping received 196608 bytes back
Round trip time was 5.39661 milliseconds in repetition 339
tcp_ping received 196608 bytes back
Round trip time was 5.09288 milliseconds in repetition 340
tcp_ping received 196608 bytes back
Round trip time was 4.72676 milliseconds in repetition 341
tcp_ping received 196608 bytes back
Round trip time was 4.6964 milliseconds in repetition 342
tcp_ping received 196608 bytes back
Round trip time was 4.728 milliseconds in repetition 343
tcp_ping received 196608 bytes back
Round trip time was 4.26418 milliseconds in repetition 344
tcp_ping received 196608 bytes back
Round trip time was 5.40355 milliseconds in repetition 345
tcp_ping received 196608 bytes back
Round trip time was 5.3306 milliseconds in repetition 346
tcp_ping received 196608 bytes back
Round trip time was 4.75183 milliseconds in repetition 347
tcp_ping received 196608 bytes back
Round trip time was 4.58795 milliseconds in repetition 348
tcp_ping received 196608 bytes back
Round trip time was 4.23529 milliseconds in repetition 349
tcp_ping received 196608 bytes back
Round trip time was 4.97455 milliseconds in repetition 350
tcp_ping received 196608 bytes back
Round trip time was 4.21129 milliseconds in repetition 351
tcp_ping received 196608 bytes back
Round trip time was 4.47964 milliseconds in repetition 352
tcp_ping received 196608 bytes back
Round trip time was 4.55581 milliseconds in repetition 353
tcp_ping received 196608 bytes back
Round trip time was 4.50149 milliseconds in repetition 354
tcp_ping received 196608 bytes back
Round trip time was 4.37372 milliseconds in repetition 355
tcp_ping received 196608 bytes back
Round trip time was 4.42908 milliseconds in repetition 356
tcp_ping received 196608 bytes back
Round trip time was 5.54906 milliseconds in repetition 357
tcp_ping received 196608 bytes back
Round trip time was 5.44336 milliseconds in repetition 358
tcp_ping received 196608 bytes back
Round trip time was 4.78228 milliseconds in repetition 359
tcp_ping received 196608 bytes back
Round trip time was 5.05922 milliseconds in repetition 360
tcp_ping received 196608 bytes back
Round trip time was 5.18331 milliseconds in repetition 361
tcp_ping received 196608 bytes back
Round trip time was 5.04301 milliseconds in repetition 362
tcp_ping received 196608 bytes back
Round trip time was 5.24951 milliseconds in repetition 363
tcp_ping received 196608 bytes back
Round trip time was 5.54568 milliseconds in repetition 364
tcp_ping received 196608 bytes back
Round trip time was 4.8149 milliseconds in repetition 365
tcp_ping received 196608 bytes back
Round trip time was 4.73511 milliseconds in repetition 366
tcp_ping received 196608 bytes back
Round trip time was 5.17868 milliseconds in repetition 367
tcp_ping received 196608 bytes back
Round trip time was 4.91137 milliseconds in repetition 368
tcp_ping received 196608 bytes back
Round trip time was 5.09788 milliseconds in repetition 369
tcp_ping received 196608 bytes back
Round trip time was 4.94088 milliseconds in repetition 370
tcp_ping received 196608 bytes back
Round trip time was 4.69216 milliseconds in repetition 371
tcp_ping received 196608 bytes back
Round trip time was 4.33555 milliseconds in repetition 372
tcp_ping received 196608 bytes back
Round trip time was 4.46016 milliseconds in repetition 373
tcp_ping received 196608 bytes back
Round trip time was 4.39833 milliseconds in repetition 374
tcp_ping received 196608 bytes back
Round trip time was 4.78931 milliseconds in repetition 375
tcp_ping received 196608 bytes back
Round trip time was 4.21169 milliseconds in repetition 376
tcp_ping received 196608 bytes back
Round trip time was 4.57261 milliseconds in repetition 377
tcp_ping received 196608 bytes back
Round trip time was 6.33464 milliseconds in repetition 378
tcp_ping received 196608 bytes back
Round trip time was 5.77582 milliseconds in repetition 379
tcp_ping received 196608 bytes back
Round trip time was 5.19533 milliseconds in repetition 380
tcp_ping received 196608 bytes back
Round trip time was 4.40426 milliseconds in repetition 381
tcp_ping received 196608 bytes back
Round trip time was 4.41629 milliseconds in repetition 382
tcp_ping received 196608 bytes back
Round trip time was 4.28104 milliseconds in repetition 383
tcp_ping received 196608 bytes back
Round trip time was 6.69319 milliseconds in repetition 384
tcp_ping received 196608 bytes back
Round trip time was 5.99688 milliseconds in repetition 385
tcp_ping received 196608 bytes back
Round trip time was 5.11217 milliseconds in repetition 386
tcp_ping received 196608 bytes back
Round trip time was 6.5281 milliseconds in repetition 387
tcp_ping received 196608 bytes back
Round trip time was 5.69337 milliseconds in repetition 388
tcp_ping received 196608 bytes back
Round trip time was 5.45601 milliseconds in repetition 389
tcp_ping received 196608 bytes back
Round trip time was 4.79851 milliseconds in repetition 390
tcp_ping received 196608 bytes back
Round trip time was 5.31788 milliseconds in repetition 391
tcp_ping received 196608 bytes back
Round trip time was 5.00319 milliseconds in repetition 392
tcp_ping received 196608 bytes back
Round trip time was 4.85238 milliseconds in repetition 393
tcp_ping received 196608 bytes back
Round trip time was 4.94135 milliseconds in repetition 394
tcp_ping received 196608 bytes back
Round trip time was 5.68565 milliseconds in repetition 395
tcp_ping received 196608 bytes back
Round trip time was 5.863 milliseconds in repetition 396
tcp_ping received 196608 bytes back
Round trip time was 4.70882 milliseconds in repetition 397
tcp_ping received 196608 bytes back
Round trip time was 4.97457 milliseconds in repetition 398
tcp_ping received 196608 bytes back
Round trip time was 4.84406 milliseconds in repetition 399
tcp_ping received 196608 bytes back
Round trip time was 5.02697 milliseconds in repetition 400
tcp_ping received 196608 bytes back
Round trip time was 5.46458 milliseconds in repetition 401
tcp_ping received 196608 bytes back
Round trip time was 5.41446 milliseconds in repetition 402
tcp_ping received 196608 bytes back
Round trip time was 5.253 milliseconds in repetition 403
tcp_ping received 196608 bytes back
Round trip time was 5.43547 milliseconds in repetition 404
tcp_ping received 196608 bytes back
Round trip time was 4.92909 milliseconds in repetition 405
tcp_ping received 196608 bytes back
Round trip time was 6.15255 milliseconds in repetition 406
tcp_ping received 196608 bytes back
Round trip time was 7.086 milliseconds in repetition 407
tcp_ping received 196608 bytes back
Round trip time was 6.80222 milliseconds in repetition 408
tcp_ping received 196608 bytes back
Round trip time was 6.57987 milliseconds in repetition 409
tcp_ping received 196608 bytes back
Round trip time was 5.40539 milliseconds in repetition 410
tcp_ping received 196608 bytes back
Round trip time was 5.61618 milliseconds in repetition 411
tcp_ping received 196608 bytes back
Round trip time was 5.16997 milliseconds in repetition 412
tcp_ping received 196608 bytes back
Round trip time was 4.98534 milliseconds in repetition 413
tcp_ping received 196608 bytes back
Round trip time was 4.17117 milliseconds in repetition 414
tcp_ping received 196608 bytes back
Round trip time was 4.21485 milliseconds in repetition 415
tcp_ping received 196608 bytes back
Round trip time was 4.39973 milliseconds in repetition 416
tcp_ping received 196608 bytes back
Round trip time was 4.24041 milliseconds in repetition 417
tcp_ping received 196608 bytes back
Round trip time was 5.71638 milliseconds in repetition 418
tcp_ping received 196608 bytes back
Round trip time was 5.39454 milliseconds in repetition 419
tcp_ping received 196608 bytes back
Round trip time was 4.94992 milliseconds in repetition 420
tcp_ping received 196608 bytes back
Round trip time was 5.0877 milliseconds in repetition 421
tcp_ping received 196608 bytes back
Round trip time was 4.97995 milliseconds in repetition 422
tcp_ping received 196608 bytes back
Round trip time was 6.1786 milliseconds in repetition 423
tcp_ping received 196608 bytes back
Round trip time was 4.9018 milliseconds in repetition 424
tcp_ping received 196608 bytes back
Round trip time was 4.39643 milliseconds in repetition 425
tcp_ping received 196608 bytes back
Round trip time was 4.33232 milliseconds in repetition 426
tcp_ping received 196608 bytes back
Round trip time was 4.30662 milliseconds in repetition 427
tcp_ping received 196608 bytes back
Round trip time was 4.36248 milliseconds in repetition 428
tcp_ping received 196608 bytes back
Round trip time was 4.26126 milliseconds in repetition 429
tcp_ping received 196608 bytes back
Round trip time was 4.35211 milliseconds in repetition 430
tcp_ping received 196608 bytes back
Round trip time was 4.30477 milliseconds in repetition 431
tcp_ping received 196608 bytes back
Round trip time was 4.2909 milliseconds in repetition 432
tcp_ping received 196608 bytes back
Round trip time was 4.68806 milliseconds in repetition 433
tcp_ping received 196608 bytes back
Round trip time was 4.29598 milliseconds in repetition 434
tcp_ping received 196608 bytes back
Round trip time was 4.37544 milliseconds in repetition 435
tcp_ping received 196608 bytes back
Round trip time was 4.62698 milliseconds in repetition 436
tcp_ping received 196608 bytes back
Round trip time was 5.04937 milliseconds in repetition 437
tcp_ping received 196608 bytes back
Round trip time was 4.89728 milliseconds in repetition 438
tcp_ping received 196608 bytes back
Round trip time was 4.27648 milliseconds in repetition 439
tcp_ping received 196608 bytes back
Round trip time was 4.41711 milliseconds in repetition 440
tcp_ping received 196608 bytes back
Round trip time was 4.34633 milliseconds in repetition 441
tcp_ping received 196608 bytes back
Round trip time was 4.63226 milliseconds in repetition 442
tcp_ping received 196608 bytes back
Round trip time was 4.25011 milliseconds in repetition 443
tcp_ping received 196608 bytes back
Round trip time was 4.38139 milliseconds in repetition 444
tcp_ping received 196608 bytes back
Round trip time was 4.37035 milliseconds in repetition 445
tcp_ping received 196608 bytes back
Round trip time was 4.35913 milliseconds in repetition 446
tcp_ping received 196608 bytes back
Round trip time was 4.13326 milliseconds in repetition 447
tcp_ping received 196608 bytes back
Round trip time was 4.00646 milliseconds in repetition 448
tcp_ping received 196608 bytes back
Round trip time was 4.3933 milliseconds in repetition 449
tcp_ping received 196608 bytes back
Round trip time was 4.30292 milliseconds in repetition 450
tcp_ping received 196608 bytes back
Round trip time was 4.45555 milliseconds in repetition 451
tcp_ping received 196608 bytes back
Round trip time was 4.4511 milliseconds in repetition 452
tcp_ping received 196608 bytes back
Round trip time was 4.31498 milliseconds in repetition 453
tcp_ping received 196608 bytes back
Round trip time was 4.26273 milliseconds in repetition 454
tcp_ping received 196608 bytes back
Round trip time was 4.27342 milliseconds in repetition 455
tcp_ping received 196608 bytes back
Round trip time was 4.06616 milliseconds in repetition 456
tcp_ping received 196608 bytes back
Round trip time was 4.37458 milliseconds in repetition 457
tcp_ping received 196608 bytes back
Round trip time was 4.38635 milliseconds in repetition 458
tcp_ping received 196608 bytes back
Round trip time was 4.27601 milliseconds in repetition 459
tcp_ping received 196608 bytes back
Round trip time was 4.24845 milliseconds in repetition 460
tcp_ping received 196608 bytes back
Round trip time was 4.36682 milliseconds in repetition 461
tcp_ping received 196608 bytes back
Round trip time was 4.26441 milliseconds in repetition 462
tcp_ping received 196608 bytes back
Round trip time was 4.24079 milliseconds in repetition 463
tcp_ping received 196608 bytes back
Round trip time was 4.49722 milliseconds in repetition 464
tcp_ping received 196608 bytes back
Round trip time was 4.6229 milliseconds in repetition 465
tcp_ping received 196608 bytes back
Round trip time was 4.62419 milliseconds in repetition 466
tcp_ping received 196608 bytes back
Round trip time was 4.39088 milliseconds in repetition 467
tcp_ping received 196608 bytes back
Round trip time was 4.37146 milliseconds in repetition 468
tcp_ping received 196608 bytes back
Round trip time was 4.03622 milliseconds in repetition 469
tcp_ping received 196608 bytes back
Round trip time was 4.33715 milliseconds in repetition 470
tcp_ping received 196608 bytes back
Round trip time was 4.59288 milliseconds in repetition 471
tcp_ping received 196608 bytes back
Round trip time was 4.10514 milliseconds in repetition 472
tcp_ping received 196608 bytes back
Round trip time was 3.95905 milliseconds in repetition 473
tcp_ping received 196608 bytes back
Round trip time was 4.51089 milliseconds in repetition 474
tcp_ping received 196608 bytes back
Round trip time was 4.42017 milliseconds in repetition 475
tcp_ping received 196608 bytes back
Round trip time was 5.29812 milliseconds in repetition 476
tcp_ping received 196608 bytes back
Round trip time was 5.09437 milliseconds in repetition 477
tcp_ping received 196608 bytes back
Round trip time was 4.41475 milliseconds in repetition 478
tcp_ping received 196608 bytes back
Round trip time was 4.31147 milliseconds in repetition 479
tcp_ping received 196608 bytes back
Round trip time was 4.24875 milliseconds in repetition 480
tcp_ping received 196608 bytes back
Round trip time was 4.7121 milliseconds in repetition 481
tcp_ping received 196608 bytes back
Round trip time was 4.12902 milliseconds in repetition 482
tcp_ping received 196608 bytes back
Round trip time was 4.23018 milliseconds in repetition 483
tcp_ping received 196608 bytes back
Round trip time was 4.28144 milliseconds in repetition 484
tcp_ping received 196608 bytes back
Round trip time was 4.35293 milliseconds in repetition 485
tcp_ping received 196608 bytes back
Round trip time was 4.28543 milliseconds in repetition 486
tcp_ping received 196608 bytes back
Round trip time was 4.33522 milliseconds in repetition 487
tcp_ping received 196608 bytes back
Round trip time was 4.41459 milliseconds in repetition 488
tcp_ping received 196608 bytes back
Round trip time was 5.12799 milliseconds in repetition 489
tcp_ping received 196608 bytes back
Round trip time was 4.17653 milliseconds in repetition 490
tcp_ping received 196608 bytes back
Round trip time was 4.67873 milliseconds in repetition 491
tcp_ping received 196608 bytes back
Round trip time was 4.49305 milliseconds in repetition 492
tcp_ping received 196608 bytes back
Round trip time was 4.79903 milliseconds in repetition 493
tcp_ping received 196608 bytes back
Round trip time was 4.34959 milliseconds in repetition 494
tcp_ping received 196608 bytes back
Round trip time was 4.51655 milliseconds in repetition 495
tcp_ping received 196608 bytes back
Round trip time was 5.02196 milliseconds in repetition 496
tcp_ping received 196608 bytes back
Round trip time was 4.32922 milliseconds in repetition 497
tcp_ping received 196608 bytes back
Round trip time was 4.31508 milliseconds in repetition 498
tcp_ping received 196608 bytes back
Round trip time was 4.56192 milliseconds in repetition 499
tcp_ping received 196608 bytes back
Round trip time was 4.32257 milliseconds in repetition 500
tcp_ping received 196608 bytes back
Round trip time was 5.62245 milliseconds in repetition 501

 ... clock resolution was 1e-06
TCP Ping:  Statistics over 501 repetitions of 196608 byte messages

RTT : percentile 10: 4.20004, median: 4.57063, percentile 90: 6.09979, average: 1.09064, variance: 3948.6

RTT histogram:
0 0
1.63907 0
3.27814 24
4.91721 412
6.55627 38
8.19534 13
9.83441 3
11.4735 3
13.1125 3
14.7516 0
16.3907 1
18.0298 1
19.6688 0
21.3079 0
22.947 0
24.586 0
26.2251 0
27.8642 0
29.5032 0
31.1423 0
32.7814 1

   median Throughput : 86031 KB/s   overall Throughput : 360536 KB/s

