TCP Ping trying to connect to server seti.dibris.unige.it (130.251.61.30) on port 1491
 ... connected to Pong server: asking for 501 repetitions of 1024 bytes TCP messages
 ... Pong server agreed :-)
tcp_ping received 1024 bytes back
Round trip time was 10.8658 milliseconds in repetition 1
tcp_ping received 1024 bytes back
Round trip time was 0.804539 milliseconds in repetition 2
tcp_ping received 1024 bytes back
Round trip time was 0.787351 milliseconds in repetition 3
tcp_ping received 1024 bytes back
Round trip time was 0.955245 milliseconds in repetition 4
tcp_ping received 1024 bytes back
Round trip time was 0.80195 milliseconds in repetition 5
tcp_ping received 1024 bytes back
Round trip time was 0.895703 milliseconds in repetition 6
tcp_ping received 1024 bytes back
Round trip time was 0.910887 milliseconds in repetition 7
tcp_ping received 1024 bytes back
Round trip time was 0.975582 milliseconds in repetition 8
tcp_ping received 1024 bytes back
Round trip time was 0.83029 milliseconds in repetition 9
tcp_ping received 1024 bytes back
Round trip time was 0.775872 milliseconds in repetition 10
tcp_ping received 1024 bytes back
Round trip time was 0.783198 milliseconds in repetition 11
tcp_ping received 1024 bytes back
Round trip time was 0.771767 milliseconds in repetition 12
tcp_ping received 1024 bytes back
Round trip time was 0.787764 milliseconds in repetition 13
tcp_ping received 1024 bytes back
Round trip time was 0.79809 milliseconds in repetition 14
tcp_ping received 1024 bytes back
Round trip time was 0.842215 milliseconds in repetition 15
tcp_ping received 1024 bytes back
Round trip time was 0.739881 milliseconds in repetition 16
tcp_ping received 1024 bytes back
Round trip time was 0.796414 milliseconds in repetition 17
tcp_ping received 1024 bytes back
Round trip time was 0.833486 milliseconds in repetition 18
tcp_ping received 1024 bytes back
Round trip time was 0.967783 milliseconds in repetition 19
tcp_ping received 1024 bytes back
Round trip time was 0.953673 milliseconds in repetition 20
tcp_ping received 1024 bytes back
Round trip time was 1.0934 milliseconds in repetition 21
tcp_ping received 1024 bytes back
Round trip time was 0.920577 milliseconds in repetition 22
tcp_ping received 1024 bytes back
Round trip time was 0.820447 milliseconds in repetition 23
tcp_ping received 1024 bytes back
Round trip time was 0.843702 milliseconds in repetition 24
tcp_ping received 1024 bytes back
Round trip time was 0.795057 milliseconds in repetition 25
tcp_ping received 1024 bytes back
Round trip time was 0.846432 milliseconds in repetition 26
tcp_ping received 1024 bytes back
Round trip time was 0.902545 milliseconds in repetition 27
tcp_ping received 1024 bytes back
Round trip time was 0.791581 milliseconds in repetition 28
tcp_ping received 1024 bytes back
Round trip time was 0.905463 milliseconds in repetition 29
tcp_ping received 1024 bytes back
Round trip time was 0.86364 milliseconds in repetition 30
tcp_ping received 1024 bytes back
Round trip time was 0.925503 milliseconds in repetition 31
tcp_ping received 1024 bytes back
Round trip time was 0.903746 milliseconds in repetition 32
tcp_ping received 1024 bytes back
Round trip time was 0.806506 milliseconds in repetition 33
tcp_ping received 1024 bytes back
Round trip time was 0.767317 milliseconds in repetition 34
tcp_ping received 1024 bytes back
Round trip time was 0.474644 milliseconds in repetition 35
tcp_ping received 1024 bytes back
Round trip time was 0.554288 milliseconds in repetition 36
tcp_ping received 1024 bytes back
Round trip time was 0.524233 milliseconds in repetition 37
tcp_ping received 1024 bytes back
Round trip time was 0.54309 milliseconds in repetition 38
tcp_ping received 1024 bytes back
Round trip time was 0.473969 milliseconds in repetition 39
tcp_ping received 1024 bytes back
Round trip time was 0.535322 milliseconds in repetition 40
tcp_ping received 1024 bytes back
Round trip time was 0.491421 milliseconds in repetition 41
tcp_ping received 1024 bytes back
Round trip time was 0.376444 milliseconds in repetition 42
tcp_ping received 1024 bytes back
Round trip time was 0.351097 milliseconds in repetition 43
tcp_ping received 1024 bytes back
Round trip time was 0.419547 milliseconds in repetition 44
tcp_ping received 1024 bytes back
Round trip time was 0.398455 milliseconds in repetition 45
tcp_ping received 1024 bytes back
Round trip time was 0.402353 milliseconds in repetition 46
tcp_ping received 1024 bytes back
Round trip time was 0.425428 milliseconds in repetition 47
tcp_ping received 1024 bytes back
Round trip time was 0.396622 milliseconds in repetition 48
tcp_ping received 1024 bytes back
Round trip time was 0.406602 milliseconds in repetition 49
tcp_ping received 1024 bytes back
Round trip time was 0.449322 milliseconds in repetition 50
tcp_ping received 1024 bytes back
Round trip time was 0.43687 milliseconds in repetition 51
tcp_ping received 1024 bytes back
Round trip time was 0.406456 milliseconds in repetition 52
tcp_ping received 1024 bytes back
Round trip time was 0.401201 milliseconds in repetition 53
tcp_ping received 1024 bytes back
Round trip time was 0.419077 milliseconds in repetition 54
tcp_ping received 1024 bytes back
Round trip time was 0.434241 milliseconds in repetition 55
tcp_ping received 1024 bytes back
Round trip time was 0.406959 milliseconds in repetition 56
tcp_ping received 1024 bytes back
Round trip time was 0.396236 milliseconds in repetition 57
tcp_ping received 1024 bytes back
Round trip time was 0.400755 milliseconds in repetition 58
tcp_ping received 1024 bytes back
Round trip time was 0.43064 milliseconds in repetition 59
tcp_ping received 1024 bytes back
Round trip time was 0.395064 milliseconds in repetition 60
tcp_ping received 1024 bytes back
Round trip time was 0.353813 milliseconds in repetition 61
tcp_ping received 1024 bytes back
Round trip time was 0.349573 milliseconds in repetition 62
tcp_ping received 1024 bytes back
Round trip time was 0.390367 milliseconds in repetition 63
tcp_ping received 1024 bytes back
Round trip time was 0.391414 milliseconds in repetition 64
tcp_ping received 1024 bytes back
Round trip time was 0.448946 milliseconds in repetition 65
tcp_ping received 1024 bytes back
Round trip time was 0.415122 milliseconds in repetition 66
tcp_ping received 1024 bytes back
Round trip time was 0.403007 milliseconds in repetition 67
tcp_ping received 1024 bytes back
Round trip time was 0.395442 milliseconds in repetition 68
tcp_ping received 1024 bytes back
Round trip time was 0.397695 milliseconds in repetition 69
tcp_ping received 1024 bytes back
Round trip time was 0.394335 milliseconds in repetition 70
tcp_ping received 1024 bytes back
Round trip time was 0.404131 milliseconds in repetition 71
tcp_ping received 1024 bytes back
Round trip time was 0.395188 milliseconds in repetition 72
tcp_ping received 1024 bytes back
Round trip time was 0.415982 milliseconds in repetition 73
tcp_ping received 1024 bytes back
Round trip time was 0.407797 milliseconds in repetition 74
tcp_ping received 1024 bytes back
Round trip time was 0.44314 milliseconds in repetition 75
tcp_ping received 1024 bytes back
Round trip time was 0.375032 milliseconds in repetition 76
tcp_ping received 1024 bytes back
Round trip time was 0.411483 milliseconds in repetition 77
tcp_ping received 1024 bytes back
Round trip time was 0.416814 milliseconds in repetition 78
tcp_ping received 1024 bytes back
Round trip time was 0.422889 milliseconds in repetition 79
tcp_ping received 1024 bytes back
Round trip time was 0.40887 milliseconds in repetition 80
tcp_ping received 1024 bytes back
Round trip time was 0.485285 milliseconds in repetition 81
tcp_ping received 1024 bytes back
Round trip time was 0.403502 milliseconds in repetition 82
tcp_ping received 1024 bytes back
Round trip time was 0.399602 milliseconds in repetition 83
tcp_ping received 1024 bytes back
Round trip time was 0.420673 milliseconds in repetition 84
tcp_ping received 1024 bytes back
Round trip time was 0.432417 milliseconds in repetition 85
tcp_ping received 1024 bytes back
Round trip time was 0.40109 milliseconds in repetition 86
tcp_ping received 1024 bytes back
Round trip time was 0.40865 milliseconds in repetition 87
tcp_ping received 1024 bytes back
Round trip time was 0.364606 milliseconds in repetition 88
tcp_ping received 1024 bytes back
Round trip time was 0.395411 milliseconds in repetition 89
tcp_ping received 1024 bytes back
Round trip time was 0.404157 milliseconds in repetition 90
tcp_ping received 1024 bytes back
Round trip time was 0.41977 milliseconds in repetition 91
tcp_ping received 1024 bytes back
Round trip time was 0.395557 milliseconds in repetition 92
tcp_ping received 1024 bytes back
Round trip time was 0.398413 milliseconds in repetition 93
tcp_ping received 1024 bytes back
Round trip time was 0.424471 milliseconds in repetition 94
tcp_ping received 1024 bytes back
Round trip time was 0.424182 milliseconds in repetition 95
tcp_ping received 1024 bytes back
Round trip time was 0.394787 milliseconds in repetition 96
tcp_ping received 1024 bytes back
Round trip time was 0.395396 milliseconds in repetition 97
tcp_ping received 1024 bytes back
Round trip time was 0.398743 milliseconds in repetition 98
tcp_ping received 1024 bytes back
Round trip time was 0.464225 milliseconds in repetition 99
tcp_ping received 1024 bytes back
Round trip time was 0.36694 milliseconds in repetition 100
tcp_ping received 1024 bytes back
Round trip time was 0.358458 milliseconds in repetition 101
tcp_ping received 1024 bytes back
Round trip time was 0.402627 milliseconds in repetition 102
tcp_ping received 1024 bytes back
Round trip time was 0.39923 milliseconds in repetition 103
tcp_ping received 1024 bytes back
Round trip time was 0.390043 milliseconds in repetition 104
tcp_ping received 1024 bytes back
Round trip time was 0.421673 milliseconds in repetition 105
tcp_ping received 1024 bytes back
Round trip time was 0.426723 milliseconds in repetition 106
tcp_ping received 1024 bytes back
Round trip time was 0.434969 milliseconds in repetition 107
tcp_ping received 1024 bytes back
Round trip time was 0.402858 milliseconds in repetition 108
tcp_ping received 1024 bytes back
Round trip time was 0.395522 milliseconds in repetition 109
tcp_ping received 1024 bytes back
Round trip time was 0.432239 milliseconds in repetition 110
tcp_ping received 1024 bytes back
Round trip time was 0.402119 milliseconds in repetition 111
tcp_ping received 1024 bytes back
Round trip time was 0.390465 milliseconds in repetition 112
tcp_ping received 1024 bytes back
Round trip time was 0.399406 milliseconds in repetition 113
tcp_ping received 1024 bytes back
Round trip time was 0.402397 milliseconds in repetition 114
tcp_ping received 1024 bytes back
Round trip time was 0.402089 milliseconds in repetition 115
tcp_ping received 1024 bytes back
Round trip time was 0.40958 milliseconds in repetition 116
tcp_ping received 1024 bytes back
Round trip time was 0.491607 milliseconds in repetition 117
tcp_ping received 1024 bytes back
Round trip time was 0.397123 milliseconds in repetition 118
tcp_ping received 1024 bytes back
Round trip time was 0.41885 milliseconds in repetition 119
tcp_ping received 1024 bytes back
Round trip time was 0.349739 milliseconds in repetition 120
tcp_ping received 1024 bytes back
Round trip time was 0.390733 milliseconds in repetition 121
tcp_ping received 1024 bytes back
Round trip time was 0.415552 milliseconds in repetition 122
tcp_ping received 1024 bytes back
Round trip time was 0.436853 milliseconds in repetition 123
tcp_ping received 1024 bytes back
Round trip time was 0.359925 milliseconds in repetition 124
tcp_ping received 1024 bytes back
Round trip time was 0.40635 milliseconds in repetition 125
tcp_ping received 1024 bytes back
Round trip time was 0.399855 milliseconds in repetition 126
tcp_ping received 1024 bytes back
Round trip time was 0.407496 milliseconds in repetition 127
tcp_ping received 1024 bytes back
Round trip time was 0.417329 milliseconds in repetition 128
tcp_ping received 1024 bytes back
Round trip time was 0.402239 milliseconds in repetition 129
tcp_ping received 1024 bytes back
Round trip time was 0.393721 milliseconds in repetition 130
tcp_ping received 1024 bytes back
Round trip time was 0.386074 milliseconds in repetition 131
tcp_ping received 1024 bytes back
Round trip time was 0.398624 milliseconds in repetition 132
tcp_ping received 1024 bytes back
Round trip time was 0.4029 milliseconds in repetition 133
tcp_ping received 1024 bytes back
Round trip time was 0.395623 milliseconds in repetition 134
tcp_ping received 1024 bytes back
Round trip time was 0.415623 milliseconds in repetition 135
tcp_ping received 1024 bytes back
Round trip time was 0.39197 milliseconds in repetition 136
tcp_ping received 1024 bytes back
Round trip time was 0.398047 milliseconds in repetition 137
tcp_ping received 1024 bytes back
Round trip time was 0.411852 milliseconds in repetition 138
tcp_ping received 1024 bytes back
Round trip time was 0.415794 milliseconds in repetition 139
tcp_ping received 1024 bytes back
Round trip time was 0.345623 milliseconds in repetition 140
tcp_ping received 1024 bytes back
Round trip time was 0.397779 milliseconds in repetition 141
tcp_ping received 1024 bytes back
Round trip time was 0.395329 milliseconds in repetition 142
tcp_ping received 1024 bytes back
Round trip time was 0.408106 milliseconds in repetition 143
tcp_ping received 1024 bytes back
Round trip time was 0.390676 milliseconds in repetition 144
tcp_ping received 1024 bytes back
Round trip time was 0.393964 milliseconds in repetition 145
tcp_ping received 1024 bytes back
Round trip time was 0.397992 milliseconds in repetition 146
tcp_ping received 1024 bytes back
Round trip time was 0.39384 milliseconds in repetition 147
tcp_ping received 1024 bytes back
Round trip time was 0.399427 milliseconds in repetition 148
tcp_ping received 1024 bytes back
Round trip time was 0.430265 milliseconds in repetition 149
tcp_ping received 1024 bytes back
Round trip time was 0.406801 milliseconds in repetition 150
tcp_ping received 1024 bytes back
Round trip time was 0.435235 milliseconds in repetition 151
tcp_ping received 1024 bytes back
Round trip time was 0.390593 milliseconds in repetition 152
tcp_ping received 1024 bytes back
Round trip time was 0.406773 milliseconds in repetition 153
tcp_ping received 1024 bytes back
Round trip time was 0.397923 milliseconds in repetition 154
tcp_ping received 1024 bytes back
Round trip time was 0.420371 milliseconds in repetition 155
tcp_ping received 1024 bytes back
Round trip time was 0.391085 milliseconds in repetition 156
tcp_ping received 1024 bytes back
Round trip time was 0.396588 milliseconds in repetition 157
tcp_ping received 1024 bytes back
Round trip time was 0.404775 milliseconds in repetition 158
tcp_ping received 1024 bytes back
Round trip time was 0.369936 milliseconds in repetition 159
tcp_ping received 1024 bytes back
Round trip time was 0.339526 milliseconds in repetition 160
tcp_ping received 1024 bytes back
Round trip time was 0.399314 milliseconds in repetition 161
tcp_ping received 1024 bytes back
Round trip time was 0.394899 milliseconds in repetition 162
tcp_ping received 1024 bytes back
Round trip time was 0.39864 milliseconds in repetition 163
tcp_ping received 1024 bytes back
Round trip time was 0.397385 milliseconds in repetition 164
tcp_ping received 1024 bytes back
Round trip time was 0.41645 milliseconds in repetition 165
tcp_ping received 1024 bytes back
Round trip time was 0.408697 milliseconds in repetition 166
tcp_ping received 1024 bytes back
Round trip time was 0.41675 milliseconds in repetition 167
tcp_ping received 1024 bytes back
Round trip time was 0.402656 milliseconds in repetition 168
tcp_ping received 1024 bytes back
Round trip time was 0.411423 milliseconds in repetition 169
tcp_ping received 1024 bytes back
Round trip time was 0.398017 milliseconds in repetition 170
tcp_ping received 1024 bytes back
Round trip time was 0.420664 milliseconds in repetition 171
tcp_ping received 1024 bytes back
Round trip time was 0.393094 milliseconds in repetition 172
tcp_ping received 1024 bytes back
Round trip time was 0.419056 milliseconds in repetition 173
tcp_ping received 1024 bytes back
Round trip time was 0.642084 milliseconds in repetition 174
tcp_ping received 1024 bytes back
Round trip time was 0.400631 milliseconds in repetition 175
tcp_ping received 1024 bytes back
Round trip time was 0.413384 milliseconds in repetition 176
tcp_ping received 1024 bytes back
Round trip time was 0.435485 milliseconds in repetition 177
tcp_ping received 1024 bytes back
Round trip time was 0.3921 milliseconds in repetition 178
tcp_ping received 1024 bytes back
Round trip time was 0.345987 milliseconds in repetition 179
tcp_ping received 1024 bytes back
Round trip time was 0.399422 milliseconds in repetition 180
tcp_ping received 1024 bytes back
Round trip time was 0.395647 milliseconds in repetition 181
tcp_ping received 1024 bytes back
Round trip time was 0.411823 milliseconds in repetition 182
tcp_ping received 1024 bytes back
Round trip time was 0.413862 milliseconds in repetition 183
tcp_ping received 1024 bytes back
Round trip time was 0.497709 milliseconds in repetition 184
tcp_ping received 1024 bytes back
Round trip time was 0.468573 milliseconds in repetition 185
tcp_ping received 1024 bytes back
Round trip time was 0.422813 milliseconds in repetition 186
tcp_ping received 1024 bytes back
Round trip time was 0.430726 milliseconds in repetition 187
tcp_ping received 1024 bytes back
Round trip time was 0.397463 milliseconds in repetition 188
tcp_ping received 1024 bytes back
Round trip time was 0.428898 milliseconds in repetition 189
tcp_ping received 1024 bytes back
Round trip time was 0.401378 milliseconds in repetition 190
tcp_ping received 1024 bytes back
Round trip time was 0.395177 milliseconds in repetition 191
tcp_ping received 1024 bytes back
Round trip time was 0.394628 milliseconds in repetition 192
tcp_ping received 1024 bytes back
Round trip time was 0.403319 milliseconds in repetition 193
tcp_ping received 1024 bytes back
Round trip time was 0.396223 milliseconds in repetition 194
tcp_ping received 1024 bytes back
Round trip time was 0.424791 milliseconds in repetition 195
tcp_ping received 1024 bytes back
Round trip time was 0.624031 milliseconds in repetition 196
tcp_ping received 1024 bytes back
Round trip time was 0.377828 milliseconds in repetition 197
tcp_ping received 1024 bytes back
Round trip time was 0.346566 milliseconds in repetition 198
tcp_ping received 1024 bytes back
Round trip time was 0.395898 milliseconds in repetition 199
tcp_ping received 1024 bytes back
Round trip time was 0.41796 milliseconds in repetition 200
tcp_ping received 1024 bytes back
Round trip time was 0.404692 milliseconds in repetition 201
tcp_ping received 1024 bytes back
Round trip time was 0.399549 milliseconds in repetition 202
tcp_ping received 1024 bytes back
Round trip time was 0.420185 milliseconds in repetition 203
tcp_ping received 1024 bytes back
Round trip time was 0.394249 milliseconds in repetition 204
tcp_ping received 1024 bytes back
Round trip time was 0.393919 milliseconds in repetition 205
tcp_ping received 1024 bytes back
Round trip time was 0.402456 milliseconds in repetition 206
tcp_ping received 1024 bytes back
Round trip time was 0.42372 milliseconds in repetition 207
tcp_ping received 1024 bytes back
Round trip time was 0.398443 milliseconds in repetition 208
tcp_ping received 1024 bytes back
Round trip time was 0.394725 milliseconds in repetition 209
tcp_ping received 1024 bytes back
Round trip time was 0.40352 milliseconds in repetition 210
tcp_ping received 1024 bytes back
Round trip time was 0.416347 milliseconds in repetition 211
tcp_ping received 1024 bytes back
Round trip time was 0.414561 milliseconds in repetition 212
tcp_ping received 1024 bytes back
Round trip time was 0.406332 milliseconds in repetition 213
tcp_ping received 1024 bytes back
Round trip time was 0.399679 milliseconds in repetition 214
tcp_ping received 1024 bytes back
Round trip time was 0.398299 milliseconds in repetition 215
tcp_ping received 1024 bytes back
Round trip time was 0.394694 milliseconds in repetition 216
tcp_ping received 1024 bytes back
Round trip time was 0.366735 milliseconds in repetition 217
tcp_ping received 1024 bytes back
Round trip time was 0.348753 milliseconds in repetition 218
tcp_ping received 1024 bytes back
Round trip time was 0.433241 milliseconds in repetition 219
tcp_ping received 1024 bytes back
Round trip time was 0.444077 milliseconds in repetition 220
tcp_ping received 1024 bytes back
Round trip time was 0.455326 milliseconds in repetition 221
tcp_ping received 1024 bytes back
Round trip time was 0.424853 milliseconds in repetition 222
tcp_ping received 1024 bytes back
Round trip time was 0.397758 milliseconds in repetition 223
tcp_ping received 1024 bytes back
Round trip time was 0.397565 milliseconds in repetition 224
tcp_ping received 1024 bytes back
Round trip time was 0.405168 milliseconds in repetition 225
tcp_ping received 1024 bytes back
Round trip time was 0.39264 milliseconds in repetition 226
tcp_ping received 1024 bytes back
Round trip time was 0.3959 milliseconds in repetition 227
tcp_ping received 1024 bytes back
Round trip time was 0.404938 milliseconds in repetition 228
tcp_ping received 1024 bytes back
Round trip time was 0.402144 milliseconds in repetition 229
tcp_ping received 1024 bytes back
Round trip time was 0.397237 milliseconds in repetition 230
tcp_ping received 1024 bytes back
Round trip time was 0.405454 milliseconds in repetition 231
tcp_ping received 1024 bytes back
Round trip time was 0.392269 milliseconds in repetition 232
tcp_ping received 1024 bytes back
Round trip time was 0.396906 milliseconds in repetition 233
tcp_ping received 1024 bytes back
Round trip time was 0.411423 milliseconds in repetition 234
tcp_ping received 1024 bytes back
Round trip time was 0.426124 milliseconds in repetition 235
tcp_ping received 1024 bytes back
Round trip time was 0.582769 milliseconds in repetition 236
tcp_ping received 1024 bytes back
Round trip time was 0.358497 milliseconds in repetition 237
tcp_ping received 1024 bytes back
Round trip time was 0.434968 milliseconds in repetition 238
tcp_ping received 1024 bytes back
Round trip time was 0.421939 milliseconds in repetition 239
tcp_ping received 1024 bytes back
Round trip time was 0.399508 milliseconds in repetition 240
tcp_ping received 1024 bytes back
Round trip time was 0.393728 milliseconds in repetition 241
tcp_ping received 1024 bytes back
Round trip time was 0.401531 milliseconds in repetition 242
tcp_ping received 1024 bytes back
Round trip time was 0.419824 milliseconds in repetition 243
tcp_ping received 1024 bytes back
Round trip time was 0.395309 milliseconds in repetition 244
tcp_ping received 1024 bytes back
Round trip time was 0.425262 milliseconds in repetition 245
tcp_ping received 1024 bytes back
Round trip time was 0.400975 milliseconds in repetition 246
tcp_ping received 1024 bytes back
Round trip time was 0.40144 milliseconds in repetition 247
tcp_ping received 1024 bytes back
Round trip time was 0.404439 milliseconds in repetition 248
tcp_ping received 1024 bytes back
Round trip time was 0.394836 milliseconds in repetition 249
tcp_ping received 1024 bytes back
Round trip time was 0.401723 milliseconds in repetition 250
tcp_ping received 1024 bytes back
Round trip time was 0.440826 milliseconds in repetition 251
tcp_ping received 1024 bytes back
Round trip time was 0.404736 milliseconds in repetition 252
tcp_ping received 1024 bytes back
Round trip time was 0.400383 milliseconds in repetition 253
tcp_ping received 1024 bytes back
Round trip time was 0.399677 milliseconds in repetition 254
tcp_ping received 1024 bytes back
Round trip time was 0.406914 milliseconds in repetition 255
tcp_ping received 1024 bytes back
Round trip time was 0.361865 milliseconds in repetition 256
tcp_ping received 1024 bytes back
Round trip time was 0.34723 milliseconds in repetition 257
tcp_ping received 1024 bytes back
Round trip time was 0.40458 milliseconds in repetition 258
tcp_ping received 1024 bytes back
Round trip time was 0.400039 milliseconds in repetition 259
tcp_ping received 1024 bytes back
Round trip time was 0.39803 milliseconds in repetition 260
tcp_ping received 1024 bytes back
Round trip time was 0.41207 milliseconds in repetition 261
tcp_ping received 1024 bytes back
Round trip time was 0.383396 milliseconds in repetition 262
tcp_ping received 1024 bytes back
Round trip time was 0.398559 milliseconds in repetition 263
tcp_ping received 1024 bytes back
Round trip time was 0.396227 milliseconds in repetition 264
tcp_ping received 1024 bytes back
Round trip time was 0.397023 milliseconds in repetition 265
tcp_ping received 1024 bytes back
Round trip time was 0.416043 milliseconds in repetition 266
tcp_ping received 1024 bytes back
Round trip time was 0.423552 milliseconds in repetition 267
tcp_ping received 1024 bytes back
Round trip time was 0.4159 milliseconds in repetition 268
tcp_ping received 1024 bytes back
Round trip time was 0.45898 milliseconds in repetition 269
tcp_ping received 1024 bytes back
Round trip time was 0.491219 milliseconds in repetition 270
tcp_ping received 1024 bytes back
Round trip time was 0.407958 milliseconds in repetition 271
tcp_ping received 1024 bytes back
Round trip time was 0.396385 milliseconds in repetition 272
tcp_ping received 1024 bytes back
Round trip time was 0.4052 milliseconds in repetition 273
tcp_ping received 1024 bytes back
Round trip time was 0.401906 milliseconds in repetition 274
tcp_ping received 1024 bytes back
Round trip time was 0.409358 milliseconds in repetition 275
tcp_ping received 1024 bytes back
Round trip time was 0.346085 milliseconds in repetition 276
tcp_ping received 1024 bytes back
Round trip time was 0.409288 milliseconds in repetition 277
tcp_ping received 1024 bytes back
Round trip time was 0.395352 milliseconds in repetition 278
tcp_ping received 1024 bytes back
Round trip time was 0.399417 milliseconds in repetition 279
tcp_ping received 1024 bytes back
Round trip time was 0.392831 milliseconds in repetition 280
tcp_ping received 1024 bytes back
Round trip time was 0.40762 milliseconds in repetition 281
tcp_ping received 1024 bytes back
Round trip time was 0.405608 milliseconds in repetition 282
tcp_ping received 1024 bytes back
Round trip time was 0.4168 milliseconds in repetition 283
tcp_ping received 1024 bytes back
Round trip time was 0.417246 milliseconds in repetition 284
tcp_ping received 1024 bytes back
Round trip time was 0.424513 milliseconds in repetition 285
tcp_ping received 1024 bytes back
Round trip time was 0.401065 milliseconds in repetition 286
tcp_ping received 1024 bytes back
Round trip time was 0.405062 milliseconds in repetition 287
tcp_ping received 1024 bytes back
Round trip time was 0.399027 milliseconds in repetition 288
tcp_ping received 1024 bytes back
Round trip time was 0.407351 milliseconds in repetition 289
tcp_ping received 1024 bytes back
Round trip time was 0.530193 milliseconds in repetition 290
tcp_ping received 1024 bytes back
Round trip time was 0.413215 milliseconds in repetition 291
tcp_ping received 1024 bytes back
Round trip time was 0.418983 milliseconds in repetition 292
tcp_ping received 1024 bytes back
Round trip time was 0.408155 milliseconds in repetition 293
tcp_ping received 1024 bytes back
Round trip time was 0.574921 milliseconds in repetition 294
tcp_ping received 1024 bytes back
Round trip time was 0.385311 milliseconds in repetition 295
tcp_ping received 1024 bytes back
Round trip time was 0.405972 milliseconds in repetition 296
tcp_ping received 1024 bytes back
Round trip time was 0.401139 milliseconds in repetition 297
tcp_ping received 1024 bytes back
Round trip time was 0.402218 milliseconds in repetition 298
tcp_ping received 1024 bytes back
Round trip time was 0.417152 milliseconds in repetition 299
tcp_ping received 1024 bytes back
Round trip time was 0.411766 milliseconds in repetition 300
tcp_ping received 1024 bytes back
Round trip time was 0.440496 milliseconds in repetition 301
tcp_ping received 1024 bytes back
Round trip time was 0.406667 milliseconds in repetition 302
tcp_ping received 1024 bytes back
Round trip time was 0.400417 milliseconds in repetition 303
tcp_ping received 1024 bytes back
Round trip time was 0.39895 milliseconds in repetition 304
tcp_ping received 1024 bytes back
Round trip time was 0.398791 milliseconds in repetition 305
tcp_ping received 1024 bytes back
Round trip time was 0.523281 milliseconds in repetition 306
tcp_ping received 1024 bytes back
Round trip time was 0.405826 milliseconds in repetition 307
tcp_ping received 1024 bytes back
Round trip time was 0.403082 milliseconds in repetition 308
tcp_ping received 1024 bytes back
Round trip time was 0.407315 milliseconds in repetition 309
tcp_ping received 1024 bytes back
Round trip time was 0.408733 milliseconds in repetition 310
tcp_ping received 1024 bytes back
Round trip time was 0.439547 milliseconds in repetition 311
tcp_ping received 1024 bytes back
Round trip time was 0.865647 milliseconds in repetition 312
tcp_ping received 1024 bytes back
Round trip time was 0.438672 milliseconds in repetition 313
tcp_ping received 1024 bytes back
Round trip time was 0.420732 milliseconds in repetition 314
tcp_ping received 1024 bytes back
Round trip time was 0.432592 milliseconds in repetition 315
tcp_ping received 1024 bytes back
Round trip time was 0.465179 milliseconds in repetition 316
tcp_ping received 1024 bytes back
Round trip time was 0.429302 milliseconds in repetition 317
tcp_ping received 1024 bytes back
Round trip time was 0.398997 milliseconds in repetition 318
tcp_ping received 1024 bytes back
Round trip time was 0.413026 milliseconds in repetition 319
tcp_ping received 1024 bytes back
Round trip time was 0.419954 milliseconds in repetition 320
tcp_ping received 1024 bytes back
Round trip time was 0.399139 milliseconds in repetition 321
tcp_ping received 1024 bytes back
Round trip time was 0.396059 milliseconds in repetition 322
tcp_ping received 1024 bytes back
Round trip time was 0.402027 milliseconds in repetition 323
tcp_ping received 1024 bytes back
Round trip time was 0.403366 milliseconds in repetition 324
tcp_ping received 1024 bytes back
Round trip time was 0.399919 milliseconds in repetition 325
tcp_ping received 1024 bytes back
Round trip time was 0.406301 milliseconds in repetition 326
tcp_ping received 1024 bytes back
Round trip time was 0.401897 milliseconds in repetition 327
tcp_ping received 1024 bytes back
Round trip time was 0.397681 milliseconds in repetition 328
tcp_ping received 1024 bytes back
Round trip time was 0.428628 milliseconds in repetition 329
tcp_ping received 1024 bytes back
Round trip time was 0.401896 milliseconds in repetition 330
tcp_ping received 1024 bytes back
Round trip time was 0.465148 milliseconds in repetition 331
tcp_ping received 1024 bytes back
Round trip time was 0.390314 milliseconds in repetition 332
tcp_ping received 1024 bytes back
Round trip time was 0.398511 milliseconds in repetition 333
tcp_ping received 1024 bytes back
Round trip time was 0.418855 milliseconds in repetition 334
tcp_ping received 1024 bytes back
Round trip time was 0.399053 milliseconds in repetition 335
tcp_ping received 1024 bytes back
Round trip time was 0.40264 milliseconds in repetition 336
tcp_ping received 1024 bytes back
Round trip time was 0.41602 milliseconds in repetition 337
tcp_ping received 1024 bytes back
Round trip time was 0.410468 milliseconds in repetition 338
tcp_ping received 1024 bytes back
Round trip time was 0.398274 milliseconds in repetition 339
tcp_ping received 1024 bytes back
Round trip time was 0.398708 milliseconds in repetition 340
tcp_ping received 1024 bytes back
Round trip time was 0.438625 milliseconds in repetition 341
tcp_ping received 1024 bytes back
Round trip time was 0.439845 milliseconds in repetition 342
tcp_ping received 1024 bytes back
Round trip time was 0.452724 milliseconds in repetition 343
tcp_ping received 1024 bytes back
Round trip time was 0.424367 milliseconds in repetition 344
tcp_ping received 1024 bytes back
Round trip time was 0.416478 milliseconds in repetition 345
tcp_ping received 1024 bytes back
Round trip time was 1.9327 milliseconds in repetition 346
tcp_ping received 1024 bytes back
Round trip time was 0.388177 milliseconds in repetition 347
tcp_ping received 1024 bytes back
Round trip time was 0.368877 milliseconds in repetition 348
tcp_ping received 1024 bytes back
Round trip time was 0.400433 milliseconds in repetition 349
tcp_ping received 1024 bytes back
Round trip time was 0.389998 milliseconds in repetition 350
tcp_ping received 1024 bytes back
Round trip time was 0.42445 milliseconds in repetition 351
tcp_ping received 1024 bytes back
Round trip time was 0.406364 milliseconds in repetition 352
tcp_ping received 1024 bytes back
Round trip time was 0.407734 milliseconds in repetition 353
tcp_ping received 1024 bytes back
Round trip time was 0.464848 milliseconds in repetition 354
tcp_ping received 1024 bytes back
Round trip time was 0.431633 milliseconds in repetition 355
tcp_ping received 1024 bytes back
Round trip time was 0.408204 milliseconds in repetition 356
tcp_ping received 1024 bytes back
Round trip time was 0.399828 milliseconds in repetition 357
tcp_ping received 1024 bytes back
Round trip time was 0.405754 milliseconds in repetition 358
tcp_ping received 1024 bytes back
Round trip time was 0.401742 milliseconds in repetition 359
tcp_ping received 1024 bytes back
Round trip time was 0.418181 milliseconds in repetition 360
tcp_ping received 1024 bytes back
Round trip time was 0.414567 milliseconds in repetition 361
tcp_ping received 1024 bytes back
Round trip time was 0.42466 milliseconds in repetition 362
tcp_ping received 1024 bytes back
Round trip time was 0.470348 milliseconds in repetition 363
tcp_ping received 1024 bytes back
Round trip time was 0.414974 milliseconds in repetition 364
tcp_ping received 1024 bytes back
Round trip time was 0.405756 milliseconds in repetition 365
tcp_ping received 1024 bytes back
Round trip time was 0.429865 milliseconds in repetition 366
tcp_ping received 1024 bytes back
Round trip time was 0.355245 milliseconds in repetition 367
tcp_ping received 1024 bytes back
Round trip time was 0.415284 milliseconds in repetition 368
tcp_ping received 1024 bytes back
Round trip time was 0.408749 milliseconds in repetition 369
tcp_ping received 1024 bytes back
Round trip time was 0.40835 milliseconds in repetition 370
tcp_ping received 1024 bytes back
Round trip time was 0.397843 milliseconds in repetition 371
tcp_ping received 1024 bytes back
Round trip time was 0.413281 milliseconds in repetition 372
tcp_ping received 1024 bytes back
Round trip time was 0.405459 milliseconds in repetition 373
tcp_ping received 1024 bytes back
Round trip time was 0.437413 milliseconds in repetition 374
tcp_ping received 1024 bytes back
Round trip time was 0.406519 milliseconds in repetition 375
tcp_ping received 1024 bytes back
Round trip time was 0.39793 milliseconds in repetition 376
tcp_ping received 1024 bytes back
Round trip time was 0.404343 milliseconds in repetition 377
tcp_ping received 1024 bytes back
Round trip time was 0.410821 milliseconds in repetition 378
tcp_ping received 1024 bytes back
Round trip time was 0.429732 milliseconds in repetition 379
tcp_ping received 1024 bytes back
Round trip time was 0.407478 milliseconds in repetition 380
tcp_ping received 1024 bytes back
Round trip time was 0.415638 milliseconds in repetition 381
tcp_ping received 1024 bytes back
Round trip time was 0.414311 milliseconds in repetition 382
tcp_ping received 1024 bytes back
Round trip time was 0.404654 milliseconds in repetition 383
tcp_ping received 1024 bytes back
Round trip time was 0.412018 milliseconds in repetition 384
tcp_ping received 1024 bytes back
Round trip time was 0.449028 milliseconds in repetition 385
tcp_ping received 1024 bytes back
Round trip time was 0.372121 milliseconds in repetition 386
tcp_ping received 1024 bytes back
Round trip time was 0.354901 milliseconds in repetition 387
tcp_ping received 1024 bytes back
Round trip time was 0.400586 milliseconds in repetition 388
tcp_ping received 1024 bytes back
Round trip time was 0.397538 milliseconds in repetition 389
tcp_ping received 1024 bytes back
Round trip time was 0.398312 milliseconds in repetition 390
tcp_ping received 1024 bytes back
Round trip time was 0.412512 milliseconds in repetition 391
tcp_ping received 1024 bytes back
Round trip time was 0.404522 milliseconds in repetition 392
tcp_ping received 1024 bytes back
Round trip time was 0.429757 milliseconds in repetition 393
tcp_ping received 1024 bytes back
Round trip time was 0.413546 milliseconds in repetition 394
tcp_ping received 1024 bytes back
Round trip time was 0.44756 milliseconds in repetition 395
tcp_ping received 1024 bytes back
Round trip time was 0.460959 milliseconds in repetition 396
tcp_ping received 1024 bytes back
Round trip time was 0.4078 milliseconds in repetition 397
tcp_ping received 1024 bytes back
Round trip time was 0.397792 milliseconds in repetition 398
tcp_ping received 1024 bytes back
Round trip time was 0.405428 milliseconds in repetition 399
tcp_ping received 1024 bytes back
Round trip time was 0.40487 milliseconds in repetition 400
tcp_ping received 1024 bytes back
Round trip time was 0.400413 milliseconds in repetition 401
tcp_ping received 1024 bytes back
Round trip time was 0.401507 milliseconds in repetition 402
tcp_ping received 1024 bytes back
Round trip time was 0.398577 milliseconds in repetition 403
tcp_ping received 1024 bytes back
Round trip time was 0.415936 milliseconds in repetition 404
tcp_ping received 1024 bytes back
Round trip time was 0.426126 milliseconds in repetition 405
tcp_ping received 1024 bytes back
Round trip time was 0.352707 milliseconds in repetition 406
tcp_ping received 1024 bytes back
Round trip time was 0.416463 milliseconds in repetition 407
tcp_ping received 1024 bytes back
Round trip time was 0.394271 milliseconds in repetition 408
tcp_ping received 1024 bytes back
Round trip time was 0.738047 milliseconds in repetition 409
tcp_ping received 1024 bytes back
Round trip time was 0.401932 milliseconds in repetition 410
tcp_ping received 1024 bytes back
Round trip time was 0.444255 milliseconds in repetition 411
tcp_ping received 1024 bytes back
Round trip time was 0.399869 milliseconds in repetition 412
tcp_ping received 1024 bytes back
Round trip time was 0.407694 milliseconds in repetition 413
tcp_ping received 1024 bytes back
Round trip time was 0.399536 milliseconds in repetition 414
tcp_ping received 1024 bytes back
Round trip time was 0.409231 milliseconds in repetition 415
tcp_ping received 1024 bytes back
Round trip time was 0.429527 milliseconds in repetition 416
tcp_ping received 1024 bytes back
Round trip time was 0.403185 milliseconds in repetition 417
tcp_ping received 1024 bytes back
Round trip time was 0.404526 milliseconds in repetition 418
tcp_ping received 1024 bytes back
Round trip time was 0.456575 milliseconds in repetition 419
tcp_ping received 1024 bytes back
Round trip time was 0.656164 milliseconds in repetition 420
tcp_ping received 1024 bytes back
Round trip time was 0.424882 milliseconds in repetition 421
tcp_ping received 1024 bytes back
Round trip time was 0.408055 milliseconds in repetition 422
tcp_ping received 1024 bytes back
Round trip time was 0.40314 milliseconds in repetition 423
tcp_ping received 1024 bytes back
Round trip time was 0.341655 milliseconds in repetition 424
tcp_ping received 1024 bytes back
Round trip time was 0.40631 milliseconds in repetition 425
tcp_ping received 1024 bytes back
Round trip time was 0.401458 milliseconds in repetition 426
tcp_ping received 1024 bytes back
Round trip time was 0.420687 milliseconds in repetition 427
tcp_ping received 1024 bytes back
Round trip time was 0.402654 milliseconds in repetition 428
tcp_ping received 1024 bytes back
Round trip time was 0.412262 milliseconds in repetition 429
tcp_ping received 1024 bytes back
Round trip time was 0.40878 milliseconds in repetition 430
tcp_ping received 1024 bytes back
Round trip time was 0.436134 milliseconds in repetition 431
tcp_ping received 1024 bytes back
Round trip time was 0.431999 milliseconds in repetition 432
tcp_ping received 1024 bytes back
Round trip time was 0.434882 milliseconds in repetition 433
tcp_ping received 1024 bytes back
Round trip time was 0.41472 milliseconds in repetition 434
tcp_ping received 1024 bytes back
Round trip time was 0.399643 milliseconds in repetition 435
tcp_ping received 1024 bytes back
Round trip time was 0.40979 milliseconds in repetition 436
tcp_ping received 1024 bytes back
Round trip time was 0.393762 milliseconds in repetition 437
tcp_ping received 1024 bytes back
Round trip time was 0.576974 milliseconds in repetition 438
tcp_ping received 1024 bytes back
Round trip time was 0.40598 milliseconds in repetition 439
tcp_ping received 1024 bytes back
Round trip time was 0.419234 milliseconds in repetition 440
tcp_ping received 1024 bytes back
Round trip time was 0.432736 milliseconds in repetition 441
tcp_ping received 1024 bytes back
Round trip time was 0.410833 milliseconds in repetition 442
tcp_ping received 1024 bytes back
Round trip time was 0.360104 milliseconds in repetition 443
tcp_ping received 1024 bytes back
Round trip time was 0.406166 milliseconds in repetition 444
tcp_ping received 1024 bytes back
Round trip time was 0.398778 milliseconds in repetition 445
tcp_ping received 1024 bytes back
Round trip time was 0.41036 milliseconds in repetition 446
tcp_ping received 1024 bytes back
Round trip time was 0.404159 milliseconds in repetition 447
tcp_ping received 1024 bytes back
Round trip time was 0.403415 milliseconds in repetition 448
tcp_ping received 1024 bytes back
Round trip time was 0.413976 milliseconds in repetition 449
tcp_ping received 1024 bytes back
Round trip time was 0.405838 milliseconds in repetition 450
tcp_ping received 1024 bytes back
Round trip time was 0.430317 milliseconds in repetition 451
tcp_ping received 1024 bytes back
Round trip time was 0.399834 milliseconds in repetition 452
tcp_ping received 1024 bytes back
Round trip time was 0.398814 milliseconds in repetition 453
tcp_ping received 1024 bytes back
Round trip time was 0.401363 milliseconds in repetition 454
tcp_ping received 1024 bytes back
Round trip time was 0.443312 milliseconds in repetition 455
tcp_ping received 1024 bytes back
Round trip time was 0.418098 milliseconds in repetition 456
tcp_ping received 1024 bytes back
Round trip time was 0.421249 milliseconds in repetition 457
tcp_ping received 1024 bytes back
Round trip time was 0.404994 milliseconds in repetition 458
tcp_ping received 1024 bytes back
Round trip time was 0.566162 milliseconds in repetition 459
tcp_ping received 1024 bytes back
Round trip time was 0.405518 milliseconds in repetition 460
tcp_ping received 1024 bytes back
Round trip time was 0.409399 milliseconds in repetition 461
tcp_ping received 1024 bytes back
Round trip time was 0.443248 milliseconds in repetition 462
tcp_ping received 1024 bytes back
Round trip time was 0.433148 milliseconds in repetition 463
tcp_ping received 1024 bytes back
Round trip time was 0.402618 milliseconds in repetition 464
tcp_ping received 1024 bytes back
Round trip time was 0.406538 milliseconds in repetition 465
tcp_ping received 1024 bytes back
Round trip time was 0.406883 milliseconds in repetition 466
tcp_ping received 1024 bytes back
Round trip time was 0.412378 milliseconds in repetition 467
tcp_ping received 1024 bytes back
Round trip time was 0.407289 milliseconds in repetition 468
tcp_ping received 1024 bytes back
Round trip time was 0.39967 milliseconds in repetition 469
tcp_ping received 1024 bytes back
Round trip time was 0.461275 milliseconds in repetition 470
tcp_ping received 1024 bytes back
Round trip time was 0.40929 milliseconds in repetition 471
tcp_ping received 1024 bytes back
Round trip time was 0.431788 milliseconds in repetition 472
tcp_ping received 1024 bytes back
Round trip time was 0.418734 milliseconds in repetition 473
tcp_ping received 1024 bytes back
Round trip time was 0.40531 milliseconds in repetition 474
tcp_ping received 1024 bytes back
Round trip time was 0.419798 milliseconds in repetition 475
tcp_ping received 1024 bytes back
Round trip time was 0.406643 milliseconds in repetition 476
tcp_ping received 1024 bytes back
Round trip time was 0.402318 milliseconds in repetition 477
tcp_ping received 1024 bytes back
Round trip time was 0.416376 milliseconds in repetition 478
tcp_ping received 1024 bytes back
Round trip time was 0.401198 milliseconds in repetition 479
tcp_ping received 1024 bytes back
Round trip time was 0.445924 milliseconds in repetition 480
tcp_ping received 1024 bytes back
Round trip time was 0.399918 milliseconds in repetition 481
tcp_ping received 1024 bytes back
Round trip time was 0.404644 milliseconds in repetition 482
tcp_ping received 1024 bytes back
Round trip time was 0.406286 milliseconds in repetition 483
tcp_ping received 1024 bytes back
Round trip time was 0.422192 milliseconds in repetition 484
tcp_ping received 1024 bytes back
Round trip time was 0.441575 milliseconds in repetition 485
tcp_ping received 1024 bytes back
Round trip time was 0.409197 milliseconds in repetition 486
tcp_ping received 1024 bytes back
Round trip time was 0.42326 milliseconds in repetition 487
tcp_ping received 1024 bytes back
Round trip time was 0.402592 milliseconds in repetition 488
tcp_ping received 1024 bytes back
Round trip time was 0.415531 milliseconds in repetition 489
tcp_ping received 1024 bytes back
Round trip time was 0.411455 milliseconds in repetition 490
tcp_ping received 1024 bytes back
Round trip time was 0.419628 milliseconds in repetition 491
tcp_ping received 1024 bytes back
Round trip time was 0.406961 milliseconds in repetition 492
tcp_ping received 1024 bytes back
Round trip time was 0.399746 milliseconds in repetition 493
tcp_ping received 1024 bytes back
Round trip time was 0.406215 milliseconds in repetition 494
tcp_ping received 1024 bytes back
Round trip time was 0.437376 milliseconds in repetition 495
tcp_ping received 1024 bytes back
Round trip time was 0.405113 milliseconds in repetition 496
tcp_ping received 1024 bytes back
Round trip time was 0.400876 milliseconds in repetition 497
tcp_ping received 1024 bytes back
Round trip time was 0.399446 milliseconds in repetition 498
tcp_ping received 1024 bytes back
Round trip time was 0.405907 milliseconds in repetition 499
tcp_ping received 1024 bytes back
Round trip time was 0.360491 milliseconds in repetition 500
tcp_ping received 1024 bytes back
Round trip time was 0.379063 milliseconds in repetition 501

 ... clock resolution was 1e-06
TCP Ping:  Statistics over 501 repetitions of 1024 byte messages

RTT : percentile 10: 0.393094, median: 0.406643, percentile 90: 0.497709, average: 0.467354, variance: 0.235248

RTT histogram:
0.339525 461
0.865838 38
1.39215 0
1.91846 1
2.44478 0
2.97109 0
3.4974 0
4.02372 0
4.55003 0
5.07634 0
5.60266 0
6.12897 0
6.65528 0
7.18159 0
7.70791 0
8.23422 0
8.76053 0
9.28685 0
9.81316 0
10.3395 0
10.8658 1

   median Throughput : 5036.36 KB/s   overall Throughput : 4382.12 KB/s

