TCP Ping trying to connect to server seti.dibris.unige.it (130.251.61.30) on port 1491
 ... connected to Pong server: asking for 501 repetitions of 3072 bytes TCP messages
 ... Pong server agreed :-)
tcp_ping received 3072 bytes back
Round trip time was 20.4669 milliseconds in repetition 1
tcp_ping received 3072 bytes back
Round trip time was 2.23774 milliseconds in repetition 2
tcp_ping received 3072 bytes back
Round trip time was 1.90304 milliseconds in repetition 3
tcp_ping received 3072 bytes back
Round trip time was 1.95927 milliseconds in repetition 4
tcp_ping received 3072 bytes back
Round trip time was 1.9419 milliseconds in repetition 5
tcp_ping received 3072 bytes back
Round trip time was 1.68857 milliseconds in repetition 6
tcp_ping received 3072 bytes back
Round trip time was 1.94965 milliseconds in repetition 7
tcp_ping received 3072 bytes back
Round trip time was 1.6718 milliseconds in repetition 8
tcp_ping received 3072 bytes back
Round trip time was 1.64357 milliseconds in repetition 9
tcp_ping received 3072 bytes back
Round trip time was 1.68076 milliseconds in repetition 10
tcp_ping received 3072 bytes back
Round trip time was 1.74969 milliseconds in repetition 11
tcp_ping received 3072 bytes back
Round trip time was 0.830018 milliseconds in repetition 12
tcp_ping received 3072 bytes back
Round trip time was 0.776865 milliseconds in repetition 13
tcp_ping received 3072 bytes back
Round trip time was 0.524242 milliseconds in repetition 14
tcp_ping received 3072 bytes back
Round trip time was 0.598332 milliseconds in repetition 15
tcp_ping received 3072 bytes back
Round trip time was 0.501478 milliseconds in repetition 16
tcp_ping received 3072 bytes back
Round trip time was 1.07811 milliseconds in repetition 17
tcp_ping received 3072 bytes back
Round trip time was 0.509546 milliseconds in repetition 18
tcp_ping received 3072 bytes back
Round trip time was 0.556979 milliseconds in repetition 19
tcp_ping received 3072 bytes back
Round trip time was 0.514891 milliseconds in repetition 20
tcp_ping received 3072 bytes back
Round trip time was 0.506098 milliseconds in repetition 21
tcp_ping received 3072 bytes back
Round trip time was 0.513432 milliseconds in repetition 22
tcp_ping received 3072 bytes back
Round trip time was 0.491816 milliseconds in repetition 23
tcp_ping received 3072 bytes back
Round trip time was 0.594419 milliseconds in repetition 24
tcp_ping received 3072 bytes back
Round trip time was 0.520071 milliseconds in repetition 25
tcp_ping received 3072 bytes back
Round trip time was 0.51887 milliseconds in repetition 26
tcp_ping received 3072 bytes back
Round trip time was 0.587206 milliseconds in repetition 27
tcp_ping received 3072 bytes back
Round trip time was 0.50321 milliseconds in repetition 28
tcp_ping received 3072 bytes back
Round trip time was 0.506719 milliseconds in repetition 29
tcp_ping received 3072 bytes back
Round trip time was 0.605844 milliseconds in repetition 30
tcp_ping received 3072 bytes back
Round trip time was 0.529681 milliseconds in repetition 31
tcp_ping received 3072 bytes back
Round trip time was 0.533756 milliseconds in repetition 32
tcp_ping received 3072 bytes back
Round trip time was 0.514142 milliseconds in repetition 33
tcp_ping received 3072 bytes back
Round trip time was 0.499799 milliseconds in repetition 34
tcp_ping received 3072 bytes back
Round trip time was 0.525287 milliseconds in repetition 35
tcp_ping received 3072 bytes back
Round trip time was 0.504806 milliseconds in repetition 36
tcp_ping received 3072 bytes back
Round trip time was 0.507649 milliseconds in repetition 37
tcp_ping received 3072 bytes back
Round trip time was 0.528043 milliseconds in repetition 38
tcp_ping received 3072 bytes back
Round trip time was 0.434159 milliseconds in repetition 39
tcp_ping received 3072 bytes back
Round trip time was 0.50654 milliseconds in repetition 40
tcp_ping received 3072 bytes back
Round trip time was 0.53042 milliseconds in repetition 41
tcp_ping received 3072 bytes back
Round trip time was 0.599182 milliseconds in repetition 42
tcp_ping received 3072 bytes back
Round trip time was 0.521223 milliseconds in repetition 43
tcp_ping received 3072 bytes back
Round trip time was 0.544879 milliseconds in repetition 44
tcp_ping received 3072 bytes back
Round trip time was 0.550693 milliseconds in repetition 45
tcp_ping received 3072 bytes back
Round trip time was 0.517508 milliseconds in repetition 46
tcp_ping received 3072 bytes back
Round trip time was 0.542323 milliseconds in repetition 47
tcp_ping received 3072 bytes back
Round trip time was 0.494125 milliseconds in repetition 48
tcp_ping received 3072 bytes back
Round trip time was 0.496604 milliseconds in repetition 49
tcp_ping received 3072 bytes back
Round trip time was 0.536802 milliseconds in repetition 50
tcp_ping received 3072 bytes back
Round trip time was 0.481099 milliseconds in repetition 51
tcp_ping received 3072 bytes back
Round trip time was 0.49832 milliseconds in repetition 52
tcp_ping received 3072 bytes back
Round trip time was 0.510096 milliseconds in repetition 53
tcp_ping received 3072 bytes back
Round trip time was 0.502427 milliseconds in repetition 54
tcp_ping received 3072 bytes back
Round trip time was 0.44012 milliseconds in repetition 55
tcp_ping received 3072 bytes back
Round trip time was 0.511594 milliseconds in repetition 56
tcp_ping received 3072 bytes back
Round trip time was 0.517536 milliseconds in repetition 57
tcp_ping received 3072 bytes back
Round trip time was 0.510492 milliseconds in repetition 58
tcp_ping received 3072 bytes back
Round trip time was 0.422751 milliseconds in repetition 59
tcp_ping received 3072 bytes back
Round trip time was 0.490721 milliseconds in repetition 60
tcp_ping received 3072 bytes back
Round trip time was 0.482751 milliseconds in repetition 61
tcp_ping received 3072 bytes back
Round trip time was 0.500099 milliseconds in repetition 62
tcp_ping received 3072 bytes back
Round trip time was 0.502345 milliseconds in repetition 63
tcp_ping received 3072 bytes back
Round trip time was 0.521912 milliseconds in repetition 64
tcp_ping received 3072 bytes back
Round trip time was 0.466389 milliseconds in repetition 65
tcp_ping received 3072 bytes back
Round trip time was 0.511467 milliseconds in repetition 66
tcp_ping received 3072 bytes back
Round trip time was 0.515475 milliseconds in repetition 67
tcp_ping received 3072 bytes back
Round trip time was 0.504662 milliseconds in repetition 68
tcp_ping received 3072 bytes back
Round trip time was 0.503905 milliseconds in repetition 69
tcp_ping received 3072 bytes back
Round trip time was 0.498352 milliseconds in repetition 70
tcp_ping received 3072 bytes back
Round trip time was 0.516689 milliseconds in repetition 71
tcp_ping received 3072 bytes back
Round trip time was 0.435202 milliseconds in repetition 72
tcp_ping received 3072 bytes back
Round trip time was 0.51814 milliseconds in repetition 73
tcp_ping received 3072 bytes back
Round trip time was 0.422639 milliseconds in repetition 74
tcp_ping received 3072 bytes back
Round trip time was 0.527816 milliseconds in repetition 75
tcp_ping received 3072 bytes back
Round trip time was 0.502792 milliseconds in repetition 76
tcp_ping received 3072 bytes back
Round trip time was 0.504499 milliseconds in repetition 77
tcp_ping received 3072 bytes back
Round trip time was 0.498471 milliseconds in repetition 78
tcp_ping received 3072 bytes back
Round trip time was 0.511645 milliseconds in repetition 79
tcp_ping received 3072 bytes back
Round trip time was 0.651038 milliseconds in repetition 80
tcp_ping received 3072 bytes back
Round trip time was 0.422693 milliseconds in repetition 81
tcp_ping received 3072 bytes back
Round trip time was 0.524458 milliseconds in repetition 82
tcp_ping received 3072 bytes back
Round trip time was 0.450457 milliseconds in repetition 83
tcp_ping received 3072 bytes back
Round trip time was 0.49655 milliseconds in repetition 84
tcp_ping received 3072 bytes back
Round trip time was 0.475734 milliseconds in repetition 85
tcp_ping received 3072 bytes back
Round trip time was 0.509553 milliseconds in repetition 86
tcp_ping received 3072 bytes back
Round trip time was 0.522745 milliseconds in repetition 87
tcp_ping received 3072 bytes back
Round trip time was 0.48038 milliseconds in repetition 88
tcp_ping received 3072 bytes back
Round trip time was 0.526624 milliseconds in repetition 89
tcp_ping received 3072 bytes back
Round trip time was 0.663212 milliseconds in repetition 90
tcp_ping received 3072 bytes back
Round trip time was 0.431152 milliseconds in repetition 91
tcp_ping received 3072 bytes back
Round trip time was 0.503299 milliseconds in repetition 92
tcp_ping received 3072 bytes back
Round trip time was 0.500245 milliseconds in repetition 93
tcp_ping received 3072 bytes back
Round trip time was 0.506808 milliseconds in repetition 94
tcp_ping received 3072 bytes back
Round trip time was 0.420958 milliseconds in repetition 95
tcp_ping received 3072 bytes back
Round trip time was 0.514528 milliseconds in repetition 96
tcp_ping received 3072 bytes back
Round trip time was 0.506248 milliseconds in repetition 97
tcp_ping received 3072 bytes back
Round trip time was 0.478266 milliseconds in repetition 98
tcp_ping received 3072 bytes back
Round trip time was 0.514622 milliseconds in repetition 99
tcp_ping received 3072 bytes back
Round trip time was 0.509042 milliseconds in repetition 100
tcp_ping received 3072 bytes back
Round trip time was 0.479099 milliseconds in repetition 101
tcp_ping received 3072 bytes back
Round trip time was 0.662125 milliseconds in repetition 102
tcp_ping received 3072 bytes back
Round trip time was 0.526123 milliseconds in repetition 103
tcp_ping received 3072 bytes back
Round trip time was 0.523669 milliseconds in repetition 104
tcp_ping received 3072 bytes back
Round trip time was 0.494923 milliseconds in repetition 105
tcp_ping received 3072 bytes back
Round trip time was 0.505638 milliseconds in repetition 106
tcp_ping received 3072 bytes back
Round trip time was 0.497701 milliseconds in repetition 107
tcp_ping received 3072 bytes back
Round trip time was 0.519444 milliseconds in repetition 108
tcp_ping received 3072 bytes back
Round trip time was 0.576176 milliseconds in repetition 109
tcp_ping received 3072 bytes back
Round trip time was 0.510635 milliseconds in repetition 110
tcp_ping received 3072 bytes back
Round trip time was 0.429172 milliseconds in repetition 111
tcp_ping received 3072 bytes back
Round trip time was 0.505905 milliseconds in repetition 112
tcp_ping received 3072 bytes back
Round trip time was 0.558378 milliseconds in repetition 113
tcp_ping received 3072 bytes back
Round trip time was 0.493259 milliseconds in repetition 114
tcp_ping received 3072 bytes back
Round trip time was 0.453635 milliseconds in repetition 115
tcp_ping received 3072 bytes back
Round trip time was 0.51533 milliseconds in repetition 116
tcp_ping received 3072 bytes back
Round trip time was 0.485374 milliseconds in repetition 117
tcp_ping received 3072 bytes back
Round trip time was 0.505794 milliseconds in repetition 118
tcp_ping received 3072 bytes back
Round trip time was 0.501047 milliseconds in repetition 119
tcp_ping received 3072 bytes back
Round trip time was 0.498156 milliseconds in repetition 120
tcp_ping received 3072 bytes back
Round trip time was 0.482732 milliseconds in repetition 121
tcp_ping received 3072 bytes back
Round trip time was 0.495158 milliseconds in repetition 122
tcp_ping received 3072 bytes back
Round trip time was 0.538741 milliseconds in repetition 123
tcp_ping received 3072 bytes back
Round trip time was 0.505204 milliseconds in repetition 124
tcp_ping received 3072 bytes back
Round trip time was 0.510288 milliseconds in repetition 125
tcp_ping received 3072 bytes back
Round trip time was 0.515748 milliseconds in repetition 126
tcp_ping received 3072 bytes back
Round trip time was 0.505845 milliseconds in repetition 127
tcp_ping received 3072 bytes back
Round trip time was 0.518149 milliseconds in repetition 128
tcp_ping received 3072 bytes back
Round trip time was 0.507296 milliseconds in repetition 129
tcp_ping received 3072 bytes back
Round trip time was 0.521496 milliseconds in repetition 130
tcp_ping received 3072 bytes back
Round trip time was 0.447788 milliseconds in repetition 131
tcp_ping received 3072 bytes back
Round trip time was 0.479988 milliseconds in repetition 132
tcp_ping received 3072 bytes back
Round trip time was 0.603298 milliseconds in repetition 133
tcp_ping received 3072 bytes back
Round trip time was 0.52257 milliseconds in repetition 134
tcp_ping received 3072 bytes back
Round trip time was 0.466179 milliseconds in repetition 135
tcp_ping received 3072 bytes back
Round trip time was 0.489752 milliseconds in repetition 136
tcp_ping received 3072 bytes back
Round trip time was 0.553602 milliseconds in repetition 137
tcp_ping received 3072 bytes back
Round trip time was 0.533679 milliseconds in repetition 138
tcp_ping received 3072 bytes back
Round trip time was 0.550201 milliseconds in repetition 139
tcp_ping received 3072 bytes back
Round trip time was 0.538364 milliseconds in repetition 140
tcp_ping received 3072 bytes back
Round trip time was 0.510978 milliseconds in repetition 141
tcp_ping received 3072 bytes back
Round trip time was 0.491902 milliseconds in repetition 142
tcp_ping received 3072 bytes back
Round trip time was 0.57475 milliseconds in repetition 143
tcp_ping received 3072 bytes back
Round trip time was 0.836545 milliseconds in repetition 144
tcp_ping received 3072 bytes back
Round trip time was 0.510518 milliseconds in repetition 145
tcp_ping received 3072 bytes back
Round trip time was 0.51402 milliseconds in repetition 146
tcp_ping received 3072 bytes back
Round trip time was 0.62517 milliseconds in repetition 147
tcp_ping received 3072 bytes back
Round trip time was 0.499273 milliseconds in repetition 148
tcp_ping received 3072 bytes back
Round trip time was 0.564168 milliseconds in repetition 149
tcp_ping received 3072 bytes back
Round trip time was 0.513451 milliseconds in repetition 150
tcp_ping received 3072 bytes back
Round trip time was 0.509692 milliseconds in repetition 151
tcp_ping received 3072 bytes back
Round trip time was 0.518273 milliseconds in repetition 152
tcp_ping received 3072 bytes back
Round trip time was 0.505091 milliseconds in repetition 153
tcp_ping received 3072 bytes back
Round trip time was 0.501773 milliseconds in repetition 154
tcp_ping received 3072 bytes back
Round trip time was 0.449132 milliseconds in repetition 155
tcp_ping received 3072 bytes back
Round trip time was 0.502494 milliseconds in repetition 156
tcp_ping received 3072 bytes back
Round trip time was 0.503962 milliseconds in repetition 157
tcp_ping received 3072 bytes back
Round trip time was 0.497232 milliseconds in repetition 158
tcp_ping received 3072 bytes back
Round trip time was 0.492982 milliseconds in repetition 159
tcp_ping received 3072 bytes back
Round trip time was 0.520952 milliseconds in repetition 160
tcp_ping received 3072 bytes back
Round trip time was 0.601962 milliseconds in repetition 161
tcp_ping received 3072 bytes back
Round trip time was 0.470508 milliseconds in repetition 162
tcp_ping received 3072 bytes back
Round trip time was 0.508867 milliseconds in repetition 163
tcp_ping received 3072 bytes back
Round trip time was 0.506477 milliseconds in repetition 164
tcp_ping received 3072 bytes back
Round trip time was 0.556287 milliseconds in repetition 165
tcp_ping received 3072 bytes back
Round trip time was 0.491769 milliseconds in repetition 166
tcp_ping received 3072 bytes back
Round trip time was 0.501527 milliseconds in repetition 167
tcp_ping received 3072 bytes back
Round trip time was 0.491605 milliseconds in repetition 168
tcp_ping received 3072 bytes back
Round trip time was 0.491748 milliseconds in repetition 169
tcp_ping received 3072 bytes back
Round trip time was 0.49348 milliseconds in repetition 170
tcp_ping received 3072 bytes back
Round trip time was 0.605059 milliseconds in repetition 171
tcp_ping received 3072 bytes back
Round trip time was 0.553182 milliseconds in repetition 172
tcp_ping received 3072 bytes back
Round trip time was 0.485045 milliseconds in repetition 173
tcp_ping received 3072 bytes back
Round trip time was 0.497808 milliseconds in repetition 174
tcp_ping received 3072 bytes back
Round trip time was 0.461483 milliseconds in repetition 175
tcp_ping received 3072 bytes back
Round trip time was 0.510883 milliseconds in repetition 176
tcp_ping received 3072 bytes back
Round trip time was 0.510663 milliseconds in repetition 177
tcp_ping received 3072 bytes back
Round trip time was 0.486892 milliseconds in repetition 178
tcp_ping received 3072 bytes back
Round trip time was 0.512905 milliseconds in repetition 179
tcp_ping received 3072 bytes back
Round trip time was 0.501071 milliseconds in repetition 180
tcp_ping received 3072 bytes back
Round trip time was 0.459695 milliseconds in repetition 181
tcp_ping received 3072 bytes back
Round trip time was 0.504576 milliseconds in repetition 182
tcp_ping received 3072 bytes back
Round trip time was 0.478724 milliseconds in repetition 183
tcp_ping received 3072 bytes back
Round trip time was 0.43254 milliseconds in repetition 184
tcp_ping received 3072 bytes back
Round trip time was 0.478903 milliseconds in repetition 185
tcp_ping received 3072 bytes back
Round trip time was 0.511039 milliseconds in repetition 186
tcp_ping received 3072 bytes back
Round trip time was 0.493655 milliseconds in repetition 187
tcp_ping received 3072 bytes back
Round trip time was 0.523682 milliseconds in repetition 188
tcp_ping received 3072 bytes back
Round trip time was 0.491857 milliseconds in repetition 189
tcp_ping received 3072 bytes back
Round trip time was 0.50701 milliseconds in repetition 190
tcp_ping received 3072 bytes back
Round trip time was 0.46082 milliseconds in repetition 191
tcp_ping received 3072 bytes back
Round trip time was 0.494194 milliseconds in repetition 192
tcp_ping received 3072 bytes back
Round trip time was 0.491659 milliseconds in repetition 193
tcp_ping received 3072 bytes back
Round trip time was 0.509428 milliseconds in repetition 194
tcp_ping received 3072 bytes back
Round trip time was 0.515286 milliseconds in repetition 195
tcp_ping received 3072 bytes back
Round trip time was 0.567843 milliseconds in repetition 196
tcp_ping received 3072 bytes back
Round trip time was 0.499414 milliseconds in repetition 197
tcp_ping received 3072 bytes back
Round trip time was 0.549113 milliseconds in repetition 198
tcp_ping received 3072 bytes back
Round trip time was 0.619174 milliseconds in repetition 199
tcp_ping received 3072 bytes back
Round trip time was 0.496709 milliseconds in repetition 200
tcp_ping received 3072 bytes back
Round trip time was 0.540705 milliseconds in repetition 201
tcp_ping received 3072 bytes back
Round trip time was 0.49991 milliseconds in repetition 202
tcp_ping received 3072 bytes back
Round trip time was 0.531141 milliseconds in repetition 203
tcp_ping received 3072 bytes back
Round trip time was 0.515369 milliseconds in repetition 204
tcp_ping received 3072 bytes back
Round trip time was 0.488218 milliseconds in repetition 205
tcp_ping received 3072 bytes back
Round trip time was 0.518873 milliseconds in repetition 206
tcp_ping received 3072 bytes back
Round trip time was 0.462906 milliseconds in repetition 207
tcp_ping received 3072 bytes back
Round trip time was 0.500857 milliseconds in repetition 208
tcp_ping received 3072 bytes back
Round trip time was 0.507825 milliseconds in repetition 209
tcp_ping received 3072 bytes back
Round trip time was 0.496784 milliseconds in repetition 210
tcp_ping received 3072 bytes back
Round trip time was 0.460063 milliseconds in repetition 211
tcp_ping received 3072 bytes back
Round trip time was 0.533975 milliseconds in repetition 212
tcp_ping received 3072 bytes back
Round trip time was 0.513795 milliseconds in repetition 213
tcp_ping received 3072 bytes back
Round trip time was 0.509881 milliseconds in repetition 214
tcp_ping received 3072 bytes back
Round trip time was 0.442917 milliseconds in repetition 215
tcp_ping received 3072 bytes back
Round trip time was 0.503811 milliseconds in repetition 216
tcp_ping received 3072 bytes back
Round trip time was 0.500682 milliseconds in repetition 217
tcp_ping received 3072 bytes back
Round trip time was 0.486793 milliseconds in repetition 218
tcp_ping received 3072 bytes back
Round trip time was 0.467957 milliseconds in repetition 219
tcp_ping received 3072 bytes back
Round trip time was 0.510369 milliseconds in repetition 220
tcp_ping received 3072 bytes back
Round trip time was 0.483838 milliseconds in repetition 221
tcp_ping received 3072 bytes back
Round trip time was 0.511542 milliseconds in repetition 222
tcp_ping received 3072 bytes back
Round trip time was 0.468769 milliseconds in repetition 223
tcp_ping received 3072 bytes back
Round trip time was 0.527333 milliseconds in repetition 224
tcp_ping received 3072 bytes back
Round trip time was 0.503742 milliseconds in repetition 225
tcp_ping received 3072 bytes back
Round trip time was 0.528519 milliseconds in repetition 226
tcp_ping received 3072 bytes back
Round trip time was 0.486764 milliseconds in repetition 227
tcp_ping received 3072 bytes back
Round trip time was 0.487653 milliseconds in repetition 228
tcp_ping received 3072 bytes back
Round trip time was 0.514612 milliseconds in repetition 229
tcp_ping received 3072 bytes back
Round trip time was 0.489547 milliseconds in repetition 230
tcp_ping received 3072 bytes back
Round trip time was 0.468043 milliseconds in repetition 231
tcp_ping received 3072 bytes back
Round trip time was 0.512292 milliseconds in repetition 232
tcp_ping received 3072 bytes back
Round trip time was 0.481706 milliseconds in repetition 233
tcp_ping received 3072 bytes back
Round trip time was 0.484907 milliseconds in repetition 234
tcp_ping received 3072 bytes back
Round trip time was 0.504512 milliseconds in repetition 235
tcp_ping received 3072 bytes back
Round trip time was 0.483027 milliseconds in repetition 236
tcp_ping received 3072 bytes back
Round trip time was 0.507535 milliseconds in repetition 237
tcp_ping received 3072 bytes back
Round trip time was 0.576716 milliseconds in repetition 238
tcp_ping received 3072 bytes back
Round trip time was 0.451582 milliseconds in repetition 239
tcp_ping received 3072 bytes back
Round trip time was 0.512699 milliseconds in repetition 240
tcp_ping received 3072 bytes back
Round trip time was 0.488557 milliseconds in repetition 241
tcp_ping received 3072 bytes back
Round trip time was 0.509273 milliseconds in repetition 242
tcp_ping received 3072 bytes back
Round trip time was 0.534258 milliseconds in repetition 243
tcp_ping received 3072 bytes back
Round trip time was 0.51144 milliseconds in repetition 244
tcp_ping received 3072 bytes back
Round trip time was 0.504158 milliseconds in repetition 245
tcp_ping received 3072 bytes back
Round trip time was 0.513991 milliseconds in repetition 246
tcp_ping received 3072 bytes back
Round trip time was 0.479596 milliseconds in repetition 247
tcp_ping received 3072 bytes back
Round trip time was 0.511665 milliseconds in repetition 248
tcp_ping received 3072 bytes back
Round trip time was 0.501957 milliseconds in repetition 249
tcp_ping received 3072 bytes back
Round trip time was 0.500531 milliseconds in repetition 250
tcp_ping received 3072 bytes back
Round trip time was 0.458825 milliseconds in repetition 251
tcp_ping received 3072 bytes back
Round trip time was 0.51751 milliseconds in repetition 252
tcp_ping received 3072 bytes back
Round trip time was 0.487239 milliseconds in repetition 253
tcp_ping received 3072 bytes back
Round trip time was 0.50421 milliseconds in repetition 254
tcp_ping received 3072 bytes back
Round trip time was 0.489931 milliseconds in repetition 255
tcp_ping received 3072 bytes back
Round trip time was 0.497068 milliseconds in repetition 256
tcp_ping received 3072 bytes back
Round trip time was 0.48513 milliseconds in repetition 257
tcp_ping received 3072 bytes back
Round trip time was 0.462232 milliseconds in repetition 258
tcp_ping received 3072 bytes back
Round trip time was 0.537674 milliseconds in repetition 259
tcp_ping received 3072 bytes back
Round trip time was 0.507082 milliseconds in repetition 260
tcp_ping received 3072 bytes back
Round trip time was 0.484554 milliseconds in repetition 261
tcp_ping received 3072 bytes back
Round trip time was 0.490057 milliseconds in repetition 262
tcp_ping received 3072 bytes back
Round trip time was 0.497483 milliseconds in repetition 263
tcp_ping received 3072 bytes back
Round trip time was 0.48553 milliseconds in repetition 264
tcp_ping received 3072 bytes back
Round trip time was 0.486391 milliseconds in repetition 265
tcp_ping received 3072 bytes back
Round trip time was 0.534216 milliseconds in repetition 266
tcp_ping received 3072 bytes back
Round trip time was 0.536738 milliseconds in repetition 267
tcp_ping received 3072 bytes back
Round trip time was 0.703853 milliseconds in repetition 268
tcp_ping received 3072 bytes back
Round trip time was 0.524099 milliseconds in repetition 269
tcp_ping received 3072 bytes back
Round trip time was 0.510218 milliseconds in repetition 270
tcp_ping received 3072 bytes back
Round trip time was 0.458246 milliseconds in repetition 271
tcp_ping received 3072 bytes back
Round trip time was 0.488194 milliseconds in repetition 272
tcp_ping received 3072 bytes back
Round trip time was 0.4877 milliseconds in repetition 273
tcp_ping received 3072 bytes back
Round trip time was 0.524026 milliseconds in repetition 274
tcp_ping received 3072 bytes back
Round trip time was 0.538469 milliseconds in repetition 275
tcp_ping received 3072 bytes back
Round trip time was 0.602074 milliseconds in repetition 276
tcp_ping received 3072 bytes back
Round trip time was 0.549876 milliseconds in repetition 277
tcp_ping received 3072 bytes back
Round trip time was 0.509869 milliseconds in repetition 278
tcp_ping received 3072 bytes back
Round trip time was 0.483695 milliseconds in repetition 279
tcp_ping received 3072 bytes back
Round trip time was 0.48356 milliseconds in repetition 280
tcp_ping received 3072 bytes back
Round trip time was 0.49867 milliseconds in repetition 281
tcp_ping received 3072 bytes back
Round trip time was 0.519226 milliseconds in repetition 282
tcp_ping received 3072 bytes back
Round trip time was 0.461795 milliseconds in repetition 283
tcp_ping received 3072 bytes back
Round trip time was 0.499953 milliseconds in repetition 284
tcp_ping received 3072 bytes back
Round trip time was 0.552214 milliseconds in repetition 285
tcp_ping received 3072 bytes back
Round trip time was 0.523011 milliseconds in repetition 286
tcp_ping received 3072 bytes back
Round trip time was 0.46927 milliseconds in repetition 287
tcp_ping received 3072 bytes back
Round trip time was 0.491656 milliseconds in repetition 288
tcp_ping received 3072 bytes back
Round trip time was 0.489931 milliseconds in repetition 289
tcp_ping received 3072 bytes back
Round trip time was 0.498658 milliseconds in repetition 290
tcp_ping received 3072 bytes back
Round trip time was 0.503586 milliseconds in repetition 291
tcp_ping received 3072 bytes back
Round trip time was 0.492118 milliseconds in repetition 292
tcp_ping received 3072 bytes back
Round trip time was 0.483993 milliseconds in repetition 293
tcp_ping received 3072 bytes back
Round trip time was 0.504704 milliseconds in repetition 294
tcp_ping received 3072 bytes back
Round trip time was 0.530091 milliseconds in repetition 295
tcp_ping received 3072 bytes back
Round trip time was 0.507632 milliseconds in repetition 296
tcp_ping received 3072 bytes back
Round trip time was 0.482269 milliseconds in repetition 297
tcp_ping received 3072 bytes back
Round trip time was 0.489488 milliseconds in repetition 298
tcp_ping received 3072 bytes back
Round trip time was 0.43127 milliseconds in repetition 299
tcp_ping received 3072 bytes back
Round trip time was 0.489794 milliseconds in repetition 300
tcp_ping received 3072 bytes back
Round trip time was 0.528777 milliseconds in repetition 301
tcp_ping received 3072 bytes back
Round trip time was 0.498169 milliseconds in repetition 302
tcp_ping received 3072 bytes back
Round trip time was 0.461327 milliseconds in repetition 303
tcp_ping received 3072 bytes back
Round trip time was 0.509257 milliseconds in repetition 304
tcp_ping received 3072 bytes back
Round trip time was 0.560371 milliseconds in repetition 305
tcp_ping received 3072 bytes back
Round trip time was 0.571943 milliseconds in repetition 306
tcp_ping received 3072 bytes back
Round trip time was 0.526828 milliseconds in repetition 307
tcp_ping received 3072 bytes back
Round trip time was 0.510133 milliseconds in repetition 308
tcp_ping received 3072 bytes back
Round trip time was 0.497767 milliseconds in repetition 309
tcp_ping received 3072 bytes back
Round trip time was 0.459229 milliseconds in repetition 310
tcp_ping received 3072 bytes back
Round trip time was 0.464386 milliseconds in repetition 311
tcp_ping received 3072 bytes back
Round trip time was 0.501996 milliseconds in repetition 312
tcp_ping received 3072 bytes back
Round trip time was 0.508088 milliseconds in repetition 313
tcp_ping received 3072 bytes back
Round trip time was 0.505608 milliseconds in repetition 314
tcp_ping received 3072 bytes back
Round trip time was 0.515002 milliseconds in repetition 315
tcp_ping received 3072 bytes back
Round trip time was 0.509564 milliseconds in repetition 316
tcp_ping received 3072 bytes back
Round trip time was 0.489276 milliseconds in repetition 317
tcp_ping received 3072 bytes back
Round trip time was 0.506094 milliseconds in repetition 318
tcp_ping received 3072 bytes back
Round trip time was 0.500379 milliseconds in repetition 319
tcp_ping received 3072 bytes back
Round trip time was 0.50224 milliseconds in repetition 320
tcp_ping received 3072 bytes back
Round trip time was 0.495752 milliseconds in repetition 321
tcp_ping received 3072 bytes back
Round trip time was 0.469772 milliseconds in repetition 322
tcp_ping received 3072 bytes back
Round trip time was 0.510704 milliseconds in repetition 323
tcp_ping received 3072 bytes back
Round trip time was 0.506758 milliseconds in repetition 324
tcp_ping received 3072 bytes back
Round trip time was 0.514063 milliseconds in repetition 325
tcp_ping received 3072 bytes back
Round trip time was 0.481528 milliseconds in repetition 326
tcp_ping received 3072 bytes back
Round trip time was 0.527506 milliseconds in repetition 327
tcp_ping received 3072 bytes back
Round trip time was 0.492101 milliseconds in repetition 328
tcp_ping received 3072 bytes back
Round trip time was 0.48977 milliseconds in repetition 329
tcp_ping received 3072 bytes back
Round trip time was 0.511459 milliseconds in repetition 330
tcp_ping received 3072 bytes back
Round trip time was 0.495402 milliseconds in repetition 331
tcp_ping received 3072 bytes back
Round trip time was 0.508204 milliseconds in repetition 332
tcp_ping received 3072 bytes back
Round trip time was 0.496058 milliseconds in repetition 333
tcp_ping received 3072 bytes back
Round trip time was 0.504537 milliseconds in repetition 334
tcp_ping received 3072 bytes back
Round trip time was 0.515872 milliseconds in repetition 335
tcp_ping received 3072 bytes back
Round trip time was 0.500007 milliseconds in repetition 336
tcp_ping received 3072 bytes back
Round trip time was 0.477692 milliseconds in repetition 337
tcp_ping received 3072 bytes back
Round trip time was 0.496733 milliseconds in repetition 338
tcp_ping received 3072 bytes back
Round trip time was 0.459288 milliseconds in repetition 339
tcp_ping received 3072 bytes back
Round trip time was 0.491662 milliseconds in repetition 340
tcp_ping received 3072 bytes back
Round trip time was 0.502332 milliseconds in repetition 341
tcp_ping received 3072 bytes back
Round trip time was 0.471581 milliseconds in repetition 342
tcp_ping received 3072 bytes back
Round trip time was 0.459718 milliseconds in repetition 343
tcp_ping received 3072 bytes back
Round trip time was 0.50271 milliseconds in repetition 344
tcp_ping received 3072 bytes back
Round trip time was 0.493734 milliseconds in repetition 345
tcp_ping received 3072 bytes back
Round trip time was 0.502047 milliseconds in repetition 346
tcp_ping received 3072 bytes back
Round trip time was 0.503472 milliseconds in repetition 347
tcp_ping received 3072 bytes back
Round trip time was 0.549253 milliseconds in repetition 348
tcp_ping received 3072 bytes back
Round trip time was 0.479488 milliseconds in repetition 349
tcp_ping received 3072 bytes back
Round trip time was 0.491199 milliseconds in repetition 350
tcp_ping received 3072 bytes back
Round trip time was 0.443364 milliseconds in repetition 351
tcp_ping received 3072 bytes back
Round trip time was 0.489328 milliseconds in repetition 352
tcp_ping received 3072 bytes back
Round trip time was 0.475541 milliseconds in repetition 353
tcp_ping received 3072 bytes back
Round trip time was 0.55128 milliseconds in repetition 354
tcp_ping received 3072 bytes back
Round trip time was 0.494607 milliseconds in repetition 355
tcp_ping received 3072 bytes back
Round trip time was 0.493729 milliseconds in repetition 356
tcp_ping received 3072 bytes back
Round trip time was 0.493221 milliseconds in repetition 357
tcp_ping received 3072 bytes back
Round trip time was 0.498818 milliseconds in repetition 358
tcp_ping received 3072 bytes back
Round trip time was 0.502918 milliseconds in repetition 359
tcp_ping received 3072 bytes back
Round trip time was 0.49483 milliseconds in repetition 360
tcp_ping received 3072 bytes back
Round trip time was 0.481872 milliseconds in repetition 361
tcp_ping received 3072 bytes back
Round trip time was 0.508855 milliseconds in repetition 362
tcp_ping received 3072 bytes back
Round trip time was 0.484111 milliseconds in repetition 363
tcp_ping received 3072 bytes back
Round trip time was 0.49385 milliseconds in repetition 364
tcp_ping received 3072 bytes back
Round trip time was 0.492758 milliseconds in repetition 365
tcp_ping received 3072 bytes back
Round trip time was 0.490864 milliseconds in repetition 366
tcp_ping received 3072 bytes back
Round trip time was 0.515693 milliseconds in repetition 367
tcp_ping received 3072 bytes back
Round trip time was 0.491849 milliseconds in repetition 368
tcp_ping received 3072 bytes back
Round trip time was 0.472218 milliseconds in repetition 369
tcp_ping received 3072 bytes back
Round trip time was 0.499411 milliseconds in repetition 370
tcp_ping received 3072 bytes back
Round trip time was 0.523142 milliseconds in repetition 371
tcp_ping received 3072 bytes back
Round trip time was 0.50466 milliseconds in repetition 372
tcp_ping received 3072 bytes back
Round trip time was 0.495539 milliseconds in repetition 373
tcp_ping received 3072 bytes back
Round trip time was 0.492857 milliseconds in repetition 374
tcp_ping received 3072 bytes back
Round trip time was 0.513752 milliseconds in repetition 375
tcp_ping received 3072 bytes back
Round trip time was 0.509158 milliseconds in repetition 376
tcp_ping received 3072 bytes back
Round trip time was 0.552035 milliseconds in repetition 377
tcp_ping received 3072 bytes back
Round trip time was 0.517656 milliseconds in repetition 378
tcp_ping received 3072 bytes back
Round trip time was 0.454614 milliseconds in repetition 379
tcp_ping received 3072 bytes back
Round trip time was 0.507437 milliseconds in repetition 380
tcp_ping received 3072 bytes back
Round trip time was 0.497435 milliseconds in repetition 381
tcp_ping received 3072 bytes back
Round trip time was 0.491365 milliseconds in repetition 382
tcp_ping received 3072 bytes back
Round trip time was 0.512058 milliseconds in repetition 383
tcp_ping received 3072 bytes back
Round trip time was 0.497627 milliseconds in repetition 384
tcp_ping received 3072 bytes back
Round trip time was 0.602029 milliseconds in repetition 385
tcp_ping received 3072 bytes back
Round trip time was 0.56473 milliseconds in repetition 386
tcp_ping received 3072 bytes back
Round trip time was 0.523201 milliseconds in repetition 387
tcp_ping received 3072 bytes back
Round trip time was 0.49927 milliseconds in repetition 388
tcp_ping received 3072 bytes back
Round trip time was 0.661492 milliseconds in repetition 389
tcp_ping received 3072 bytes back
Round trip time was 0.525274 milliseconds in repetition 390
tcp_ping received 3072 bytes back
Round trip time was 0.497344 milliseconds in repetition 391
tcp_ping received 3072 bytes back
Round trip time was 0.493096 milliseconds in repetition 392
tcp_ping received 3072 bytes back
Round trip time was 0.473371 milliseconds in repetition 393
tcp_ping received 3072 bytes back
Round trip time was 0.4973 milliseconds in repetition 394
tcp_ping received 3072 bytes back
Round trip time was 0.450078 milliseconds in repetition 395
tcp_ping received 3072 bytes back
Round trip time was 0.508694 milliseconds in repetition 396
tcp_ping received 3072 bytes back
Round trip time was 0.513999 milliseconds in repetition 397
tcp_ping received 3072 bytes back
Round trip time was 0.502665 milliseconds in repetition 398
tcp_ping received 3072 bytes back
Round trip time was 0.484907 milliseconds in repetition 399
tcp_ping received 3072 bytes back
Round trip time was 0.505883 milliseconds in repetition 400
tcp_ping received 3072 bytes back
Round trip time was 0.478525 milliseconds in repetition 401
tcp_ping received 3072 bytes back
Round trip time was 0.498047 milliseconds in repetition 402
tcp_ping received 3072 bytes back
Round trip time was 1.20506 milliseconds in repetition 403
tcp_ping received 3072 bytes back
Round trip time was 0.465977 milliseconds in repetition 404
tcp_ping received 3072 bytes back
Round trip time was 0.494657 milliseconds in repetition 405
tcp_ping received 3072 bytes back
Round trip time was 0.515253 milliseconds in repetition 406
tcp_ping received 3072 bytes back
Round trip time was 0.496984 milliseconds in repetition 407
tcp_ping received 3072 bytes back
Round trip time was 0.496173 milliseconds in repetition 408
tcp_ping received 3072 bytes back
Round trip time was 0.519379 milliseconds in repetition 409
tcp_ping received 3072 bytes back
Round trip time was 0.506042 milliseconds in repetition 410
tcp_ping received 3072 bytes back
Round trip time was 0.433875 milliseconds in repetition 411
tcp_ping received 3072 bytes back
Round trip time was 0.522591 milliseconds in repetition 412
tcp_ping received 3072 bytes back
Round trip time was 0.478323 milliseconds in repetition 413
tcp_ping received 3072 bytes back
Round trip time was 0.498246 milliseconds in repetition 414
tcp_ping received 3072 bytes back
Round trip time was 0.509364 milliseconds in repetition 415
tcp_ping received 3072 bytes back
Round trip time was 0.458884 milliseconds in repetition 416
tcp_ping received 3072 bytes back
Round trip time was 0.487531 milliseconds in repetition 417
tcp_ping received 3072 bytes back
Round trip time was 0.484877 milliseconds in repetition 418
tcp_ping received 3072 bytes back
Round trip time was 0.485147 milliseconds in repetition 419
tcp_ping received 3072 bytes back
Round trip time was 0.496099 milliseconds in repetition 420
tcp_ping received 3072 bytes back
Round trip time was 0.486366 milliseconds in repetition 421
tcp_ping received 3072 bytes back
Round trip time was 0.507791 milliseconds in repetition 422
tcp_ping received 3072 bytes back
Round trip time was 0.540244 milliseconds in repetition 423
tcp_ping received 3072 bytes back
Round trip time was 0.493137 milliseconds in repetition 424
tcp_ping received 3072 bytes back
Round trip time was 0.50804 milliseconds in repetition 425
tcp_ping received 3072 bytes back
Round trip time was 0.520583 milliseconds in repetition 426
tcp_ping received 3072 bytes back
Round trip time was 0.457147 milliseconds in repetition 427
tcp_ping received 3072 bytes back
Round trip time was 0.520968 milliseconds in repetition 428
tcp_ping received 3072 bytes back
Round trip time was 0.488717 milliseconds in repetition 429
tcp_ping received 3072 bytes back
Round trip time was 0.674322 milliseconds in repetition 430
tcp_ping received 3072 bytes back
Round trip time was 0.545566 milliseconds in repetition 431
tcp_ping received 3072 bytes back
Round trip time was 0.504851 milliseconds in repetition 432
tcp_ping received 3072 bytes back
Round trip time was 0.470991 milliseconds in repetition 433
tcp_ping received 3072 bytes back
Round trip time was 0.456315 milliseconds in repetition 434
tcp_ping received 3072 bytes back
Round trip time was 0.432736 milliseconds in repetition 435
tcp_ping received 3072 bytes back
Round trip time was 0.450395 milliseconds in repetition 436
tcp_ping received 3072 bytes back
Round trip time was 0.60197 milliseconds in repetition 437
tcp_ping received 3072 bytes back
Round trip time was 0.518183 milliseconds in repetition 438
tcp_ping received 3072 bytes back
Round trip time was 0.440148 milliseconds in repetition 439
tcp_ping received 3072 bytes back
Round trip time was 0.523503 milliseconds in repetition 440
tcp_ping received 3072 bytes back
Round trip time was 0.492489 milliseconds in repetition 441
tcp_ping received 3072 bytes back
Round trip time was 0.508146 milliseconds in repetition 442
tcp_ping received 3072 bytes back
Round trip time was 0.607659 milliseconds in repetition 443
tcp_ping received 3072 bytes back
Round trip time was 0.490667 milliseconds in repetition 444
tcp_ping received 3072 bytes back
Round trip time was 0.52117 milliseconds in repetition 445
tcp_ping received 3072 bytes back
Round trip time was 0.489181 milliseconds in repetition 446
tcp_ping received 3072 bytes back
Round trip time was 0.505539 milliseconds in repetition 447
tcp_ping received 3072 bytes back
Round trip time was 0.465197 milliseconds in repetition 448
tcp_ping received 3072 bytes back
Round trip time was 0.528109 milliseconds in repetition 449
tcp_ping received 3072 bytes back
Round trip time was 0.512373 milliseconds in repetition 450
tcp_ping received 3072 bytes back
Round trip time was 0.462349 milliseconds in repetition 451
tcp_ping received 3072 bytes back
Round trip time was 0.447538 milliseconds in repetition 452
tcp_ping received 3072 bytes back
Round trip time was 0.505341 milliseconds in repetition 453
tcp_ping received 3072 bytes back
Round trip time was 0.492865 milliseconds in repetition 454
tcp_ping received 3072 bytes back
Round trip time was 0.439437 milliseconds in repetition 455
tcp_ping received 3072 bytes back
Round trip time was 0.512848 milliseconds in repetition 456
tcp_ping received 3072 bytes back
Round trip time was 0.587573 milliseconds in repetition 457
tcp_ping received 3072 bytes back
Round trip time was 0.514917 milliseconds in repetition 458
tcp_ping received 3072 bytes back
Round trip time was 0.513962 milliseconds in repetition 459
tcp_ping received 3072 bytes back
Round trip time was 0.48839 milliseconds in repetition 460
tcp_ping received 3072 bytes back
Round trip time was 0.50421 milliseconds in repetition 461
tcp_ping received 3072 bytes back
Round trip time was 0.520287 milliseconds in repetition 462
tcp_ping received 3072 bytes back
Round trip time was 0.457921 milliseconds in repetition 463
tcp_ping received 3072 bytes back
Round trip time was 0.506668 milliseconds in repetition 464
tcp_ping received 3072 bytes back
Round trip time was 0.503529 milliseconds in repetition 465
tcp_ping received 3072 bytes back
Round trip time was 0.499645 milliseconds in repetition 466
tcp_ping received 3072 bytes back
Round trip time was 0.522147 milliseconds in repetition 467
tcp_ping received 3072 bytes back
Round trip time was 0.539544 milliseconds in repetition 468
tcp_ping received 3072 bytes back
Round trip time was 0.491919 milliseconds in repetition 469
tcp_ping received 3072 bytes back
Round trip time was 0.575585 milliseconds in repetition 470
tcp_ping received 3072 bytes back
Round trip time was 0.520712 milliseconds in repetition 471
tcp_ping received 3072 bytes back
Round trip time was 0.494701 milliseconds in repetition 472
tcp_ping received 3072 bytes back
Round trip time was 0.490749 milliseconds in repetition 473
tcp_ping received 3072 bytes back
Round trip time was 0.482914 milliseconds in repetition 474
tcp_ping received 3072 bytes back
Round trip time was 0.431468 milliseconds in repetition 475
tcp_ping received 3072 bytes back
Round trip time was 0.500726 milliseconds in repetition 476
tcp_ping received 3072 bytes back
Round trip time was 0.596708 milliseconds in repetition 477
tcp_ping received 3072 bytes back
Round trip time was 0.534201 milliseconds in repetition 478
tcp_ping received 3072 bytes back
Round trip time was 0.490456 milliseconds in repetition 479
tcp_ping received 3072 bytes back
Round trip time was 0.533429 milliseconds in repetition 480
tcp_ping received 3072 bytes back
Round trip time was 0.741661 milliseconds in repetition 481
tcp_ping received 3072 bytes back
Round trip time was 0.524132 milliseconds in repetition 482
tcp_ping received 3072 bytes back
Round trip time was 0.490917 milliseconds in repetition 483
tcp_ping received 3072 bytes back
Round trip time was 0.491066 milliseconds in repetition 484
tcp_ping received 3072 bytes back
Round trip time was 0.505284 milliseconds in repetition 485
tcp_ping received 3072 bytes back
Round trip time was 0.50749 milliseconds in repetition 486
tcp_ping received 3072 bytes back
Round trip time was 0.513882 milliseconds in repetition 487
tcp_ping received 3072 bytes back
Round trip time was 0.494504 milliseconds in repetition 488
tcp_ping received 3072 bytes back
Round trip time was 0.502542 milliseconds in repetition 489
tcp_ping received 3072 bytes back
Round trip time was 0.562 milliseconds in repetition 490
tcp_ping received 3072 bytes back
Round trip time was 0.626994 milliseconds in repetition 491
tcp_ping received 3072 bytes back
Round trip time was 0.515209 milliseconds in repetition 492
tcp_ping received 3072 bytes back
Round trip time was 0.516526 milliseconds in repetition 493
tcp_ping received 3072 bytes back
Round trip time was 0.504516 milliseconds in repetition 494
tcp_ping received 3072 bytes back
Round trip time was 0.448016 milliseconds in repetition 495
tcp_ping received 3072 bytes back
Round trip time was 0.490656 milliseconds in repetition 496
tcp_ping received 3072 bytes back
Round trip time was 0.542071 milliseconds in repetition 497
tcp_ping received 3072 bytes back
Round trip time was 0.507467 milliseconds in repetition 498
tcp_ping received 3072 bytes back
Round trip time was 0.457852 milliseconds in repetition 499
tcp_ping received 3072 bytes back
Round trip time was 0.518451 milliseconds in repetition 500
tcp_ping received 3072 bytes back
Round trip time was 0.541673 milliseconds in repetition 501

 ... clock resolution was 1e-06
TCP Ping:  Statistics over 501 repetitions of 3072 byte messages

RTT : percentile 10: 0.466179, median: 0.504537, percentile 90: 0.558378, average: 0.577822, variance: 0.831734

RTT histogram:
0.420957 488
1.42325 8
2.42555 4
3.42785 0
4.43014 0
5.43244 0
6.43473 0
7.43703 0
8.43933 0
9.44162 0
10.4439 0
11.4462 0
12.4485 0
13.4508 0
14.4531 0
15.4554 0
16.4577 0
17.46 0
18.4623 0
19.4646 0
20.4669 1

   median Throughput : 12177.5 KB/s   overall Throughput : 10633 KB/s

