TCP Ping trying to connect to server seti.dibris.unige.it (130.251.61.30) on port 1491
 ... connected to Pong server: asking for 501 repetitions of 12288 bytes TCP messages
 ... Pong server agreed :-)
tcp_ping received 12288 bytes back
Round trip time was 22.4242 milliseconds in repetition 1
tcp_ping received 12288 bytes back
Round trip time was 4.49438 milliseconds in repetition 2
tcp_ping received 12288 bytes back
Round trip time was 4.25038 milliseconds in repetition 3
tcp_ping received 12288 bytes back
Round trip time was 2.61103 milliseconds in repetition 4
tcp_ping received 12288 bytes back
Round trip time was 1.15606 milliseconds in repetition 5
tcp_ping received 12288 bytes back
Round trip time was 1.108 milliseconds in repetition 6
tcp_ping received 12288 bytes back
Round trip time was 0.913663 milliseconds in repetition 7
tcp_ping received 12288 bytes back
Round trip time was 1.07257 milliseconds in repetition 8
tcp_ping received 12288 bytes back
Round trip time was 0.93221 milliseconds in repetition 9
tcp_ping received 12288 bytes back
Round trip time was 1.07053 milliseconds in repetition 10
tcp_ping received 12288 bytes back
Round trip time was 0.936248 milliseconds in repetition 11
tcp_ping received 12288 bytes back
Round trip time was 1.07063 milliseconds in repetition 12
tcp_ping received 12288 bytes back
Round trip time was 0.93872 milliseconds in repetition 13
tcp_ping received 12288 bytes back
Round trip time was 1.11153 milliseconds in repetition 14
tcp_ping received 12288 bytes back
Round trip time was 0.856251 milliseconds in repetition 15
tcp_ping received 12288 bytes back
Round trip time was 1.09186 milliseconds in repetition 16
tcp_ping received 12288 bytes back
Round trip time was 1.01227 milliseconds in repetition 17
tcp_ping received 12288 bytes back
Round trip time was 1.1123 milliseconds in repetition 18
tcp_ping received 12288 bytes back
Round trip time was 0.774486 milliseconds in repetition 19
tcp_ping received 12288 bytes back
Round trip time was 1.06543 milliseconds in repetition 20
tcp_ping received 12288 bytes back
Round trip time was 0.935347 milliseconds in repetition 21
tcp_ping received 12288 bytes back
Round trip time was 1.09147 milliseconds in repetition 22
tcp_ping received 12288 bytes back
Round trip time was 0.929811 milliseconds in repetition 23
tcp_ping received 12288 bytes back
Round trip time was 1.09508 milliseconds in repetition 24
tcp_ping received 12288 bytes back
Round trip time was 0.935462 milliseconds in repetition 25
tcp_ping received 12288 bytes back
Round trip time was 1.04721 milliseconds in repetition 26
tcp_ping received 12288 bytes back
Round trip time was 1.15059 milliseconds in repetition 27
tcp_ping received 12288 bytes back
Round trip time was 0.948728 milliseconds in repetition 28
tcp_ping received 12288 bytes back
Round trip time was 1.40325 milliseconds in repetition 29
tcp_ping received 12288 bytes back
Round trip time was 0.903589 milliseconds in repetition 30
tcp_ping received 12288 bytes back
Round trip time was 1.06757 milliseconds in repetition 31
tcp_ping received 12288 bytes back
Round trip time was 0.929935 milliseconds in repetition 32
tcp_ping received 12288 bytes back
Round trip time was 1.07361 milliseconds in repetition 33
tcp_ping received 12288 bytes back
Round trip time was 0.906551 milliseconds in repetition 34
tcp_ping received 12288 bytes back
Round trip time was 1.06864 milliseconds in repetition 35
tcp_ping received 12288 bytes back
Round trip time was 0.944883 milliseconds in repetition 36
tcp_ping received 12288 bytes back
Round trip time was 1.17928 milliseconds in repetition 37
tcp_ping received 12288 bytes back
Round trip time was 0.771712 milliseconds in repetition 38
tcp_ping received 12288 bytes back
Round trip time was 1.06787 milliseconds in repetition 39
tcp_ping received 12288 bytes back
Round trip time was 0.917923 milliseconds in repetition 40
tcp_ping received 12288 bytes back
Round trip time was 1.11987 milliseconds in repetition 41
tcp_ping received 12288 bytes back
Round trip time was 0.90036 milliseconds in repetition 42
tcp_ping received 12288 bytes back
Round trip time was 0.812955 milliseconds in repetition 43
tcp_ping received 12288 bytes back
Round trip time was 1.11431 milliseconds in repetition 44
tcp_ping received 12288 bytes back
Round trip time was 0.931526 milliseconds in repetition 45
tcp_ping received 12288 bytes back
Round trip time was 1.06297 milliseconds in repetition 46
tcp_ping received 12288 bytes back
Round trip time was 1.61862 milliseconds in repetition 47
tcp_ping received 12288 bytes back
Round trip time was 0.861521 milliseconds in repetition 48
tcp_ping received 12288 bytes back
Round trip time was 1.02481 milliseconds in repetition 49
tcp_ping received 12288 bytes back
Round trip time was 1.04103 milliseconds in repetition 50
tcp_ping received 12288 bytes back
Round trip time was 0.929446 milliseconds in repetition 51
tcp_ping received 12288 bytes back
Round trip time was 1.08877 milliseconds in repetition 52
tcp_ping received 12288 bytes back
Round trip time was 1.06797 milliseconds in repetition 53
tcp_ping received 12288 bytes back
Round trip time was 0.867248 milliseconds in repetition 54
tcp_ping received 12288 bytes back
Round trip time was 1.06824 milliseconds in repetition 55
tcp_ping received 12288 bytes back
Round trip time was 0.938655 milliseconds in repetition 56
tcp_ping received 12288 bytes back
Round trip time was 1.3326 milliseconds in repetition 57
tcp_ping received 12288 bytes back
Round trip time was 0.981356 milliseconds in repetition 58
tcp_ping received 12288 bytes back
Round trip time was 0.913198 milliseconds in repetition 59
tcp_ping received 12288 bytes back
Round trip time was 0.985703 milliseconds in repetition 60
tcp_ping received 12288 bytes back
Round trip time was 0.956172 milliseconds in repetition 61
tcp_ping received 12288 bytes back
Round trip time was 1.01002 milliseconds in repetition 62
tcp_ping received 12288 bytes back
Round trip time was 1.02043 milliseconds in repetition 63
tcp_ping received 12288 bytes back
Round trip time was 0.923161 milliseconds in repetition 64
tcp_ping received 12288 bytes back
Round trip time was 0.964167 milliseconds in repetition 65
tcp_ping received 12288 bytes back
Round trip time was 0.927101 milliseconds in repetition 66
tcp_ping received 12288 bytes back
Round trip time was 0.904068 milliseconds in repetition 67
tcp_ping received 12288 bytes back
Round trip time was 1.00822 milliseconds in repetition 68
tcp_ping received 12288 bytes back
Round trip time was 0.934405 milliseconds in repetition 69
tcp_ping received 12288 bytes back
Round trip time was 0.84662 milliseconds in repetition 70
tcp_ping received 12288 bytes back
Round trip time was 1.08246 milliseconds in repetition 71
tcp_ping received 12288 bytes back
Round trip time was 0.933616 milliseconds in repetition 72
tcp_ping received 12288 bytes back
Round trip time was 1.05353 milliseconds in repetition 73
tcp_ping received 12288 bytes back
Round trip time was 0.872158 milliseconds in repetition 74
tcp_ping received 12288 bytes back
Round trip time was 1.05139 milliseconds in repetition 75
tcp_ping received 12288 bytes back
Round trip time was 1.20343 milliseconds in repetition 76
tcp_ping received 12288 bytes back
Round trip time was 0.898026 milliseconds in repetition 77
tcp_ping received 12288 bytes back
Round trip time was 1.11883 milliseconds in repetition 78
tcp_ping received 12288 bytes back
Round trip time was 0.838731 milliseconds in repetition 79
tcp_ping received 12288 bytes back
Round trip time was 1.06708 milliseconds in repetition 80
tcp_ping received 12288 bytes back
Round trip time was 0.897449 milliseconds in repetition 81
tcp_ping received 12288 bytes back
Round trip time was 1.01973 milliseconds in repetition 82
tcp_ping received 12288 bytes back
Round trip time was 1.4978 milliseconds in repetition 83
tcp_ping received 12288 bytes back
Round trip time was 1.08118 milliseconds in repetition 84
tcp_ping received 12288 bytes back
Round trip time was 0.772998 milliseconds in repetition 85
tcp_ping received 12288 bytes back
Round trip time was 1.02659 milliseconds in repetition 86
tcp_ping received 12288 bytes back
Round trip time was 1.00939 milliseconds in repetition 87
tcp_ping received 12288 bytes back
Round trip time was 0.883402 milliseconds in repetition 88
tcp_ping received 12288 bytes back
Round trip time was 1.11287 milliseconds in repetition 89
tcp_ping received 12288 bytes back
Round trip time was 1.01702 milliseconds in repetition 90
tcp_ping received 12288 bytes back
Round trip time was 1.34371 milliseconds in repetition 91
tcp_ping received 12288 bytes back
Round trip time was 0.855096 milliseconds in repetition 92
tcp_ping received 12288 bytes back
Round trip time was 1.15856 milliseconds in repetition 93
tcp_ping received 12288 bytes back
Round trip time was 0.932425 milliseconds in repetition 94
tcp_ping received 12288 bytes back
Round trip time was 1.0619 milliseconds in repetition 95
tcp_ping received 12288 bytes back
Round trip time was 2.02964 milliseconds in repetition 96
tcp_ping received 12288 bytes back
Round trip time was 1.69738 milliseconds in repetition 97
tcp_ping received 12288 bytes back
Round trip time was 1.12551 milliseconds in repetition 98
tcp_ping received 12288 bytes back
Round trip time was 1.30316 milliseconds in repetition 99
tcp_ping received 12288 bytes back
Round trip time was 1.17376 milliseconds in repetition 100
tcp_ping received 12288 bytes back
Round trip time was 1.21107 milliseconds in repetition 101
tcp_ping received 12288 bytes back
Round trip time was 0.985307 milliseconds in repetition 102
tcp_ping received 12288 bytes back
Round trip time was 1.00149 milliseconds in repetition 103
tcp_ping received 12288 bytes back
Round trip time was 1.40656 milliseconds in repetition 104
tcp_ping received 12288 bytes back
Round trip time was 1.17049 milliseconds in repetition 105
tcp_ping received 12288 bytes back
Round trip time was 0.919867 milliseconds in repetition 106
tcp_ping received 12288 bytes back
Round trip time was 1.07193 milliseconds in repetition 107
tcp_ping received 12288 bytes back
Round trip time was 0.904009 milliseconds in repetition 108
tcp_ping received 12288 bytes back
Round trip time was 1.09597 milliseconds in repetition 109
tcp_ping received 12288 bytes back
Round trip time was 1.07526 milliseconds in repetition 110
tcp_ping received 12288 bytes back
Round trip time was 0.877695 milliseconds in repetition 111
tcp_ping received 12288 bytes back
Round trip time was 1.08144 milliseconds in repetition 112
tcp_ping received 12288 bytes back
Round trip time was 0.901395 milliseconds in repetition 113
tcp_ping received 12288 bytes back
Round trip time was 1.09608 milliseconds in repetition 114
tcp_ping received 12288 bytes back
Round trip time was 0.879688 milliseconds in repetition 115
tcp_ping received 12288 bytes back
Round trip time was 1.0782 milliseconds in repetition 116
tcp_ping received 12288 bytes back
Round trip time was 0.887132 milliseconds in repetition 117
tcp_ping received 12288 bytes back
Round trip time was 1.01002 milliseconds in repetition 118
tcp_ping received 12288 bytes back
Round trip time was 1.75842 milliseconds in repetition 119
tcp_ping received 12288 bytes back
Round trip time was 0.819761 milliseconds in repetition 120
tcp_ping received 12288 bytes back
Round trip time was 1.07731 milliseconds in repetition 121
tcp_ping received 12288 bytes back
Round trip time was 0.943399 milliseconds in repetition 122
tcp_ping received 12288 bytes back
Round trip time was 1.05712 milliseconds in repetition 123
tcp_ping received 12288 bytes back
Round trip time was 0.891736 milliseconds in repetition 124
tcp_ping received 12288 bytes back
Round trip time was 1.01219 milliseconds in repetition 125
tcp_ping received 12288 bytes back
Round trip time was 0.889057 milliseconds in repetition 126
tcp_ping received 12288 bytes back
Round trip time was 1.07476 milliseconds in repetition 127
tcp_ping received 12288 bytes back
Round trip time was 0.901161 milliseconds in repetition 128
tcp_ping received 12288 bytes back
Round trip time was 1.1115 milliseconds in repetition 129
tcp_ping received 12288 bytes back
Round trip time was 0.778238 milliseconds in repetition 130
tcp_ping received 12288 bytes back
Round trip time was 1.05684 milliseconds in repetition 131
tcp_ping received 12288 bytes back
Round trip time was 0.889367 milliseconds in repetition 132
tcp_ping received 12288 bytes back
Round trip time was 1.08652 milliseconds in repetition 133
tcp_ping received 12288 bytes back
Round trip time was 0.7692 milliseconds in repetition 134
tcp_ping received 12288 bytes back
Round trip time was 1.04496 milliseconds in repetition 135
tcp_ping received 12288 bytes back
Round trip time was 1.16985 milliseconds in repetition 136
tcp_ping received 12288 bytes back
Round trip time was 2.27611 milliseconds in repetition 137
tcp_ping received 12288 bytes back
Round trip time was 1.25704 milliseconds in repetition 138
tcp_ping received 12288 bytes back
Round trip time was 1.43964 milliseconds in repetition 139
tcp_ping received 12288 bytes back
Round trip time was 0.974306 milliseconds in repetition 140
tcp_ping received 12288 bytes back
Round trip time was 1.07734 milliseconds in repetition 141
tcp_ping received 12288 bytes back
Round trip time was 0.886053 milliseconds in repetition 142
tcp_ping received 12288 bytes back
Round trip time was 1.09894 milliseconds in repetition 143
tcp_ping received 12288 bytes back
Round trip time was 0.911477 milliseconds in repetition 144
tcp_ping received 12288 bytes back
Round trip time was 1.00433 milliseconds in repetition 145
tcp_ping received 12288 bytes back
Round trip time was 0.855131 milliseconds in repetition 146
tcp_ping received 12288 bytes back
Round trip time was 1.07208 milliseconds in repetition 147
tcp_ping received 12288 bytes back
Round trip time was 1.3248 milliseconds in repetition 148
tcp_ping received 12288 bytes back
Round trip time was 1.20714 milliseconds in repetition 149
tcp_ping received 12288 bytes back
Round trip time was 0.836757 milliseconds in repetition 150
tcp_ping received 12288 bytes back
Round trip time was 1.06964 milliseconds in repetition 151
tcp_ping received 12288 bytes back
Round trip time was 0.917032 milliseconds in repetition 152
tcp_ping received 12288 bytes back
Round trip time was 1.06416 milliseconds in repetition 153
tcp_ping received 12288 bytes back
Round trip time was 0.886087 milliseconds in repetition 154
tcp_ping received 12288 bytes back
Round trip time was 0.988838 milliseconds in repetition 155
tcp_ping received 12288 bytes back
Round trip time was 1.04365 milliseconds in repetition 156
tcp_ping received 12288 bytes back
Round trip time was 0.926663 milliseconds in repetition 157
tcp_ping received 12288 bytes back
Round trip time was 1.09065 milliseconds in repetition 158
tcp_ping received 12288 bytes back
Round trip time was 0.904861 milliseconds in repetition 159
tcp_ping received 12288 bytes back
Round trip time was 1.04039 milliseconds in repetition 160
tcp_ping received 12288 bytes back
Round trip time was 1.08693 milliseconds in repetition 161
tcp_ping received 12288 bytes back
Round trip time was 0.884117 milliseconds in repetition 162
tcp_ping received 12288 bytes back
Round trip time was 0.996216 milliseconds in repetition 163
tcp_ping received 12288 bytes back
Round trip time was 1.27632 milliseconds in repetition 164
tcp_ping received 12288 bytes back
Round trip time was 1.38489 milliseconds in repetition 165
tcp_ping received 12288 bytes back
Round trip time was 0.980875 milliseconds in repetition 166
tcp_ping received 12288 bytes back
Round trip time was 1.09227 milliseconds in repetition 167
tcp_ping received 12288 bytes back
Round trip time was 1.09101 milliseconds in repetition 168
tcp_ping received 12288 bytes back
Round trip time was 0.882127 milliseconds in repetition 169
tcp_ping received 12288 bytes back
Round trip time was 1.06247 milliseconds in repetition 170
tcp_ping received 12288 bytes back
Round trip time was 0.855149 milliseconds in repetition 171
tcp_ping received 12288 bytes back
Round trip time was 1.08487 milliseconds in repetition 172
tcp_ping received 12288 bytes back
Round trip time was 0.910895 milliseconds in repetition 173
tcp_ping received 12288 bytes back
Round trip time was 1.06184 milliseconds in repetition 174
tcp_ping received 12288 bytes back
Round trip time was 0.894454 milliseconds in repetition 175
tcp_ping received 12288 bytes back
Round trip time was 1.08722 milliseconds in repetition 176
tcp_ping received 12288 bytes back
Round trip time was 0.897553 milliseconds in repetition 177
tcp_ping received 12288 bytes back
Round trip time was 1.07171 milliseconds in repetition 178
tcp_ping received 12288 bytes back
Round trip time was 1.05737 milliseconds in repetition 179
tcp_ping received 12288 bytes back
Round trip time was 1.03915 milliseconds in repetition 180
tcp_ping received 12288 bytes back
Round trip time was 0.947531 milliseconds in repetition 181
tcp_ping received 12288 bytes back
Round trip time was 1.06932 milliseconds in repetition 182
tcp_ping received 12288 bytes back
Round trip time was 0.907714 milliseconds in repetition 183
tcp_ping received 12288 bytes back
Round trip time was 1.05541 milliseconds in repetition 184
tcp_ping received 12288 bytes back
Round trip time was 0.869879 milliseconds in repetition 185
tcp_ping received 12288 bytes back
Round trip time was 1.08508 milliseconds in repetition 186
tcp_ping received 12288 bytes back
Round trip time was 1.27768 milliseconds in repetition 187
tcp_ping received 12288 bytes back
Round trip time was 0.917727 milliseconds in repetition 188
tcp_ping received 12288 bytes back
Round trip time was 1.09011 milliseconds in repetition 189
tcp_ping received 12288 bytes back
Round trip time was 0.809587 milliseconds in repetition 190
tcp_ping received 12288 bytes back
Round trip time was 1.06601 milliseconds in repetition 191
tcp_ping received 12288 bytes back
Round trip time was 0.883715 milliseconds in repetition 192
tcp_ping received 12288 bytes back
Round trip time was 1.09328 milliseconds in repetition 193
tcp_ping received 12288 bytes back
Round trip time was 0.827382 milliseconds in repetition 194
tcp_ping received 12288 bytes back
Round trip time was 1.01015 milliseconds in repetition 195
tcp_ping received 12288 bytes back
Round trip time was 1.00929 milliseconds in repetition 196
tcp_ping received 12288 bytes back
Round trip time was 1.07462 milliseconds in repetition 197
tcp_ping received 12288 bytes back
Round trip time was 0.891866 milliseconds in repetition 198
tcp_ping received 12288 bytes back
Round trip time was 1.08639 milliseconds in repetition 199
tcp_ping received 12288 bytes back
Round trip time was 0.882722 milliseconds in repetition 200
tcp_ping received 12288 bytes back
Round trip time was 1.08926 milliseconds in repetition 201
tcp_ping received 12288 bytes back
Round trip time was 0.866662 milliseconds in repetition 202
tcp_ping received 12288 bytes back
Round trip time was 1.0106 milliseconds in repetition 203
tcp_ping received 12288 bytes back
Round trip time was 1.04042 milliseconds in repetition 204
tcp_ping received 12288 bytes back
Round trip time was 0.782646 milliseconds in repetition 205
tcp_ping received 12288 bytes back
Round trip time was 1.08467 milliseconds in repetition 206
tcp_ping received 12288 bytes back
Round trip time was 1.24816 milliseconds in repetition 207
tcp_ping received 12288 bytes back
Round trip time was 0.913088 milliseconds in repetition 208
tcp_ping received 12288 bytes back
Round trip time was 1.00511 milliseconds in repetition 209
tcp_ping received 12288 bytes back
Round trip time was 1.09677 milliseconds in repetition 210
tcp_ping received 12288 bytes back
Round trip time was 0.758583 milliseconds in repetition 211
tcp_ping received 12288 bytes back
Round trip time was 1.09151 milliseconds in repetition 212
tcp_ping received 12288 bytes back
Round trip time was 0.823509 milliseconds in repetition 213
tcp_ping received 12288 bytes back
Round trip time was 1.07407 milliseconds in repetition 214
tcp_ping received 12288 bytes back
Round trip time was 0.88162 milliseconds in repetition 215
tcp_ping received 12288 bytes back
Round trip time was 1.05595 milliseconds in repetition 216
tcp_ping received 12288 bytes back
Round trip time was 0.821072 milliseconds in repetition 217
tcp_ping received 12288 bytes back
Round trip time was 1.05911 milliseconds in repetition 218
tcp_ping received 12288 bytes back
Round trip time was 0.927511 milliseconds in repetition 219
tcp_ping received 12288 bytes back
Round trip time was 1.05103 milliseconds in repetition 220
tcp_ping received 12288 bytes back
Round trip time was 0.812292 milliseconds in repetition 221
tcp_ping received 12288 bytes back
Round trip time was 1.08762 milliseconds in repetition 222
tcp_ping received 12288 bytes back
Round trip time was 0.750766 milliseconds in repetition 223
tcp_ping received 12288 bytes back
Round trip time was 1.04786 milliseconds in repetition 224
tcp_ping received 12288 bytes back
Round trip time was 0.919838 milliseconds in repetition 225
tcp_ping received 12288 bytes back
Round trip time was 1.03803 milliseconds in repetition 226
tcp_ping received 12288 bytes back
Round trip time was 0.922271 milliseconds in repetition 227
tcp_ping received 12288 bytes back
Round trip time was 1.44987 milliseconds in repetition 228
tcp_ping received 12288 bytes back
Round trip time was 1.01772 milliseconds in repetition 229
tcp_ping received 12288 bytes back
Round trip time was 2.79013 milliseconds in repetition 230
tcp_ping received 12288 bytes back
Round trip time was 1.06857 milliseconds in repetition 231
tcp_ping received 12288 bytes back
Round trip time was 0.900688 milliseconds in repetition 232
tcp_ping received 12288 bytes back
Round trip time was 1.06431 milliseconds in repetition 233
tcp_ping received 12288 bytes back
Round trip time was 0.815472 milliseconds in repetition 234
tcp_ping received 12288 bytes back
Round trip time was 1.0862 milliseconds in repetition 235
tcp_ping received 12288 bytes back
Round trip time was 1.26201 milliseconds in repetition 236
tcp_ping received 12288 bytes back
Round trip time was 1.06968 milliseconds in repetition 237
tcp_ping received 12288 bytes back
Round trip time was 0.880859 milliseconds in repetition 238
tcp_ping received 12288 bytes back
Round trip time was 1.08652 milliseconds in repetition 239
tcp_ping received 12288 bytes back
Round trip time was 0.820018 milliseconds in repetition 240
tcp_ping received 12288 bytes back
Round trip time was 1.94424 milliseconds in repetition 241
tcp_ping received 12288 bytes back
Round trip time was 1.06945 milliseconds in repetition 242
tcp_ping received 12288 bytes back
Round trip time was 0.928122 milliseconds in repetition 243
tcp_ping received 12288 bytes back
Round trip time was 1.09852 milliseconds in repetition 244
tcp_ping received 12288 bytes back
Round trip time was 1.05445 milliseconds in repetition 245
tcp_ping received 12288 bytes back
Round trip time was 0.88319 milliseconds in repetition 246
tcp_ping received 12288 bytes back
Round trip time was 1.07327 milliseconds in repetition 247
tcp_ping received 12288 bytes back
Round trip time was 0.89665 milliseconds in repetition 248
tcp_ping received 12288 bytes back
Round trip time was 1.10278 milliseconds in repetition 249
tcp_ping received 12288 bytes back
Round trip time was 1.10792 milliseconds in repetition 250
tcp_ping received 12288 bytes back
Round trip time was 1.09489 milliseconds in repetition 251
tcp_ping received 12288 bytes back
Round trip time was 0.942549 milliseconds in repetition 252
tcp_ping received 12288 bytes back
Round trip time was 1.09591 milliseconds in repetition 253
tcp_ping received 12288 bytes back
Round trip time was 0.905022 milliseconds in repetition 254
tcp_ping received 12288 bytes back
Round trip time was 1.08668 milliseconds in repetition 255
tcp_ping received 12288 bytes back
Round trip time was 0.862293 milliseconds in repetition 256
tcp_ping received 12288 bytes back
Round trip time was 1.0932 milliseconds in repetition 257
tcp_ping received 12288 bytes back
Round trip time was 1.2337 milliseconds in repetition 258
tcp_ping received 12288 bytes back
Round trip time was 1.00231 milliseconds in repetition 259
tcp_ping received 12288 bytes back
Round trip time was 1.40827 milliseconds in repetition 260
tcp_ping received 12288 bytes back
Round trip time was 0.906477 milliseconds in repetition 261
tcp_ping received 12288 bytes back
Round trip time was 2.28492 milliseconds in repetition 262
tcp_ping received 12288 bytes back
Round trip time was 1.093 milliseconds in repetition 263
tcp_ping received 12288 bytes back
Round trip time was 1.16796 milliseconds in repetition 264
tcp_ping received 12288 bytes back
Round trip time was 1.39667 milliseconds in repetition 265
tcp_ping received 12288 bytes back
Round trip time was 0.895274 milliseconds in repetition 266
tcp_ping received 12288 bytes back
Round trip time was 1.07676 milliseconds in repetition 267
tcp_ping received 12288 bytes back
Round trip time was 0.92036 milliseconds in repetition 268
tcp_ping received 12288 bytes back
Round trip time was 0.999972 milliseconds in repetition 269
tcp_ping received 12288 bytes back
Round trip time was 0.855276 milliseconds in repetition 270
tcp_ping received 12288 bytes back
Round trip time was 1.04243 milliseconds in repetition 271
tcp_ping received 12288 bytes back
Round trip time was 1.39431 milliseconds in repetition 272
tcp_ping received 12288 bytes back
Round trip time was 0.854965 milliseconds in repetition 273
tcp_ping received 12288 bytes back
Round trip time was 1.06398 milliseconds in repetition 274
tcp_ping received 12288 bytes back
Round trip time was 0.934236 milliseconds in repetition 275
tcp_ping received 12288 bytes back
Round trip time was 1.06026 milliseconds in repetition 276
tcp_ping received 12288 bytes back
Round trip time was 0.869482 milliseconds in repetition 277
tcp_ping received 12288 bytes back
Round trip time was 1.09226 milliseconds in repetition 278
tcp_ping received 12288 bytes back
Round trip time was 1.03956 milliseconds in repetition 279
tcp_ping received 12288 bytes back
Round trip time was 0.871317 milliseconds in repetition 280
tcp_ping received 12288 bytes back
Round trip time was 1.08833 milliseconds in repetition 281
tcp_ping received 12288 bytes back
Round trip time was 0.894395 milliseconds in repetition 282
tcp_ping received 12288 bytes back
Round trip time was 1.06196 milliseconds in repetition 283
tcp_ping received 12288 bytes back
Round trip time was 0.892587 milliseconds in repetition 284
tcp_ping received 12288 bytes back
Round trip time was 1.00319 milliseconds in repetition 285
tcp_ping received 12288 bytes back
Round trip time was 0.928635 milliseconds in repetition 286
tcp_ping received 12288 bytes back
Round trip time was 1.06491 milliseconds in repetition 287
tcp_ping received 12288 bytes back
Round trip time was 0.897973 milliseconds in repetition 288
tcp_ping received 12288 bytes back
Round trip time was 1.07107 milliseconds in repetition 289
tcp_ping received 12288 bytes back
Round trip time was 0.887985 milliseconds in repetition 290
tcp_ping received 12288 bytes back
Round trip time was 1.09751 milliseconds in repetition 291
tcp_ping received 12288 bytes back
Round trip time was 0.938149 milliseconds in repetition 292
tcp_ping received 12288 bytes back
Round trip time was 1.02209 milliseconds in repetition 293
tcp_ping received 12288 bytes back
Round trip time was 1.01336 milliseconds in repetition 294
tcp_ping received 12288 bytes back
Round trip time was 1.45049 milliseconds in repetition 295
tcp_ping received 12288 bytes back
Round trip time was 0.946968 milliseconds in repetition 296
tcp_ping received 12288 bytes back
Round trip time was 1.03884 milliseconds in repetition 297
tcp_ping received 12288 bytes back
Round trip time was 0.945747 milliseconds in repetition 298
tcp_ping received 12288 bytes back
Round trip time was 1.00527 milliseconds in repetition 299
tcp_ping received 12288 bytes back
Round trip time was 1.03086 milliseconds in repetition 300
tcp_ping received 12288 bytes back
Round trip time was 0.962105 milliseconds in repetition 301
tcp_ping received 12288 bytes back
Round trip time was 1.01765 milliseconds in repetition 302
tcp_ping received 12288 bytes back
Round trip time was 0.940081 milliseconds in repetition 303
tcp_ping received 12288 bytes back
Round trip time was 0.948566 milliseconds in repetition 304
tcp_ping received 12288 bytes back
Round trip time was 1.08357 milliseconds in repetition 305
tcp_ping received 12288 bytes back
Round trip time was 0.91932 milliseconds in repetition 306
tcp_ping received 12288 bytes back
Round trip time was 1.0319 milliseconds in repetition 307
tcp_ping received 12288 bytes back
Round trip time was 0.932856 milliseconds in repetition 308
tcp_ping received 12288 bytes back
Round trip time was 1.02411 milliseconds in repetition 309
tcp_ping received 12288 bytes back
Round trip time was 1.10812 milliseconds in repetition 310
tcp_ping received 12288 bytes back
Round trip time was 0.915062 milliseconds in repetition 311
tcp_ping received 12288 bytes back
Round trip time was 1.0141 milliseconds in repetition 312
tcp_ping received 12288 bytes back
Round trip time was 0.92788 milliseconds in repetition 313
tcp_ping received 12288 bytes back
Round trip time was 1.029 milliseconds in repetition 314
tcp_ping received 12288 bytes back
Round trip time was 0.936688 milliseconds in repetition 315
tcp_ping received 12288 bytes back
Round trip time was 1.0213 milliseconds in repetition 316
tcp_ping received 12288 bytes back
Round trip time was 1.24396 milliseconds in repetition 317
tcp_ping received 12288 bytes back
Round trip time was 1.06739 milliseconds in repetition 318
tcp_ping received 12288 bytes back
Round trip time was 1.20935 milliseconds in repetition 319
tcp_ping received 12288 bytes back
Round trip time was 0.946552 milliseconds in repetition 320
tcp_ping received 12288 bytes back
Round trip time was 1.08793 milliseconds in repetition 321
tcp_ping received 12288 bytes back
Round trip time was 1.04429 milliseconds in repetition 322
tcp_ping received 12288 bytes back
Round trip time was 0.902823 milliseconds in repetition 323
tcp_ping received 12288 bytes back
Round trip time was 1.01642 milliseconds in repetition 324
tcp_ping received 12288 bytes back
Round trip time was 1.03691 milliseconds in repetition 325
tcp_ping received 12288 bytes back
Round trip time was 1.23444 milliseconds in repetition 326
tcp_ping received 12288 bytes back
Round trip time was 0.929056 milliseconds in repetition 327
tcp_ping received 12288 bytes back
Round trip time was 1.05978 milliseconds in repetition 328
tcp_ping received 12288 bytes back
Round trip time was 0.829539 milliseconds in repetition 329
tcp_ping received 12288 bytes back
Round trip time was 1.05737 milliseconds in repetition 330
tcp_ping received 12288 bytes back
Round trip time was 0.946273 milliseconds in repetition 331
tcp_ping received 12288 bytes back
Round trip time was 0.998939 milliseconds in repetition 332
tcp_ping received 12288 bytes back
Round trip time was 1.12888 milliseconds in repetition 333
tcp_ping received 12288 bytes back
Round trip time was 0.954908 milliseconds in repetition 334
tcp_ping received 12288 bytes back
Round trip time was 0.978481 milliseconds in repetition 335
tcp_ping received 12288 bytes back
Round trip time was 0.908499 milliseconds in repetition 336
tcp_ping received 12288 bytes back
Round trip time was 0.985956 milliseconds in repetition 337
tcp_ping received 12288 bytes back
Round trip time was 0.96411 milliseconds in repetition 338
tcp_ping received 12288 bytes back
Round trip time was 0.942733 milliseconds in repetition 339
tcp_ping received 12288 bytes back
Round trip time was 0.865318 milliseconds in repetition 340
tcp_ping received 12288 bytes back
Round trip time was 1.01519 milliseconds in repetition 341
tcp_ping received 12288 bytes back
Round trip time was 0.943786 milliseconds in repetition 342
tcp_ping received 12288 bytes back
Round trip time was 1.16395 milliseconds in repetition 343
tcp_ping received 12288 bytes back
Round trip time was 0.692675 milliseconds in repetition 344
tcp_ping received 12288 bytes back
Round trip time was 1.00334 milliseconds in repetition 345
tcp_ping received 12288 bytes back
Round trip time was 0.925132 milliseconds in repetition 346
tcp_ping received 12288 bytes back
Round trip time was 0.962901 milliseconds in repetition 347
tcp_ping received 12288 bytes back
Round trip time was 1.00135 milliseconds in repetition 348
tcp_ping received 12288 bytes back
Round trip time was 0.936713 milliseconds in repetition 349
tcp_ping received 12288 bytes back
Round trip time was 0.722812 milliseconds in repetition 350
tcp_ping received 12288 bytes back
Round trip time was 1.0003 milliseconds in repetition 351
tcp_ping received 12288 bytes back
Round trip time was 1.01894 milliseconds in repetition 352
tcp_ping received 12288 bytes back
Round trip time was 0.943582 milliseconds in repetition 353
tcp_ping received 12288 bytes back
Round trip time was 1.01143 milliseconds in repetition 354
tcp_ping received 12288 bytes back
Round trip time was 0.948661 milliseconds in repetition 355
tcp_ping received 12288 bytes back
Round trip time was 1.01223 milliseconds in repetition 356
tcp_ping received 12288 bytes back
Round trip time was 0.943838 milliseconds in repetition 357
tcp_ping received 12288 bytes back
Round trip time was 1.03104 milliseconds in repetition 358
tcp_ping received 12288 bytes back
Round trip time was 0.917203 milliseconds in repetition 359
tcp_ping received 12288 bytes back
Round trip time was 1.04886 milliseconds in repetition 360
tcp_ping received 12288 bytes back
Round trip time was 0.933175 milliseconds in repetition 361
tcp_ping received 12288 bytes back
Round trip time was 1.05553 milliseconds in repetition 362
tcp_ping received 12288 bytes back
Round trip time was 0.924055 milliseconds in repetition 363
tcp_ping received 12288 bytes back
Round trip time was 1.05292 milliseconds in repetition 364
tcp_ping received 12288 bytes back
Round trip time was 0.922339 milliseconds in repetition 365
tcp_ping received 12288 bytes back
Round trip time was 1.033 milliseconds in repetition 366
tcp_ping received 12288 bytes back
Round trip time was 1.02424 milliseconds in repetition 367
tcp_ping received 12288 bytes back
Round trip time was 0.953931 milliseconds in repetition 368
tcp_ping received 12288 bytes back
Round trip time was 1.05096 milliseconds in repetition 369
tcp_ping received 12288 bytes back
Round trip time was 0.846088 milliseconds in repetition 370
tcp_ping received 12288 bytes back
Round trip time was 1.0712 milliseconds in repetition 371
tcp_ping received 12288 bytes back
Round trip time was 0.929319 milliseconds in repetition 372
tcp_ping received 12288 bytes back
Round trip time was 1.0395 milliseconds in repetition 373
tcp_ping received 12288 bytes back
Round trip time was 0.761588 milliseconds in repetition 374
tcp_ping received 12288 bytes back
Round trip time was 1.09762 milliseconds in repetition 375
tcp_ping received 12288 bytes back
Round trip time was 1.03844 milliseconds in repetition 376
tcp_ping received 12288 bytes back
Round trip time was 1.06569 milliseconds in repetition 377
tcp_ping received 12288 bytes back
Round trip time was 1.05956 milliseconds in repetition 378
tcp_ping received 12288 bytes back
Round trip time was 0.91696 milliseconds in repetition 379
tcp_ping received 12288 bytes back
Round trip time was 1.03415 milliseconds in repetition 380
tcp_ping received 12288 bytes back
Round trip time was 0.936327 milliseconds in repetition 381
tcp_ping received 12288 bytes back
Round trip time was 1.03387 milliseconds in repetition 382
tcp_ping received 12288 bytes back
Round trip time was 1.03991 milliseconds in repetition 383
tcp_ping received 12288 bytes back
Round trip time was 0.765127 milliseconds in repetition 384
tcp_ping received 12288 bytes back
Round trip time was 1.04961 milliseconds in repetition 385
tcp_ping received 12288 bytes back
Round trip time was 0.925226 milliseconds in repetition 386
tcp_ping received 12288 bytes back
Round trip time was 1.07451 milliseconds in repetition 387
tcp_ping received 12288 bytes back
Round trip time was 1.04701 milliseconds in repetition 388
tcp_ping received 12288 bytes back
Round trip time was 0.944988 milliseconds in repetition 389
tcp_ping received 12288 bytes back
Round trip time was 1.04247 milliseconds in repetition 390
tcp_ping received 12288 bytes back
Round trip time was 0.919243 milliseconds in repetition 391
tcp_ping received 12288 bytes back
Round trip time was 1.05814 milliseconds in repetition 392
tcp_ping received 12288 bytes back
Round trip time was 0.925872 milliseconds in repetition 393
tcp_ping received 12288 bytes back
Round trip time was 1.01052 milliseconds in repetition 394
tcp_ping received 12288 bytes back
Round trip time was 0.92213 milliseconds in repetition 395
tcp_ping received 12288 bytes back
Round trip time was 1.06865 milliseconds in repetition 396
tcp_ping received 12288 bytes back
Round trip time was 0.941268 milliseconds in repetition 397
tcp_ping received 12288 bytes back
Round trip time was 1.03978 milliseconds in repetition 398
tcp_ping received 12288 bytes back
Round trip time was 0.978669 milliseconds in repetition 399
tcp_ping received 12288 bytes back
Round trip time was 1.02455 milliseconds in repetition 400
tcp_ping received 12288 bytes back
Round trip time was 1.04828 milliseconds in repetition 401
tcp_ping received 12288 bytes back
Round trip time was 0.928525 milliseconds in repetition 402
tcp_ping received 12288 bytes back
Round trip time was 1.04396 milliseconds in repetition 403
tcp_ping received 12288 bytes back
Round trip time was 1.23428 milliseconds in repetition 404
tcp_ping received 12288 bytes back
Round trip time was 0.921341 milliseconds in repetition 405
tcp_ping received 12288 bytes back
Round trip time was 1.00225 milliseconds in repetition 406
tcp_ping received 12288 bytes back
Round trip time was 0.928715 milliseconds in repetition 407
tcp_ping received 12288 bytes back
Round trip time was 1.02841 milliseconds in repetition 408
tcp_ping received 12288 bytes back
Round trip time was 0.912431 milliseconds in repetition 409
tcp_ping received 12288 bytes back
Round trip time was 1.05307 milliseconds in repetition 410
tcp_ping received 12288 bytes back
Round trip time was 0.926365 milliseconds in repetition 411
tcp_ping received 12288 bytes back
Round trip time was 1.06907 milliseconds in repetition 412
tcp_ping received 12288 bytes back
Round trip time was 1.07467 milliseconds in repetition 413
tcp_ping received 12288 bytes back
Round trip time was 0.987953 milliseconds in repetition 414
tcp_ping received 12288 bytes back
Round trip time was 1.03796 milliseconds in repetition 415
tcp_ping received 12288 bytes back
Round trip time was 0.838333 milliseconds in repetition 416
tcp_ping received 12288 bytes back
Round trip time was 1.04112 milliseconds in repetition 417
tcp_ping received 12288 bytes back
Round trip time was 1.03219 milliseconds in repetition 418
tcp_ping received 12288 bytes back
Round trip time was 1.01537 milliseconds in repetition 419
tcp_ping received 12288 bytes back
Round trip time was 1.05273 milliseconds in repetition 420
tcp_ping received 12288 bytes back
Round trip time was 0.922896 milliseconds in repetition 421
tcp_ping received 12288 bytes back
Round trip time was 1.02061 milliseconds in repetition 422
tcp_ping received 12288 bytes back
Round trip time was 1.04754 milliseconds in repetition 423
tcp_ping received 12288 bytes back
Round trip time was 0.918984 milliseconds in repetition 424
tcp_ping received 12288 bytes back
Round trip time was 1.05912 milliseconds in repetition 425
tcp_ping received 12288 bytes back
Round trip time was 0.902549 milliseconds in repetition 426
tcp_ping received 12288 bytes back
Round trip time was 1.01869 milliseconds in repetition 427
tcp_ping received 12288 bytes back
Round trip time was 0.921076 milliseconds in repetition 428
tcp_ping received 12288 bytes back
Round trip time was 1.04587 milliseconds in repetition 429
tcp_ping received 12288 bytes back
Round trip time was 0.805939 milliseconds in repetition 430
tcp_ping received 12288 bytes back
Round trip time was 1.1236 milliseconds in repetition 431
tcp_ping received 12288 bytes back
Round trip time was 1.02672 milliseconds in repetition 432
tcp_ping received 12288 bytes back
Round trip time was 0.917072 milliseconds in repetition 433
tcp_ping received 12288 bytes back
Round trip time was 1.05502 milliseconds in repetition 434
tcp_ping received 12288 bytes back
Round trip time was 0.931064 milliseconds in repetition 435
tcp_ping received 12288 bytes back
Round trip time was 1.04972 milliseconds in repetition 436
tcp_ping received 12288 bytes back
Round trip time was 1.02482 milliseconds in repetition 437
tcp_ping received 12288 bytes back
Round trip time was 0.846714 milliseconds in repetition 438
tcp_ping received 12288 bytes back
Round trip time was 1.04529 milliseconds in repetition 439
tcp_ping received 12288 bytes back
Round trip time was 0.937924 milliseconds in repetition 440
tcp_ping received 12288 bytes back
Round trip time was 1.04729 milliseconds in repetition 441
tcp_ping received 12288 bytes back
Round trip time was 0.927952 milliseconds in repetition 442
tcp_ping received 12288 bytes back
Round trip time was 1.06965 milliseconds in repetition 443
tcp_ping received 12288 bytes back
Round trip time was 1.17789 milliseconds in repetition 444
tcp_ping received 12288 bytes back
Round trip time was 0.935989 milliseconds in repetition 445
tcp_ping received 12288 bytes back
Round trip time was 1.03721 milliseconds in repetition 446
tcp_ping received 12288 bytes back
Round trip time was 0.960551 milliseconds in repetition 447
tcp_ping received 12288 bytes back
Round trip time was 1.00504 milliseconds in repetition 448
tcp_ping received 12288 bytes back
Round trip time was -998.972 milliseconds in repetition 449
tcp_ping received 12288 bytes back
Round trip time was 1.03877 milliseconds in repetition 450
tcp_ping received 12288 bytes back
Round trip time was 0.9306 milliseconds in repetition 451
tcp_ping received 12288 bytes back
Round trip time was 1.05606 milliseconds in repetition 452
tcp_ping received 12288 bytes back
Round trip time was 1.0761 milliseconds in repetition 453
tcp_ping received 12288 bytes back
Round trip time was 1.09952 milliseconds in repetition 454
tcp_ping received 12288 bytes back
Round trip time was 0.941494 milliseconds in repetition 455
tcp_ping received 12288 bytes back
Round trip time was 1.05177 milliseconds in repetition 456
tcp_ping received 12288 bytes back
Round trip time was 0.913949 milliseconds in repetition 457
tcp_ping received 12288 bytes back
Round trip time was 1.05249 milliseconds in repetition 458
tcp_ping received 12288 bytes back
Round trip time was 1.06191 milliseconds in repetition 459
tcp_ping received 12288 bytes back
Round trip time was 0.940967 milliseconds in repetition 460
tcp_ping received 12288 bytes back
Round trip time was 1.09574 milliseconds in repetition 461
tcp_ping received 12288 bytes back
Round trip time was 0.914777 milliseconds in repetition 462
tcp_ping received 12288 bytes back
Round trip time was 1.04973 milliseconds in repetition 463
tcp_ping received 12288 bytes back
Round trip time was 0.902097 milliseconds in repetition 464
tcp_ping received 12288 bytes back
Round trip time was 0.995085 milliseconds in repetition 465
tcp_ping received 12288 bytes back
Round trip time was 1.53055 milliseconds in repetition 466
tcp_ping received 12288 bytes back
Round trip time was 1.10232 milliseconds in repetition 467
tcp_ping received 12288 bytes back
Round trip time was 0.911426 milliseconds in repetition 468
tcp_ping received 12288 bytes back
Round trip time was 1.01965 milliseconds in repetition 469
tcp_ping received 12288 bytes back
Round trip time was 0.922808 milliseconds in repetition 470
tcp_ping received 12288 bytes back
Round trip time was 1.04522 milliseconds in repetition 471
tcp_ping received 12288 bytes back
Round trip time was 1.03653 milliseconds in repetition 472
tcp_ping received 12288 bytes back
Round trip time was 1.0621 milliseconds in repetition 473
tcp_ping received 12288 bytes back
Round trip time was 0.923168 milliseconds in repetition 474
tcp_ping received 12288 bytes back
Round trip time was 1.05963 milliseconds in repetition 475
tcp_ping received 12288 bytes back
Round trip time was 0.924918 milliseconds in repetition 476
tcp_ping received 12288 bytes back
Round trip time was 1.01369 milliseconds in repetition 477
tcp_ping received 12288 bytes back
Round trip time was 0.90984 milliseconds in repetition 478
tcp_ping received 12288 bytes back
Round trip time was 1.04306 milliseconds in repetition 479
tcp_ping received 12288 bytes back
Round trip time was 1.0549 milliseconds in repetition 480
tcp_ping received 12288 bytes back
Round trip time was 0.930769 milliseconds in repetition 481
tcp_ping received 12288 bytes back
Round trip time was 1.07306 milliseconds in repetition 482
tcp_ping received 12288 bytes back
Round trip time was 1.04992 milliseconds in repetition 483
tcp_ping received 12288 bytes back
Round trip time was 0.964728 milliseconds in repetition 484
tcp_ping received 12288 bytes back
Round trip time was 1.03134 milliseconds in repetition 485
tcp_ping received 12288 bytes back
Round trip time was 1.05487 milliseconds in repetition 486
tcp_ping received 12288 bytes back
Round trip time was 1.04385 milliseconds in repetition 487
tcp_ping received 12288 bytes back
Round trip time was 0.94017 milliseconds in repetition 488
tcp_ping received 12288 bytes back
Round trip time was 1.09277 milliseconds in repetition 489
tcp_ping received 12288 bytes back
Round trip time was 1.03704 milliseconds in repetition 490
tcp_ping received 12288 bytes back
Round trip time was 0.914914 milliseconds in repetition 491
tcp_ping received 12288 bytes back
Round trip time was 1.03594 milliseconds in repetition 492
tcp_ping received 12288 bytes back
Round trip time was 1.04326 milliseconds in repetition 493
tcp_ping received 12288 bytes back
Round trip time was 0.967864 milliseconds in repetition 494
tcp_ping received 12288 bytes back
Round trip time was 0.985933 milliseconds in repetition 495
tcp_ping received 12288 bytes back
Round trip time was 0.89914 milliseconds in repetition 496
tcp_ping received 12288 bytes back
Round trip time was 1.0543 milliseconds in repetition 497
tcp_ping received 12288 bytes back
Round trip time was 0.913239 milliseconds in repetition 498
tcp_ping received 12288 bytes back
Round trip time was 1.1114 milliseconds in repetition 499
tcp_ping received 12288 bytes back
Round trip time was 0.935114 milliseconds in repetition 500
tcp_ping received 12288 bytes back
Round trip time was 1.06705 milliseconds in repetition 501

 ... clock resolution was 1e-06
TCP Ping:  Statistics over 501 repetitions of 12288 byte messages

RTT : percentile 10: 0.882722, median: 1.0213, percentile 90: 1.12888, average: -0.910854, variance: 1997.23

RTT histogram:
0 0
1.12121 489
2.24242 8
3.36364 0
4.48485 2
5.60606 0
6.72727 0
7.84848 0
8.96969 0
10.0909 0
11.2121 0
12.3333 0
13.4545 0
14.5758 0
15.697 0
16.8182 0
17.9394 0
19.0606 0
20.1818 0
21.303 0
22.4242 1

   median Throughput : 24063.4 KB/s

