TCP Ping trying to connect to server seti.dibris.unige.it (130.251.61.30) on port 1491
 ... connected to Pong server: asking for 501 repetitions of 128 bytes TCP messages
 ... Pong server agreed :-)
tcp_ping received 128 bytes back
Round trip time was 4.95444 milliseconds in repetition 1
tcp_ping received 128 bytes back
Round trip time was 1.45232 milliseconds in repetition 2
tcp_ping received 128 bytes back
Round trip time was 1.18457 milliseconds in repetition 3
tcp_ping received 128 bytes back
Round trip time was 1.15834 milliseconds in repetition 4
tcp_ping received 128 bytes back
Round trip time was 1.03137 milliseconds in repetition 5
tcp_ping received 128 bytes back
Round trip time was 1.0097 milliseconds in repetition 6
tcp_ping received 128 bytes back
Round trip time was 1.03323 milliseconds in repetition 7
tcp_ping received 128 bytes back
Round trip time was 0.960128 milliseconds in repetition 8
tcp_ping received 128 bytes back
Round trip time was 0.881694 milliseconds in repetition 9
tcp_ping received 128 bytes back
Round trip time was 0.863572 milliseconds in repetition 10
tcp_ping received 128 bytes back
Round trip time was 0.773769 milliseconds in repetition 11
tcp_ping received 128 bytes back
Round trip time was 0.79846 milliseconds in repetition 12
tcp_ping received 128 bytes back
Round trip time was 0.806739 milliseconds in repetition 13
tcp_ping received 128 bytes back
Round trip time was 0.810269 milliseconds in repetition 14
tcp_ping received 128 bytes back
Round trip time was 0.741796 milliseconds in repetition 15
tcp_ping received 128 bytes back
Round trip time was 0.863001 milliseconds in repetition 16
tcp_ping received 128 bytes back
Round trip time was 1.0526 milliseconds in repetition 17
tcp_ping received 128 bytes back
Round trip time was 0.793697 milliseconds in repetition 18
tcp_ping received 128 bytes back
Round trip time was 0.795783 milliseconds in repetition 19
tcp_ping received 128 bytes back
Round trip time was 2.06381 milliseconds in repetition 20
tcp_ping received 128 bytes back
Round trip time was 1.98813 milliseconds in repetition 21
tcp_ping received 128 bytes back
Round trip time was 2.28001 milliseconds in repetition 22
tcp_ping received 128 bytes back
Round trip time was 1.48029 milliseconds in repetition 23
tcp_ping received 128 bytes back
Round trip time was 1.00729 milliseconds in repetition 24
tcp_ping received 128 bytes back
Round trip time was 1.12176 milliseconds in repetition 25
tcp_ping received 128 bytes back
Round trip time was 0.969192 milliseconds in repetition 26
tcp_ping received 128 bytes back
Round trip time was 0.941181 milliseconds in repetition 27
tcp_ping received 128 bytes back
Round trip time was 1.93138 milliseconds in repetition 28
tcp_ping received 128 bytes back
Round trip time was 3.2087 milliseconds in repetition 29
tcp_ping received 128 bytes back
Round trip time was 2.25785 milliseconds in repetition 30
tcp_ping received 128 bytes back
Round trip time was 0.960917 milliseconds in repetition 31
tcp_ping received 128 bytes back
Round trip time was 0.871587 milliseconds in repetition 32
tcp_ping received 128 bytes back
Round trip time was 1.07959 milliseconds in repetition 33
tcp_ping received 128 bytes back
Round trip time was 0.624259 milliseconds in repetition 34
tcp_ping received 128 bytes back
Round trip time was 0.426661 milliseconds in repetition 35
tcp_ping received 128 bytes back
Round trip time was 0.324006 milliseconds in repetition 36
tcp_ping received 128 bytes back
Round trip time was 0.326488 milliseconds in repetition 37
tcp_ping received 128 bytes back
Round trip time was 0.333298 milliseconds in repetition 38
tcp_ping received 128 bytes back
Round trip time was 0.339704 milliseconds in repetition 39
tcp_ping received 128 bytes back
Round trip time was 0.380631 milliseconds in repetition 40
tcp_ping received 128 bytes back
Round trip time was 0.327992 milliseconds in repetition 41
tcp_ping received 128 bytes back
Round trip time was 0.270008 milliseconds in repetition 42
tcp_ping received 128 bytes back
Round trip time was 0.329158 milliseconds in repetition 43
tcp_ping received 128 bytes back
Round trip time was 0.341299 milliseconds in repetition 44
tcp_ping received 128 bytes back
Round trip time was 0.711744 milliseconds in repetition 45
tcp_ping received 128 bytes back
Round trip time was 0.660649 milliseconds in repetition 46
tcp_ping received 128 bytes back
Round trip time was 0.275697 milliseconds in repetition 47
tcp_ping received 128 bytes back
Round trip time was 0.290572 milliseconds in repetition 48
tcp_ping received 128 bytes back
Round trip time was 0.324687 milliseconds in repetition 49
tcp_ping received 128 bytes back
Round trip time was 0.320676 milliseconds in repetition 50
tcp_ping received 128 bytes back
Round trip time was 0.319477 milliseconds in repetition 51
tcp_ping received 128 bytes back
Round trip time was 0.316584 milliseconds in repetition 52
tcp_ping received 128 bytes back
Round trip time was 0.32057 milliseconds in repetition 53
tcp_ping received 128 bytes back
Round trip time was 0.328339 milliseconds in repetition 54
tcp_ping received 128 bytes back
Round trip time was 0.783419 milliseconds in repetition 55
tcp_ping received 128 bytes back
Round trip time was 0.433052 milliseconds in repetition 56
tcp_ping received 128 bytes back
Round trip time was 0.322506 milliseconds in repetition 57
tcp_ping received 128 bytes back
Round trip time was 0.332856 milliseconds in repetition 58
tcp_ping received 128 bytes back
Round trip time was 0.334196 milliseconds in repetition 59
tcp_ping received 128 bytes back
Round trip time was 0.309409 milliseconds in repetition 60
tcp_ping received 128 bytes back
Round trip time was 0.728941 milliseconds in repetition 61
tcp_ping received 128 bytes back
Round trip time was 0.31879 milliseconds in repetition 62
tcp_ping received 128 bytes back
Round trip time was 0.338054 milliseconds in repetition 63
tcp_ping received 128 bytes back
Round trip time was 0.332903 milliseconds in repetition 64
tcp_ping received 128 bytes back
Round trip time was 0.330412 milliseconds in repetition 65
tcp_ping received 128 bytes back
Round trip time was 0.322373 milliseconds in repetition 66
tcp_ping received 128 bytes back
Round trip time was 0.38495 milliseconds in repetition 67
tcp_ping received 128 bytes back
Round trip time was 0.681809 milliseconds in repetition 68
tcp_ping received 128 bytes back
Round trip time was 0.335705 milliseconds in repetition 69
tcp_ping received 128 bytes back
Round trip time was 0.337412 milliseconds in repetition 70
tcp_ping received 128 bytes back
Round trip time was 0.343192 milliseconds in repetition 71
tcp_ping received 128 bytes back
Round trip time was 0.38311 milliseconds in repetition 72
tcp_ping received 128 bytes back
Round trip time was 0.441525 milliseconds in repetition 73
tcp_ping received 128 bytes back
Round trip time was 0.377893 milliseconds in repetition 74
tcp_ping received 128 bytes back
Round trip time was 0.447757 milliseconds in repetition 75
tcp_ping received 128 bytes back
Round trip time was 0.470373 milliseconds in repetition 76
tcp_ping received 128 bytes back
Round trip time was 0.341814 milliseconds in repetition 77
tcp_ping received 128 bytes back
Round trip time was 0.353351 milliseconds in repetition 78
tcp_ping received 128 bytes back
Round trip time was 0.336372 milliseconds in repetition 79
tcp_ping received 128 bytes back
Round trip time was 0.32314 milliseconds in repetition 80
tcp_ping received 128 bytes back
Round trip time was 0.316788 milliseconds in repetition 81
tcp_ping received 128 bytes back
Round trip time was 0.321494 milliseconds in repetition 82
tcp_ping received 128 bytes back
Round trip time was 0.343957 milliseconds in repetition 83
tcp_ping received 128 bytes back
Round trip time was 0.331853 milliseconds in repetition 84
tcp_ping received 128 bytes back
Round trip time was 0.339133 milliseconds in repetition 85
tcp_ping received 128 bytes back
Round trip time was 0.318984 milliseconds in repetition 86
tcp_ping received 128 bytes back
Round trip time was 0.339851 milliseconds in repetition 87
tcp_ping received 128 bytes back
Round trip time was 0.332952 milliseconds in repetition 88
tcp_ping received 128 bytes back
Round trip time was 0.287285 milliseconds in repetition 89
tcp_ping received 128 bytes back
Round trip time was 0.265636 milliseconds in repetition 90
tcp_ping received 128 bytes back
Round trip time was 0.27192 milliseconds in repetition 91
tcp_ping received 128 bytes back
Round trip time was 0.327234 milliseconds in repetition 92
tcp_ping received 128 bytes back
Round trip time was 0.319621 milliseconds in repetition 93
tcp_ping received 128 bytes back
Round trip time was 0.324195 milliseconds in repetition 94
tcp_ping received 128 bytes back
Round trip time was 0.325793 milliseconds in repetition 95
tcp_ping received 128 bytes back
Round trip time was 0.34275 milliseconds in repetition 96
tcp_ping received 128 bytes back
Round trip time was 0.318895 milliseconds in repetition 97
tcp_ping received 128 bytes back
Round trip time was 0.345673 milliseconds in repetition 98
tcp_ping received 128 bytes back
Round trip time was 0.331561 milliseconds in repetition 99
tcp_ping received 128 bytes back
Round trip time was 0.32717 milliseconds in repetition 100
tcp_ping received 128 bytes back
Round trip time was 0.372437 milliseconds in repetition 101
tcp_ping received 128 bytes back
Round trip time was 0.345364 milliseconds in repetition 102
tcp_ping received 128 bytes back
Round trip time was 0.358231 milliseconds in repetition 103
tcp_ping received 128 bytes back
Round trip time was 0.329145 milliseconds in repetition 104
tcp_ping received 128 bytes back
Round trip time was 0.320159 milliseconds in repetition 105
tcp_ping received 128 bytes back
Round trip time was 0.330003 milliseconds in repetition 106
tcp_ping received 128 bytes back
Round trip time was 0.51833 milliseconds in repetition 107
tcp_ping received 128 bytes back
Round trip time was 0.363427 milliseconds in repetition 108
tcp_ping received 128 bytes back
Round trip time was 0.319973 milliseconds in repetition 109
tcp_ping received 128 bytes back
Round trip time was 0.34497 milliseconds in repetition 110
tcp_ping received 128 bytes back
Round trip time was 0.334869 milliseconds in repetition 111
tcp_ping received 128 bytes back
Round trip time was 0.326365 milliseconds in repetition 112
tcp_ping received 128 bytes back
Round trip time was 2.31811 milliseconds in repetition 113
tcp_ping received 128 bytes back
Round trip time was 0.312679 milliseconds in repetition 114
tcp_ping received 128 bytes back
Round trip time was 0.367567 milliseconds in repetition 115
tcp_ping received 128 bytes back
Round trip time was 0.317213 milliseconds in repetition 116
tcp_ping received 128 bytes back
Round trip time was 0.317994 milliseconds in repetition 117
tcp_ping received 128 bytes back
Round trip time was 0.337289 milliseconds in repetition 118
tcp_ping received 128 bytes back
Round trip time was 0.336793 milliseconds in repetition 119
tcp_ping received 128 bytes back
Round trip time was 0.326662 milliseconds in repetition 120
tcp_ping received 128 bytes back
Round trip time was 0.348156 milliseconds in repetition 121
tcp_ping received 128 bytes back
Round trip time was 0.320024 milliseconds in repetition 122
tcp_ping received 128 bytes back
Round trip time was 0.318631 milliseconds in repetition 123
tcp_ping received 128 bytes back
Round trip time was 0.315381 milliseconds in repetition 124
tcp_ping received 128 bytes back
Round trip time was 0.341406 milliseconds in repetition 125
tcp_ping received 128 bytes back
Round trip time was 0.323726 milliseconds in repetition 126
tcp_ping received 128 bytes back
Round trip time was 0.320316 milliseconds in repetition 127
tcp_ping received 128 bytes back
Round trip time was 0.318481 milliseconds in repetition 128
tcp_ping received 128 bytes back
Round trip time was 0.334378 milliseconds in repetition 129
tcp_ping received 128 bytes back
Round trip time was 0.318879 milliseconds in repetition 130
tcp_ping received 128 bytes back
Round trip time was 0.317692 milliseconds in repetition 131
tcp_ping received 128 bytes back
Round trip time was 0.279033 milliseconds in repetition 132
tcp_ping received 128 bytes back
Round trip time was 0.284542 milliseconds in repetition 133
tcp_ping received 128 bytes back
Round trip time was 0.324016 milliseconds in repetition 134
tcp_ping received 128 bytes back
Round trip time was 0.353605 milliseconds in repetition 135
tcp_ping received 128 bytes back
Round trip time was 0.368069 milliseconds in repetition 136
tcp_ping received 128 bytes back
Round trip time was 0.351969 milliseconds in repetition 137
tcp_ping received 128 bytes back
Round trip time was 0.49392 milliseconds in repetition 138
tcp_ping received 128 bytes back
Round trip time was 0.327124 milliseconds in repetition 139
tcp_ping received 128 bytes back
Round trip time was 0.320811 milliseconds in repetition 140
tcp_ping received 128 bytes back
Round trip time was 0.324032 milliseconds in repetition 141
tcp_ping received 128 bytes back
Round trip time was 0.327642 milliseconds in repetition 142
tcp_ping received 128 bytes back
Round trip time was 0.360316 milliseconds in repetition 143
tcp_ping received 128 bytes back
Round trip time was 0.328991 milliseconds in repetition 144
tcp_ping received 128 bytes back
Round trip time was 0.353237 milliseconds in repetition 145
tcp_ping received 128 bytes back
Round trip time was 0.337439 milliseconds in repetition 146
tcp_ping received 128 bytes back
Round trip time was 0.345576 milliseconds in repetition 147
tcp_ping received 128 bytes back
Round trip time was 0.32131 milliseconds in repetition 148
tcp_ping received 128 bytes back
Round trip time was 0.366057 milliseconds in repetition 149
tcp_ping received 128 bytes back
Round trip time was 0.332595 milliseconds in repetition 150
tcp_ping received 128 bytes back
Round trip time was 0.342361 milliseconds in repetition 151
tcp_ping received 128 bytes back
Round trip time was 0.334711 milliseconds in repetition 152
tcp_ping received 128 bytes back
Round trip time was 0.336761 milliseconds in repetition 153
tcp_ping received 128 bytes back
Round trip time was 0.359504 milliseconds in repetition 154
tcp_ping received 128 bytes back
Round trip time was 0.271657 milliseconds in repetition 155
tcp_ping received 128 bytes back
Round trip time was 0.265472 milliseconds in repetition 156
tcp_ping received 128 bytes back
Round trip time was 0.31377 milliseconds in repetition 157
tcp_ping received 128 bytes back
Round trip time was 0.317368 milliseconds in repetition 158
tcp_ping received 128 bytes back
Round trip time was 0.317903 milliseconds in repetition 159
tcp_ping received 128 bytes back
Round trip time was 0.332515 milliseconds in repetition 160
tcp_ping received 128 bytes back
Round trip time was 0.31672 milliseconds in repetition 161
tcp_ping received 128 bytes back
Round trip time was 0.322443 milliseconds in repetition 162
tcp_ping received 128 bytes back
Round trip time was 0.317251 milliseconds in repetition 163
tcp_ping received 128 bytes back
Round trip time was 0.317559 milliseconds in repetition 164
tcp_ping received 128 bytes back
Round trip time was 0.327582 milliseconds in repetition 165
tcp_ping received 128 bytes back
Round trip time was 0.318473 milliseconds in repetition 166
tcp_ping received 128 bytes back
Round trip time was 0.339274 milliseconds in repetition 167
tcp_ping received 128 bytes back
Round trip time was 0.602748 milliseconds in repetition 168
tcp_ping received 128 bytes back
Round trip time was 0.325229 milliseconds in repetition 169
tcp_ping received 128 bytes back
Round trip time was 0.521132 milliseconds in repetition 170
tcp_ping received 128 bytes back
Round trip time was 0.331483 milliseconds in repetition 171
tcp_ping received 128 bytes back
Round trip time was 0.551097 milliseconds in repetition 172
tcp_ping received 128 bytes back
Round trip time was 0.870113 milliseconds in repetition 173
tcp_ping received 128 bytes back
Round trip time was 0.496889 milliseconds in repetition 174
tcp_ping received 128 bytes back
Round trip time was 0.324179 milliseconds in repetition 175
tcp_ping received 128 bytes back
Round trip time was 0.268111 milliseconds in repetition 176
tcp_ping received 128 bytes back
Round trip time was 0.336948 milliseconds in repetition 177
tcp_ping received 128 bytes back
Round trip time was 0.364693 milliseconds in repetition 178
tcp_ping received 128 bytes back
Round trip time was 0.339488 milliseconds in repetition 179
tcp_ping received 128 bytes back
Round trip time was 0.343135 milliseconds in repetition 180
tcp_ping received 128 bytes back
Round trip time was 0.340154 milliseconds in repetition 181
tcp_ping received 128 bytes back
Round trip time was 0.346174 milliseconds in repetition 182
tcp_ping received 128 bytes back
Round trip time was 0.342124 milliseconds in repetition 183
tcp_ping received 128 bytes back
Round trip time was 0.343982 milliseconds in repetition 184
tcp_ping received 128 bytes back
Round trip time was 0.319641 milliseconds in repetition 185
tcp_ping received 128 bytes back
Round trip time was 0.577445 milliseconds in repetition 186
tcp_ping received 128 bytes back
Round trip time was 0.350824 milliseconds in repetition 187
tcp_ping received 128 bytes back
Round trip time was 0.311626 milliseconds in repetition 188
tcp_ping received 128 bytes back
Round trip time was 0.345273 milliseconds in repetition 189
tcp_ping received 128 bytes back
Round trip time was 0.469001 milliseconds in repetition 190
tcp_ping received 128 bytes back
Round trip time was 0.365146 milliseconds in repetition 191
tcp_ping received 128 bytes back
Round trip time was 0.334543 milliseconds in repetition 192
tcp_ping received 128 bytes back
Round trip time was 0.353832 milliseconds in repetition 193
tcp_ping received 128 bytes back
Round trip time was 0.318897 milliseconds in repetition 194
tcp_ping received 128 bytes back
Round trip time was 0.322738 milliseconds in repetition 195
tcp_ping received 128 bytes back
Round trip time was 0.312518 milliseconds in repetition 196
tcp_ping received 128 bytes back
Round trip time was 0.330966 milliseconds in repetition 197
tcp_ping received 128 bytes back
Round trip time was 0.318817 milliseconds in repetition 198
tcp_ping received 128 bytes back
Round trip time was 0.277899 milliseconds in repetition 199
tcp_ping received 128 bytes back
Round trip time was 0.322956 milliseconds in repetition 200
tcp_ping received 128 bytes back
Round trip time was 0.32956 milliseconds in repetition 201
tcp_ping received 128 bytes back
Round trip time was 0.323022 milliseconds in repetition 202
tcp_ping received 128 bytes back
Round trip time was 0.335404 milliseconds in repetition 203
tcp_ping received 128 bytes back
Round trip time was 0.342611 milliseconds in repetition 204
tcp_ping received 128 bytes back
Round trip time was 0.330727 milliseconds in repetition 205
tcp_ping received 128 bytes back
Round trip time was 0.324828 milliseconds in repetition 206
tcp_ping received 128 bytes back
Round trip time was 0.330511 milliseconds in repetition 207
tcp_ping received 128 bytes back
Round trip time was 0.327057 milliseconds in repetition 208
tcp_ping received 128 bytes back
Round trip time was 0.364049 milliseconds in repetition 209
tcp_ping received 128 bytes back
Round trip time was 0.323486 milliseconds in repetition 210
tcp_ping received 128 bytes back
Round trip time was 0.336539 milliseconds in repetition 211
tcp_ping received 128 bytes back
Round trip time was 1.10204 milliseconds in repetition 212
tcp_ping received 128 bytes back
Round trip time was 0.329678 milliseconds in repetition 213
tcp_ping received 128 bytes back
Round trip time was 0.351795 milliseconds in repetition 214
tcp_ping received 128 bytes back
Round trip time was 0.365681 milliseconds in repetition 215
tcp_ping received 128 bytes back
Round trip time was 0.445769 milliseconds in repetition 216
tcp_ping received 128 bytes back
Round trip time was 0.322578 milliseconds in repetition 217
tcp_ping received 128 bytes back
Round trip time was 0.323791 milliseconds in repetition 218
tcp_ping received 128 bytes back
Round trip time was 0.568586 milliseconds in repetition 219
tcp_ping received 128 bytes back
Round trip time was 0.277416 milliseconds in repetition 220
tcp_ping received 128 bytes back
Round trip time was 0.30992 milliseconds in repetition 221
tcp_ping received 128 bytes back
Round trip time was 0.318693 milliseconds in repetition 222
tcp_ping received 128 bytes back
Round trip time was 0.781475 milliseconds in repetition 223
tcp_ping received 128 bytes back
Round trip time was 0.698693 milliseconds in repetition 224
tcp_ping received 128 bytes back
Round trip time was 0.327503 milliseconds in repetition 225
tcp_ping received 128 bytes back
Round trip time was 0.320423 milliseconds in repetition 226
tcp_ping received 128 bytes back
Round trip time was 4.18307 milliseconds in repetition 227
tcp_ping received 128 bytes back
Round trip time was 1.84331 milliseconds in repetition 228
tcp_ping received 128 bytes back
Round trip time was 0.439421 milliseconds in repetition 229
tcp_ping received 128 bytes back
Round trip time was 0.350551 milliseconds in repetition 230
tcp_ping received 128 bytes back
Round trip time was 0.443879 milliseconds in repetition 231
tcp_ping received 128 bytes back
Round trip time was 0.764358 milliseconds in repetition 232
tcp_ping received 128 bytes back
Round trip time was 0.454591 milliseconds in repetition 233
tcp_ping received 128 bytes back
Round trip time was 0.456631 milliseconds in repetition 234
tcp_ping received 128 bytes back
Round trip time was 0.554245 milliseconds in repetition 235
tcp_ping received 128 bytes back
Round trip time was 0.489421 milliseconds in repetition 236
tcp_ping received 128 bytes back
Round trip time was 0.524081 milliseconds in repetition 237
tcp_ping received 128 bytes back
Round trip time was 0.453465 milliseconds in repetition 238
tcp_ping received 128 bytes back
Round trip time was 0.448124 milliseconds in repetition 239
tcp_ping received 128 bytes back
Round trip time was 0.404852 milliseconds in repetition 240
tcp_ping received 128 bytes back
Round trip time was 0.308695 milliseconds in repetition 241
tcp_ping received 128 bytes back
Round trip time was 0.360785 milliseconds in repetition 242
tcp_ping received 128 bytes back
Round trip time was 0.272598 milliseconds in repetition 243
tcp_ping received 128 bytes back
Round trip time was 0.267299 milliseconds in repetition 244
tcp_ping received 128 bytes back
Round trip time was 0.322848 milliseconds in repetition 245
tcp_ping received 128 bytes back
Round trip time was 0.335039 milliseconds in repetition 246
tcp_ping received 128 bytes back
Round trip time was 0.343017 milliseconds in repetition 247
tcp_ping received 128 bytes back
Round trip time was 0.324022 milliseconds in repetition 248
tcp_ping received 128 bytes back
Round trip time was 0.32474 milliseconds in repetition 249
tcp_ping received 128 bytes back
Round trip time was 0.332208 milliseconds in repetition 250
tcp_ping received 128 bytes back
Round trip time was 0.324963 milliseconds in repetition 251
tcp_ping received 128 bytes back
Round trip time was 0.315341 milliseconds in repetition 252
tcp_ping received 128 bytes back
Round trip time was 0.361671 milliseconds in repetition 253
tcp_ping received 128 bytes back
Round trip time was 0.327529 milliseconds in repetition 254
tcp_ping received 128 bytes back
Round trip time was 0.327266 milliseconds in repetition 255
tcp_ping received 128 bytes back
Round trip time was 0.315894 milliseconds in repetition 256
tcp_ping received 128 bytes back
Round trip time was 0.315407 milliseconds in repetition 257
tcp_ping received 128 bytes back
Round trip time was 0.337911 milliseconds in repetition 258
tcp_ping received 128 bytes back
Round trip time was 0.321264 milliseconds in repetition 259
tcp_ping received 128 bytes back
Round trip time was 0.316832 milliseconds in repetition 260
tcp_ping received 128 bytes back
Round trip time was 0.324427 milliseconds in repetition 261
tcp_ping received 128 bytes back
Round trip time was 0.357288 milliseconds in repetition 262
tcp_ping received 128 bytes back
Round trip time was 0.390363 milliseconds in repetition 263
tcp_ping received 128 bytes back
Round trip time was 1.5347 milliseconds in repetition 264
tcp_ping received 128 bytes back
Round trip time was 1.64685 milliseconds in repetition 265
tcp_ping received 128 bytes back
Round trip time was 0.443442 milliseconds in repetition 266
tcp_ping received 128 bytes back
Round trip time was 1.66364 milliseconds in repetition 267
tcp_ping received 128 bytes back
Round trip time was 0.362447 milliseconds in repetition 268
tcp_ping received 128 bytes back
Round trip time was 0.323455 milliseconds in repetition 269
tcp_ping received 128 bytes back
Round trip time was 0.332064 milliseconds in repetition 270
tcp_ping received 128 bytes back
Round trip time was 0.334196 milliseconds in repetition 271
tcp_ping received 128 bytes back
Round trip time was 0.32385 milliseconds in repetition 272
tcp_ping received 128 bytes back
Round trip time was 0.312579 milliseconds in repetition 273
tcp_ping received 128 bytes back
Round trip time was 0.334821 milliseconds in repetition 274
tcp_ping received 128 bytes back
Round trip time was 0.329977 milliseconds in repetition 275
tcp_ping received 128 bytes back
Round trip time was 0.320409 milliseconds in repetition 276
tcp_ping received 128 bytes back
Round trip time was 0.346141 milliseconds in repetition 277
tcp_ping received 128 bytes back
Round trip time was 0.319952 milliseconds in repetition 278
tcp_ping received 128 bytes back
Round trip time was 1.09982 milliseconds in repetition 279
tcp_ping received 128 bytes back
Round trip time was 0.350703 milliseconds in repetition 280
tcp_ping received 128 bytes back
Round trip time was 0.324144 milliseconds in repetition 281
tcp_ping received 128 bytes back
Round trip time was 0.989029 milliseconds in repetition 282
tcp_ping received 128 bytes back
Round trip time was 0.347155 milliseconds in repetition 283
tcp_ping received 128 bytes back
Round trip time was 0.375875 milliseconds in repetition 284
tcp_ping received 128 bytes back
Round trip time was 0.373745 milliseconds in repetition 285
tcp_ping received 128 bytes back
Round trip time was 1.20206 milliseconds in repetition 286
tcp_ping received 128 bytes back
Round trip time was 0.409239 milliseconds in repetition 287
tcp_ping received 128 bytes back
Round trip time was 0.3216 milliseconds in repetition 288
tcp_ping received 128 bytes back
Round trip time was 0.336747 milliseconds in repetition 289
tcp_ping received 128 bytes back
Round trip time was 0.445566 milliseconds in repetition 290
tcp_ping received 128 bytes back
Round trip time was 0.354482 milliseconds in repetition 291
tcp_ping received 128 bytes back
Round trip time was 0.729196 milliseconds in repetition 292
tcp_ping received 128 bytes back
Round trip time was 1.45493 milliseconds in repetition 293
tcp_ping received 128 bytes back
Round trip time was 1.91794 milliseconds in repetition 294
tcp_ping received 128 bytes back
Round trip time was 0.364007 milliseconds in repetition 295
tcp_ping received 128 bytes back
Round trip time was 0.334722 milliseconds in repetition 296
tcp_ping received 128 bytes back
Round trip time was 0.960879 milliseconds in repetition 297
tcp_ping received 128 bytes back
Round trip time was 0.596191 milliseconds in repetition 298
tcp_ping received 128 bytes back
Round trip time was 0.333059 milliseconds in repetition 299
tcp_ping received 128 bytes back
Round trip time was 0.337707 milliseconds in repetition 300
tcp_ping received 128 bytes back
Round trip time was 0.347844 milliseconds in repetition 301
tcp_ping received 128 bytes back
Round trip time was 0.336011 milliseconds in repetition 302
tcp_ping received 128 bytes back
Round trip time was 0.332653 milliseconds in repetition 303
tcp_ping received 128 bytes back
Round trip time was 0.33138 milliseconds in repetition 304
tcp_ping received 128 bytes back
Round trip time was 0.335242 milliseconds in repetition 305
tcp_ping received 128 bytes back
Round trip time was 0.322865 milliseconds in repetition 306
tcp_ping received 128 bytes back
Round trip time was 0.323096 milliseconds in repetition 307
tcp_ping received 128 bytes back
Round trip time was 0.250014 milliseconds in repetition 308
tcp_ping received 128 bytes back
Round trip time was 0.312752 milliseconds in repetition 309
tcp_ping received 128 bytes back
Round trip time was 0.32056 milliseconds in repetition 310
tcp_ping received 128 bytes back
Round trip time was 0.345068 milliseconds in repetition 311
tcp_ping received 128 bytes back
Round trip time was 0.313615 milliseconds in repetition 312
tcp_ping received 128 bytes back
Round trip time was 0.320052 milliseconds in repetition 313
tcp_ping received 128 bytes back
Round trip time was 0.32615 milliseconds in repetition 314
tcp_ping received 128 bytes back
Round trip time was 0.35397 milliseconds in repetition 315
tcp_ping received 128 bytes back
Round trip time was 0.319642 milliseconds in repetition 316
tcp_ping received 128 bytes back
Round trip time was 0.323076 milliseconds in repetition 317
tcp_ping received 128 bytes back
Round trip time was 0.325238 milliseconds in repetition 318
tcp_ping received 128 bytes back
Round trip time was 0.316792 milliseconds in repetition 319
tcp_ping received 128 bytes back
Round trip time was 0.315865 milliseconds in repetition 320
tcp_ping received 128 bytes back
Round trip time was 0.360337 milliseconds in repetition 321
tcp_ping received 128 bytes back
Round trip time was 0.344347 milliseconds in repetition 322
tcp_ping received 128 bytes back
Round trip time was 0.33913 milliseconds in repetition 323
tcp_ping received 128 bytes back
Round trip time was 0.315347 milliseconds in repetition 324
tcp_ping received 128 bytes back
Round trip time was 0.328604 milliseconds in repetition 325
tcp_ping received 128 bytes back
Round trip time was 0.331874 milliseconds in repetition 326
tcp_ping received 128 bytes back
Round trip time was 0.360825 milliseconds in repetition 327
tcp_ping received 128 bytes back
Round trip time was 0.327901 milliseconds in repetition 328
tcp_ping received 128 bytes back
Round trip time was 0.319896 milliseconds in repetition 329
tcp_ping received 128 bytes back
Round trip time was 0.318487 milliseconds in repetition 330
tcp_ping received 128 bytes back
Round trip time was 0.364513 milliseconds in repetition 331
tcp_ping received 128 bytes back
Round trip time was 0.26208 milliseconds in repetition 332
tcp_ping received 128 bytes back
Round trip time was 0.327335 milliseconds in repetition 333
tcp_ping received 128 bytes back
Round trip time was 0.333792 milliseconds in repetition 334
tcp_ping received 128 bytes back
Round trip time was 0.318079 milliseconds in repetition 335
tcp_ping received 128 bytes back
Round trip time was 0.433089 milliseconds in repetition 336
tcp_ping received 128 bytes back
Round trip time was 0.327678 milliseconds in repetition 337
tcp_ping received 128 bytes back
Round trip time was 0.363334 milliseconds in repetition 338
tcp_ping received 128 bytes back
Round trip time was 0.317283 milliseconds in repetition 339
tcp_ping received 128 bytes back
Round trip time was 0.324352 milliseconds in repetition 340
tcp_ping received 128 bytes back
Round trip time was 0.32426 milliseconds in repetition 341
tcp_ping received 128 bytes back
Round trip time was 0.32707 milliseconds in repetition 342
tcp_ping received 128 bytes back
Round trip time was 0.340975 milliseconds in repetition 343
tcp_ping received 128 bytes back
Round trip time was 0.31873 milliseconds in repetition 344
tcp_ping received 128 bytes back
Round trip time was 0.329085 milliseconds in repetition 345
tcp_ping received 128 bytes back
Round trip time was 0.326693 milliseconds in repetition 346
tcp_ping received 128 bytes back
Round trip time was 0.330451 milliseconds in repetition 347
tcp_ping received 128 bytes back
Round trip time was 0.322293 milliseconds in repetition 348
tcp_ping received 128 bytes back
Round trip time was 0.359321 milliseconds in repetition 349
tcp_ping received 128 bytes back
Round trip time was 0.318572 milliseconds in repetition 350
tcp_ping received 128 bytes back
Round trip time was 0.342904 milliseconds in repetition 351
tcp_ping received 128 bytes back
Round trip time was 0.322754 milliseconds in repetition 352
tcp_ping received 128 bytes back
Round trip time was 0.33228 milliseconds in repetition 353
tcp_ping received 128 bytes back
Round trip time was 0.304678 milliseconds in repetition 354
tcp_ping received 128 bytes back
Round trip time was 0.332745 milliseconds in repetition 355
tcp_ping received 128 bytes back
Round trip time was 0.278135 milliseconds in repetition 356
tcp_ping received 128 bytes back
Round trip time was 0.275045 milliseconds in repetition 357
tcp_ping received 128 bytes back
Round trip time was 0.318238 milliseconds in repetition 358
tcp_ping received 128 bytes back
Round trip time was 0.339535 milliseconds in repetition 359
tcp_ping received 128 bytes back
Round trip time was 0.342625 milliseconds in repetition 360
tcp_ping received 128 bytes back
Round trip time was 0.338463 milliseconds in repetition 361
tcp_ping received 128 bytes back
Round trip time was 0.381741 milliseconds in repetition 362
tcp_ping received 128 bytes back
Round trip time was 0.329019 milliseconds in repetition 363
tcp_ping received 128 bytes back
Round trip time was 0.325336 milliseconds in repetition 364
tcp_ping received 128 bytes back
Round trip time was 0.31606 milliseconds in repetition 365
tcp_ping received 128 bytes back
Round trip time was 0.320439 milliseconds in repetition 366
tcp_ping received 128 bytes back
Round trip time was 0.316371 milliseconds in repetition 367
tcp_ping received 128 bytes back
Round trip time was 0.318329 milliseconds in repetition 368
tcp_ping received 128 bytes back
Round trip time was 0.316513 milliseconds in repetition 369
tcp_ping received 128 bytes back
Round trip time was 0.380396 milliseconds in repetition 370
tcp_ping received 128 bytes back
Round trip time was 0.316712 milliseconds in repetition 371
tcp_ping received 128 bytes back
Round trip time was 0.34028 milliseconds in repetition 372
tcp_ping received 128 bytes back
Round trip time was 0.33593 milliseconds in repetition 373
tcp_ping received 128 bytes back
Round trip time was 0.524484 milliseconds in repetition 374
tcp_ping received 128 bytes back
Round trip time was 0.649464 milliseconds in repetition 375
tcp_ping received 128 bytes back
Round trip time was 0.407853 milliseconds in repetition 376
tcp_ping received 128 bytes back
Round trip time was 0.419281 milliseconds in repetition 377
tcp_ping received 128 bytes back
Round trip time was 0.28686 milliseconds in repetition 378
tcp_ping received 128 bytes back
Round trip time was 0.262709 milliseconds in repetition 379
tcp_ping received 128 bytes back
Round trip time was 0.314716 milliseconds in repetition 380
tcp_ping received 128 bytes back
Round trip time was 0.326036 milliseconds in repetition 381
tcp_ping received 128 bytes back
Round trip time was 0.3327 milliseconds in repetition 382
tcp_ping received 128 bytes back
Round trip time was 0.32068 milliseconds in repetition 383
tcp_ping received 128 bytes back
Round trip time was 0.334071 milliseconds in repetition 384
tcp_ping received 128 bytes back
Round trip time was 0.350065 milliseconds in repetition 385
tcp_ping received 128 bytes back
Round trip time was 0.33206 milliseconds in repetition 386
tcp_ping received 128 bytes back
Round trip time was 0.325473 milliseconds in repetition 387
tcp_ping received 128 bytes back
Round trip time was 0.311878 milliseconds in repetition 388
tcp_ping received 128 bytes back
Round trip time was 0.342335 milliseconds in repetition 389
tcp_ping received 128 bytes back
Round trip time was 0.345744 milliseconds in repetition 390
tcp_ping received 128 bytes back
Round trip time was 0.340728 milliseconds in repetition 391
tcp_ping received 128 bytes back
Round trip time was 0.321553 milliseconds in repetition 392
tcp_ping received 128 bytes back
Round trip time was 0.351393 milliseconds in repetition 393
tcp_ping received 128 bytes back
Round trip time was 0.334802 milliseconds in repetition 394
tcp_ping received 128 bytes back
Round trip time was 0.32386 milliseconds in repetition 395
tcp_ping received 128 bytes back
Round trip time was 0.309982 milliseconds in repetition 396
tcp_ping received 128 bytes back
Round trip time was 0.324869 milliseconds in repetition 397
tcp_ping received 128 bytes back
Round trip time was 0.309181 milliseconds in repetition 398
tcp_ping received 128 bytes back
Round trip time was 0.32085 milliseconds in repetition 399
tcp_ping received 128 bytes back
Round trip time was 0.346696 milliseconds in repetition 400
tcp_ping received 128 bytes back
Round trip time was 0.316834 milliseconds in repetition 401
tcp_ping received 128 bytes back
Round trip time was 0.318897 milliseconds in repetition 402
tcp_ping received 128 bytes back
Round trip time was 0.426075 milliseconds in repetition 403
tcp_ping received 128 bytes back
Round trip time was 0.386294 milliseconds in repetition 404
tcp_ping received 128 bytes back
Round trip time was 0.345421 milliseconds in repetition 405
tcp_ping received 128 bytes back
Round trip time was 0.324344 milliseconds in repetition 406
tcp_ping received 128 bytes back
Round trip time was 0.338311 milliseconds in repetition 407
tcp_ping received 128 bytes back
Round trip time was 0.319018 milliseconds in repetition 408
tcp_ping received 128 bytes back
Round trip time was 0.315326 milliseconds in repetition 409
tcp_ping received 128 bytes back
Round trip time was 0.319027 milliseconds in repetition 410
tcp_ping received 128 bytes back
Round trip time was 0.344369 milliseconds in repetition 411
tcp_ping received 128 bytes back
Round trip time was 0.317122 milliseconds in repetition 412
tcp_ping received 128 bytes back
Round trip time was 0.322703 milliseconds in repetition 413
tcp_ping received 128 bytes back
Round trip time was 0.324997 milliseconds in repetition 414
tcp_ping received 128 bytes back
Round trip time was 0.316502 milliseconds in repetition 415
tcp_ping received 128 bytes back
Round trip time was 0.31726 milliseconds in repetition 416
tcp_ping received 128 bytes back
Round trip time was 0.319901 milliseconds in repetition 417
tcp_ping received 128 bytes back
Round trip time was 0.3193 milliseconds in repetition 418
tcp_ping received 128 bytes back
Round trip time was 0.391999 milliseconds in repetition 419
tcp_ping received 128 bytes back
Round trip time was 0.345398 milliseconds in repetition 420
tcp_ping received 128 bytes back
Round trip time was 0.32806 milliseconds in repetition 421
tcp_ping received 128 bytes back
Round trip time was 0.442808 milliseconds in repetition 422
tcp_ping received 128 bytes back
Round trip time was 0.411638 milliseconds in repetition 423
tcp_ping received 128 bytes back
Round trip time was 0.344126 milliseconds in repetition 424
tcp_ping received 128 bytes back
Round trip time was 0.368721 milliseconds in repetition 425
tcp_ping received 128 bytes back
Round trip time was 0.306343 milliseconds in repetition 426
tcp_ping received 128 bytes back
Round trip time was 0.366141 milliseconds in repetition 427
tcp_ping received 128 bytes back
Round trip time was 0.325943 milliseconds in repetition 428
tcp_ping received 128 bytes back
Round trip time was 0.333451 milliseconds in repetition 429
tcp_ping received 128 bytes back
Round trip time was 0.335639 milliseconds in repetition 430
tcp_ping received 128 bytes back
Round trip time was 0.404918 milliseconds in repetition 431
tcp_ping received 128 bytes back
Round trip time was 0.339973 milliseconds in repetition 432
tcp_ping received 128 bytes back
Round trip time was 0.384467 milliseconds in repetition 433
tcp_ping received 128 bytes back
Round trip time was 0.414604 milliseconds in repetition 434
tcp_ping received 128 bytes back
Round trip time was 0.333531 milliseconds in repetition 435
tcp_ping received 128 bytes back
Round trip time was 0.415404 milliseconds in repetition 436
tcp_ping received 128 bytes back
Round trip time was 0.329318 milliseconds in repetition 437
tcp_ping received 128 bytes back
Round trip time was 0.330867 milliseconds in repetition 438
tcp_ping received 128 bytes back
Round trip time was 0.474176 milliseconds in repetition 439
tcp_ping received 128 bytes back
Round trip time was 0.331748 milliseconds in repetition 440
tcp_ping received 128 bytes back
Round trip time was 0.339673 milliseconds in repetition 441
tcp_ping received 128 bytes back
Round trip time was 0.407505 milliseconds in repetition 442
tcp_ping received 128 bytes back
Round trip time was 0.346648 milliseconds in repetition 443
tcp_ping received 128 bytes back
Round trip time was 0.401367 milliseconds in repetition 444
tcp_ping received 128 bytes back
Round trip time was 0.374192 milliseconds in repetition 445
tcp_ping received 128 bytes back
Round trip time was 0.3397 milliseconds in repetition 446
tcp_ping received 128 bytes back
Round trip time was 0.314893 milliseconds in repetition 447
tcp_ping received 128 bytes back
Round trip time was 0.331278 milliseconds in repetition 448
tcp_ping received 128 bytes back
Round trip time was 0.406399 milliseconds in repetition 449
tcp_ping received 128 bytes back
Round trip time was 0.329914 milliseconds in repetition 450
tcp_ping received 128 bytes back
Round trip time was 0.344569 milliseconds in repetition 451
tcp_ping received 128 bytes back
Round trip time was 0.346735 milliseconds in repetition 452
tcp_ping received 128 bytes back
Round trip time was 0.281636 milliseconds in repetition 453
tcp_ping received 128 bytes back
Round trip time was 0.335563 milliseconds in repetition 454
tcp_ping received 128 bytes back
Round trip time was 0.383992 milliseconds in repetition 455
tcp_ping received 128 bytes back
Round trip time was 0.278813 milliseconds in repetition 456
tcp_ping received 128 bytes back
Round trip time was 0.406302 milliseconds in repetition 457
tcp_ping received 128 bytes back
Round trip time was 0.337769 milliseconds in repetition 458
tcp_ping received 128 bytes back
Round trip time was 0.407463 milliseconds in repetition 459
tcp_ping received 128 bytes back
Round trip time was 0.328683 milliseconds in repetition 460
tcp_ping received 128 bytes back
Round trip time was 0.406558 milliseconds in repetition 461
tcp_ping received 128 bytes back
Round trip time was 0.40609 milliseconds in repetition 462
tcp_ping received 128 bytes back
Round trip time was 0.426102 milliseconds in repetition 463
tcp_ping received 128 bytes back
Round trip time was 0.33676 milliseconds in repetition 464
tcp_ping received 128 bytes back
Round trip time was 0.341519 milliseconds in repetition 465
tcp_ping received 128 bytes back
Round trip time was 0.412494 milliseconds in repetition 466
tcp_ping received 128 bytes back
Round trip time was 0.407687 milliseconds in repetition 467
tcp_ping received 128 bytes back
Round trip time was 0.337041 milliseconds in repetition 468
tcp_ping received 128 bytes back
Round trip time was 0.238628 milliseconds in repetition 469
tcp_ping received 128 bytes back
Round trip time was 0.274343 milliseconds in repetition 470
tcp_ping received 128 bytes back
Round trip time was 0.33956 milliseconds in repetition 471
tcp_ping received 128 bytes back
Round trip time was 0.328723 milliseconds in repetition 472
tcp_ping received 128 bytes back
Round trip time was 0.42268 milliseconds in repetition 473
tcp_ping received 128 bytes back
Round trip time was 0.366757 milliseconds in repetition 474
tcp_ping received 128 bytes back
Round trip time was 0.376398 milliseconds in repetition 475
tcp_ping received 128 bytes back
Round trip time was 0.341498 milliseconds in repetition 476
tcp_ping received 128 bytes back
Round trip time was 0.276742 milliseconds in repetition 477
tcp_ping received 128 bytes back
Round trip time was 0.394172 milliseconds in repetition 478
tcp_ping received 128 bytes back
Round trip time was 0.443603 milliseconds in repetition 479
tcp_ping received 128 bytes back
Round trip time was 0.349663 milliseconds in repetition 480
tcp_ping received 128 bytes back
Round trip time was 0.338925 milliseconds in repetition 481
tcp_ping received 128 bytes back
Round trip time was 0.332001 milliseconds in repetition 482
tcp_ping received 128 bytes back
Round trip time was 0.334033 milliseconds in repetition 483
tcp_ping received 128 bytes back
Round trip time was 0.401863 milliseconds in repetition 484
tcp_ping received 128 bytes back
Round trip time was 0.3439 milliseconds in repetition 485
tcp_ping received 128 bytes back
Round trip time was 0.33555 milliseconds in repetition 486
tcp_ping received 128 bytes back
Round trip time was 0.352081 milliseconds in repetition 487
tcp_ping received 128 bytes back
Round trip time was 0.340381 milliseconds in repetition 488
tcp_ping received 128 bytes back
Round trip time was 0.42865 milliseconds in repetition 489
tcp_ping received 128 bytes back
Round trip time was 0.446446 milliseconds in repetition 490
tcp_ping received 128 bytes back
Round trip time was 0.530285 milliseconds in repetition 491
tcp_ping received 128 bytes back
Round trip time was 0.527257 milliseconds in repetition 492
tcp_ping received 128 bytes back
Round trip time was 0.480218 milliseconds in repetition 493
tcp_ping received 128 bytes back
Round trip time was 0.432257 milliseconds in repetition 494
tcp_ping received 128 bytes back
Round trip time was 0.447447 milliseconds in repetition 495
tcp_ping received 128 bytes back
Round trip time was 0.44696 milliseconds in repetition 496
tcp_ping received 128 bytes back
Round trip time was 0.43908 milliseconds in repetition 497
tcp_ping received 128 bytes back
Round trip time was 0.366566 milliseconds in repetition 498
tcp_ping received 128 bytes back
Round trip time was 0.327668 milliseconds in repetition 499
tcp_ping received 128 bytes back
Round trip time was 0.338141 milliseconds in repetition 500
tcp_ping received 128 bytes back
Round trip time was 0.330215 milliseconds in repetition 501

 ... clock resolution was 1e-06
TCP Ping:  Statistics over 501 repetitions of 128 byte messages

RTT : percentile 10: 0.31606, median: 0.336372, percentile 90: 0.729196, average: 0.456814, variance: 0.17039

RTT histogram:
0.238627 339
0.474418 102
0.710208 20
0.945999 16
1.18179 7
1.41758 4
1.65337 2
1.88916 4
2.12495 1
2.36074 3
2.59653 0
2.83232 0
3.06811 0
3.3039 1
3.53969 0
3.77548 0
4.01127 0
4.24707 1
4.48286 0
4.71865 0
4.95444 1

   median Throughput : 761.062 KB/s   overall Throughput : 560.403 KB/s

