TCP Ping trying to connect to server seti.dibris.unige.it (130.251.61.30) on port 1491
 ... connected to Pong server: asking for 501 repetitions of 64 bytes TCP messages
 ... Pong server agreed :-)
tcp_ping received 64 bytes back
Round trip time was 2.25206 milliseconds in repetition 1
tcp_ping received 64 bytes back
Round trip time was 0.852056 milliseconds in repetition 2
tcp_ping received 64 bytes back
Round trip time was 0.813908 milliseconds in repetition 3
tcp_ping received 64 bytes back
Round trip time was 0.962396 milliseconds in repetition 4
tcp_ping received 64 bytes back
Round trip time was 0.807653 milliseconds in repetition 5
tcp_ping received 64 bytes back
Round trip time was 0.719204 milliseconds in repetition 6
tcp_ping received 64 bytes back
Round trip time was 0.753279 milliseconds in repetition 7
tcp_ping received 64 bytes back
Round trip time was 0.784928 milliseconds in repetition 8
tcp_ping received 64 bytes back
Round trip time was 0.836177 milliseconds in repetition 9
tcp_ping received 64 bytes back
Round trip time was 0.764387 milliseconds in repetition 10
tcp_ping received 64 bytes back
Round trip time was 0.781045 milliseconds in repetition 11
tcp_ping received 64 bytes back
Round trip time was 0.940913 milliseconds in repetition 12
tcp_ping received 64 bytes back
Round trip time was 0.936129 milliseconds in repetition 13
tcp_ping received 64 bytes back
Round trip time was 0.958753 milliseconds in repetition 14
tcp_ping received 64 bytes back
Round trip time was 0.95505 milliseconds in repetition 15
tcp_ping received 64 bytes back
Round trip time was 1.17059 milliseconds in repetition 16
tcp_ping received 64 bytes back
Round trip time was 0.811339 milliseconds in repetition 17
tcp_ping received 64 bytes back
Round trip time was 0.838466 milliseconds in repetition 18
tcp_ping received 64 bytes back
Round trip time was 0.770214 milliseconds in repetition 19
tcp_ping received 64 bytes back
Round trip time was 0.751634 milliseconds in repetition 20
tcp_ping received 64 bytes back
Round trip time was 0.789414 milliseconds in repetition 21
tcp_ping received 64 bytes back
Round trip time was 0.78083 milliseconds in repetition 22
tcp_ping received 64 bytes back
Round trip time was 0.819914 milliseconds in repetition 23
tcp_ping received 64 bytes back
Round trip time was 0.908655 milliseconds in repetition 24
tcp_ping received 64 bytes back
Round trip time was 0.876072 milliseconds in repetition 25
tcp_ping received 64 bytes back
Round trip time was 0.741005 milliseconds in repetition 26
tcp_ping received 64 bytes back
Round trip time was 0.706982 milliseconds in repetition 27
tcp_ping received 64 bytes back
Round trip time was 0.674384 milliseconds in repetition 28
tcp_ping received 64 bytes back
Round trip time was 0.67696 milliseconds in repetition 29
tcp_ping received 64 bytes back
Round trip time was 0.675875 milliseconds in repetition 30
tcp_ping received 64 bytes back
Round trip time was 0.670047 milliseconds in repetition 31
tcp_ping received 64 bytes back
Round trip time was 0.576715 milliseconds in repetition 32
tcp_ping received 64 bytes back
Round trip time was 0.645704 milliseconds in repetition 33
tcp_ping received 64 bytes back
Round trip time was 0.522352 milliseconds in repetition 34
tcp_ping received 64 bytes back
Round trip time was 0.326492 milliseconds in repetition 35
tcp_ping received 64 bytes back
Round trip time was 0.322217 milliseconds in repetition 36
tcp_ping received 64 bytes back
Round trip time was 0.323419 milliseconds in repetition 37
tcp_ping received 64 bytes back
Round trip time was 0.319413 milliseconds in repetition 38
tcp_ping received 64 bytes back
Round trip time was 0.322321 milliseconds in repetition 39
tcp_ping received 64 bytes back
Round trip time was 0.322222 milliseconds in repetition 40
tcp_ping received 64 bytes back
Round trip time was 0.37282 milliseconds in repetition 41
tcp_ping received 64 bytes back
Round trip time was 0.339929 milliseconds in repetition 42
tcp_ping received 64 bytes back
Round trip time was 0.283281 milliseconds in repetition 43
tcp_ping received 64 bytes back
Round trip time was 0.338928 milliseconds in repetition 44
tcp_ping received 64 bytes back
Round trip time was 0.396341 milliseconds in repetition 45
tcp_ping received 64 bytes back
Round trip time was 0.313042 milliseconds in repetition 46
tcp_ping received 64 bytes back
Round trip time was 0.322941 milliseconds in repetition 47
tcp_ping received 64 bytes back
Round trip time was 0.52719 milliseconds in repetition 48
tcp_ping received 64 bytes back
Round trip time was 0.311448 milliseconds in repetition 49
tcp_ping received 64 bytes back
Round trip time was 0.315484 milliseconds in repetition 50
tcp_ping received 64 bytes back
Round trip time was 0.314417 milliseconds in repetition 51
tcp_ping received 64 bytes back
Round trip time was 0.319156 milliseconds in repetition 52
tcp_ping received 64 bytes back
Round trip time was 0.312981 milliseconds in repetition 53
tcp_ping received 64 bytes back
Round trip time was 0.309848 milliseconds in repetition 54
tcp_ping received 64 bytes back
Round trip time was 0.3179 milliseconds in repetition 55
tcp_ping received 64 bytes back
Round trip time was 0.31727 milliseconds in repetition 56
tcp_ping received 64 bytes back
Round trip time was 0.313237 milliseconds in repetition 57
tcp_ping received 64 bytes back
Round trip time was 0.308662 milliseconds in repetition 58
tcp_ping received 64 bytes back
Round trip time was 0.315649 milliseconds in repetition 59
tcp_ping received 64 bytes back
Round trip time was 0.341463 milliseconds in repetition 60
tcp_ping received 64 bytes back
Round trip time was 0.345681 milliseconds in repetition 61
tcp_ping received 64 bytes back
Round trip time was 0.315165 milliseconds in repetition 62
tcp_ping received 64 bytes back
Round trip time was 0.34297 milliseconds in repetition 63
tcp_ping received 64 bytes back
Round trip time was 0.315238 milliseconds in repetition 64
tcp_ping received 64 bytes back
Round trip time was 0.312339 milliseconds in repetition 65
tcp_ping received 64 bytes back
Round trip time was 0.292994 milliseconds in repetition 66
tcp_ping received 64 bytes back
Round trip time was 0.258975 milliseconds in repetition 67
tcp_ping received 64 bytes back
Round trip time was 0.319851 milliseconds in repetition 68
tcp_ping received 64 bytes back
Round trip time was 0.315141 milliseconds in repetition 69
tcp_ping received 64 bytes back
Round trip time was 0.311317 milliseconds in repetition 70
tcp_ping received 64 bytes back
Round trip time was 0.313519 milliseconds in repetition 71
tcp_ping received 64 bytes back
Round trip time was 0.335598 milliseconds in repetition 72
tcp_ping received 64 bytes back
Round trip time was 0.347665 milliseconds in repetition 73
tcp_ping received 64 bytes back
Round trip time was 0.312605 milliseconds in repetition 74
tcp_ping received 64 bytes back
Round trip time was 0.314937 milliseconds in repetition 75
tcp_ping received 64 bytes back
Round trip time was 0.313205 milliseconds in repetition 76
tcp_ping received 64 bytes back
Round trip time was 0.342605 milliseconds in repetition 77
tcp_ping received 64 bytes back
Round trip time was 0.312812 milliseconds in repetition 78
tcp_ping received 64 bytes back
Round trip time was 0.309913 milliseconds in repetition 79
tcp_ping received 64 bytes back
Round trip time was 0.315671 milliseconds in repetition 80
tcp_ping received 64 bytes back
Round trip time was 0.321817 milliseconds in repetition 81
tcp_ping received 64 bytes back
Round trip time was 0.309118 milliseconds in repetition 82
tcp_ping received 64 bytes back
Round trip time was 0.36413 milliseconds in repetition 83
tcp_ping received 64 bytes back
Round trip time was 0.31961 milliseconds in repetition 84
tcp_ping received 64 bytes back
Round trip time was 0.445516 milliseconds in repetition 85
tcp_ping received 64 bytes back
Round trip time was 0.440294 milliseconds in repetition 86
tcp_ping received 64 bytes back
Round trip time was 0.32948 milliseconds in repetition 87
tcp_ping received 64 bytes back
Round trip time was 0.349839 milliseconds in repetition 88
tcp_ping received 64 bytes back
Round trip time was 0.319782 milliseconds in repetition 89
tcp_ping received 64 bytes back
Round trip time was 0.283891 milliseconds in repetition 90
tcp_ping received 64 bytes back
Round trip time was 0.205629 milliseconds in repetition 91
tcp_ping received 64 bytes back
Round trip time was 0.270466 milliseconds in repetition 92
tcp_ping received 64 bytes back
Round trip time was 0.352014 milliseconds in repetition 93
tcp_ping received 64 bytes back
Round trip time was 0.327497 milliseconds in repetition 94
tcp_ping received 64 bytes back
Round trip time was 0.330265 milliseconds in repetition 95
tcp_ping received 64 bytes back
Round trip time was 0.320342 milliseconds in repetition 96
tcp_ping received 64 bytes back
Round trip time was 0.311355 milliseconds in repetition 97
tcp_ping received 64 bytes back
Round trip time was 0.303612 milliseconds in repetition 98
tcp_ping received 64 bytes back
Round trip time was 0.324287 milliseconds in repetition 99
tcp_ping received 64 bytes back
Round trip time was 0.398016 milliseconds in repetition 100
tcp_ping received 64 bytes back
Round trip time was 0.339113 milliseconds in repetition 101
tcp_ping received 64 bytes back
Round trip time was 0.340884 milliseconds in repetition 102
tcp_ping received 64 bytes back
Round trip time was 0.32303 milliseconds in repetition 103
tcp_ping received 64 bytes back
Round trip time was 0.332952 milliseconds in repetition 104
tcp_ping received 64 bytes back
Round trip time was 0.322721 milliseconds in repetition 105
tcp_ping received 64 bytes back
Round trip time was 0.309465 milliseconds in repetition 106
tcp_ping received 64 bytes back
Round trip time was 0.311627 milliseconds in repetition 107
tcp_ping received 64 bytes back
Round trip time was 0.32773 milliseconds in repetition 108
tcp_ping received 64 bytes back
Round trip time was 0.515109 milliseconds in repetition 109
tcp_ping received 64 bytes back
Round trip time was 0.481726 milliseconds in repetition 110
tcp_ping received 64 bytes back
Round trip time was 0.466559 milliseconds in repetition 111
tcp_ping received 64 bytes back
Round trip time was 0.313154 milliseconds in repetition 112
tcp_ping received 64 bytes back
Round trip time was 0.317179 milliseconds in repetition 113
tcp_ping received 64 bytes back
Round trip time was 0.263501 milliseconds in repetition 114
tcp_ping received 64 bytes back
Round trip time was 0.269796 milliseconds in repetition 115
tcp_ping received 64 bytes back
Round trip time was 0.316624 milliseconds in repetition 116
tcp_ping received 64 bytes back
Round trip time was 0.321713 milliseconds in repetition 117
tcp_ping received 64 bytes back
Round trip time was 0.315003 milliseconds in repetition 118
tcp_ping received 64 bytes back
Round trip time was 0.313279 milliseconds in repetition 119
tcp_ping received 64 bytes back
Round trip time was 0.36796 milliseconds in repetition 120
tcp_ping received 64 bytes back
Round trip time was 0.386657 milliseconds in repetition 121
tcp_ping received 64 bytes back
Round trip time was 0.311748 milliseconds in repetition 122
tcp_ping received 64 bytes back
Round trip time was 0.375039 milliseconds in repetition 123
tcp_ping received 64 bytes back
Round trip time was 0.316855 milliseconds in repetition 124
tcp_ping received 64 bytes back
Round trip time was 0.34519 milliseconds in repetition 125
tcp_ping received 64 bytes back
Round trip time was 0.353081 milliseconds in repetition 126
tcp_ping received 64 bytes back
Round trip time was 0.311873 milliseconds in repetition 127
tcp_ping received 64 bytes back
Round trip time was 0.307258 milliseconds in repetition 128
tcp_ping received 64 bytes back
Round trip time was 0.311035 milliseconds in repetition 129
tcp_ping received 64 bytes back
Round trip time was 0.341625 milliseconds in repetition 130
tcp_ping received 64 bytes back
Round trip time was 0.368273 milliseconds in repetition 131
tcp_ping received 64 bytes back
Round trip time was 0.319062 milliseconds in repetition 132
tcp_ping received 64 bytes back
Round trip time was 0.322043 milliseconds in repetition 133
tcp_ping received 64 bytes back
Round trip time was 0.302169 milliseconds in repetition 134
tcp_ping received 64 bytes back
Round trip time was 0.315937 milliseconds in repetition 135
tcp_ping received 64 bytes back
Round trip time was 0.340736 milliseconds in repetition 136
tcp_ping received 64 bytes back
Round trip time was 0.508352 milliseconds in repetition 137
tcp_ping received 64 bytes back
Round trip time was 0.504997 milliseconds in repetition 138
tcp_ping received 64 bytes back
Round trip time was 0.322661 milliseconds in repetition 139
tcp_ping received 64 bytes back
Round trip time was 0.31029 milliseconds in repetition 140
tcp_ping received 64 bytes back
Round trip time was 0.363771 milliseconds in repetition 141
tcp_ping received 64 bytes back
Round trip time was 0.327213 milliseconds in repetition 142
tcp_ping received 64 bytes back
Round trip time was 0.325257 milliseconds in repetition 143
tcp_ping received 64 bytes back
Round trip time was 0.312113 milliseconds in repetition 144
tcp_ping received 64 bytes back
Round trip time was 0.312249 milliseconds in repetition 145
tcp_ping received 64 bytes back
Round trip time was 0.308128 milliseconds in repetition 146
tcp_ping received 64 bytes back
Round trip time was 0.325726 milliseconds in repetition 147
tcp_ping received 64 bytes back
Round trip time was 0.319608 milliseconds in repetition 148
tcp_ping received 64 bytes back
Round trip time was 0.315312 milliseconds in repetition 149
tcp_ping received 64 bytes back
Round trip time was 0.316077 milliseconds in repetition 150
tcp_ping received 64 bytes back
Round trip time was 0.310807 milliseconds in repetition 151
tcp_ping received 64 bytes back
Round trip time was 0.315374 milliseconds in repetition 152
tcp_ping received 64 bytes back
Round trip time was 0.350919 milliseconds in repetition 153
tcp_ping received 64 bytes back
Round trip time was 0.374617 milliseconds in repetition 154
tcp_ping received 64 bytes back
Round trip time was 0.315277 milliseconds in repetition 155
tcp_ping received 64 bytes back
Round trip time was 0.324292 milliseconds in repetition 156
tcp_ping received 64 bytes back
Round trip time was 0.334505 milliseconds in repetition 157
tcp_ping received 64 bytes back
Round trip time was 0.321593 milliseconds in repetition 158
tcp_ping received 64 bytes back
Round trip time was 0.312011 milliseconds in repetition 159
tcp_ping received 64 bytes back
Round trip time was 0.578244 milliseconds in repetition 160
tcp_ping received 64 bytes back
Round trip time was 0.258351 milliseconds in repetition 161
tcp_ping received 64 bytes back
Round trip time was 0.317204 milliseconds in repetition 162
tcp_ping received 64 bytes back
Round trip time was 0.331194 milliseconds in repetition 163
tcp_ping received 64 bytes back
Round trip time was 0.317882 milliseconds in repetition 164
tcp_ping received 64 bytes back
Round trip time was 0.34269 milliseconds in repetition 165
tcp_ping received 64 bytes back
Round trip time was 0.322008 milliseconds in repetition 166
tcp_ping received 64 bytes back
Round trip time was 0.333327 milliseconds in repetition 167
tcp_ping received 64 bytes back
Round trip time was 0.315472 milliseconds in repetition 168
tcp_ping received 64 bytes back
Round trip time was 0.3101 milliseconds in repetition 169
tcp_ping received 64 bytes back
Round trip time was 0.310081 milliseconds in repetition 170
tcp_ping received 64 bytes back
Round trip time was 0.309991 milliseconds in repetition 171
tcp_ping received 64 bytes back
Round trip time was 0.316367 milliseconds in repetition 172
tcp_ping received 64 bytes back
Round trip time was 0.329365 milliseconds in repetition 173
tcp_ping received 64 bytes back
Round trip time was 0.313314 milliseconds in repetition 174
tcp_ping received 64 bytes back
Round trip time was 0.320546 milliseconds in repetition 175
tcp_ping received 64 bytes back
Round trip time was 0.310588 milliseconds in repetition 176
tcp_ping received 64 bytes back
Round trip time was 0.313642 milliseconds in repetition 177
tcp_ping received 64 bytes back
Round trip time was 0.307121 milliseconds in repetition 178
tcp_ping received 64 bytes back
Round trip time was 0.309027 milliseconds in repetition 179
tcp_ping received 64 bytes back
Round trip time was 0.316307 milliseconds in repetition 180
tcp_ping received 64 bytes back
Round trip time was 0.319751 milliseconds in repetition 181
tcp_ping received 64 bytes back
Round trip time was 0.260356 milliseconds in repetition 182
tcp_ping received 64 bytes back
Round trip time was 0.312441 milliseconds in repetition 183
tcp_ping received 64 bytes back
Round trip time was 0.314746 milliseconds in repetition 184
tcp_ping received 64 bytes back
Round trip time was 0.321974 milliseconds in repetition 185
tcp_ping received 64 bytes back
Round trip time was 0.254733 milliseconds in repetition 186
tcp_ping received 64 bytes back
Round trip time was 0.256281 milliseconds in repetition 187
tcp_ping received 64 bytes back
Round trip time was 0.328042 milliseconds in repetition 188
tcp_ping received 64 bytes back
Round trip time was 0.328206 milliseconds in repetition 189
tcp_ping received 64 bytes back
Round trip time was 0.312268 milliseconds in repetition 190
tcp_ping received 64 bytes back
Round trip time was 0.311876 milliseconds in repetition 191
tcp_ping received 64 bytes back
Round trip time was 0.350314 milliseconds in repetition 192
tcp_ping received 64 bytes back
Round trip time was 0.328962 milliseconds in repetition 193
tcp_ping received 64 bytes back
Round trip time was 0.331631 milliseconds in repetition 194
tcp_ping received 64 bytes back
Round trip time was 0.321613 milliseconds in repetition 195
tcp_ping received 64 bytes back
Round trip time was 0.354305 milliseconds in repetition 196
tcp_ping received 64 bytes back
Round trip time was 0.341692 milliseconds in repetition 197
tcp_ping received 64 bytes back
Round trip time was 0.315416 milliseconds in repetition 198
tcp_ping received 64 bytes back
Round trip time was 0.320411 milliseconds in repetition 199
tcp_ping received 64 bytes back
Round trip time was 0.310727 milliseconds in repetition 200
tcp_ping received 64 bytes back
Round trip time was 0.308499 milliseconds in repetition 201
tcp_ping received 64 bytes back
Round trip time was 0.302912 milliseconds in repetition 202
tcp_ping received 64 bytes back
Round trip time was 0.310432 milliseconds in repetition 203
tcp_ping received 64 bytes back
Round trip time was 0.319936 milliseconds in repetition 204
tcp_ping received 64 bytes back
Round trip time was 0.332123 milliseconds in repetition 205
tcp_ping received 64 bytes back
Round trip time was 0.331701 milliseconds in repetition 206
tcp_ping received 64 bytes back
Round trip time was 0.349707 milliseconds in repetition 207
tcp_ping received 64 bytes back
Round trip time was 0.316991 milliseconds in repetition 208
tcp_ping received 64 bytes back
Round trip time was 0.324001 milliseconds in repetition 209
tcp_ping received 64 bytes back
Round trip time was 0.304886 milliseconds in repetition 210
tcp_ping received 64 bytes back
Round trip time was 0.255929 milliseconds in repetition 211
tcp_ping received 64 bytes back
Round trip time was 0.261074 milliseconds in repetition 212
tcp_ping received 64 bytes back
Round trip time was 0.309986 milliseconds in repetition 213
tcp_ping received 64 bytes back
Round trip time was 0.320447 milliseconds in repetition 214
tcp_ping received 64 bytes back
Round trip time was 0.341044 milliseconds in repetition 215
tcp_ping received 64 bytes back
Round trip time was 0.312247 milliseconds in repetition 216
tcp_ping received 64 bytes back
Round trip time was 0.316886 milliseconds in repetition 217
tcp_ping received 64 bytes back
Round trip time was 0.319559 milliseconds in repetition 218
tcp_ping received 64 bytes back
Round trip time was 0.323976 milliseconds in repetition 219
tcp_ping received 64 bytes back
Round trip time was 0.336662 milliseconds in repetition 220
tcp_ping received 64 bytes back
Round trip time was 0.345887 milliseconds in repetition 221
tcp_ping received 64 bytes back
Round trip time was 0.320042 milliseconds in repetition 222
tcp_ping received 64 bytes back
Round trip time was 0.484944 milliseconds in repetition 223
tcp_ping received 64 bytes back
Round trip time was 0.429619 milliseconds in repetition 224
tcp_ping received 64 bytes back
Round trip time was 0.350134 milliseconds in repetition 225
tcp_ping received 64 bytes back
Round trip time was 0.337388 milliseconds in repetition 226
tcp_ping received 64 bytes back
Round trip time was 0.314504 milliseconds in repetition 227
tcp_ping received 64 bytes back
Round trip time was 0.332337 milliseconds in repetition 228
tcp_ping received 64 bytes back
Round trip time was 0.331231 milliseconds in repetition 229
tcp_ping received 64 bytes back
Round trip time was 0.320295 milliseconds in repetition 230
tcp_ping received 64 bytes back
Round trip time was 0.318605 milliseconds in repetition 231
tcp_ping received 64 bytes back
Round trip time was 0.321171 milliseconds in repetition 232
tcp_ping received 64 bytes back
Round trip time was 0.418763 milliseconds in repetition 233
tcp_ping received 64 bytes back
Round trip time was 0.312578 milliseconds in repetition 234
tcp_ping received 64 bytes back
Round trip time was 0.877938 milliseconds in repetition 235
tcp_ping received 64 bytes back
Round trip time was 0.357515 milliseconds in repetition 236
tcp_ping received 64 bytes back
Round trip time was 0.33396 milliseconds in repetition 237
tcp_ping received 64 bytes back
Round trip time was 0.32407 milliseconds in repetition 238
tcp_ping received 64 bytes back
Round trip time was 0.45137 milliseconds in repetition 239
tcp_ping received 64 bytes back
Round trip time was 0.320744 milliseconds in repetition 240
tcp_ping received 64 bytes back
Round trip time was 0.309068 milliseconds in repetition 241
tcp_ping received 64 bytes back
Round trip time was 0.308292 milliseconds in repetition 242
tcp_ping received 64 bytes back
Round trip time was 0.315587 milliseconds in repetition 243
tcp_ping received 64 bytes back
Round trip time was 0.33365 milliseconds in repetition 244
tcp_ping received 64 bytes back
Round trip time was 0.312986 milliseconds in repetition 245
tcp_ping received 64 bytes back
Round trip time was 0.310535 milliseconds in repetition 246
tcp_ping received 64 bytes back
Round trip time was 0.314855 milliseconds in repetition 247
tcp_ping received 64 bytes back
Round trip time was 0.313888 milliseconds in repetition 248
tcp_ping received 64 bytes back
Round trip time was 0.313713 milliseconds in repetition 249
tcp_ping received 64 bytes back
Round trip time was 0.343039 milliseconds in repetition 250
tcp_ping received 64 bytes back
Round trip time was 0.399835 milliseconds in repetition 251
tcp_ping received 64 bytes back
Round trip time was 0.446759 milliseconds in repetition 252
tcp_ping received 64 bytes back
Round trip time was 0.43273 milliseconds in repetition 253
tcp_ping received 64 bytes back
Round trip time was 0.435802 milliseconds in repetition 254
tcp_ping received 64 bytes back
Round trip time was 0.431516 milliseconds in repetition 255
tcp_ping received 64 bytes back
Round trip time was 0.367628 milliseconds in repetition 256
tcp_ping received 64 bytes back
Round trip time was 0.44151 milliseconds in repetition 257
tcp_ping received 64 bytes back
Round trip time was 0.367094 milliseconds in repetition 258
tcp_ping received 64 bytes back
Round trip time was 0.310008 milliseconds in repetition 259
tcp_ping received 64 bytes back
Round trip time was 0.316314 milliseconds in repetition 260
tcp_ping received 64 bytes back
Round trip time was 0.39376 milliseconds in repetition 261
tcp_ping received 64 bytes back
Round trip time was 0.439762 milliseconds in repetition 262
tcp_ping received 64 bytes back
Round trip time was 0.450518 milliseconds in repetition 263
tcp_ping received 64 bytes back
Round trip time was 0.617887 milliseconds in repetition 264
tcp_ping received 64 bytes back
Round trip time was 0.314662 milliseconds in repetition 265
tcp_ping received 64 bytes back
Round trip time was 0.333098 milliseconds in repetition 266
tcp_ping received 64 bytes back
Round trip time was 0.322708 milliseconds in repetition 267
tcp_ping received 64 bytes back
Round trip time was 0.268037 milliseconds in repetition 268
tcp_ping received 64 bytes back
Round trip time was 0.36562 milliseconds in repetition 269
tcp_ping received 64 bytes back
Round trip time was 0.315971 milliseconds in repetition 270
tcp_ping received 64 bytes back
Round trip time was 0.356249 milliseconds in repetition 271
tcp_ping received 64 bytes back
Round trip time was 0.325177 milliseconds in repetition 272
tcp_ping received 64 bytes back
Round trip time was 0.358213 milliseconds in repetition 273
tcp_ping received 64 bytes back
Round trip time was 0.306289 milliseconds in repetition 274
tcp_ping received 64 bytes back
Round trip time was 0.311233 milliseconds in repetition 275
tcp_ping received 64 bytes back
Round trip time was 0.344843 milliseconds in repetition 276
tcp_ping received 64 bytes back
Round trip time was 0.284669 milliseconds in repetition 277
tcp_ping received 64 bytes back
Round trip time was 0.263621 milliseconds in repetition 278
tcp_ping received 64 bytes back
Round trip time was 0.323653 milliseconds in repetition 279
tcp_ping received 64 bytes back
Round trip time was 0.322211 milliseconds in repetition 280
tcp_ping received 64 bytes back
Round trip time was 0.315641 milliseconds in repetition 281
tcp_ping received 64 bytes back
Round trip time was 0.306831 milliseconds in repetition 282
tcp_ping received 64 bytes back
Round trip time was 0.312158 milliseconds in repetition 283
tcp_ping received 64 bytes back
Round trip time was 0.493446 milliseconds in repetition 284
tcp_ping received 64 bytes back
Round trip time was 0.373684 milliseconds in repetition 285
tcp_ping received 64 bytes back
Round trip time was 0.517523 milliseconds in repetition 286
tcp_ping received 64 bytes back
Round trip time was 0.314727 milliseconds in repetition 287
tcp_ping received 64 bytes back
Round trip time was 0.349419 milliseconds in repetition 288
tcp_ping received 64 bytes back
Round trip time was 0.332196 milliseconds in repetition 289
tcp_ping received 64 bytes back
Round trip time was 0.321684 milliseconds in repetition 290
tcp_ping received 64 bytes back
Round trip time was 0.317404 milliseconds in repetition 291
tcp_ping received 64 bytes back
Round trip time was 0.318004 milliseconds in repetition 292
tcp_ping received 64 bytes back
Round trip time was 0.316404 milliseconds in repetition 293
tcp_ping received 64 bytes back
Round trip time was 0.312423 milliseconds in repetition 294
tcp_ping received 64 bytes back
Round trip time was 0.441032 milliseconds in repetition 295
tcp_ping received 64 bytes back
Round trip time was 0.330752 milliseconds in repetition 296
tcp_ping received 64 bytes back
Round trip time was 0.317099 milliseconds in repetition 297
tcp_ping received 64 bytes back
Round trip time was 0.322231 milliseconds in repetition 298
tcp_ping received 64 bytes back
Round trip time was 0.315484 milliseconds in repetition 299
tcp_ping received 64 bytes back
Round trip time was 0.314268 milliseconds in repetition 300
tcp_ping received 64 bytes back
Round trip time was 0.329113 milliseconds in repetition 301
tcp_ping received 64 bytes back
Round trip time was 0.314491 milliseconds in repetition 302
tcp_ping received 64 bytes back
Round trip time was 0.316266 milliseconds in repetition 303
tcp_ping received 64 bytes back
Round trip time was 0.332205 milliseconds in repetition 304
tcp_ping received 64 bytes back
Round trip time was 0.310667 milliseconds in repetition 305
tcp_ping received 64 bytes back
Round trip time was 0.321551 milliseconds in repetition 306
tcp_ping received 64 bytes back
Round trip time was 0.330725 milliseconds in repetition 307
tcp_ping received 64 bytes back
Round trip time was 0.369796 milliseconds in repetition 308
tcp_ping received 64 bytes back
Round trip time was 0.312883 milliseconds in repetition 309
tcp_ping received 64 bytes back
Round trip time was 0.334703 milliseconds in repetition 310
tcp_ping received 64 bytes back
Round trip time was 0.317365 milliseconds in repetition 311
tcp_ping received 64 bytes back
Round trip time was 0.312951 milliseconds in repetition 312
tcp_ping received 64 bytes back
Round trip time was 0.296143 milliseconds in repetition 313
tcp_ping received 64 bytes back
Round trip time was 0.309181 milliseconds in repetition 314
tcp_ping received 64 bytes back
Round trip time was 0.340817 milliseconds in repetition 315
tcp_ping received 64 bytes back
Round trip time was 0.312386 milliseconds in repetition 316
tcp_ping received 64 bytes back
Round trip time was 0.337703 milliseconds in repetition 317
tcp_ping received 64 bytes back
Round trip time was 0.314205 milliseconds in repetition 318
tcp_ping received 64 bytes back
Round trip time was 0.344225 milliseconds in repetition 319
tcp_ping received 64 bytes back
Round trip time was 0.323022 milliseconds in repetition 320
tcp_ping received 64 bytes back
Round trip time was 0.322422 milliseconds in repetition 321
tcp_ping received 64 bytes back
Round trip time was 0.307357 milliseconds in repetition 322
tcp_ping received 64 bytes back
Round trip time was 0.316483 milliseconds in repetition 323
tcp_ping received 64 bytes back
Round trip time was 0.316392 milliseconds in repetition 324
tcp_ping received 64 bytes back
Round trip time was 0.301544 milliseconds in repetition 325
tcp_ping received 64 bytes back
Round trip time was 0.293231 milliseconds in repetition 326
tcp_ping received 64 bytes back
Round trip time was 0.324699 milliseconds in repetition 327
tcp_ping received 64 bytes back
Round trip time was 0.31708 milliseconds in repetition 328
tcp_ping received 64 bytes back
Round trip time was 0.322973 milliseconds in repetition 329
tcp_ping received 64 bytes back
Round trip time was 0.3161 milliseconds in repetition 330
tcp_ping received 64 bytes back
Round trip time was 0.317174 milliseconds in repetition 331
tcp_ping received 64 bytes back
Round trip time was 0.326704 milliseconds in repetition 332
tcp_ping received 64 bytes back
Round trip time was 0.349573 milliseconds in repetition 333
tcp_ping received 64 bytes back
Round trip time was 0.319668 milliseconds in repetition 334
tcp_ping received 64 bytes back
Round trip time was 0.315568 milliseconds in repetition 335
tcp_ping received 64 bytes back
Round trip time was 0.336173 milliseconds in repetition 336
tcp_ping received 64 bytes back
Round trip time was 0.365085 milliseconds in repetition 337
tcp_ping received 64 bytes back
Round trip time was 0.3265 milliseconds in repetition 338
tcp_ping received 64 bytes back
Round trip time was 0.334506 milliseconds in repetition 339
tcp_ping received 64 bytes back
Round trip time was 0.323031 milliseconds in repetition 340
tcp_ping received 64 bytes back
Round trip time was 0.320655 milliseconds in repetition 341
tcp_ping received 64 bytes back
Round trip time was 0.322875 milliseconds in repetition 342
tcp_ping received 64 bytes back
Round trip time was 0.325965 milliseconds in repetition 343
tcp_ping received 64 bytes back
Round trip time was 0.359978 milliseconds in repetition 344
tcp_ping received 64 bytes back
Round trip time was 0.368587 milliseconds in repetition 345
tcp_ping received 64 bytes back
Round trip time was 0.310427 milliseconds in repetition 346
tcp_ping received 64 bytes back
Round trip time was 0.318335 milliseconds in repetition 347
tcp_ping received 64 bytes back
Round trip time was 0.318106 milliseconds in repetition 348
tcp_ping received 64 bytes back
Round trip time was 0.344603 milliseconds in repetition 349
tcp_ping received 64 bytes back
Round trip time was 0.222123 milliseconds in repetition 350
tcp_ping received 64 bytes back
Round trip time was 0.259251 milliseconds in repetition 351
tcp_ping received 64 bytes back
Round trip time was 0.317789 milliseconds in repetition 352
tcp_ping received 64 bytes back
Round trip time was 0.317673 milliseconds in repetition 353
tcp_ping received 64 bytes back
Round trip time was 0.319973 milliseconds in repetition 354
tcp_ping received 64 bytes back
Round trip time was 0.392483 milliseconds in repetition 355
tcp_ping received 64 bytes back
Round trip time was 0.338645 milliseconds in repetition 356
tcp_ping received 64 bytes back
Round trip time was 0.298663 milliseconds in repetition 357
tcp_ping received 64 bytes back
Round trip time was 0.31688 milliseconds in repetition 358
tcp_ping received 64 bytes back
Round trip time was 0.325585 milliseconds in repetition 359
tcp_ping received 64 bytes back
Round trip time was 0.320494 milliseconds in repetition 360
tcp_ping received 64 bytes back
Round trip time was 0.343558 milliseconds in repetition 361
tcp_ping received 64 bytes back
Round trip time was 0.310403 milliseconds in repetition 362
tcp_ping received 64 bytes back
Round trip time was 0.333016 milliseconds in repetition 363
tcp_ping received 64 bytes back
Round trip time was 0.312891 milliseconds in repetition 364
tcp_ping received 64 bytes back
Round trip time was 0.337002 milliseconds in repetition 365
tcp_ping received 64 bytes back
Round trip time was 0.316034 milliseconds in repetition 366
tcp_ping received 64 bytes back
Round trip time was 0.368756 milliseconds in repetition 367
tcp_ping received 64 bytes back
Round trip time was 0.31176 milliseconds in repetition 368
tcp_ping received 64 bytes back
Round trip time was 0.323542 milliseconds in repetition 369
tcp_ping received 64 bytes back
Round trip time was 0.310133 milliseconds in repetition 370
tcp_ping received 64 bytes back
Round trip time was 0.330481 milliseconds in repetition 371
tcp_ping received 64 bytes back
Round trip time was 0.317118 milliseconds in repetition 372
tcp_ping received 64 bytes back
Round trip time was 0.31821 milliseconds in repetition 373
tcp_ping received 64 bytes back
Round trip time was 0.309984 milliseconds in repetition 374
tcp_ping received 64 bytes back
Round trip time was 0.216677 milliseconds in repetition 375
tcp_ping received 64 bytes back
Round trip time was 0.317845 milliseconds in repetition 376
tcp_ping received 64 bytes back
Round trip time was 0.356246 milliseconds in repetition 377
tcp_ping received 64 bytes back
Round trip time was 0.315025 milliseconds in repetition 378
tcp_ping received 64 bytes back
Round trip time was 0.312381 milliseconds in repetition 379
tcp_ping received 64 bytes back
Round trip time was 0.336313 milliseconds in repetition 380
tcp_ping received 64 bytes back
Round trip time was 0.325098 milliseconds in repetition 381
tcp_ping received 64 bytes back
Round trip time was 0.317064 milliseconds in repetition 382
tcp_ping received 64 bytes back
Round trip time was 0.314238 milliseconds in repetition 383
tcp_ping received 64 bytes back
Round trip time was 0.379378 milliseconds in repetition 384
tcp_ping received 64 bytes back
Round trip time was 0.322558 milliseconds in repetition 385
tcp_ping received 64 bytes back
Round trip time was 0.317425 milliseconds in repetition 386
tcp_ping received 64 bytes back
Round trip time was 0.316679 milliseconds in repetition 387
tcp_ping received 64 bytes back
Round trip time was 0.317351 milliseconds in repetition 388
tcp_ping received 64 bytes back
Round trip time was 0.311333 milliseconds in repetition 389
tcp_ping received 64 bytes back
Round trip time was 0.309597 milliseconds in repetition 390
tcp_ping received 64 bytes back
Round trip time was 0.308675 milliseconds in repetition 391
tcp_ping received 64 bytes back
Round trip time was 0.304372 milliseconds in repetition 392
tcp_ping received 64 bytes back
Round trip time was 0.308663 milliseconds in repetition 393
tcp_ping received 64 bytes back
Round trip time was 0.324657 milliseconds in repetition 394
tcp_ping received 64 bytes back
Round trip time was 0.332882 milliseconds in repetition 395
tcp_ping received 64 bytes back
Round trip time was 0.311999 milliseconds in repetition 396
tcp_ping received 64 bytes back
Round trip time was 0.322036 milliseconds in repetition 397
tcp_ping received 64 bytes back
Round trip time was 0.354601 milliseconds in repetition 398
tcp_ping received 64 bytes back
Round trip time was 0.314536 milliseconds in repetition 399
tcp_ping received 64 bytes back
Round trip time was 0.305259 milliseconds in repetition 400
tcp_ping received 64 bytes back
Round trip time was 0.354153 milliseconds in repetition 401
tcp_ping received 64 bytes back
Round trip time was 0.298289 milliseconds in repetition 402
tcp_ping received 64 bytes back
Round trip time was 0.327701 milliseconds in repetition 403
tcp_ping received 64 bytes back
Round trip time was 0.314781 milliseconds in repetition 404
tcp_ping received 64 bytes back
Round trip time was 0.314855 milliseconds in repetition 405
tcp_ping received 64 bytes back
Round trip time was 0.364299 milliseconds in repetition 406
tcp_ping received 64 bytes back
Round trip time was 0.345707 milliseconds in repetition 407
tcp_ping received 64 bytes back
Round trip time was 0.436247 milliseconds in repetition 408
tcp_ping received 64 bytes back
Round trip time was 0.323399 milliseconds in repetition 409
tcp_ping received 64 bytes back
Round trip time was 0.317873 milliseconds in repetition 410
tcp_ping received 64 bytes back
Round trip time was 0.35423 milliseconds in repetition 411
tcp_ping received 64 bytes back
Round trip time was 0.317608 milliseconds in repetition 412
tcp_ping received 64 bytes back
Round trip time was 0.307621 milliseconds in repetition 413
tcp_ping received 64 bytes back
Round trip time was 0.313427 milliseconds in repetition 414
tcp_ping received 64 bytes back
Round trip time was 0.323806 milliseconds in repetition 415
tcp_ping received 64 bytes back
Round trip time was 0.314126 milliseconds in repetition 416
tcp_ping received 64 bytes back
Round trip time was 0.329351 milliseconds in repetition 417
tcp_ping received 64 bytes back
Round trip time was 0.331566 milliseconds in repetition 418
tcp_ping received 64 bytes back
Round trip time was 0.321213 milliseconds in repetition 419
tcp_ping received 64 bytes back
Round trip time was 0.319354 milliseconds in repetition 420
tcp_ping received 64 bytes back
Round trip time was 0.3102 milliseconds in repetition 421
tcp_ping received 64 bytes back
Round trip time was 0.315179 milliseconds in repetition 422
tcp_ping received 64 bytes back
Round trip time was 0.304794 milliseconds in repetition 423
tcp_ping received 64 bytes back
Round trip time was 0.256792 milliseconds in repetition 424
tcp_ping received 64 bytes back
Round trip time was 0.260327 milliseconds in repetition 425
tcp_ping received 64 bytes back
Round trip time was 0.313897 milliseconds in repetition 426
tcp_ping received 64 bytes back
Round trip time was 0.334569 milliseconds in repetition 427
tcp_ping received 64 bytes back
Round trip time was 0.315076 milliseconds in repetition 428
tcp_ping received 64 bytes back
Round trip time was 0.347445 milliseconds in repetition 429
tcp_ping received 64 bytes back
Round trip time was 0.361335 milliseconds in repetition 430
tcp_ping received 64 bytes back
Round trip time was 0.317494 milliseconds in repetition 431
tcp_ping received 64 bytes back
Round trip time was 0.32041 milliseconds in repetition 432
tcp_ping received 64 bytes back
Round trip time was 0.324976 milliseconds in repetition 433
tcp_ping received 64 bytes back
Round trip time was 0.316607 milliseconds in repetition 434
tcp_ping received 64 bytes back
Round trip time was 0.3138 milliseconds in repetition 435
tcp_ping received 64 bytes back
Round trip time was 0.30775 milliseconds in repetition 436
tcp_ping received 64 bytes back
Round trip time was 0.310605 milliseconds in repetition 437
tcp_ping received 64 bytes back
Round trip time was 0.3354 milliseconds in repetition 438
tcp_ping received 64 bytes back
Round trip time was 0.316575 milliseconds in repetition 439
tcp_ping received 64 bytes back
Round trip time was 0.308353 milliseconds in repetition 440
tcp_ping received 64 bytes back
Round trip time was 0.312394 milliseconds in repetition 441
tcp_ping received 64 bytes back
Round trip time was 0.310316 milliseconds in repetition 442
tcp_ping received 64 bytes back
Round trip time was 0.336381 milliseconds in repetition 443
tcp_ping received 64 bytes back
Round trip time was 0.31392 milliseconds in repetition 444
tcp_ping received 64 bytes back
Round trip time was 0.311413 milliseconds in repetition 445
tcp_ping received 64 bytes back
Round trip time was 0.682911 milliseconds in repetition 446
tcp_ping received 64 bytes back
Round trip time was 0.390693 milliseconds in repetition 447
tcp_ping received 64 bytes back
Round trip time was 0.432195 milliseconds in repetition 448
tcp_ping received 64 bytes back
Round trip time was 0.315165 milliseconds in repetition 449
tcp_ping received 64 bytes back
Round trip time was 0.308781 milliseconds in repetition 450
tcp_ping received 64 bytes back
Round trip time was 0.313957 milliseconds in repetition 451
tcp_ping received 64 bytes back
Round trip time was 0.312926 milliseconds in repetition 452
tcp_ping received 64 bytes back
Round trip time was 0.323566 milliseconds in repetition 453
tcp_ping received 64 bytes back
Round trip time was 0.31994 milliseconds in repetition 454
tcp_ping received 64 bytes back
Round trip time was 0.466859 milliseconds in repetition 455
tcp_ping received 64 bytes back
Round trip time was 0.309639 milliseconds in repetition 456
tcp_ping received 64 bytes back
Round trip time was 0.316527 milliseconds in repetition 457
tcp_ping received 64 bytes back
Round trip time was 0.338857 milliseconds in repetition 458
tcp_ping received 64 bytes back
Round trip time was 0.33982 milliseconds in repetition 459
tcp_ping received 64 bytes back
Round trip time was 0.343213 milliseconds in repetition 460
tcp_ping received 64 bytes back
Round trip time was 0.309988 milliseconds in repetition 461
tcp_ping received 64 bytes back
Round trip time was 0.308161 milliseconds in repetition 462
tcp_ping received 64 bytes back
Round trip time was 0.307017 milliseconds in repetition 463
tcp_ping received 64 bytes back
Round trip time was 0.314294 milliseconds in repetition 464
tcp_ping received 64 bytes back
Round trip time was 0.309425 milliseconds in repetition 465
tcp_ping received 64 bytes back
Round trip time was 0.316773 milliseconds in repetition 466
tcp_ping received 64 bytes back
Round trip time was 0.314572 milliseconds in repetition 467
tcp_ping received 64 bytes back
Round trip time was 0.382994 milliseconds in repetition 468
tcp_ping received 64 bytes back
Round trip time was 0.31273 milliseconds in repetition 469
tcp_ping received 64 bytes back
Round trip time was 0.314863 milliseconds in repetition 470
tcp_ping received 64 bytes back
Round trip time was 0.318161 milliseconds in repetition 471
tcp_ping received 64 bytes back
Round trip time was 0.216769 milliseconds in repetition 472
tcp_ping received 64 bytes back
Round trip time was 0.31777 milliseconds in repetition 473
tcp_ping received 64 bytes back
Round trip time was 0.309965 milliseconds in repetition 474
tcp_ping received 64 bytes back
Round trip time was 0.335574 milliseconds in repetition 475
tcp_ping received 64 bytes back
Round trip time was 0.319716 milliseconds in repetition 476
tcp_ping received 64 bytes back
Round trip time was 0.31061 milliseconds in repetition 477
tcp_ping received 64 bytes back
Round trip time was 0.327735 milliseconds in repetition 478
tcp_ping received 64 bytes back
Round trip time was 0.313279 milliseconds in repetition 479
tcp_ping received 64 bytes back
Round trip time was 0.332912 milliseconds in repetition 480
tcp_ping received 64 bytes back
Round trip time was 0.315963 milliseconds in repetition 481
tcp_ping received 64 bytes back
Round trip time was 0.313623 milliseconds in repetition 482
tcp_ping received 64 bytes back
Round trip time was 0.316107 milliseconds in repetition 483
tcp_ping received 64 bytes back
Round trip time was 0.308967 milliseconds in repetition 484
tcp_ping received 64 bytes back
Round trip time was 0.308258 milliseconds in repetition 485
tcp_ping received 64 bytes back
Round trip time was 0.307142 milliseconds in repetition 486
tcp_ping received 64 bytes back
Round trip time was 0.311185 milliseconds in repetition 487
tcp_ping received 64 bytes back
Round trip time was 0.314338 milliseconds in repetition 488
tcp_ping received 64 bytes back
Round trip time was 0.348509 milliseconds in repetition 489
tcp_ping received 64 bytes back
Round trip time was 0.333056 milliseconds in repetition 490
tcp_ping received 64 bytes back
Round trip time was 0.372103 milliseconds in repetition 491
tcp_ping received 64 bytes back
Round trip time was 0.314738 milliseconds in repetition 492
tcp_ping received 64 bytes back
Round trip time was 0.322511 milliseconds in repetition 493
tcp_ping received 64 bytes back
Round trip time was 0.315717 milliseconds in repetition 494
tcp_ping received 64 bytes back
Round trip time was 0.313473 milliseconds in repetition 495
tcp_ping received 64 bytes back
Round trip time was 0.304045 milliseconds in repetition 496
tcp_ping received 64 bytes back
Round trip time was 0.255067 milliseconds in repetition 497
tcp_ping received 64 bytes back
Round trip time was 0.259261 milliseconds in repetition 498
tcp_ping received 64 bytes back
Round trip time was 0.318993 milliseconds in repetition 499
tcp_ping received 64 bytes back
Round trip time was 0.329111 milliseconds in repetition 500
tcp_ping received 64 bytes back
Round trip time was 0.333761 milliseconds in repetition 501

 ... clock resolution was 1e-06
TCP Ping:  Statistics over 501 repetitions of 64 byte messages

RTT : percentile 10: 0.308292, median: 0.31994, percentile 90: 0.446759, average: 0.366109, variance: 0.024093

RTT histogram:
0.205628 8
0.30795 402
0.410272 43
0.512594 11
0.614915 4
0.717237 11
0.819559 12
0.921881 8
1.0242 0
1.12652 1
1.22885 0
1.33117 0
1.43349 0
1.53581 0
1.63813 0
1.74045 0
1.84278 0
1.9451 0
2.04742 0
2.14974 0
2.25206 1

   median Throughput : 400.075 KB/s   overall Throughput : 349.623 KB/s

