TCP Ping trying to connect to server seti.dibris.unige.it (130.251.61.30) on port 1491
 ... connected to Pong server: asking for 501 repetitions of 768 bytes TCP messages
 ... Pong server agreed :-)
tcp_ping received 768 bytes back
Round trip time was 8.49058 milliseconds in repetition 1
tcp_ping received 768 bytes back
Round trip time was 1.08232 milliseconds in repetition 2
tcp_ping received 768 bytes back
Round trip time was 1.26029 milliseconds in repetition 3
tcp_ping received 768 bytes back
Round trip time was 1.22889 milliseconds in repetition 4
tcp_ping received 768 bytes back
Round trip time was 1.52229 milliseconds in repetition 5
tcp_ping received 768 bytes back
Round trip time was 0.90088 milliseconds in repetition 6
tcp_ping received 768 bytes back
Round trip time was 0.950314 milliseconds in repetition 7
tcp_ping received 768 bytes back
Round trip time was 0.890045 milliseconds in repetition 8
tcp_ping received 768 bytes back
Round trip time was 0.825972 milliseconds in repetition 9
tcp_ping received 768 bytes back
Round trip time was 0.860281 milliseconds in repetition 10
tcp_ping received 768 bytes back
Round trip time was 0.853855 milliseconds in repetition 11
tcp_ping received 768 bytes back
Round trip time was 0.909176 milliseconds in repetition 12
tcp_ping received 768 bytes back
Round trip time was 0.894827 milliseconds in repetition 13
tcp_ping received 768 bytes back
Round trip time was 0.881065 milliseconds in repetition 14
tcp_ping received 768 bytes back
Round trip time was 1.09639 milliseconds in repetition 15
tcp_ping received 768 bytes back
Round trip time was 0.904207 milliseconds in repetition 16
tcp_ping received 768 bytes back
Round trip time was 0.823411 milliseconds in repetition 17
tcp_ping received 768 bytes back
Round trip time was 0.877175 milliseconds in repetition 18
tcp_ping received 768 bytes back
Round trip time was 0.755077 milliseconds in repetition 19
tcp_ping received 768 bytes back
Round trip time was 0.820358 milliseconds in repetition 20
tcp_ping received 768 bytes back
Round trip time was 0.867832 milliseconds in repetition 21
tcp_ping received 768 bytes back
Round trip time was 0.777318 milliseconds in repetition 22
tcp_ping received 768 bytes back
Round trip time was 0.696663 milliseconds in repetition 23
tcp_ping received 768 bytes back
Round trip time was 0.745491 milliseconds in repetition 24
tcp_ping received 768 bytes back
Round trip time was 0.706646 milliseconds in repetition 25
tcp_ping received 768 bytes back
Round trip time was 0.785455 milliseconds in repetition 26
tcp_ping received 768 bytes back
Round trip time was 0.918399 milliseconds in repetition 27
tcp_ping received 768 bytes back
Round trip time was 0.802094 milliseconds in repetition 28
tcp_ping received 768 bytes back
Round trip time was 0.766262 milliseconds in repetition 29
tcp_ping received 768 bytes back
Round trip time was 0.768062 milliseconds in repetition 30
tcp_ping received 768 bytes back
Round trip time was 0.757344 milliseconds in repetition 31
tcp_ping received 768 bytes back
Round trip time was 0.901964 milliseconds in repetition 32
tcp_ping received 768 bytes back
Round trip time was 0.764856 milliseconds in repetition 33
tcp_ping received 768 bytes back
Round trip time was 0.611351 milliseconds in repetition 34
tcp_ping received 768 bytes back
Round trip time was 0.433861 milliseconds in repetition 35
tcp_ping received 768 bytes back
Round trip time was 0.478543 milliseconds in repetition 36
tcp_ping received 768 bytes back
Round trip time was 0.409394 milliseconds in repetition 37
tcp_ping received 768 bytes back
Round trip time was 0.394696 milliseconds in repetition 38
tcp_ping received 768 bytes back
Round trip time was 0.395819 milliseconds in repetition 39
tcp_ping received 768 bytes back
Round trip time was 0.405583 milliseconds in repetition 40
tcp_ping received 768 bytes back
Round trip time was 0.383732 milliseconds in repetition 41
tcp_ping received 768 bytes back
Round trip time was 0.43567 milliseconds in repetition 42
tcp_ping received 768 bytes back
Round trip time was 0.402793 milliseconds in repetition 43
tcp_ping received 768 bytes back
Round trip time was 0.377413 milliseconds in repetition 44
tcp_ping received 768 bytes back
Round trip time was 0.440909 milliseconds in repetition 45
tcp_ping received 768 bytes back
Round trip time was 0.398185 milliseconds in repetition 46
tcp_ping received 768 bytes back
Round trip time was 0.404682 milliseconds in repetition 47
tcp_ping received 768 bytes back
Round trip time was 0.424913 milliseconds in repetition 48
tcp_ping received 768 bytes back
Round trip time was 0.405697 milliseconds in repetition 49
tcp_ping received 768 bytes back
Round trip time was 0.561378 milliseconds in repetition 50
tcp_ping received 768 bytes back
Round trip time was 0.494032 milliseconds in repetition 51
tcp_ping received 768 bytes back
Round trip time was 0.39643 milliseconds in repetition 52
tcp_ping received 768 bytes back
Round trip time was 0.455573 milliseconds in repetition 53
tcp_ping received 768 bytes back
Round trip time was 0.330695 milliseconds in repetition 54
tcp_ping received 768 bytes back
Round trip time was 0.406768 milliseconds in repetition 55
tcp_ping received 768 bytes back
Round trip time was 0.387548 milliseconds in repetition 56
tcp_ping received 768 bytes back
Round trip time was 0.381991 milliseconds in repetition 57
tcp_ping received 768 bytes back
Round trip time was 0.382596 milliseconds in repetition 58
tcp_ping received 768 bytes back
Round trip time was 0.380028 milliseconds in repetition 59
tcp_ping received 768 bytes back
Round trip time was 0.375881 milliseconds in repetition 60
tcp_ping received 768 bytes back
Round trip time was 0.393004 milliseconds in repetition 61
tcp_ping received 768 bytes back
Round trip time was 1.14885 milliseconds in repetition 62
tcp_ping received 768 bytes back
Round trip time was 0.571457 milliseconds in repetition 63
tcp_ping received 768 bytes back
Round trip time was 0.393675 milliseconds in repetition 64
tcp_ping received 768 bytes back
Round trip time was 0.379505 milliseconds in repetition 65
tcp_ping received 768 bytes back
Round trip time was 0.40352 milliseconds in repetition 66
tcp_ping received 768 bytes back
Round trip time was 0.387769 milliseconds in repetition 67
tcp_ping received 768 bytes back
Round trip time was 0.382131 milliseconds in repetition 68
tcp_ping received 768 bytes back
Round trip time was 0.443326 milliseconds in repetition 69
tcp_ping received 768 bytes back
Round trip time was 0.385146 milliseconds in repetition 70
tcp_ping received 768 bytes back
Round trip time was 0.435142 milliseconds in repetition 71
tcp_ping received 768 bytes back
Round trip time was 0.391106 milliseconds in repetition 72
tcp_ping received 768 bytes back
Round trip time was 0.385129 milliseconds in repetition 73
tcp_ping received 768 bytes back
Round trip time was 0.37557 milliseconds in repetition 74
tcp_ping received 768 bytes back
Round trip time was 0.382363 milliseconds in repetition 75
tcp_ping received 768 bytes back
Round trip time was 0.377 milliseconds in repetition 76
tcp_ping received 768 bytes back
Round trip time was 0.37755 milliseconds in repetition 77
tcp_ping received 768 bytes back
Round trip time was 0.38188 milliseconds in repetition 78
tcp_ping received 768 bytes back
Round trip time was 0.514546 milliseconds in repetition 79
tcp_ping received 768 bytes back
Round trip time was 0.386783 milliseconds in repetition 80
tcp_ping received 768 bytes back
Round trip time was 0.418733 milliseconds in repetition 81
tcp_ping received 768 bytes back
Round trip time was 0.334251 milliseconds in repetition 82
tcp_ping received 768 bytes back
Round trip time was 0.389612 milliseconds in repetition 83
tcp_ping received 768 bytes back
Round trip time was 0.411509 milliseconds in repetition 84
tcp_ping received 768 bytes back
Round trip time was 0.44109 milliseconds in repetition 85
tcp_ping received 768 bytes back
Round trip time was 0.392002 milliseconds in repetition 86
tcp_ping received 768 bytes back
Round trip time was 0.401033 milliseconds in repetition 87
tcp_ping received 768 bytes back
Round trip time was 0.384645 milliseconds in repetition 88
tcp_ping received 768 bytes back
Round trip time was 0.51219 milliseconds in repetition 89
tcp_ping received 768 bytes back
Round trip time was 0.505918 milliseconds in repetition 90
tcp_ping received 768 bytes back
Round trip time was 0.347691 milliseconds in repetition 91
tcp_ping received 768 bytes back
Round trip time was 0.37993 milliseconds in repetition 92
tcp_ping received 768 bytes back
Round trip time was 0.378306 milliseconds in repetition 93
tcp_ping received 768 bytes back
Round trip time was 0.374159 milliseconds in repetition 94
tcp_ping received 768 bytes back
Round trip time was 0.377151 milliseconds in repetition 95
tcp_ping received 768 bytes back
Round trip time was 0.408151 milliseconds in repetition 96
tcp_ping received 768 bytes back
Round trip time was 0.384255 milliseconds in repetition 97
tcp_ping received 768 bytes back
Round trip time was 0.373603 milliseconds in repetition 98
tcp_ping received 768 bytes back
Round trip time was 0.379565 milliseconds in repetition 99
tcp_ping received 768 bytes back
Round trip time was 0.39644 milliseconds in repetition 100
tcp_ping received 768 bytes back
Round trip time was 0.41477 milliseconds in repetition 101
tcp_ping received 768 bytes back
Round trip time was 0.415374 milliseconds in repetition 102
tcp_ping received 768 bytes back
Round trip time was 0.402077 milliseconds in repetition 103
tcp_ping received 768 bytes back
Round trip time was 0.387364 milliseconds in repetition 104
tcp_ping received 768 bytes back
Round trip time was 0.374329 milliseconds in repetition 105
tcp_ping received 768 bytes back
Round trip time was 0.385585 milliseconds in repetition 106
tcp_ping received 768 bytes back
Round trip time was 0.504502 milliseconds in repetition 107
tcp_ping received 768 bytes back
Round trip time was 0.393268 milliseconds in repetition 108
tcp_ping received 768 bytes back
Round trip time was 0.396831 milliseconds in repetition 109
tcp_ping received 768 bytes back
Round trip time was 0.471946 milliseconds in repetition 110
tcp_ping received 768 bytes back
Round trip time was 0.498038 milliseconds in repetition 111
tcp_ping received 768 bytes back
Round trip time was 0.51402 milliseconds in repetition 112
tcp_ping received 768 bytes back
Round trip time was 0.506659 milliseconds in repetition 113
tcp_ping received 768 bytes back
Round trip time was 0.538546 milliseconds in repetition 114
tcp_ping received 768 bytes back
Round trip time was 0.538743 milliseconds in repetition 115
tcp_ping received 768 bytes back
Round trip time was 0.532994 milliseconds in repetition 116
tcp_ping received 768 bytes back
Round trip time was 0.523302 milliseconds in repetition 117
tcp_ping received 768 bytes back
Round trip time was 0.514498 milliseconds in repetition 118
tcp_ping received 768 bytes back
Round trip time was 0.512339 milliseconds in repetition 119
tcp_ping received 768 bytes back
Round trip time was 0.443484 milliseconds in repetition 120
tcp_ping received 768 bytes back
Round trip time was 0.357759 milliseconds in repetition 121
tcp_ping received 768 bytes back
Round trip time was 0.381314 milliseconds in repetition 122
tcp_ping received 768 bytes back
Round trip time was 0.398544 milliseconds in repetition 123
tcp_ping received 768 bytes back
Round trip time was 0.384712 milliseconds in repetition 124
tcp_ping received 768 bytes back
Round trip time was 0.380923 milliseconds in repetition 125
tcp_ping received 768 bytes back
Round trip time was 0.385338 milliseconds in repetition 126
tcp_ping received 768 bytes back
Round trip time was 0.382547 milliseconds in repetition 127
tcp_ping received 768 bytes back
Round trip time was 0.346547 milliseconds in repetition 128
tcp_ping received 768 bytes back
Round trip time was 0.358756 milliseconds in repetition 129
tcp_ping received 768 bytes back
Round trip time was 0.399564 milliseconds in repetition 130
tcp_ping received 768 bytes back
Round trip time was 0.386593 milliseconds in repetition 131
tcp_ping received 768 bytes back
Round trip time was 0.390611 milliseconds in repetition 132
tcp_ping received 768 bytes back
Round trip time was 0.418352 milliseconds in repetition 133
tcp_ping received 768 bytes back
Round trip time was 0.383973 milliseconds in repetition 134
tcp_ping received 768 bytes back
Round trip time was 0.393441 milliseconds in repetition 135
tcp_ping received 768 bytes back
Round trip time was 0.384536 milliseconds in repetition 136
tcp_ping received 768 bytes back
Round trip time was 0.399185 milliseconds in repetition 137
tcp_ping received 768 bytes back
Round trip time was 0.408318 milliseconds in repetition 138
tcp_ping received 768 bytes back
Round trip time was 0.386144 milliseconds in repetition 139
tcp_ping received 768 bytes back
Round trip time was 0.391652 milliseconds in repetition 140
tcp_ping received 768 bytes back
Round trip time was 0.390919 milliseconds in repetition 141
tcp_ping received 768 bytes back
Round trip time was 0.391046 milliseconds in repetition 142
tcp_ping received 768 bytes back
Round trip time was 0.405104 milliseconds in repetition 143
tcp_ping received 768 bytes back
Round trip time was 0.390834 milliseconds in repetition 144
tcp_ping received 768 bytes back
Round trip time was 0.390832 milliseconds in repetition 145
tcp_ping received 768 bytes back
Round trip time was 0.372102 milliseconds in repetition 146
tcp_ping received 768 bytes back
Round trip time was 0.382979 milliseconds in repetition 147
tcp_ping received 768 bytes back
Round trip time was 0.370208 milliseconds in repetition 148
tcp_ping received 768 bytes back
Round trip time was 0.34908 milliseconds in repetition 149
tcp_ping received 768 bytes back
Round trip time was 0.377179 milliseconds in repetition 150
tcp_ping received 768 bytes back
Round trip time was 0.379309 milliseconds in repetition 151
tcp_ping received 768 bytes back
Round trip time was 0.41727 milliseconds in repetition 152
tcp_ping received 768 bytes back
Round trip time was 0.358527 milliseconds in repetition 153
tcp_ping received 768 bytes back
Round trip time was 0.371653 milliseconds in repetition 154
tcp_ping received 768 bytes back
Round trip time was 0.425851 milliseconds in repetition 155
tcp_ping received 768 bytes back
Round trip time was 0.396949 milliseconds in repetition 156
tcp_ping received 768 bytes back
Round trip time was 0.399851 milliseconds in repetition 157
tcp_ping received 768 bytes back
Round trip time was 0.383286 milliseconds in repetition 158
tcp_ping received 768 bytes back
Round trip time was 0.405374 milliseconds in repetition 159
tcp_ping received 768 bytes back
Round trip time was 0.381096 milliseconds in repetition 160
tcp_ping received 768 bytes back
Round trip time was 0.385796 milliseconds in repetition 161
tcp_ping received 768 bytes back
Round trip time was 0.401929 milliseconds in repetition 162
tcp_ping received 768 bytes back
Round trip time was 0.389996 milliseconds in repetition 163
tcp_ping received 768 bytes back
Round trip time was 0.346422 milliseconds in repetition 164
tcp_ping received 768 bytes back
Round trip time was 0.394523 milliseconds in repetition 165
tcp_ping received 768 bytes back
Round trip time was 0.392016 milliseconds in repetition 166
tcp_ping received 768 bytes back
Round trip time was 0.391116 milliseconds in repetition 167
tcp_ping received 768 bytes back
Round trip time was 0.397286 milliseconds in repetition 168
tcp_ping received 768 bytes back
Round trip time was 0.360087 milliseconds in repetition 169
tcp_ping received 768 bytes back
Round trip time was 0.388267 milliseconds in repetition 170
tcp_ping received 768 bytes back
Round trip time was 0.366627 milliseconds in repetition 171
tcp_ping received 768 bytes back
Round trip time was 0.398226 milliseconds in repetition 172
tcp_ping received 768 bytes back
Round trip time was 0.343136 milliseconds in repetition 173
tcp_ping received 768 bytes back
Round trip time was 0.33425 milliseconds in repetition 174
tcp_ping received 768 bytes back
Round trip time was 0.40783 milliseconds in repetition 175
tcp_ping received 768 bytes back
Round trip time was 0.379817 milliseconds in repetition 176
tcp_ping received 768 bytes back
Round trip time was 0.394906 milliseconds in repetition 177
tcp_ping received 768 bytes back
Round trip time was 0.315424 milliseconds in repetition 178
tcp_ping received 768 bytes back
Round trip time was 0.390547 milliseconds in repetition 179
tcp_ping received 768 bytes back
Round trip time was 0.352625 milliseconds in repetition 180
tcp_ping received 768 bytes back
Round trip time was 0.353924 milliseconds in repetition 181
tcp_ping received 768 bytes back
Round trip time was 0.330389 milliseconds in repetition 182
tcp_ping received 768 bytes back
Round trip time was 0.400366 milliseconds in repetition 183
tcp_ping received 768 bytes back
Round trip time was 0.330708 milliseconds in repetition 184
tcp_ping received 768 bytes back
Round trip time was 0.385479 milliseconds in repetition 185
tcp_ping received 768 bytes back
Round trip time was 0.352255 milliseconds in repetition 186
tcp_ping received 768 bytes back
Round trip time was 0.383955 milliseconds in repetition 187
tcp_ping received 768 bytes back
Round trip time was 0.405127 milliseconds in repetition 188
tcp_ping received 768 bytes back
Round trip time was 0.319098 milliseconds in repetition 189
tcp_ping received 768 bytes back
Round trip time was 0.369297 milliseconds in repetition 190
tcp_ping received 768 bytes back
Round trip time was 0.329151 milliseconds in repetition 191
tcp_ping received 768 bytes back
Round trip time was 0.388641 milliseconds in repetition 192
tcp_ping received 768 bytes back
Round trip time was 0.607186 milliseconds in repetition 193
tcp_ping received 768 bytes back
Round trip time was 0.849063 milliseconds in repetition 194
tcp_ping received 768 bytes back
Round trip time was 0.466666 milliseconds in repetition 195
tcp_ping received 768 bytes back
Round trip time was 0.919097 milliseconds in repetition 196
tcp_ping received 768 bytes back
Round trip time was 0.420212 milliseconds in repetition 197
tcp_ping received 768 bytes back
Round trip time was 0.441798 milliseconds in repetition 198
tcp_ping received 768 bytes back
Round trip time was 0.513291 milliseconds in repetition 199
tcp_ping received 768 bytes back
Round trip time was 0.376757 milliseconds in repetition 200
tcp_ping received 768 bytes back
Round trip time was 0.394525 milliseconds in repetition 201
tcp_ping received 768 bytes back
Round trip time was 0.398999 milliseconds in repetition 202
tcp_ping received 768 bytes back
Round trip time was 0.391734 milliseconds in repetition 203
tcp_ping received 768 bytes back
Round trip time was 0.354254 milliseconds in repetition 204
tcp_ping received 768 bytes back
Round trip time was 0.348216 milliseconds in repetition 205
tcp_ping received 768 bytes back
Round trip time was 0.310056 milliseconds in repetition 206
tcp_ping received 768 bytes back
Round trip time was 0.381345 milliseconds in repetition 207
tcp_ping received 768 bytes back
Round trip time was 0.307058 milliseconds in repetition 208
tcp_ping received 768 bytes back
Round trip time was 0.386184 milliseconds in repetition 209
tcp_ping received 768 bytes back
Round trip time was 0.348276 milliseconds in repetition 210
tcp_ping received 768 bytes back
Round trip time was 0.383579 milliseconds in repetition 211
tcp_ping received 768 bytes back
Round trip time was 0.392553 milliseconds in repetition 212
tcp_ping received 768 bytes back
Round trip time was 0.428048 milliseconds in repetition 213
tcp_ping received 768 bytes back
Round trip time was 0.429848 milliseconds in repetition 214
tcp_ping received 768 bytes back
Round trip time was 0.374479 milliseconds in repetition 215
tcp_ping received 768 bytes back
Round trip time was 0.385685 milliseconds in repetition 216
tcp_ping received 768 bytes back
Round trip time was 0.382314 milliseconds in repetition 217
tcp_ping received 768 bytes back
Round trip time was 0.63712 milliseconds in repetition 218
tcp_ping received 768 bytes back
Round trip time was 0.401042 milliseconds in repetition 219
tcp_ping received 768 bytes back
Round trip time was 0.366051 milliseconds in repetition 220
tcp_ping received 768 bytes back
Round trip time was 0.451181 milliseconds in repetition 221
tcp_ping received 768 bytes back
Round trip time was 0.409452 milliseconds in repetition 222
tcp_ping received 768 bytes back
Round trip time was 0.370214 milliseconds in repetition 223
tcp_ping received 768 bytes back
Round trip time was 0.395427 milliseconds in repetition 224
tcp_ping received 768 bytes back
Round trip time was 0.386578 milliseconds in repetition 225
tcp_ping received 768 bytes back
Round trip time was 0.302207 milliseconds in repetition 226
tcp_ping received 768 bytes back
Round trip time was 0.313702 milliseconds in repetition 227
tcp_ping received 768 bytes back
Round trip time was 0.34727 milliseconds in repetition 228
tcp_ping received 768 bytes back
Round trip time was 0.389978 milliseconds in repetition 229
tcp_ping received 768 bytes back
Round trip time was 0.350302 milliseconds in repetition 230
tcp_ping received 768 bytes back
Round trip time was 0.340581 milliseconds in repetition 231
tcp_ping received 768 bytes back
Round trip time was 0.311333 milliseconds in repetition 232
tcp_ping received 768 bytes back
Round trip time was 0.320472 milliseconds in repetition 233
tcp_ping received 768 bytes back
Round trip time was 0.385625 milliseconds in repetition 234
tcp_ping received 768 bytes back
Round trip time was 0.379296 milliseconds in repetition 235
tcp_ping received 768 bytes back
Round trip time was 0.317072 milliseconds in repetition 236
tcp_ping received 768 bytes back
Round trip time was 0.388297 milliseconds in repetition 237
tcp_ping received 768 bytes back
Round trip time was 0.374593 milliseconds in repetition 238
tcp_ping received 768 bytes back
Round trip time was 0.391709 milliseconds in repetition 239
tcp_ping received 768 bytes back
Round trip time was 0.427697 milliseconds in repetition 240
tcp_ping received 768 bytes back
Round trip time was 0.379654 milliseconds in repetition 241
tcp_ping received 768 bytes back
Round trip time was 0.435748 milliseconds in repetition 242
tcp_ping received 768 bytes back
Round trip time was 0.388195 milliseconds in repetition 243
tcp_ping received 768 bytes back
Round trip time was 0.371989 milliseconds in repetition 244
tcp_ping received 768 bytes back
Round trip time was 0.309819 milliseconds in repetition 245
tcp_ping received 768 bytes back
Round trip time was 0.346935 milliseconds in repetition 246
tcp_ping received 768 bytes back
Round trip time was 0.362676 milliseconds in repetition 247
tcp_ping received 768 bytes back
Round trip time was 0.320429 milliseconds in repetition 248
tcp_ping received 768 bytes back
Round trip time was 0.992747 milliseconds in repetition 249
tcp_ping received 768 bytes back
Round trip time was 0.386723 milliseconds in repetition 250
tcp_ping received 768 bytes back
Round trip time was 0.55098 milliseconds in repetition 251
tcp_ping received 768 bytes back
Round trip time was 0.382571 milliseconds in repetition 252
tcp_ping received 768 bytes back
Round trip time was 0.468509 milliseconds in repetition 253
tcp_ping received 768 bytes back
Round trip time was 0.387964 milliseconds in repetition 254
tcp_ping received 768 bytes back
Round trip time was 0.375655 milliseconds in repetition 255
tcp_ping received 768 bytes back
Round trip time was 0.304281 milliseconds in repetition 256
tcp_ping received 768 bytes back
Round trip time was 0.316341 milliseconds in repetition 257
tcp_ping received 768 bytes back
Round trip time was 0.369079 milliseconds in repetition 258
tcp_ping received 768 bytes back
Round trip time was 0.392078 milliseconds in repetition 259
tcp_ping received 768 bytes back
Round trip time was 0.396191 milliseconds in repetition 260
tcp_ping received 768 bytes back
Round trip time was 0.392496 milliseconds in repetition 261
tcp_ping received 768 bytes back
Round trip time was 0.476501 milliseconds in repetition 262
tcp_ping received 768 bytes back
Round trip time was 0.407251 milliseconds in repetition 263
tcp_ping received 768 bytes back
Round trip time was 0.40447 milliseconds in repetition 264
tcp_ping received 768 bytes back
Round trip time was 0.493424 milliseconds in repetition 265
tcp_ping received 768 bytes back
Round trip time was 0.471082 milliseconds in repetition 266
tcp_ping received 768 bytes back
Round trip time was 0.436531 milliseconds in repetition 267
tcp_ping received 768 bytes back
Round trip time was 0.403382 milliseconds in repetition 268
tcp_ping received 768 bytes back
Round trip time was 0.464986 milliseconds in repetition 269
tcp_ping received 768 bytes back
Round trip time was 0.454925 milliseconds in repetition 270
tcp_ping received 768 bytes back
Round trip time was 0.470791 milliseconds in repetition 271
tcp_ping received 768 bytes back
Round trip time was 0.396708 milliseconds in repetition 272
tcp_ping received 768 bytes back
Round trip time was 0.38638 milliseconds in repetition 273
tcp_ping received 768 bytes back
Round trip time was 0.379241 milliseconds in repetition 274
tcp_ping received 768 bytes back
Round trip time was 0.384727 milliseconds in repetition 275
tcp_ping received 768 bytes back
Round trip time was 0.478803 milliseconds in repetition 276
tcp_ping received 768 bytes back
Round trip time was 0.399386 milliseconds in repetition 277
tcp_ping received 768 bytes back
Round trip time was 0.396399 milliseconds in repetition 278
tcp_ping received 768 bytes back
Round trip time was 0.425112 milliseconds in repetition 279
tcp_ping received 768 bytes back
Round trip time was 0.41148 milliseconds in repetition 280
tcp_ping received 768 bytes back
Round trip time was 0.377818 milliseconds in repetition 281
tcp_ping received 768 bytes back
Round trip time was 0.396062 milliseconds in repetition 282
tcp_ping received 768 bytes back
Round trip time was 0.395728 milliseconds in repetition 283
tcp_ping received 768 bytes back
Round trip time was 0.385564 milliseconds in repetition 284
tcp_ping received 768 bytes back
Round trip time was 0.323196 milliseconds in repetition 285
tcp_ping received 768 bytes back
Round trip time was 0.418085 milliseconds in repetition 286
tcp_ping received 768 bytes back
Round trip time was 0.355458 milliseconds in repetition 287
tcp_ping received 768 bytes back
Round trip time was 0.404454 milliseconds in repetition 288
tcp_ping received 768 bytes back
Round trip time was 0.383936 milliseconds in repetition 289
tcp_ping received 768 bytes back
Round trip time was 0.424273 milliseconds in repetition 290
tcp_ping received 768 bytes back
Round trip time was 0.373684 milliseconds in repetition 291
tcp_ping received 768 bytes back
Round trip time was 0.439151 milliseconds in repetition 292
tcp_ping received 768 bytes back
Round trip time was 0.496327 milliseconds in repetition 293
tcp_ping received 768 bytes back
Round trip time was 0.399536 milliseconds in repetition 294
tcp_ping received 768 bytes back
Round trip time was 0.322243 milliseconds in repetition 295
tcp_ping received 768 bytes back
Round trip time was 0.391863 milliseconds in repetition 296
tcp_ping received 768 bytes back
Round trip time was 0.386519 milliseconds in repetition 297
tcp_ping received 768 bytes back
Round trip time was 0.393313 milliseconds in repetition 298
tcp_ping received 768 bytes back
Round trip time was 0.39233 milliseconds in repetition 299
tcp_ping received 768 bytes back
Round trip time was 0.385796 milliseconds in repetition 300
tcp_ping received 768 bytes back
Round trip time was 0.392496 milliseconds in repetition 301
tcp_ping received 768 bytes back
Round trip time was 0.408956 milliseconds in repetition 302
tcp_ping received 768 bytes back
Round trip time was 0.370975 milliseconds in repetition 303
tcp_ping received 768 bytes back
Round trip time was 0.39995 milliseconds in repetition 304
tcp_ping received 768 bytes back
Round trip time was 0.371163 milliseconds in repetition 305
tcp_ping received 768 bytes back
Round trip time was 0.39233 milliseconds in repetition 306
tcp_ping received 768 bytes back
Round trip time was 0.30985 milliseconds in repetition 307
tcp_ping received 768 bytes back
Round trip time was 0.340295 milliseconds in repetition 308
tcp_ping received 768 bytes back
Round trip time was 0.397684 milliseconds in repetition 309
tcp_ping received 768 bytes back
Round trip time was 0.388431 milliseconds in repetition 310
tcp_ping received 768 bytes back
Round trip time was 0.406727 milliseconds in repetition 311
tcp_ping received 768 bytes back
Round trip time was 0.428155 milliseconds in repetition 312
tcp_ping received 768 bytes back
Round trip time was 0.427338 milliseconds in repetition 313
tcp_ping received 768 bytes back
Round trip time was 0.397292 milliseconds in repetition 314
tcp_ping received 768 bytes back
Round trip time was 0.383188 milliseconds in repetition 315
tcp_ping received 768 bytes back
Round trip time was 0.373629 milliseconds in repetition 316
tcp_ping received 768 bytes back
Round trip time was 0.385717 milliseconds in repetition 317
tcp_ping received 768 bytes back
Round trip time was 0.373706 milliseconds in repetition 318
tcp_ping received 768 bytes back
Round trip time was 0.377593 milliseconds in repetition 319
tcp_ping received 768 bytes back
Round trip time was 0.437535 milliseconds in repetition 320
tcp_ping received 768 bytes back
Round trip time was 0.423173 milliseconds in repetition 321
tcp_ping received 768 bytes back
Round trip time was 0.382418 milliseconds in repetition 322
tcp_ping received 768 bytes back
Round trip time was 0.379097 milliseconds in repetition 323
tcp_ping received 768 bytes back
Round trip time was 0.379915 milliseconds in repetition 324
tcp_ping received 768 bytes back
Round trip time was 0.396742 milliseconds in repetition 325
tcp_ping received 768 bytes back
Round trip time was 0.384399 milliseconds in repetition 326
tcp_ping received 768 bytes back
Round trip time was 0.325917 milliseconds in repetition 327
tcp_ping received 768 bytes back
Round trip time was 0.342947 milliseconds in repetition 328
tcp_ping received 768 bytes back
Round trip time was 0.382768 milliseconds in repetition 329
tcp_ping received 768 bytes back
Round trip time was 0.384744 milliseconds in repetition 330
tcp_ping received 768 bytes back
Round trip time was 0.380742 milliseconds in repetition 331
tcp_ping received 768 bytes back
Round trip time was 0.491335 milliseconds in repetition 332
tcp_ping received 768 bytes back
Round trip time was 0.841692 milliseconds in repetition 333
tcp_ping received 768 bytes back
Round trip time was 0.396702 milliseconds in repetition 334
tcp_ping received 768 bytes back
Round trip time was 0.397112 milliseconds in repetition 335
tcp_ping received 768 bytes back
Round trip time was 0.396515 milliseconds in repetition 336
tcp_ping received 768 bytes back
Round trip time was 0.394434 milliseconds in repetition 337
tcp_ping received 768 bytes back
Round trip time was 0.382874 milliseconds in repetition 338
tcp_ping received 768 bytes back
Round trip time was 0.37503 milliseconds in repetition 339
tcp_ping received 768 bytes back
Round trip time was 0.507935 milliseconds in repetition 340
tcp_ping received 768 bytes back
Round trip time was 0.396171 milliseconds in repetition 341
tcp_ping received 768 bytes back
Round trip time was 0.380382 milliseconds in repetition 342
tcp_ping received 768 bytes back
Round trip time was 0.379164 milliseconds in repetition 343
tcp_ping received 768 bytes back
Round trip time was 0.395461 milliseconds in repetition 344
tcp_ping received 768 bytes back
Round trip time was 0.390602 milliseconds in repetition 345
tcp_ping received 768 bytes back
Round trip time was 0.434693 milliseconds in repetition 346
tcp_ping received 768 bytes back
Round trip time was 0.339843 milliseconds in repetition 347
tcp_ping received 768 bytes back
Round trip time was 0.373323 milliseconds in repetition 348
tcp_ping received 768 bytes back
Round trip time was 0.373113 milliseconds in repetition 349
tcp_ping received 768 bytes back
Round trip time was 0.38088 milliseconds in repetition 350
tcp_ping received 768 bytes back
Round trip time was 0.377938 milliseconds in repetition 351
tcp_ping received 768 bytes back
Round trip time was 0.375647 milliseconds in repetition 352
tcp_ping received 768 bytes back
Round trip time was 0.435634 milliseconds in repetition 353
tcp_ping received 768 bytes back
Round trip time was 0.371627 milliseconds in repetition 354
tcp_ping received 768 bytes back
Round trip time was 0.484006 milliseconds in repetition 355
tcp_ping received 768 bytes back
Round trip time was 0.723615 milliseconds in repetition 356
tcp_ping received 768 bytes back
Round trip time was 0.434927 milliseconds in repetition 357
tcp_ping received 768 bytes back
Round trip time was 0.441173 milliseconds in repetition 358
tcp_ping received 768 bytes back
Round trip time was 0.403579 milliseconds in repetition 359
tcp_ping received 768 bytes back
Round trip time was 0.409664 milliseconds in repetition 360
tcp_ping received 768 bytes back
Round trip time was 0.405628 milliseconds in repetition 361
tcp_ping received 768 bytes back
Round trip time was 0.393473 milliseconds in repetition 362
tcp_ping received 768 bytes back
Round trip time was 0.374505 milliseconds in repetition 363
tcp_ping received 768 bytes back
Round trip time was 0.381817 milliseconds in repetition 364
tcp_ping received 768 bytes back
Round trip time was 0.363325 milliseconds in repetition 365
tcp_ping received 768 bytes back
Round trip time was 0.396888 milliseconds in repetition 366
tcp_ping received 768 bytes back
Round trip time was 0.338083 milliseconds in repetition 367
tcp_ping received 768 bytes back
Round trip time was 0.328946 milliseconds in repetition 368
tcp_ping received 768 bytes back
Round trip time was 0.392449 milliseconds in repetition 369
tcp_ping received 768 bytes back
Round trip time was 0.380135 milliseconds in repetition 370
tcp_ping received 768 bytes back
Round trip time was 0.432999 milliseconds in repetition 371
tcp_ping received 768 bytes back
Round trip time was 0.340724 milliseconds in repetition 372
tcp_ping received 768 bytes back
Round trip time was 0.506783 milliseconds in repetition 373
tcp_ping received 768 bytes back
Round trip time was 0.399405 milliseconds in repetition 374
tcp_ping received 768 bytes back
Round trip time was 0.383312 milliseconds in repetition 375
tcp_ping received 768 bytes back
Round trip time was 0.383105 milliseconds in repetition 376
tcp_ping received 768 bytes back
Round trip time was 0.47006 milliseconds in repetition 377
tcp_ping received 768 bytes back
Round trip time was 0.713506 milliseconds in repetition 378
tcp_ping received 768 bytes back
Round trip time was 0.464091 milliseconds in repetition 379
tcp_ping received 768 bytes back
Round trip time was 0.768928 milliseconds in repetition 380
tcp_ping received 768 bytes back
Round trip time was 0.443446 milliseconds in repetition 381
tcp_ping received 768 bytes back
Round trip time was 0.528849 milliseconds in repetition 382
tcp_ping received 768 bytes back
Round trip time was 0.476855 milliseconds in repetition 383
tcp_ping received 768 bytes back
Round trip time was 0.498298 milliseconds in repetition 384
tcp_ping received 768 bytes back
Round trip time was 0.50727 milliseconds in repetition 385
tcp_ping received 768 bytes back
Round trip time was 0.504408 milliseconds in repetition 386
tcp_ping received 768 bytes back
Round trip time was 0.459071 milliseconds in repetition 387
tcp_ping received 768 bytes back
Round trip time was 0.385665 milliseconds in repetition 388
tcp_ping received 768 bytes back
Round trip time was 0.504962 milliseconds in repetition 389
tcp_ping received 768 bytes back
Round trip time was 0.384596 milliseconds in repetition 390
tcp_ping received 768 bytes back
Round trip time was 0.520202 milliseconds in repetition 391
tcp_ping received 768 bytes back
Round trip time was 0.336402 milliseconds in repetition 392
tcp_ping received 768 bytes back
Round trip time was 0.390635 milliseconds in repetition 393
tcp_ping received 768 bytes back
Round trip time was 0.380328 milliseconds in repetition 394
tcp_ping received 768 bytes back
Round trip time was 0.381052 milliseconds in repetition 395
tcp_ping received 768 bytes back
Round trip time was 0.383933 milliseconds in repetition 396
tcp_ping received 768 bytes back
Round trip time was 0.52926 milliseconds in repetition 397
tcp_ping received 768 bytes back
Round trip time was 0.379374 milliseconds in repetition 398
tcp_ping received 768 bytes back
Round trip time was 0.379397 milliseconds in repetition 399
tcp_ping received 768 bytes back
Round trip time was 0.380693 milliseconds in repetition 400
tcp_ping received 768 bytes back
Round trip time was 0.341359 milliseconds in repetition 401
tcp_ping received 768 bytes back
Round trip time was 0.32527 milliseconds in repetition 402
tcp_ping received 768 bytes back
Round trip time was 0.376328 milliseconds in repetition 403
tcp_ping received 768 bytes back
Round trip time was 0.387619 milliseconds in repetition 404
tcp_ping received 768 bytes back
Round trip time was 0.603792 milliseconds in repetition 405
tcp_ping received 768 bytes back
Round trip time was 0.398098 milliseconds in repetition 406
tcp_ping received 768 bytes back
Round trip time was 0.390247 milliseconds in repetition 407
tcp_ping received 768 bytes back
Round trip time was 0.382664 milliseconds in repetition 408
tcp_ping received 768 bytes back
Round trip time was 0.439542 milliseconds in repetition 409
tcp_ping received 768 bytes back
Round trip time was 0.41714 milliseconds in repetition 410
tcp_ping received 768 bytes back
Round trip time was 0.480842 milliseconds in repetition 411
tcp_ping received 768 bytes back
Round trip time was 0.48156 milliseconds in repetition 412
tcp_ping received 768 bytes back
Round trip time was 0.534261 milliseconds in repetition 413
tcp_ping received 768 bytes back
Round trip time was 0.506028 milliseconds in repetition 414
tcp_ping received 768 bytes back
Round trip time was 0.508507 milliseconds in repetition 415
tcp_ping received 768 bytes back
Round trip time was 0.494687 milliseconds in repetition 416
tcp_ping received 768 bytes back
Round trip time was 0.513846 milliseconds in repetition 417
tcp_ping received 768 bytes back
Round trip time was 0.527521 milliseconds in repetition 418
tcp_ping received 768 bytes back
Round trip time was 0.491584 milliseconds in repetition 419
tcp_ping received 768 bytes back
Round trip time was 0.507341 milliseconds in repetition 420
tcp_ping received 768 bytes back
Round trip time was 0.51875 milliseconds in repetition 421
tcp_ping received 768 bytes back
Round trip time was 0.430021 milliseconds in repetition 422
tcp_ping received 768 bytes back
Round trip time was 0.443212 milliseconds in repetition 423
tcp_ping received 768 bytes back
Round trip time was 0.424801 milliseconds in repetition 424
tcp_ping received 768 bytes back
Round trip time was 0.37739 milliseconds in repetition 425
tcp_ping received 768 bytes back
Round trip time was 0.3751 milliseconds in repetition 426
tcp_ping received 768 bytes back
Round trip time was 0.405254 milliseconds in repetition 427
tcp_ping received 768 bytes back
Round trip time was 0.390696 milliseconds in repetition 428
tcp_ping received 768 bytes back
Round trip time was 0.392085 milliseconds in repetition 429
tcp_ping received 768 bytes back
Round trip time was 0.401749 milliseconds in repetition 430
tcp_ping received 768 bytes back
Round trip time was 0.383039 milliseconds in repetition 431
tcp_ping received 768 bytes back
Round trip time was 0.374746 milliseconds in repetition 432
tcp_ping received 768 bytes back
Round trip time was 0.378428 milliseconds in repetition 433
tcp_ping received 768 bytes back
Round trip time was 0.374852 milliseconds in repetition 434
tcp_ping received 768 bytes back
Round trip time was 0.39516 milliseconds in repetition 435
tcp_ping received 768 bytes back
Round trip time was 0.376919 milliseconds in repetition 436
tcp_ping received 768 bytes back
Round trip time was 0.395483 milliseconds in repetition 437
tcp_ping received 768 bytes back
Round trip time was 0.332318 milliseconds in repetition 438
tcp_ping received 768 bytes back
Round trip time was 0.325305 milliseconds in repetition 439
tcp_ping received 768 bytes back
Round trip time was 0.376133 milliseconds in repetition 440
tcp_ping received 768 bytes back
Round trip time was 0.322621 milliseconds in repetition 441
tcp_ping received 768 bytes back
Round trip time was 0.375594 milliseconds in repetition 442
tcp_ping received 768 bytes back
Round trip time was 0.379464 milliseconds in repetition 443
tcp_ping received 768 bytes back
Round trip time was 0.374386 milliseconds in repetition 444
tcp_ping received 768 bytes back
Round trip time was 0.391924 milliseconds in repetition 445
tcp_ping received 768 bytes back
Round trip time was 0.39035 milliseconds in repetition 446
tcp_ping received 768 bytes back
Round trip time was 0.380647 milliseconds in repetition 447
tcp_ping received 768 bytes back
Round trip time was 0.391027 milliseconds in repetition 448
tcp_ping received 768 bytes back
Round trip time was 0.334505 milliseconds in repetition 449
tcp_ping received 768 bytes back
Round trip time was 0.328545 milliseconds in repetition 450
tcp_ping received 768 bytes back
Round trip time was 0.381276 milliseconds in repetition 451
tcp_ping received 768 bytes back
Round trip time was 0.42206 milliseconds in repetition 452
tcp_ping received 768 bytes back
Round trip time was 0.45458 milliseconds in repetition 453
tcp_ping received 768 bytes back
Round trip time was 0.386404 milliseconds in repetition 454
tcp_ping received 768 bytes back
Round trip time was 0.374431 milliseconds in repetition 455
tcp_ping received 768 bytes back
Round trip time was 0.383412 milliseconds in repetition 456
tcp_ping received 768 bytes back
Round trip time was 0.430983 milliseconds in repetition 457
tcp_ping received 768 bytes back
Round trip time was 0.388347 milliseconds in repetition 458
tcp_ping received 768 bytes back
Round trip time was 0.33673 milliseconds in repetition 459
tcp_ping received 768 bytes back
Round trip time was 0.319518 milliseconds in repetition 460
tcp_ping received 768 bytes back
Round trip time was 0.376981 milliseconds in repetition 461
tcp_ping received 768 bytes back
Round trip time was 0.377691 milliseconds in repetition 462
tcp_ping received 768 bytes back
Round trip time was 0.379513 milliseconds in repetition 463
tcp_ping received 768 bytes back
Round trip time was 0.377842 milliseconds in repetition 464
tcp_ping received 768 bytes back
Round trip time was 0.379392 milliseconds in repetition 465
tcp_ping received 768 bytes back
Round trip time was 0.383903 milliseconds in repetition 466
tcp_ping received 768 bytes back
Round trip time was 0.378237 milliseconds in repetition 467
tcp_ping received 768 bytes back
Round trip time was 0.376457 milliseconds in repetition 468
tcp_ping received 768 bytes back
Round trip time was 0.406202 milliseconds in repetition 469
tcp_ping received 768 bytes back
Round trip time was 0.388034 milliseconds in repetition 470
tcp_ping received 768 bytes back
Round trip time was 0.40293 milliseconds in repetition 471
tcp_ping received 768 bytes back
Round trip time was 0.380038 milliseconds in repetition 472
tcp_ping received 768 bytes back
Round trip time was 0.37506 milliseconds in repetition 473
tcp_ping received 768 bytes back
Round trip time was 0.370973 milliseconds in repetition 474
tcp_ping received 768 bytes back
Round trip time was 0.377552 milliseconds in repetition 475
tcp_ping received 768 bytes back
Round trip time was 0.377061 milliseconds in repetition 476
tcp_ping received 768 bytes back
Round trip time was 0.375172 milliseconds in repetition 477
tcp_ping received 768 bytes back
Round trip time was 0.381736 milliseconds in repetition 478
tcp_ping received 768 bytes back
Round trip time was 0.399128 milliseconds in repetition 479
tcp_ping received 768 bytes back
Round trip time was 0.347347 milliseconds in repetition 480
tcp_ping received 768 bytes back
Round trip time was 0.333974 milliseconds in repetition 481
tcp_ping received 768 bytes back
Round trip time was 0.369954 milliseconds in repetition 482
tcp_ping received 768 bytes back
Round trip time was 0.386411 milliseconds in repetition 483
tcp_ping received 768 bytes back
Round trip time was 0.381847 milliseconds in repetition 484
tcp_ping received 768 bytes back
Round trip time was 0.396713 milliseconds in repetition 485
tcp_ping received 768 bytes back
Round trip time was 0.346133 milliseconds in repetition 486
tcp_ping received 768 bytes back
Round trip time was 0.374478 milliseconds in repetition 487
tcp_ping received 768 bytes back
Round trip time was 0.376328 milliseconds in repetition 488
tcp_ping received 768 bytes back
Round trip time was 0.393755 milliseconds in repetition 489
tcp_ping received 768 bytes back
Round trip time was 0.373236 milliseconds in repetition 490
tcp_ping received 768 bytes back
Round trip time was 0.388727 milliseconds in repetition 491
tcp_ping received 768 bytes back
Round trip time was 0.365599 milliseconds in repetition 492
tcp_ping received 768 bytes back
Round trip time was 0.372877 milliseconds in repetition 493
tcp_ping received 768 bytes back
Round trip time was 0.375146 milliseconds in repetition 494
tcp_ping received 768 bytes back
Round trip time was 0.376661 milliseconds in repetition 495
tcp_ping received 768 bytes back
Round trip time was 0.395051 milliseconds in repetition 496
tcp_ping received 768 bytes back
Round trip time was 0.382259 milliseconds in repetition 497
tcp_ping received 768 bytes back
Round trip time was 0.374194 milliseconds in repetition 498
tcp_ping received 768 bytes back
Round trip time was 0.373155 milliseconds in repetition 499
tcp_ping received 768 bytes back
Round trip time was 0.372986 milliseconds in repetition 500
tcp_ping received 768 bytes back
Round trip time was 0.38035 milliseconds in repetition 501

 ... clock resolution was 1e-06
TCP Ping:  Statistics over 501 repetitions of 768 byte messages

RTT : percentile 10: 0.348276, median: 0.390834, percentile 90: 0.534261, average: 0.455312, variance: 0.15164

RTT histogram:
0.302206 432
0.711625 58
1.12104 9
1.53046 1
1.93988 0
2.3493 0
2.75872 0
3.16814 0
3.57756 0
3.98697 0
4.39639 0
4.80581 0
5.21523 0
5.62465 0
6.03407 0
6.44349 0
6.8529 0
7.26232 0
7.67174 0
8.08116 0
8.49058 1

   median Throughput : 3930.06 KB/s   overall Throughput : 3373.51 KB/s

