TCP Ping trying to connect to server seti.dibris.unige.it (130.251.61.30) on port 1491
 ... connected to Pong server: asking for 501 repetitions of 48 bytes TCP messages
 ... Pong server agreed :-)
tcp_ping received 48 bytes back
Round trip time was 1.96824 milliseconds in repetition 1
tcp_ping received 48 bytes back
Round trip time was 0.854729 milliseconds in repetition 2
tcp_ping received 48 bytes back
Round trip time was 0.857313 milliseconds in repetition 3
tcp_ping received 48 bytes back
Round trip time was 0.919879 milliseconds in repetition 4
tcp_ping received 48 bytes back
Round trip time was 0.717582 milliseconds in repetition 5
tcp_ping received 48 bytes back
Round trip time was 0.691415 milliseconds in repetition 6
tcp_ping received 48 bytes back
Round trip time was 0.815311 milliseconds in repetition 7
tcp_ping received 48 bytes back
Round trip time was 0.799165 milliseconds in repetition 8
tcp_ping received 48 bytes back
Round trip time was 1.00466 milliseconds in repetition 9
tcp_ping received 48 bytes back
Round trip time was 0.736727 milliseconds in repetition 10
tcp_ping received 48 bytes back
Round trip time was 0.75269 milliseconds in repetition 11
tcp_ping received 48 bytes back
Round trip time was 0.802806 milliseconds in repetition 12
tcp_ping received 48 bytes back
Round trip time was 0.941745 milliseconds in repetition 13
tcp_ping received 48 bytes back
Round trip time was 0.939119 milliseconds in repetition 14
tcp_ping received 48 bytes back
Round trip time was 0.780607 milliseconds in repetition 15
tcp_ping received 48 bytes back
Round trip time was 0.835981 milliseconds in repetition 16
tcp_ping received 48 bytes back
Round trip time was 0.728504 milliseconds in repetition 17
tcp_ping received 48 bytes back
Round trip time was 0.647826 milliseconds in repetition 18
tcp_ping received 48 bytes back
Round trip time was 0.758592 milliseconds in repetition 19
tcp_ping received 48 bytes back
Round trip time was 0.74916 milliseconds in repetition 20
tcp_ping received 48 bytes back
Round trip time was 0.76139 milliseconds in repetition 21
tcp_ping received 48 bytes back
Round trip time was 0.659082 milliseconds in repetition 22
tcp_ping received 48 bytes back
Round trip time was 0.719254 milliseconds in repetition 23
tcp_ping received 48 bytes back
Round trip time was 0.72776 milliseconds in repetition 24
tcp_ping received 48 bytes back
Round trip time was 0.918704 milliseconds in repetition 25
tcp_ping received 48 bytes back
Round trip time was 0.872143 milliseconds in repetition 26
tcp_ping received 48 bytes back
Round trip time was 0.826631 milliseconds in repetition 27
tcp_ping received 48 bytes back
Round trip time was 0.903013 milliseconds in repetition 28
tcp_ping received 48 bytes back
Round trip time was 0.731928 milliseconds in repetition 29
tcp_ping received 48 bytes back
Round trip time was 0.723081 milliseconds in repetition 30
tcp_ping received 48 bytes back
Round trip time was 0.978682 milliseconds in repetition 31
tcp_ping received 48 bytes back
Round trip time was 0.771198 milliseconds in repetition 32
tcp_ping received 48 bytes back
Round trip time was 0.78679 milliseconds in repetition 33
tcp_ping received 48 bytes back
Round trip time was 0.609419 milliseconds in repetition 34
tcp_ping received 48 bytes back
Round trip time was 0.429717 milliseconds in repetition 35
tcp_ping received 48 bytes back
Round trip time was 0.574824 milliseconds in repetition 36
tcp_ping received 48 bytes back
Round trip time was 0.413608 milliseconds in repetition 37
tcp_ping received 48 bytes back
Round trip time was 0.336656 milliseconds in repetition 38
tcp_ping received 48 bytes back
Round trip time was 0.411178 milliseconds in repetition 39
tcp_ping received 48 bytes back
Round trip time was 0.420265 milliseconds in repetition 40
tcp_ping received 48 bytes back
Round trip time was 0.287277 milliseconds in repetition 41
tcp_ping received 48 bytes back
Round trip time was 0.322365 milliseconds in repetition 42
tcp_ping received 48 bytes back
Round trip time was 0.442284 milliseconds in repetition 43
tcp_ping received 48 bytes back
Round trip time was 0.388937 milliseconds in repetition 44
tcp_ping received 48 bytes back
Round trip time was 0.461531 milliseconds in repetition 45
tcp_ping received 48 bytes back
Round trip time was 0.406388 milliseconds in repetition 46
tcp_ping received 48 bytes back
Round trip time was 0.733381 milliseconds in repetition 47
tcp_ping received 48 bytes back
Round trip time was 0.785367 milliseconds in repetition 48
tcp_ping received 48 bytes back
Round trip time was 0.621727 milliseconds in repetition 49
tcp_ping received 48 bytes back
Round trip time was 0.539725 milliseconds in repetition 50
tcp_ping received 48 bytes back
Round trip time was 0.339505 milliseconds in repetition 51
tcp_ping received 48 bytes back
Round trip time was 0.427848 milliseconds in repetition 52
tcp_ping received 48 bytes back
Round trip time was 0.363632 milliseconds in repetition 53
tcp_ping received 48 bytes back
Round trip time was 0.337924 milliseconds in repetition 54
tcp_ping received 48 bytes back
Round trip time was 1.1384 milliseconds in repetition 55
tcp_ping received 48 bytes back
Round trip time was 0.409406 milliseconds in repetition 56
tcp_ping received 48 bytes back
Round trip time was 0.324647 milliseconds in repetition 57
tcp_ping received 48 bytes back
Round trip time was 0.396581 milliseconds in repetition 58
tcp_ping received 48 bytes back
Round trip time was 0.335442 milliseconds in repetition 59
tcp_ping received 48 bytes back
Round trip time was 0.361592 milliseconds in repetition 60
tcp_ping received 48 bytes back
Round trip time was 0.450084 milliseconds in repetition 61
tcp_ping received 48 bytes back
Round trip time was 0.358759 milliseconds in repetition 62
tcp_ping received 48 bytes back
Round trip time was 0.332624 milliseconds in repetition 63
tcp_ping received 48 bytes back
Round trip time was 0.378386 milliseconds in repetition 64
tcp_ping received 48 bytes back
Round trip time was 0.428676 milliseconds in repetition 65
tcp_ping received 48 bytes back
Round trip time was 0.410399 milliseconds in repetition 66
tcp_ping received 48 bytes back
Round trip time was 0.330516 milliseconds in repetition 67
tcp_ping received 48 bytes back
Round trip time was 0.331505 milliseconds in repetition 68
tcp_ping received 48 bytes back
Round trip time was 0.268272 milliseconds in repetition 69
tcp_ping received 48 bytes back
Round trip time was 0.325576 milliseconds in repetition 70
tcp_ping received 48 bytes back
Round trip time was 0.321392 milliseconds in repetition 71
tcp_ping received 48 bytes back
Round trip time was 0.341037 milliseconds in repetition 72
tcp_ping received 48 bytes back
Round trip time was 0.363528 milliseconds in repetition 73
tcp_ping received 48 bytes back
Round trip time was 0.39656 milliseconds in repetition 74
tcp_ping received 48 bytes back
Round trip time was 0.337433 milliseconds in repetition 75
tcp_ping received 48 bytes back
Round trip time was 1.09108 milliseconds in repetition 76
tcp_ping received 48 bytes back
Round trip time was 0.305198 milliseconds in repetition 77
tcp_ping received 48 bytes back
Round trip time was 0.344118 milliseconds in repetition 78
tcp_ping received 48 bytes back
Round trip time was 0.343162 milliseconds in repetition 79
tcp_ping received 48 bytes back
Round trip time was 0.359547 milliseconds in repetition 80
tcp_ping received 48 bytes back
Round trip time was 0.331421 milliseconds in repetition 81
tcp_ping received 48 bytes back
Round trip time was 0.35662 milliseconds in repetition 82
tcp_ping received 48 bytes back
Round trip time was 0.408316 milliseconds in repetition 83
tcp_ping received 48 bytes back
Round trip time was 0.331527 milliseconds in repetition 84
tcp_ping received 48 bytes back
Round trip time was 0.268212 milliseconds in repetition 85
tcp_ping received 48 bytes back
Round trip time was 0.326175 milliseconds in repetition 86
tcp_ping received 48 bytes back
Round trip time was 0.390069 milliseconds in repetition 87
tcp_ping received 48 bytes back
Round trip time was 0.329819 milliseconds in repetition 88
tcp_ping received 48 bytes back
Round trip time was 0.334722 milliseconds in repetition 89
tcp_ping received 48 bytes back
Round trip time was 0.338763 milliseconds in repetition 90
tcp_ping received 48 bytes back
Round trip time was 0.325941 milliseconds in repetition 91
tcp_ping received 48 bytes back
Round trip time was 0.338424 milliseconds in repetition 92
tcp_ping received 48 bytes back
Round trip time was 0.379237 milliseconds in repetition 93
tcp_ping received 48 bytes back
Round trip time was 0.556727 milliseconds in repetition 94
tcp_ping received 48 bytes back
Round trip time was 0.493163 milliseconds in repetition 95
tcp_ping received 48 bytes back
Round trip time was 0.408252 milliseconds in repetition 96
tcp_ping received 48 bytes back
Round trip time was 0.328302 milliseconds in repetition 97
tcp_ping received 48 bytes back
Round trip time was 0.337676 milliseconds in repetition 98
tcp_ping received 48 bytes back
Round trip time was 0.221272 milliseconds in repetition 99
tcp_ping received 48 bytes back
Round trip time was 0.360835 milliseconds in repetition 100
tcp_ping received 48 bytes back
Round trip time was 0.283544 milliseconds in repetition 101
tcp_ping received 48 bytes back
Round trip time was 0.33237 milliseconds in repetition 102
tcp_ping received 48 bytes back
Round trip time was 0.345881 milliseconds in repetition 103
tcp_ping received 48 bytes back
Round trip time was 0.336333 milliseconds in repetition 104
tcp_ping received 48 bytes back
Round trip time was 0.327251 milliseconds in repetition 105
tcp_ping received 48 bytes back
Round trip time was 0.326207 milliseconds in repetition 106
tcp_ping received 48 bytes back
Round trip time was 0.324686 milliseconds in repetition 107
tcp_ping received 48 bytes back
Round trip time was 0.408725 milliseconds in repetition 108
tcp_ping received 48 bytes back
Round trip time was 0.39079 milliseconds in repetition 109
tcp_ping received 48 bytes back
Round trip time was 0.319944 milliseconds in repetition 110
tcp_ping received 48 bytes back
Round trip time was 0.334086 milliseconds in repetition 111
tcp_ping received 48 bytes back
Round trip time was 0.342475 milliseconds in repetition 112
tcp_ping received 48 bytes back
Round trip time was 0.325622 milliseconds in repetition 113
tcp_ping received 48 bytes back
Round trip time was 0.327456 milliseconds in repetition 114
tcp_ping received 48 bytes back
Round trip time was 0.348705 milliseconds in repetition 115
tcp_ping received 48 bytes back
Round trip time was 0.34221 milliseconds in repetition 116
tcp_ping received 48 bytes back
Round trip time was 0.270382 milliseconds in repetition 117
tcp_ping received 48 bytes back
Round trip time was 0.330735 milliseconds in repetition 118
tcp_ping received 48 bytes back
Round trip time was 0.329787 milliseconds in repetition 119
tcp_ping received 48 bytes back
Round trip time was 0.403903 milliseconds in repetition 120
tcp_ping received 48 bytes back
Round trip time was 0.695943 milliseconds in repetition 121
tcp_ping received 48 bytes back
Round trip time was 0.314571 milliseconds in repetition 122
tcp_ping received 48 bytes back
Round trip time was 0.329298 milliseconds in repetition 123
tcp_ping received 48 bytes back
Round trip time was 0.322357 milliseconds in repetition 124
tcp_ping received 48 bytes back
Round trip time was 0.348063 milliseconds in repetition 125
tcp_ping received 48 bytes back
Round trip time was 0.371843 milliseconds in repetition 126
tcp_ping received 48 bytes back
Round trip time was 0.280322 milliseconds in repetition 127
tcp_ping received 48 bytes back
Round trip time was 0.345936 milliseconds in repetition 128
tcp_ping received 48 bytes back
Round trip time was 0.336803 milliseconds in repetition 129
tcp_ping received 48 bytes back
Round trip time was 0.326144 milliseconds in repetition 130
tcp_ping received 48 bytes back
Round trip time was 0.346666 milliseconds in repetition 131
tcp_ping received 48 bytes back
Round trip time was 0.323906 milliseconds in repetition 132
tcp_ping received 48 bytes back
Round trip time was 0.355915 milliseconds in repetition 133
tcp_ping received 48 bytes back
Round trip time was 0.327098 milliseconds in repetition 134
tcp_ping received 48 bytes back
Round trip time was 0.359133 milliseconds in repetition 135
tcp_ping received 48 bytes back
Round trip time was 0.324226 milliseconds in repetition 136
tcp_ping received 48 bytes back
Round trip time was 0.328508 milliseconds in repetition 137
tcp_ping received 48 bytes back
Round trip time was 0.334498 milliseconds in repetition 138
tcp_ping received 48 bytes back
Round trip time was 0.335318 milliseconds in repetition 139
tcp_ping received 48 bytes back
Round trip time was 0.321779 milliseconds in repetition 140
tcp_ping received 48 bytes back
Round trip time was 0.318613 milliseconds in repetition 141
tcp_ping received 48 bytes back
Round trip time was 0.376981 milliseconds in repetition 142
tcp_ping received 48 bytes back
Round trip time was 0.353002 milliseconds in repetition 143
tcp_ping received 48 bytes back
Round trip time was 0.33201 milliseconds in repetition 144
tcp_ping received 48 bytes back
Round trip time was 0.270614 milliseconds in repetition 145
tcp_ping received 48 bytes back
Round trip time was 0.287903 milliseconds in repetition 146
tcp_ping received 48 bytes back
Round trip time was 0.354505 milliseconds in repetition 147
tcp_ping received 48 bytes back
Round trip time was 0.267275 milliseconds in repetition 148
tcp_ping received 48 bytes back
Round trip time was 0.269233 milliseconds in repetition 149
tcp_ping received 48 bytes back
Round trip time was 0.324579 milliseconds in repetition 150
tcp_ping received 48 bytes back
Round trip time was 0.321378 milliseconds in repetition 151
tcp_ping received 48 bytes back
Round trip time was 0.331594 milliseconds in repetition 152
tcp_ping received 48 bytes back
Round trip time was 0.399318 milliseconds in repetition 153
tcp_ping received 48 bytes back
Round trip time was 0.324191 milliseconds in repetition 154
tcp_ping received 48 bytes back
Round trip time was 0.342732 milliseconds in repetition 155
tcp_ping received 48 bytes back
Round trip time was 0.381958 milliseconds in repetition 156
tcp_ping received 48 bytes back
Round trip time was 0.392004 milliseconds in repetition 157
tcp_ping received 48 bytes back
Round trip time was 0.323138 milliseconds in repetition 158
tcp_ping received 48 bytes back
Round trip time was 0.953884 milliseconds in repetition 159
tcp_ping received 48 bytes back
Round trip time was 0.331682 milliseconds in repetition 160
tcp_ping received 48 bytes back
Round trip time was 0.356753 milliseconds in repetition 161
tcp_ping received 48 bytes back
Round trip time was 0.331704 milliseconds in repetition 162
tcp_ping received 48 bytes back
Round trip time was 0.523068 milliseconds in repetition 163
tcp_ping received 48 bytes back
Round trip time was 0.409704 milliseconds in repetition 164
tcp_ping received 48 bytes back
Round trip time was 0.33779 milliseconds in repetition 165
tcp_ping received 48 bytes back
Round trip time was 0.303855 milliseconds in repetition 166
tcp_ping received 48 bytes back
Round trip time was 0.276415 milliseconds in repetition 167
tcp_ping received 48 bytes back
Round trip time was 0.326587 milliseconds in repetition 168
tcp_ping received 48 bytes back
Round trip time was 0.322753 milliseconds in repetition 169
tcp_ping received 48 bytes back
Round trip time was 0.334318 milliseconds in repetition 170
tcp_ping received 48 bytes back
Round trip time was 0.400166 milliseconds in repetition 171
tcp_ping received 48 bytes back
Round trip time was 0.268965 milliseconds in repetition 172
tcp_ping received 48 bytes back
Round trip time was 0.355485 milliseconds in repetition 173
tcp_ping received 48 bytes back
Round trip time was 0.333672 milliseconds in repetition 174
tcp_ping received 48 bytes back
Round trip time was 0.317759 milliseconds in repetition 175
tcp_ping received 48 bytes back
Round trip time was 0.393187 milliseconds in repetition 176
tcp_ping received 48 bytes back
Round trip time was 0.341057 milliseconds in repetition 177
tcp_ping received 48 bytes back
Round trip time was 0.32923 milliseconds in repetition 178
tcp_ping received 48 bytes back
Round trip time was 0.396331 milliseconds in repetition 179
tcp_ping received 48 bytes back
Round trip time was 0.347035 milliseconds in repetition 180
tcp_ping received 48 bytes back
Round trip time was 0.337947 milliseconds in repetition 181
tcp_ping received 48 bytes back
Round trip time was 0.329238 milliseconds in repetition 182
tcp_ping received 48 bytes back
Round trip time was 0.323694 milliseconds in repetition 183
tcp_ping received 48 bytes back
Round trip time was 0.32067 milliseconds in repetition 184
tcp_ping received 48 bytes back
Round trip time was 0.326506 milliseconds in repetition 185
tcp_ping received 48 bytes back
Round trip time was 0.323342 milliseconds in repetition 186
tcp_ping received 48 bytes back
Round trip time was 0.410605 milliseconds in repetition 187
tcp_ping received 48 bytes back
Round trip time was 0.324241 milliseconds in repetition 188
tcp_ping received 48 bytes back
Round trip time was 0.386857 milliseconds in repetition 189
tcp_ping received 48 bytes back
Round trip time was 0.260419 milliseconds in repetition 190
tcp_ping received 48 bytes back
Round trip time was 0.338819 milliseconds in repetition 191
tcp_ping received 48 bytes back
Round trip time was 0.358607 milliseconds in repetition 192
tcp_ping received 48 bytes back
Round trip time was 0.356348 milliseconds in repetition 193
tcp_ping received 48 bytes back
Round trip time was 0.332686 milliseconds in repetition 194
tcp_ping received 48 bytes back
Round trip time was 0.415741 milliseconds in repetition 195
tcp_ping received 48 bytes back
Round trip time was 0.337858 milliseconds in repetition 196
tcp_ping received 48 bytes back
Round trip time was 0.267698 milliseconds in repetition 197
tcp_ping received 48 bytes back
Round trip time was 0.322421 milliseconds in repetition 198
tcp_ping received 48 bytes back
Round trip time was 0.324084 milliseconds in repetition 199
tcp_ping received 48 bytes back
Round trip time was 0.319241 milliseconds in repetition 200
tcp_ping received 48 bytes back
Round trip time was 0.339124 milliseconds in repetition 201
tcp_ping received 48 bytes back
Round trip time was 0.344849 milliseconds in repetition 202
tcp_ping received 48 bytes back
Round trip time was 0.323354 milliseconds in repetition 203
tcp_ping received 48 bytes back
Round trip time was 0.319507 milliseconds in repetition 204
tcp_ping received 48 bytes back
Round trip time was 0.380327 milliseconds in repetition 205
tcp_ping received 48 bytes back
Round trip time was 0.346179 milliseconds in repetition 206
tcp_ping received 48 bytes back
Round trip time was 0.330845 milliseconds in repetition 207
tcp_ping received 48 bytes back
Round trip time was 0.337391 milliseconds in repetition 208
tcp_ping received 48 bytes back
Round trip time was 0.328217 milliseconds in repetition 209
tcp_ping received 48 bytes back
Round trip time was 0.328774 milliseconds in repetition 210
tcp_ping received 48 bytes back
Round trip time was 0.44514 milliseconds in repetition 211
tcp_ping received 48 bytes back
Round trip time was 0.343831 milliseconds in repetition 212
tcp_ping received 48 bytes back
Round trip time was 0.266714 milliseconds in repetition 213
tcp_ping received 48 bytes back
Round trip time was 0.273718 milliseconds in repetition 214
tcp_ping received 48 bytes back
Round trip time was 0.325949 milliseconds in repetition 215
tcp_ping received 48 bytes back
Round trip time was 0.320759 milliseconds in repetition 216
tcp_ping received 48 bytes back
Round trip time was 0.356977 milliseconds in repetition 217
tcp_ping received 48 bytes back
Round trip time was 0.270293 milliseconds in repetition 218
tcp_ping received 48 bytes back
Round trip time was 0.323111 milliseconds in repetition 219
tcp_ping received 48 bytes back
Round trip time was 0.332121 milliseconds in repetition 220
tcp_ping received 48 bytes back
Round trip time was 0.335476 milliseconds in repetition 221
tcp_ping received 48 bytes back
Round trip time was 0.335344 milliseconds in repetition 222
tcp_ping received 48 bytes back
Round trip time was 0.394234 milliseconds in repetition 223
tcp_ping received 48 bytes back
Round trip time was 0.320069 milliseconds in repetition 224
tcp_ping received 48 bytes back
Round trip time was 0.321806 milliseconds in repetition 225
tcp_ping received 48 bytes back
Round trip time was 0.389028 milliseconds in repetition 226
tcp_ping received 48 bytes back
Round trip time was 0.334652 milliseconds in repetition 227
tcp_ping received 48 bytes back
Round trip time was 0.323407 milliseconds in repetition 228
tcp_ping received 48 bytes back
Round trip time was 0.269761 milliseconds in repetition 229
tcp_ping received 48 bytes back
Round trip time was 0.365354 milliseconds in repetition 230
tcp_ping received 48 bytes back
Round trip time was 0.331862 milliseconds in repetition 231
tcp_ping received 48 bytes back
Round trip time was 0.338913 milliseconds in repetition 232
tcp_ping received 48 bytes back
Round trip time was 0.345409 milliseconds in repetition 233
tcp_ping received 48 bytes back
Round trip time was 0.346054 milliseconds in repetition 234
tcp_ping received 48 bytes back
Round trip time was 0.342878 milliseconds in repetition 235
tcp_ping received 48 bytes back
Round trip time was 0.321059 milliseconds in repetition 236
tcp_ping received 48 bytes back
Round trip time was 0.270683 milliseconds in repetition 237
tcp_ping received 48 bytes back
Round trip time was 0.259462 milliseconds in repetition 238
tcp_ping received 48 bytes back
Round trip time was 0.333351 milliseconds in repetition 239
tcp_ping received 48 bytes back
Round trip time was 0.345676 milliseconds in repetition 240
tcp_ping received 48 bytes back
Round trip time was 0.333775 milliseconds in repetition 241
tcp_ping received 48 bytes back
Round trip time was 0.339896 milliseconds in repetition 242
tcp_ping received 48 bytes back
Round trip time was 0.33012 milliseconds in repetition 243
tcp_ping received 48 bytes back
Round trip time was 0.343046 milliseconds in repetition 244
tcp_ping received 48 bytes back
Round trip time was 0.285145 milliseconds in repetition 245
tcp_ping received 48 bytes back
Round trip time was 0.324222 milliseconds in repetition 246
tcp_ping received 48 bytes back
Round trip time was 0.33447 milliseconds in repetition 247
tcp_ping received 48 bytes back
Round trip time was 0.32871 milliseconds in repetition 248
tcp_ping received 48 bytes back
Round trip time was 0.332594 milliseconds in repetition 249
tcp_ping received 48 bytes back
Round trip time was 0.339493 milliseconds in repetition 250
tcp_ping received 48 bytes back
Round trip time was 0.338244 milliseconds in repetition 251
tcp_ping received 48 bytes back
Round trip time was 0.342165 milliseconds in repetition 252
tcp_ping received 48 bytes back
Round trip time was 0.335414 milliseconds in repetition 253
tcp_ping received 48 bytes back
Round trip time was 0.331453 milliseconds in repetition 254
tcp_ping received 48 bytes back
Round trip time was 0.327075 milliseconds in repetition 255
tcp_ping received 48 bytes back
Round trip time was 0.331765 milliseconds in repetition 256
tcp_ping received 48 bytes back
Round trip time was 0.325499 milliseconds in repetition 257
tcp_ping received 48 bytes back
Round trip time was 0.324945 milliseconds in repetition 258
tcp_ping received 48 bytes back
Round trip time was 0.402331 milliseconds in repetition 259
tcp_ping received 48 bytes back
Round trip time was 0.337012 milliseconds in repetition 260
tcp_ping received 48 bytes back
Round trip time was 0.29697 milliseconds in repetition 261
tcp_ping received 48 bytes back
Round trip time was 0.270659 milliseconds in repetition 262
tcp_ping received 48 bytes back
Round trip time was 0.332728 milliseconds in repetition 263
tcp_ping received 48 bytes back
Round trip time was 0.327781 milliseconds in repetition 264
tcp_ping received 48 bytes back
Round trip time was 0.329246 milliseconds in repetition 265
tcp_ping received 48 bytes back
Round trip time was 0.474953 milliseconds in repetition 266
tcp_ping received 48 bytes back
Round trip time was 0.325498 milliseconds in repetition 267
tcp_ping received 48 bytes back
Round trip time was 0.363584 milliseconds in repetition 268
tcp_ping received 48 bytes back
Round trip time was 0.343019 milliseconds in repetition 269
tcp_ping received 48 bytes back
Round trip time was 0.39721 milliseconds in repetition 270
tcp_ping received 48 bytes back
Round trip time was 0.324302 milliseconds in repetition 271
tcp_ping received 48 bytes back
Round trip time was 0.327001 milliseconds in repetition 272
tcp_ping received 48 bytes back
Round trip time was 0.338945 milliseconds in repetition 273
tcp_ping received 48 bytes back
Round trip time was 0.325538 milliseconds in repetition 274
tcp_ping received 48 bytes back
Round trip time was 0.326554 milliseconds in repetition 275
tcp_ping received 48 bytes back
Round trip time was 0.339722 milliseconds in repetition 276
tcp_ping received 48 bytes back
Round trip time was 0.289603 milliseconds in repetition 277
tcp_ping received 48 bytes back
Round trip time was 0.338744 milliseconds in repetition 278
tcp_ping received 48 bytes back
Round trip time was 0.326572 milliseconds in repetition 279
tcp_ping received 48 bytes back
Round trip time was 0.332063 milliseconds in repetition 280
tcp_ping received 48 bytes back
Round trip time was 0.328222 milliseconds in repetition 281
tcp_ping received 48 bytes back
Round trip time was 0.325428 milliseconds in repetition 282
tcp_ping received 48 bytes back
Round trip time was 0.327243 milliseconds in repetition 283
tcp_ping received 48 bytes back
Round trip time was 0.325156 milliseconds in repetition 284
tcp_ping received 48 bytes back
Round trip time was 0.281978 milliseconds in repetition 285
tcp_ping received 48 bytes back
Round trip time was 0.266864 milliseconds in repetition 286
tcp_ping received 48 bytes back
Round trip time was 0.324655 milliseconds in repetition 287
tcp_ping received 48 bytes back
Round trip time was 0.337139 milliseconds in repetition 288
tcp_ping received 48 bytes back
Round trip time was 0.325153 milliseconds in repetition 289
tcp_ping received 48 bytes back
Round trip time was 0.347017 milliseconds in repetition 290
tcp_ping received 48 bytes back
Round trip time was 0.324649 milliseconds in repetition 291
tcp_ping received 48 bytes back
Round trip time was 0.362461 milliseconds in repetition 292
tcp_ping received 48 bytes back
Round trip time was 0.287943 milliseconds in repetition 293
tcp_ping received 48 bytes back
Round trip time was 0.358433 milliseconds in repetition 294
tcp_ping received 48 bytes back
Round trip time was 0.363016 milliseconds in repetition 295
tcp_ping received 48 bytes back
Round trip time was 0.326281 milliseconds in repetition 296
tcp_ping received 48 bytes back
Round trip time was 0.330534 milliseconds in repetition 297
tcp_ping received 48 bytes back
Round trip time was 0.328932 milliseconds in repetition 298
tcp_ping received 48 bytes back
Round trip time was 0.328025 milliseconds in repetition 299
tcp_ping received 48 bytes back
Round trip time was 0.323713 milliseconds in repetition 300
tcp_ping received 48 bytes back
Round trip time was 0.33703 milliseconds in repetition 301
tcp_ping received 48 bytes back
Round trip time was 0.326256 milliseconds in repetition 302
tcp_ping received 48 bytes back
Round trip time was 0.338083 milliseconds in repetition 303
tcp_ping received 48 bytes back
Round trip time was 0.331216 milliseconds in repetition 304
tcp_ping received 48 bytes back
Round trip time was 0.326123 milliseconds in repetition 305
tcp_ping received 48 bytes back
Round trip time was 0.334422 milliseconds in repetition 306
tcp_ping received 48 bytes back
Round trip time was 0.343206 milliseconds in repetition 307
tcp_ping received 48 bytes back
Round trip time was 0.325508 milliseconds in repetition 308
tcp_ping received 48 bytes back
Round trip time was 0.271643 milliseconds in repetition 309
tcp_ping received 48 bytes back
Round trip time was 0.264611 milliseconds in repetition 310
tcp_ping received 48 bytes back
Round trip time was 0.322277 milliseconds in repetition 311
tcp_ping received 48 bytes back
Round trip time was 0.326726 milliseconds in repetition 312
tcp_ping received 48 bytes back
Round trip time was 0.326435 milliseconds in repetition 313
tcp_ping received 48 bytes back
Round trip time was 0.324202 milliseconds in repetition 314
tcp_ping received 48 bytes back
Round trip time was 0.329463 milliseconds in repetition 315
tcp_ping received 48 bytes back
Round trip time was 0.319994 milliseconds in repetition 316
tcp_ping received 48 bytes back
Round trip time was 0.350639 milliseconds in repetition 317
tcp_ping received 48 bytes back
Round trip time was 0.337061 milliseconds in repetition 318
tcp_ping received 48 bytes back
Round trip time was 0.332798 milliseconds in repetition 319
tcp_ping received 48 bytes back
Round trip time was 0.375009 milliseconds in repetition 320
tcp_ping received 48 bytes back
Round trip time was 0.499474 milliseconds in repetition 321
tcp_ping received 48 bytes back
Round trip time was 0.353815 milliseconds in repetition 322
tcp_ping received 48 bytes back
Round trip time was 0.335652 milliseconds in repetition 323
tcp_ping received 48 bytes back
Round trip time was 0.331027 milliseconds in repetition 324
tcp_ping received 48 bytes back
Round trip time was 0.265567 milliseconds in repetition 325
tcp_ping received 48 bytes back
Round trip time was 0.325324 milliseconds in repetition 326
tcp_ping received 48 bytes back
Round trip time was 0.340925 milliseconds in repetition 327
tcp_ping received 48 bytes back
Round trip time was 0.335165 milliseconds in repetition 328
tcp_ping received 48 bytes back
Round trip time was 0.34552 milliseconds in repetition 329
tcp_ping received 48 bytes back
Round trip time was 0.474619 milliseconds in repetition 330
tcp_ping received 48 bytes back
Round trip time was 0.427106 milliseconds in repetition 331
tcp_ping received 48 bytes back
Round trip time was 0.83949 milliseconds in repetition 332
tcp_ping received 48 bytes back
Round trip time was 0.394724 milliseconds in repetition 333
tcp_ping received 48 bytes back
Round trip time was 0.326432 milliseconds in repetition 334
tcp_ping received 48 bytes back
Round trip time was 0.343064 milliseconds in repetition 335
tcp_ping received 48 bytes back
Round trip time was 0.335591 milliseconds in repetition 336
tcp_ping received 48 bytes back
Round trip time was 0.337801 milliseconds in repetition 337
tcp_ping received 48 bytes back
Round trip time was 0.706666 milliseconds in repetition 338
tcp_ping received 48 bytes back
Round trip time was 0.357164 milliseconds in repetition 339
tcp_ping received 48 bytes back
Round trip time was 0.328273 milliseconds in repetition 340
tcp_ping received 48 bytes back
Round trip time was 0.269411 milliseconds in repetition 341
tcp_ping received 48 bytes back
Round trip time was 0.328658 milliseconds in repetition 342
tcp_ping received 48 bytes back
Round trip time was 0.333993 milliseconds in repetition 343
tcp_ping received 48 bytes back
Round trip time was 0.35053 milliseconds in repetition 344
tcp_ping received 48 bytes back
Round trip time was 0.349389 milliseconds in repetition 345
tcp_ping received 48 bytes back
Round trip time was 0.339553 milliseconds in repetition 346
tcp_ping received 48 bytes back
Round trip time was 0.488334 milliseconds in repetition 347
tcp_ping received 48 bytes back
Round trip time was 0.334044 milliseconds in repetition 348
tcp_ping received 48 bytes back
Round trip time was 0.341683 milliseconds in repetition 349
tcp_ping received 48 bytes back
Round trip time was 0.396253 milliseconds in repetition 350
tcp_ping received 48 bytes back
Round trip time was 0.353638 milliseconds in repetition 351
tcp_ping received 48 bytes back
Round trip time was 0.330502 milliseconds in repetition 352
tcp_ping received 48 bytes back
Round trip time was 0.221136 milliseconds in repetition 353
tcp_ping received 48 bytes back
Round trip time was 0.278507 milliseconds in repetition 354
tcp_ping received 48 bytes back
Round trip time was 0.327687 milliseconds in repetition 355
tcp_ping received 48 bytes back
Round trip time was 0.322234 milliseconds in repetition 356
tcp_ping received 48 bytes back
Round trip time was 0.328114 milliseconds in repetition 357
tcp_ping received 48 bytes back
Round trip time was 0.332791 milliseconds in repetition 358
tcp_ping received 48 bytes back
Round trip time was 0.336013 milliseconds in repetition 359
tcp_ping received 48 bytes back
Round trip time was 0.342894 milliseconds in repetition 360
tcp_ping received 48 bytes back
Round trip time was 0.327781 milliseconds in repetition 361
tcp_ping received 48 bytes back
Round trip time was 0.391297 milliseconds in repetition 362
tcp_ping received 48 bytes back
Round trip time was 0.329156 milliseconds in repetition 363
tcp_ping received 48 bytes back
Round trip time was 0.335252 milliseconds in repetition 364
tcp_ping received 48 bytes back
Round trip time was 0.339312 milliseconds in repetition 365
tcp_ping received 48 bytes back
Round trip time was 0.33875 milliseconds in repetition 366
tcp_ping received 48 bytes back
Round trip time was 0.321256 milliseconds in repetition 367
tcp_ping received 48 bytes back
Round trip time was 0.363946 milliseconds in repetition 368
tcp_ping received 48 bytes back
Round trip time was 0.329547 milliseconds in repetition 369
tcp_ping received 48 bytes back
Round trip time was 0.324685 milliseconds in repetition 370
tcp_ping received 48 bytes back
Round trip time was 0.326774 milliseconds in repetition 371
tcp_ping received 48 bytes back
Round trip time was 0.344064 milliseconds in repetition 372
tcp_ping received 48 bytes back
Round trip time was 0.366356 milliseconds in repetition 373
tcp_ping received 48 bytes back
Round trip time was 0.349908 milliseconds in repetition 374
tcp_ping received 48 bytes back
Round trip time was 0.720604 milliseconds in repetition 375
tcp_ping received 48 bytes back
Round trip time was 0.258234 milliseconds in repetition 376
tcp_ping received 48 bytes back
Round trip time was 0.365671 milliseconds in repetition 377
tcp_ping received 48 bytes back
Round trip time was 0.329615 milliseconds in repetition 378
tcp_ping received 48 bytes back
Round trip time was 0.36057 milliseconds in repetition 379
tcp_ping received 48 bytes back
Round trip time was 0.271642 milliseconds in repetition 380
tcp_ping received 48 bytes back
Round trip time was 0.343093 milliseconds in repetition 381
tcp_ping received 48 bytes back
Round trip time was 0.47687 milliseconds in repetition 382
tcp_ping received 48 bytes back
Round trip time was 0.361617 milliseconds in repetition 383
tcp_ping received 48 bytes back
Round trip time was 0.332842 milliseconds in repetition 384
tcp_ping received 48 bytes back
Round trip time was 0.382552 milliseconds in repetition 385
tcp_ping received 48 bytes back
Round trip time was 0.328633 milliseconds in repetition 386
tcp_ping received 48 bytes back
Round trip time was 0.324082 milliseconds in repetition 387
tcp_ping received 48 bytes back
Round trip time was 0.330316 milliseconds in repetition 388
tcp_ping received 48 bytes back
Round trip time was 0.27923 milliseconds in repetition 389
tcp_ping received 48 bytes back
Round trip time was 0.331047 milliseconds in repetition 390
tcp_ping received 48 bytes back
Round trip time was 0.325332 milliseconds in repetition 391
tcp_ping received 48 bytes back
Round trip time was 0.323197 milliseconds in repetition 392
tcp_ping received 48 bytes back
Round trip time was 0.339361 milliseconds in repetition 393
tcp_ping received 48 bytes back
Round trip time was 0.34158 milliseconds in repetition 394
tcp_ping received 48 bytes back
Round trip time was 0.332907 milliseconds in repetition 395
tcp_ping received 48 bytes back
Round trip time was 0.402531 milliseconds in repetition 396
tcp_ping received 48 bytes back
Round trip time was 0.341927 milliseconds in repetition 397
tcp_ping received 48 bytes back
Round trip time was 0.326811 milliseconds in repetition 398
tcp_ping received 48 bytes back
Round trip time was 0.279503 milliseconds in repetition 399
tcp_ping received 48 bytes back
Round trip time was 0.358717 milliseconds in repetition 400
tcp_ping received 48 bytes back
Round trip time was 0.340424 milliseconds in repetition 401
tcp_ping received 48 bytes back
Round trip time was 0.326586 milliseconds in repetition 402
tcp_ping received 48 bytes back
Round trip time was 0.365158 milliseconds in repetition 403
tcp_ping received 48 bytes back
Round trip time was 0.275016 milliseconds in repetition 404
tcp_ping received 48 bytes back
Round trip time was 0.299384 milliseconds in repetition 405
tcp_ping received 48 bytes back
Round trip time was 0.347981 milliseconds in repetition 406
tcp_ping received 48 bytes back
Round trip time was 0.321914 milliseconds in repetition 407
tcp_ping received 48 bytes back
Round trip time was 0.328757 milliseconds in repetition 408
tcp_ping received 48 bytes back
Round trip time was 0.332741 milliseconds in repetition 409
tcp_ping received 48 bytes back
Round trip time was 0.335819 milliseconds in repetition 410
tcp_ping received 48 bytes back
Round trip time was 0.323555 milliseconds in repetition 411
tcp_ping received 48 bytes back
Round trip time was 0.32971 milliseconds in repetition 412
tcp_ping received 48 bytes back
Round trip time was 0.39618 milliseconds in repetition 413
tcp_ping received 48 bytes back
Round trip time was 0.346302 milliseconds in repetition 414
tcp_ping received 48 bytes back
Round trip time was 0.342538 milliseconds in repetition 415
tcp_ping received 48 bytes back
Round trip time was 0.374379 milliseconds in repetition 416
tcp_ping received 48 bytes back
Round trip time was 0.33431 milliseconds in repetition 417
tcp_ping received 48 bytes back
Round trip time was 0.366482 milliseconds in repetition 418
tcp_ping received 48 bytes back
Round trip time was 0.338287 milliseconds in repetition 419
tcp_ping received 48 bytes back
Round trip time was 0.333972 milliseconds in repetition 420
tcp_ping received 48 bytes back
Round trip time was 0.330498 milliseconds in repetition 421
tcp_ping received 48 bytes back
Round trip time was 0.337491 milliseconds in repetition 422
tcp_ping received 48 bytes back
Round trip time was 0.283769 milliseconds in repetition 423
tcp_ping received 48 bytes back
Round trip time was 0.35513 milliseconds in repetition 424
tcp_ping received 48 bytes back
Round trip time was 0.385915 milliseconds in repetition 425
tcp_ping received 48 bytes back
Round trip time was 0.27428 milliseconds in repetition 426
tcp_ping received 48 bytes back
Round trip time was 0.333731 milliseconds in repetition 427
tcp_ping received 48 bytes back
Round trip time was 0.322511 milliseconds in repetition 428
tcp_ping received 48 bytes back
Round trip time was 0.349602 milliseconds in repetition 429
tcp_ping received 48 bytes back
Round trip time was 0.333862 milliseconds in repetition 430
tcp_ping received 48 bytes back
Round trip time was 0.383398 milliseconds in repetition 431
tcp_ping received 48 bytes back
Round trip time was 0.356739 milliseconds in repetition 432
tcp_ping received 48 bytes back
Round trip time was 0.355296 milliseconds in repetition 433
tcp_ping received 48 bytes back
Round trip time was 0.500167 milliseconds in repetition 434
tcp_ping received 48 bytes back
Round trip time was 0.339572 milliseconds in repetition 435
tcp_ping received 48 bytes back
Round trip time was 0.332442 milliseconds in repetition 436
tcp_ping received 48 bytes back
Round trip time was 0.271999 milliseconds in repetition 437
tcp_ping received 48 bytes back
Round trip time was 0.390585 milliseconds in repetition 438
tcp_ping received 48 bytes back
Round trip time was 0.33673 milliseconds in repetition 439
tcp_ping received 48 bytes back
Round trip time was 0.332029 milliseconds in repetition 440
tcp_ping received 48 bytes back
Round trip time was 0.332779 milliseconds in repetition 441
tcp_ping received 48 bytes back
Round trip time was 0.324831 milliseconds in repetition 442
tcp_ping received 48 bytes back
Round trip time was 0.396625 milliseconds in repetition 443
tcp_ping received 48 bytes back
Round trip time was 0.338467 milliseconds in repetition 444
tcp_ping received 48 bytes back
Round trip time was 0.348241 milliseconds in repetition 445
tcp_ping received 48 bytes back
Round trip time was 0.305967 milliseconds in repetition 446
tcp_ping received 48 bytes back
Round trip time was 0.365824 milliseconds in repetition 447
tcp_ping received 48 bytes back
Round trip time was 0.346935 milliseconds in repetition 448
tcp_ping received 48 bytes back
Round trip time was 0.331986 milliseconds in repetition 449
tcp_ping received 48 bytes back
Round trip time was 0.348942 milliseconds in repetition 450
tcp_ping received 48 bytes back
Round trip time was 0.376132 milliseconds in repetition 451
tcp_ping received 48 bytes back
Round trip time was 0.322003 milliseconds in repetition 452
tcp_ping received 48 bytes back
Round trip time was 0.274586 milliseconds in repetition 453
tcp_ping received 48 bytes back
Round trip time was 0.33175 milliseconds in repetition 454
tcp_ping received 48 bytes back
Round trip time was 0.334741 milliseconds in repetition 455
tcp_ping received 48 bytes back
Round trip time was 0.327823 milliseconds in repetition 456
tcp_ping received 48 bytes back
Round trip time was 0.326061 milliseconds in repetition 457
tcp_ping received 48 bytes back
Round trip time was 0.337519 milliseconds in repetition 458
tcp_ping received 48 bytes back
Round trip time was 0.375098 milliseconds in repetition 459
tcp_ping received 48 bytes back
Round trip time was 0.33726 milliseconds in repetition 460
tcp_ping received 48 bytes back
Round trip time was 0.324968 milliseconds in repetition 461
tcp_ping received 48 bytes back
Round trip time was 0.344736 milliseconds in repetition 462
tcp_ping received 48 bytes back
Round trip time was 0.327471 milliseconds in repetition 463
tcp_ping received 48 bytes back
Round trip time was 0.340316 milliseconds in repetition 464
tcp_ping received 48 bytes back
Round trip time was 0.333371 milliseconds in repetition 465
tcp_ping received 48 bytes back
Round trip time was 0.327958 milliseconds in repetition 466
tcp_ping received 48 bytes back
Round trip time was 0.329935 milliseconds in repetition 467
tcp_ping received 48 bytes back
Round trip time was 0.325038 milliseconds in repetition 468
tcp_ping received 48 bytes back
Round trip time was 0.250742 milliseconds in repetition 469
tcp_ping received 48 bytes back
Round trip time was 0.270673 milliseconds in repetition 470
tcp_ping received 48 bytes back
Round trip time was 0.323944 milliseconds in repetition 471
tcp_ping received 48 bytes back
Round trip time was 0.325577 milliseconds in repetition 472
tcp_ping received 48 bytes back
Round trip time was 0.317479 milliseconds in repetition 473
tcp_ping received 48 bytes back
Round trip time was 0.362357 milliseconds in repetition 474
tcp_ping received 48 bytes back
Round trip time was 0.330962 milliseconds in repetition 475
tcp_ping received 48 bytes back
Round trip time was 0.377669 milliseconds in repetition 476
tcp_ping received 48 bytes back
Round trip time was 0.342205 milliseconds in repetition 477
tcp_ping received 48 bytes back
Round trip time was 0.327511 milliseconds in repetition 478
tcp_ping received 48 bytes back
Round trip time was 0.321538 milliseconds in repetition 479
tcp_ping received 48 bytes back
Round trip time was 0.343406 milliseconds in repetition 480
tcp_ping received 48 bytes back
Round trip time was 0.323777 milliseconds in repetition 481
tcp_ping received 48 bytes back
Round trip time was 0.335466 milliseconds in repetition 482
tcp_ping received 48 bytes back
Round trip time was 0.33862 milliseconds in repetition 483
tcp_ping received 48 bytes back
Round trip time was 0.323749 milliseconds in repetition 484
tcp_ping received 48 bytes back
Round trip time was 0.338336 milliseconds in repetition 485
tcp_ping received 48 bytes back
Round trip time was 0.426054 milliseconds in repetition 486
tcp_ping received 48 bytes back
Round trip time was 0.345552 milliseconds in repetition 487
tcp_ping received 48 bytes back
Round trip time was 0.358908 milliseconds in repetition 488
tcp_ping received 48 bytes back
Round trip time was 0.355074 milliseconds in repetition 489
tcp_ping received 48 bytes back
Round trip time was 0.340971 milliseconds in repetition 490
tcp_ping received 48 bytes back
Round trip time was 0.33784 milliseconds in repetition 491
tcp_ping received 48 bytes back
Round trip time was 0.344791 milliseconds in repetition 492
tcp_ping received 48 bytes back
Round trip time was 0.246565 milliseconds in repetition 493
tcp_ping received 48 bytes back
Round trip time was 0.343596 milliseconds in repetition 494
tcp_ping received 48 bytes back
Round trip time was 0.361345 milliseconds in repetition 495
tcp_ping received 48 bytes back
Round trip time was 0.337986 milliseconds in repetition 496
tcp_ping received 48 bytes back
Round trip time was 0.333384 milliseconds in repetition 497
tcp_ping received 48 bytes back
Round trip time was 0.322359 milliseconds in repetition 498
tcp_ping received 48 bytes back
Round trip time was 0.336509 milliseconds in repetition 499
tcp_ping received 48 bytes back
Round trip time was 0.387398 milliseconds in repetition 500
tcp_ping received 48 bytes back
Round trip time was 0.338483 milliseconds in repetition 501

 ... clock resolution was 1e-06
TCP Ping:  Statistics over 501 repetitions of 48 byte messages

RTT : percentile 10: 0.314571, median: 0.336656, percentile 90: 0.493163, average: 0.384486, variance: 0.0247973

RTT histogram:
0.221136 8
0.308491 339
0.395846 95
0.483202 12
0.570558 4
0.657913 5
0.745269 18
0.832624 9
0.91998 6
1.00734 2
1.09469 1
1.18205 1
1.2694 0
1.35676 0
1.44411 0
1.53147 0
1.61882 0
1.70618 0
1.79353 0
1.88089 0
1.96825 1

   median Throughput : 285.158 KB/s   overall Throughput : 249.684 KB/s

