TCP Ping trying to connect to server seti.dibris.unige.it (130.251.61.30) on port 1491
 ... connected to Pong server: asking for 501 repetitions of 524288 bytes TCP messages
 ... Pong server agreed :-)
tcp_ping received 524288 bytes back
Round trip time was 45.3222 milliseconds in repetition 1
tcp_ping received 524288 bytes back
Round trip time was 17.4137 milliseconds in repetition 2
tcp_ping received 524288 bytes back
Round trip time was 15.6165 milliseconds in repetition 3
tcp_ping received 524288 bytes back
Round trip time was 10.4211 milliseconds in repetition 4
tcp_ping received 524288 bytes back
Round trip time was 10.1005 milliseconds in repetition 5
tcp_ping received 524288 bytes back
Round trip time was 9.96752 milliseconds in repetition 6
tcp_ping received 524288 bytes back
Round trip time was 20.1702 milliseconds in repetition 7
tcp_ping received 524288 bytes back
Round trip time was 13.6964 milliseconds in repetition 8
tcp_ping received 524288 bytes back
Round trip time was 12.2387 milliseconds in repetition 9
tcp_ping received 524288 bytes back
Round trip time was 10.4636 milliseconds in repetition 10
tcp_ping received 524288 bytes back
Round trip time was 11.3979 milliseconds in repetition 11
tcp_ping received 524288 bytes back
Round trip time was 9.94799 milliseconds in repetition 12
tcp_ping received 524288 bytes back
Round trip time was 10.1955 milliseconds in repetition 13
tcp_ping received 524288 bytes back
Round trip time was 9.82403 milliseconds in repetition 14
tcp_ping received 524288 bytes back
Round trip time was 23.1459 milliseconds in repetition 15
tcp_ping received 524288 bytes back
Round trip time was 22.4126 milliseconds in repetition 16
tcp_ping received 524288 bytes back
Round trip time was 10.5903 milliseconds in repetition 17
tcp_ping received 524288 bytes back
Round trip time was 12.6643 milliseconds in repetition 18
tcp_ping received 524288 bytes back
Round trip time was 13.1013 milliseconds in repetition 19
tcp_ping received 524288 bytes back
Round trip time was 10.2446 milliseconds in repetition 20
tcp_ping received 524288 bytes back
Round trip time was 10.2367 milliseconds in repetition 21
tcp_ping received 524288 bytes back
Round trip time was 13.2802 milliseconds in repetition 22
tcp_ping received 524288 bytes back
Round trip time was 16.4766 milliseconds in repetition 23
tcp_ping received 524288 bytes back
Round trip time was 10.4191 milliseconds in repetition 24
tcp_ping received 524288 bytes back
Round trip time was 12.1136 milliseconds in repetition 25
tcp_ping received 524288 bytes back
Round trip time was 10.4768 milliseconds in repetition 26
tcp_ping received 524288 bytes back
Round trip time was 10.1321 milliseconds in repetition 27
tcp_ping received 524288 bytes back
Round trip time was 10.5087 milliseconds in repetition 28
tcp_ping received 524288 bytes back
Round trip time was 10.0022 milliseconds in repetition 29
tcp_ping received 524288 bytes back
Round trip time was 10.2339 milliseconds in repetition 30
tcp_ping received 524288 bytes back
Round trip time was 10.225 milliseconds in repetition 31
tcp_ping received 524288 bytes back
Round trip time was 10.0935 milliseconds in repetition 32
tcp_ping received 524288 bytes back
Round trip time was 10.2173 milliseconds in repetition 33
tcp_ping received 524288 bytes back
Round trip time was 10.0388 milliseconds in repetition 34
tcp_ping received 524288 bytes back
Round trip time was 9.86942 milliseconds in repetition 35
tcp_ping received 524288 bytes back
Round trip time was 9.87791 milliseconds in repetition 36
tcp_ping received 524288 bytes back
Round trip time was 9.87587 milliseconds in repetition 37
tcp_ping received 524288 bytes back
Round trip time was 9.98833 milliseconds in repetition 38
tcp_ping received 524288 bytes back
Round trip time was 9.77676 milliseconds in repetition 39
tcp_ping received 524288 bytes back
Round trip time was 12.0933 milliseconds in repetition 40
tcp_ping received 524288 bytes back
Round trip time was 10.1445 milliseconds in repetition 41
tcp_ping received 524288 bytes back
Round trip time was 10.0405 milliseconds in repetition 42
tcp_ping received 524288 bytes back
Round trip time was 10.8469 milliseconds in repetition 43
tcp_ping received 524288 bytes back
Round trip time was 10.2902 milliseconds in repetition 44
tcp_ping received 524288 bytes back
Round trip time was 10.1527 milliseconds in repetition 45
tcp_ping received 524288 bytes back
Round trip time was 10.1453 milliseconds in repetition 46
tcp_ping received 524288 bytes back
Round trip time was 10.0045 milliseconds in repetition 47
tcp_ping received 524288 bytes back
Round trip time was 10.5628 milliseconds in repetition 48
tcp_ping received 524288 bytes back
Round trip time was 10.2302 milliseconds in repetition 49
tcp_ping received 524288 bytes back
Round trip time was 10.2954 milliseconds in repetition 50
tcp_ping received 524288 bytes back
Round trip time was 10.1257 milliseconds in repetition 51
tcp_ping received 524288 bytes back
Round trip time was 10.3852 milliseconds in repetition 52
tcp_ping received 524288 bytes back
Round trip time was 10.3123 milliseconds in repetition 53
tcp_ping received 524288 bytes back
Round trip time was 10.6967 milliseconds in repetition 54
tcp_ping received 524288 bytes back
Round trip time was 11.3866 milliseconds in repetition 55
tcp_ping received 524288 bytes back
Round trip time was 13.9452 milliseconds in repetition 56
tcp_ping received 524288 bytes back
Round trip time was 10.3092 milliseconds in repetition 57
tcp_ping received 524288 bytes back
Round trip time was 11.695 milliseconds in repetition 58
tcp_ping received 524288 bytes back
Round trip time was 10.6064 milliseconds in repetition 59
tcp_ping received 524288 bytes back
Round trip time was 10.1543 milliseconds in repetition 60
tcp_ping received 524288 bytes back
Round trip time was 9.86438 milliseconds in repetition 61
tcp_ping received 524288 bytes back
Round trip time was 9.99873 milliseconds in repetition 62
tcp_ping received 524288 bytes back
Round trip time was 10.1923 milliseconds in repetition 63
tcp_ping received 524288 bytes back
Round trip time was 10.3644 milliseconds in repetition 64
tcp_ping received 524288 bytes back
Round trip time was 10.3072 milliseconds in repetition 65
tcp_ping received 524288 bytes back
Round trip time was -989.831 milliseconds in repetition 66
tcp_ping received 524288 bytes back
Round trip time was 10.3533 milliseconds in repetition 67
tcp_ping received 524288 bytes back
Round trip time was 10.1019 milliseconds in repetition 68
tcp_ping received 524288 bytes back
Round trip time was 10.7401 milliseconds in repetition 69
tcp_ping received 524288 bytes back
Round trip time was 9.82559 milliseconds in repetition 70
tcp_ping received 524288 bytes back
Round trip time was 9.93182 milliseconds in repetition 71
tcp_ping received 524288 bytes back
Round trip time was 10.7683 milliseconds in repetition 72
tcp_ping received 524288 bytes back
Round trip time was 9.9585 milliseconds in repetition 73
tcp_ping received 524288 bytes back
Round trip time was 9.72577 milliseconds in repetition 74
tcp_ping received 524288 bytes back
Round trip time was 10.7755 milliseconds in repetition 75
tcp_ping received 524288 bytes back
Round trip time was 10.2027 milliseconds in repetition 76
tcp_ping received 524288 bytes back
Round trip time was 10.6137 milliseconds in repetition 77
tcp_ping received 524288 bytes back
Round trip time was 9.84773 milliseconds in repetition 78
tcp_ping received 524288 bytes back
Round trip time was 10.1421 milliseconds in repetition 79
tcp_ping received 524288 bytes back
Round trip time was 10.3767 milliseconds in repetition 80
tcp_ping received 524288 bytes back
Round trip time was 9.92418 milliseconds in repetition 81
tcp_ping received 524288 bytes back
Round trip time was 9.79838 milliseconds in repetition 82
tcp_ping received 524288 bytes back
Round trip time was 10.0232 milliseconds in repetition 83
tcp_ping received 524288 bytes back
Round trip time was 10.4355 milliseconds in repetition 84
tcp_ping received 524288 bytes back
Round trip time was 9.97649 milliseconds in repetition 85
tcp_ping received 524288 bytes back
Round trip time was 9.92326 milliseconds in repetition 86
tcp_ping received 524288 bytes back
Round trip time was 9.96105 milliseconds in repetition 87
tcp_ping received 524288 bytes back
Round trip time was 9.76294 milliseconds in repetition 88
tcp_ping received 524288 bytes back
Round trip time was 9.96106 milliseconds in repetition 89
tcp_ping received 524288 bytes back
Round trip time was 9.85854 milliseconds in repetition 90
tcp_ping received 524288 bytes back
Round trip time was 9.87802 milliseconds in repetition 91
tcp_ping received 524288 bytes back
Round trip time was 9.96067 milliseconds in repetition 92
tcp_ping received 524288 bytes back
Round trip time was 12.6896 milliseconds in repetition 93
tcp_ping received 524288 bytes back
Round trip time was 9.77635 milliseconds in repetition 94
tcp_ping received 524288 bytes back
Round trip time was 10.2919 milliseconds in repetition 95
tcp_ping received 524288 bytes back
Round trip time was 12.3078 milliseconds in repetition 96
tcp_ping received 524288 bytes back
Round trip time was 9.76201 milliseconds in repetition 97
tcp_ping received 524288 bytes back
Round trip time was 10.1718 milliseconds in repetition 98
tcp_ping received 524288 bytes back
Round trip time was 10.2134 milliseconds in repetition 99
tcp_ping received 524288 bytes back
Round trip time was 9.90853 milliseconds in repetition 100
tcp_ping received 524288 bytes back
Round trip time was 9.7209 milliseconds in repetition 101
tcp_ping received 524288 bytes back
Round trip time was 10.1905 milliseconds in repetition 102
tcp_ping received 524288 bytes back
Round trip time was 10.4095 milliseconds in repetition 103
tcp_ping received 524288 bytes back
Round trip time was 10.0448 milliseconds in repetition 104
tcp_ping received 524288 bytes back
Round trip time was 10.2509 milliseconds in repetition 105
tcp_ping received 524288 bytes back
Round trip time was 10.2102 milliseconds in repetition 106
tcp_ping received 524288 bytes back
Round trip time was 10.4459 milliseconds in repetition 107
tcp_ping received 524288 bytes back
Round trip time was 10.1448 milliseconds in repetition 108
tcp_ping received 524288 bytes back
Round trip time was 10.3702 milliseconds in repetition 109
tcp_ping received 524288 bytes back
Round trip time was 10.0725 milliseconds in repetition 110
tcp_ping received 524288 bytes back
Round trip time was 9.90007 milliseconds in repetition 111
tcp_ping received 524288 bytes back
Round trip time was 9.65788 milliseconds in repetition 112
tcp_ping received 524288 bytes back
Round trip time was 9.97588 milliseconds in repetition 113
tcp_ping received 524288 bytes back
Round trip time was 10.1025 milliseconds in repetition 114
tcp_ping received 524288 bytes back
Round trip time was 9.85432 milliseconds in repetition 115
tcp_ping received 524288 bytes back
Round trip time was 10.3221 milliseconds in repetition 116
tcp_ping received 524288 bytes back
Round trip time was 9.95984 milliseconds in repetition 117
tcp_ping received 524288 bytes back
Round trip time was 10.0525 milliseconds in repetition 118
tcp_ping received 524288 bytes back
Round trip time was 9.9932 milliseconds in repetition 119
tcp_ping received 524288 bytes back
Round trip time was 10.2669 milliseconds in repetition 120
tcp_ping received 524288 bytes back
Round trip time was 10.2409 milliseconds in repetition 121
tcp_ping received 524288 bytes back
Round trip time was 10.0125 milliseconds in repetition 122
tcp_ping received 524288 bytes back
Round trip time was 10.336 milliseconds in repetition 123
tcp_ping received 524288 bytes back
Round trip time was 10.0825 milliseconds in repetition 124
tcp_ping received 524288 bytes back
Round trip time was 10.0949 milliseconds in repetition 125
tcp_ping received 524288 bytes back
Round trip time was 9.9644 milliseconds in repetition 126
tcp_ping received 524288 bytes back
Round trip time was 9.80034 milliseconds in repetition 127
tcp_ping received 524288 bytes back
Round trip time was 10.7883 milliseconds in repetition 128
tcp_ping received 524288 bytes back
Round trip time was 10.0106 milliseconds in repetition 129
tcp_ping received 524288 bytes back
Round trip time was 10.241 milliseconds in repetition 130
tcp_ping received 524288 bytes back
Round trip time was 10.1801 milliseconds in repetition 131
tcp_ping received 524288 bytes back
Round trip time was 9.86419 milliseconds in repetition 132
tcp_ping received 524288 bytes back
Round trip time was 9.9791 milliseconds in repetition 133
tcp_ping received 524288 bytes back
Round trip time was 10.1887 milliseconds in repetition 134
tcp_ping received 524288 bytes back
Round trip time was 10.3706 milliseconds in repetition 135
tcp_ping received 524288 bytes back
Round trip time was 9.89786 milliseconds in repetition 136
tcp_ping received 524288 bytes back
Round trip time was 9.73703 milliseconds in repetition 137
tcp_ping received 524288 bytes back
Round trip time was 10.0739 milliseconds in repetition 138
tcp_ping received 524288 bytes back
Round trip time was 10.1929 milliseconds in repetition 139
tcp_ping received 524288 bytes back
Round trip time was 12.2712 milliseconds in repetition 140
tcp_ping received 524288 bytes back
Round trip time was 10.3822 milliseconds in repetition 141
tcp_ping received 524288 bytes back
Round trip time was 10.9608 milliseconds in repetition 142
tcp_ping received 524288 bytes back
Round trip time was 13.2917 milliseconds in repetition 143
tcp_ping received 524288 bytes back
Round trip time was 10.5198 milliseconds in repetition 144
tcp_ping received 524288 bytes back
Round trip time was 11.322 milliseconds in repetition 145
tcp_ping received 524288 bytes back
Round trip time was 10.2061 milliseconds in repetition 146
tcp_ping received 524288 bytes back
Round trip time was 10.6466 milliseconds in repetition 147
tcp_ping received 524288 bytes back
Round trip time was 10.8095 milliseconds in repetition 148
tcp_ping received 524288 bytes back
Round trip time was 10.1435 milliseconds in repetition 149
tcp_ping received 524288 bytes back
Round trip time was 10.3605 milliseconds in repetition 150
tcp_ping received 524288 bytes back
Round trip time was 10.8006 milliseconds in repetition 151
tcp_ping received 524288 bytes back
Round trip time was 10.358 milliseconds in repetition 152
tcp_ping received 524288 bytes back
Round trip time was 10.1048 milliseconds in repetition 153
tcp_ping received 524288 bytes back
Round trip time was 10.514 milliseconds in repetition 154
tcp_ping received 524288 bytes back
Round trip time was 10.4968 milliseconds in repetition 155
tcp_ping received 524288 bytes back
Round trip time was 10.1545 milliseconds in repetition 156
tcp_ping received 524288 bytes back
Round trip time was 10.4166 milliseconds in repetition 157
tcp_ping received 524288 bytes back
Round trip time was 10.4232 milliseconds in repetition 158
tcp_ping received 524288 bytes back
Round trip time was 10.0609 milliseconds in repetition 159
tcp_ping received 524288 bytes back
Round trip time was 10.5201 milliseconds in repetition 160
tcp_ping received 524288 bytes back
Round trip time was 9.98454 milliseconds in repetition 161
tcp_ping received 524288 bytes back
Round trip time was 11.1278 milliseconds in repetition 162
tcp_ping received 524288 bytes back
Round trip time was -990.072 milliseconds in repetition 163
tcp_ping received 524288 bytes back
Round trip time was 11.0868 milliseconds in repetition 164
tcp_ping received 524288 bytes back
Round trip time was 11.9879 milliseconds in repetition 165
tcp_ping received 524288 bytes back
Round trip time was 10.2461 milliseconds in repetition 166
tcp_ping received 524288 bytes back
Round trip time was 11.5522 milliseconds in repetition 167
tcp_ping received 524288 bytes back
Round trip time was 9.9831 milliseconds in repetition 168
tcp_ping received 524288 bytes back
Round trip time was 11.4357 milliseconds in repetition 169
tcp_ping received 524288 bytes back
Round trip time was 11.8211 milliseconds in repetition 170
tcp_ping received 524288 bytes back
Round trip time was 10.3838 milliseconds in repetition 171
tcp_ping received 524288 bytes back
Round trip time was 10.123 milliseconds in repetition 172
tcp_ping received 524288 bytes back
Round trip time was 10.6795 milliseconds in repetition 173
tcp_ping received 524288 bytes back
Round trip time was 11.1746 milliseconds in repetition 174
tcp_ping received 524288 bytes back
Round trip time was 10.2527 milliseconds in repetition 175
tcp_ping received 524288 bytes back
Round trip time was 11.4823 milliseconds in repetition 176
tcp_ping received 524288 bytes back
Round trip time was 10.4932 milliseconds in repetition 177
tcp_ping received 524288 bytes back
Round trip time was 12.3818 milliseconds in repetition 178
tcp_ping received 524288 bytes back
Round trip time was 10.1633 milliseconds in repetition 179
tcp_ping received 524288 bytes back
Round trip time was 11.2824 milliseconds in repetition 180
tcp_ping received 524288 bytes back
Round trip time was 11.3815 milliseconds in repetition 181
tcp_ping received 524288 bytes back
Round trip time was 10.9252 milliseconds in repetition 182
tcp_ping received 524288 bytes back
Round trip time was 11.2119 milliseconds in repetition 183
tcp_ping received 524288 bytes back
Round trip time was 10.5828 milliseconds in repetition 184
tcp_ping received 524288 bytes back
Round trip time was 10.3938 milliseconds in repetition 185
tcp_ping received 524288 bytes back
Round trip time was 10.2505 milliseconds in repetition 186
tcp_ping received 524288 bytes back
Round trip time was 10.5752 milliseconds in repetition 187
tcp_ping received 524288 bytes back
Round trip time was 10.1689 milliseconds in repetition 188
tcp_ping received 524288 bytes back
Round trip time was 10.0292 milliseconds in repetition 189
tcp_ping received 524288 bytes back
Round trip time was 10.1916 milliseconds in repetition 190
tcp_ping received 524288 bytes back
Round trip time was 9.83938 milliseconds in repetition 191
tcp_ping received 524288 bytes back
Round trip time was 10.3279 milliseconds in repetition 192
tcp_ping received 524288 bytes back
Round trip time was 10.1631 milliseconds in repetition 193
tcp_ping received 524288 bytes back
Round trip time was 11.148 milliseconds in repetition 194
tcp_ping received 524288 bytes back
Round trip time was 10.1328 milliseconds in repetition 195
tcp_ping received 524288 bytes back
Round trip time was 11.4516 milliseconds in repetition 196
tcp_ping received 524288 bytes back
Round trip time was 13.8644 milliseconds in repetition 197
tcp_ping received 524288 bytes back
Round trip time was 10.2565 milliseconds in repetition 198
tcp_ping received 524288 bytes back
Round trip time was 10.3292 milliseconds in repetition 199
tcp_ping received 524288 bytes back
Round trip time was 11.7671 milliseconds in repetition 200
tcp_ping received 524288 bytes back
Round trip time was 10.3136 milliseconds in repetition 201
tcp_ping received 524288 bytes back
Round trip time was 10.2875 milliseconds in repetition 202
tcp_ping received 524288 bytes back
Round trip time was 10.6929 milliseconds in repetition 203
tcp_ping received 524288 bytes back
Round trip time was 9.88646 milliseconds in repetition 204
tcp_ping received 524288 bytes back
Round trip time was 9.94466 milliseconds in repetition 205
tcp_ping received 524288 bytes back
Round trip time was 10.1349 milliseconds in repetition 206
tcp_ping received 524288 bytes back
Round trip time was 10.0666 milliseconds in repetition 207
tcp_ping received 524288 bytes back
Round trip time was 10.0782 milliseconds in repetition 208
tcp_ping received 524288 bytes back
Round trip time was 9.80601 milliseconds in repetition 209
tcp_ping received 524288 bytes back
Round trip time was 10.1878 milliseconds in repetition 210
tcp_ping received 524288 bytes back
Round trip time was 9.81039 milliseconds in repetition 211
tcp_ping received 524288 bytes back
Round trip time was 10.4587 milliseconds in repetition 212
tcp_ping received 524288 bytes back
Round trip time was 11.5131 milliseconds in repetition 213
tcp_ping received 524288 bytes back
Round trip time was 10.5377 milliseconds in repetition 214
tcp_ping received 524288 bytes back
Round trip time was 10.1207 milliseconds in repetition 215
tcp_ping received 524288 bytes back
Round trip time was 10.2891 milliseconds in repetition 216
tcp_ping received 524288 bytes back
Round trip time was 9.8015 milliseconds in repetition 217
tcp_ping received 524288 bytes back
Round trip time was 12.1187 milliseconds in repetition 218
tcp_ping received 524288 bytes back
Round trip time was 11.7416 milliseconds in repetition 219
tcp_ping received 524288 bytes back
Round trip time was 10.5264 milliseconds in repetition 220
tcp_ping received 524288 bytes back
Round trip time was 10.0248 milliseconds in repetition 221
tcp_ping received 524288 bytes back
Round trip time was 11.4876 milliseconds in repetition 222
tcp_ping received 524288 bytes back
Round trip time was 10.0337 milliseconds in repetition 223
tcp_ping received 524288 bytes back
Round trip time was 9.97147 milliseconds in repetition 224
tcp_ping received 524288 bytes back
Round trip time was 12.4248 milliseconds in repetition 225
tcp_ping received 524288 bytes back
Round trip time was 10.6016 milliseconds in repetition 226
tcp_ping received 524288 bytes back
Round trip time was 9.8681 milliseconds in repetition 227
tcp_ping received 524288 bytes back
Round trip time was 12.1407 milliseconds in repetition 228
tcp_ping received 524288 bytes back
Round trip time was 10.1713 milliseconds in repetition 229
tcp_ping received 524288 bytes back
Round trip time was 10.4453 milliseconds in repetition 230
tcp_ping received 524288 bytes back
Round trip time was 10.1435 milliseconds in repetition 231
tcp_ping received 524288 bytes back
Round trip time was 10.1604 milliseconds in repetition 232
tcp_ping received 524288 bytes back
Round trip time was 12.3691 milliseconds in repetition 233
tcp_ping received 524288 bytes back
Round trip time was 10.3137 milliseconds in repetition 234
tcp_ping received 524288 bytes back
Round trip time was 11.6862 milliseconds in repetition 235
tcp_ping received 524288 bytes back
Round trip time was 10.6187 milliseconds in repetition 236
tcp_ping received 524288 bytes back
Round trip time was 10.4115 milliseconds in repetition 237
tcp_ping received 524288 bytes back
Round trip time was 9.79359 milliseconds in repetition 238
tcp_ping received 524288 bytes back
Round trip time was 9.72306 milliseconds in repetition 239
tcp_ping received 524288 bytes back
Round trip time was 12.2879 milliseconds in repetition 240
tcp_ping received 524288 bytes back
Round trip time was 9.88594 milliseconds in repetition 241
tcp_ping received 524288 bytes back
Round trip time was 10.652 milliseconds in repetition 242
tcp_ping received 524288 bytes back
Round trip time was 10.4557 milliseconds in repetition 243
tcp_ping received 524288 bytes back
Round trip time was 9.7291 milliseconds in repetition 244
tcp_ping received 524288 bytes back
Round trip time was 13.3454 milliseconds in repetition 245
tcp_ping received 524288 bytes back
Round trip time was 9.94798 milliseconds in repetition 246
tcp_ping received 524288 bytes back
Round trip time was 9.89139 milliseconds in repetition 247
tcp_ping received 524288 bytes back
Round trip time was 9.80467 milliseconds in repetition 248
tcp_ping received 524288 bytes back
Round trip time was 10.1828 milliseconds in repetition 249
tcp_ping received 524288 bytes back
Round trip time was 10.3059 milliseconds in repetition 250
tcp_ping received 524288 bytes back
Round trip time was 9.87304 milliseconds in repetition 251
tcp_ping received 524288 bytes back
Round trip time was 10.1115 milliseconds in repetition 252
tcp_ping received 524288 bytes back
Round trip time was 9.99121 milliseconds in repetition 253
tcp_ping received 524288 bytes back
Round trip time was 10.2536 milliseconds in repetition 254
tcp_ping received 524288 bytes back
Round trip time was 10.0108 milliseconds in repetition 255
tcp_ping received 524288 bytes back
Round trip time was 9.91277 milliseconds in repetition 256
tcp_ping received 524288 bytes back
Round trip time was -988.742 milliseconds in repetition 257
tcp_ping received 524288 bytes back
Round trip time was 10.0969 milliseconds in repetition 258
tcp_ping received 524288 bytes back
Round trip time was 10.4633 milliseconds in repetition 259
tcp_ping received 524288 bytes back
Round trip time was 9.74126 milliseconds in repetition 260
tcp_ping received 524288 bytes back
Round trip time was 9.82415 milliseconds in repetition 261
tcp_ping received 524288 bytes back
Round trip time was 10.381 milliseconds in repetition 262
tcp_ping received 524288 bytes back
Round trip time was 10.1043 milliseconds in repetition 263
tcp_ping received 524288 bytes back
Round trip time was 10.1443 milliseconds in repetition 264
tcp_ping received 524288 bytes back
Round trip time was 10.1811 milliseconds in repetition 265
tcp_ping received 524288 bytes back
Round trip time was 10.9706 milliseconds in repetition 266
tcp_ping received 524288 bytes back
Round trip time was 10.1416 milliseconds in repetition 267
tcp_ping received 524288 bytes back
Round trip time was 10.5904 milliseconds in repetition 268
tcp_ping received 524288 bytes back
Round trip time was 10.6366 milliseconds in repetition 269
tcp_ping received 524288 bytes back
Round trip time was 9.88643 milliseconds in repetition 270
tcp_ping received 524288 bytes back
Round trip time was 9.88359 milliseconds in repetition 271
tcp_ping received 524288 bytes back
Round trip time was 10.3312 milliseconds in repetition 272
tcp_ping received 524288 bytes back
Round trip time was 10.0609 milliseconds in repetition 273
tcp_ping received 524288 bytes back
Round trip time was 9.76494 milliseconds in repetition 274
tcp_ping received 524288 bytes back
Round trip time was 10.9575 milliseconds in repetition 275
tcp_ping received 524288 bytes back
Round trip time was 11.3611 milliseconds in repetition 276
tcp_ping received 524288 bytes back
Round trip time was 10.6157 milliseconds in repetition 277
tcp_ping received 524288 bytes back
Round trip time was 9.77265 milliseconds in repetition 278
tcp_ping received 524288 bytes back
Round trip time was 9.99354 milliseconds in repetition 279
tcp_ping received 524288 bytes back
Round trip time was 11.0629 milliseconds in repetition 280
tcp_ping received 524288 bytes back
Round trip time was 9.92844 milliseconds in repetition 281
tcp_ping received 524288 bytes back
Round trip time was 10.0603 milliseconds in repetition 282
tcp_ping received 524288 bytes back
Round trip time was 11.419 milliseconds in repetition 283
tcp_ping received 524288 bytes back
Round trip time was 11.0078 milliseconds in repetition 284
tcp_ping received 524288 bytes back
Round trip time was 10.2531 milliseconds in repetition 285
tcp_ping received 524288 bytes back
Round trip time was 11.8808 milliseconds in repetition 286
tcp_ping received 524288 bytes back
Round trip time was 10.0572 milliseconds in repetition 287
tcp_ping received 524288 bytes back
Round trip time was 11.9121 milliseconds in repetition 288
tcp_ping received 524288 bytes back
Round trip time was 10.0087 milliseconds in repetition 289
tcp_ping received 524288 bytes back
Round trip time was 10.0958 milliseconds in repetition 290
tcp_ping received 524288 bytes back
Round trip time was 9.91867 milliseconds in repetition 291
tcp_ping received 524288 bytes back
Round trip time was 11.6881 milliseconds in repetition 292
tcp_ping received 524288 bytes back
Round trip time was 10.0947 milliseconds in repetition 293
tcp_ping received 524288 bytes back
Round trip time was 9.94501 milliseconds in repetition 294
tcp_ping received 524288 bytes back
Round trip time was 10.4567 milliseconds in repetition 295
tcp_ping received 524288 bytes back
Round trip time was 10.0289 milliseconds in repetition 296
tcp_ping received 524288 bytes back
Round trip time was 9.99181 milliseconds in repetition 297
tcp_ping received 524288 bytes back
Round trip time was 11.7127 milliseconds in repetition 298
tcp_ping received 524288 bytes back
Round trip time was 10.0605 milliseconds in repetition 299
tcp_ping received 524288 bytes back
Round trip time was 10.0583 milliseconds in repetition 300
tcp_ping received 524288 bytes back
Round trip time was 10.0595 milliseconds in repetition 301
tcp_ping received 524288 bytes back
Round trip time was 10.133 milliseconds in repetition 302
tcp_ping received 524288 bytes back
Round trip time was 10.1356 milliseconds in repetition 303
tcp_ping received 524288 bytes back
Round trip time was 10.2179 milliseconds in repetition 304
tcp_ping received 524288 bytes back
Round trip time was 10.4199 milliseconds in repetition 305
tcp_ping received 524288 bytes back
Round trip time was 9.83238 milliseconds in repetition 306
tcp_ping received 524288 bytes back
Round trip time was 9.95425 milliseconds in repetition 307
tcp_ping received 524288 bytes back
Round trip time was 10.4507 milliseconds in repetition 308
tcp_ping received 524288 bytes back
Round trip time was 10.2335 milliseconds in repetition 309
tcp_ping received 524288 bytes back
Round trip time was 10.5791 milliseconds in repetition 310
tcp_ping received 524288 bytes back
Round trip time was 9.81825 milliseconds in repetition 311
tcp_ping received 524288 bytes back
Round trip time was 10.5543 milliseconds in repetition 312
tcp_ping received 524288 bytes back
Round trip time was 10.4324 milliseconds in repetition 313
tcp_ping received 524288 bytes back
Round trip time was 10.2609 milliseconds in repetition 314
tcp_ping received 524288 bytes back
Round trip time was 10.4101 milliseconds in repetition 315
tcp_ping received 524288 bytes back
Round trip time was 9.88341 milliseconds in repetition 316
tcp_ping received 524288 bytes back
Round trip time was 10.7403 milliseconds in repetition 317
tcp_ping received 524288 bytes back
Round trip time was 9.8402 milliseconds in repetition 318
tcp_ping received 524288 bytes back
Round trip time was 10.235 milliseconds in repetition 319
tcp_ping received 524288 bytes back
Round trip time was 9.94879 milliseconds in repetition 320
tcp_ping received 524288 bytes back
Round trip time was 9.85888 milliseconds in repetition 321
tcp_ping received 524288 bytes back
Round trip time was 9.9881 milliseconds in repetition 322
tcp_ping received 524288 bytes back
Round trip time was 10.1392 milliseconds in repetition 323
tcp_ping received 524288 bytes back
Round trip time was 9.92497 milliseconds in repetition 324
tcp_ping received 524288 bytes back
Round trip time was 10.4085 milliseconds in repetition 325
tcp_ping received 524288 bytes back
Round trip time was 9.9983 milliseconds in repetition 326
tcp_ping received 524288 bytes back
Round trip time was 10.471 milliseconds in repetition 327
tcp_ping received 524288 bytes back
Round trip time was 10.5103 milliseconds in repetition 328
tcp_ping received 524288 bytes back
Round trip time was 9.9778 milliseconds in repetition 329
tcp_ping received 524288 bytes back
Round trip time was 10.0294 milliseconds in repetition 330
tcp_ping received 524288 bytes back
Round trip time was 10.5581 milliseconds in repetition 331
tcp_ping received 524288 bytes back
Round trip time was 10.3463 milliseconds in repetition 332
tcp_ping received 524288 bytes back
Round trip time was 10.2175 milliseconds in repetition 333
tcp_ping received 524288 bytes back
Round trip time was 11.2552 milliseconds in repetition 334
tcp_ping received 524288 bytes back
Round trip time was 13.2768 milliseconds in repetition 335
tcp_ping received 524288 bytes back
Round trip time was 10.4772 milliseconds in repetition 336
tcp_ping received 524288 bytes back
Round trip time was 10.5443 milliseconds in repetition 337
tcp_ping received 524288 bytes back
Round trip time was 11.7929 milliseconds in repetition 338
tcp_ping received 524288 bytes back
Round trip time was 12.0168 milliseconds in repetition 339
tcp_ping received 524288 bytes back
Round trip time was 10.172 milliseconds in repetition 340
tcp_ping received 524288 bytes back
Round trip time was 10.994 milliseconds in repetition 341
tcp_ping received 524288 bytes back
Round trip time was 10.5051 milliseconds in repetition 342
tcp_ping received 524288 bytes back
Round trip time was 10.636 milliseconds in repetition 343
tcp_ping received 524288 bytes back
Round trip time was 10.6719 milliseconds in repetition 344
tcp_ping received 524288 bytes back
Round trip time was 12.8017 milliseconds in repetition 345
tcp_ping received 524288 bytes back
Round trip time was 10.6968 milliseconds in repetition 346
tcp_ping received 524288 bytes back
Round trip time was 11.0317 milliseconds in repetition 347
tcp_ping received 524288 bytes back
Round trip time was 10.8681 milliseconds in repetition 348
tcp_ping received 524288 bytes back
Round trip time was 10.7545 milliseconds in repetition 349
tcp_ping received 524288 bytes back
Round trip time was 10.5848 milliseconds in repetition 350
tcp_ping received 524288 bytes back
Round trip time was 10.5701 milliseconds in repetition 351
tcp_ping received 524288 bytes back
Round trip time was -989.285 milliseconds in repetition 352
tcp_ping received 524288 bytes back
Round trip time was 10.1816 milliseconds in repetition 353
tcp_ping received 524288 bytes back
Round trip time was 10.2952 milliseconds in repetition 354
tcp_ping received 524288 bytes back
Round trip time was 10.4257 milliseconds in repetition 355
tcp_ping received 524288 bytes back
Round trip time was 10.5015 milliseconds in repetition 356
tcp_ping received 524288 bytes back
Round trip time was 10.4651 milliseconds in repetition 357
tcp_ping received 524288 bytes back
Round trip time was 10.4606 milliseconds in repetition 358
tcp_ping received 524288 bytes back
Round trip time was 9.97512 milliseconds in repetition 359
tcp_ping received 524288 bytes back
Round trip time was 10.8509 milliseconds in repetition 360
tcp_ping received 524288 bytes back
Round trip time was 10.6436 milliseconds in repetition 361
tcp_ping received 524288 bytes back
Round trip time was 10.1749 milliseconds in repetition 362
tcp_ping received 524288 bytes back
Round trip time was 10.5292 milliseconds in repetition 363
tcp_ping received 524288 bytes back
Round trip time was 10.0198 milliseconds in repetition 364
tcp_ping received 524288 bytes back
Round trip time was 9.74716 milliseconds in repetition 365
tcp_ping received 524288 bytes back
Round trip time was 10.0382 milliseconds in repetition 366
tcp_ping received 524288 bytes back
Round trip time was 10.129 milliseconds in repetition 367
tcp_ping received 524288 bytes back
Round trip time was 10.2229 milliseconds in repetition 368
tcp_ping received 524288 bytes back
Round trip time was 10.3595 milliseconds in repetition 369
tcp_ping received 524288 bytes back
Round trip time was 10.284 milliseconds in repetition 370
tcp_ping received 524288 bytes back
Round trip time was 9.79106 milliseconds in repetition 371
tcp_ping received 524288 bytes back
Round trip time was 10.1741 milliseconds in repetition 372
tcp_ping received 524288 bytes back
Round trip time was 10.1094 milliseconds in repetition 373
tcp_ping received 524288 bytes back
Round trip time was 10.1855 milliseconds in repetition 374
tcp_ping received 524288 bytes back
Round trip time was 9.95154 milliseconds in repetition 375
tcp_ping received 524288 bytes back
Round trip time was 10.382 milliseconds in repetition 376
tcp_ping received 524288 bytes back
Round trip time was 10.2225 milliseconds in repetition 377
tcp_ping received 524288 bytes back
Round trip time was 10.254 milliseconds in repetition 378
tcp_ping received 524288 bytes back
Round trip time was 10.2516 milliseconds in repetition 379
tcp_ping received 524288 bytes back
Round trip time was 10.9515 milliseconds in repetition 380
tcp_ping received 524288 bytes back
Round trip time was 13.6439 milliseconds in repetition 381
tcp_ping received 524288 bytes back
Round trip time was 10.1843 milliseconds in repetition 382
tcp_ping received 524288 bytes back
Round trip time was 10.0484 milliseconds in repetition 383
tcp_ping received 524288 bytes back
Round trip time was 13.671 milliseconds in repetition 384
tcp_ping received 524288 bytes back
Round trip time was 10.6229 milliseconds in repetition 385
tcp_ping received 524288 bytes back
Round trip time was 10.516 milliseconds in repetition 386
tcp_ping received 524288 bytes back
Round trip time was 11.7975 milliseconds in repetition 387
tcp_ping received 524288 bytes back
Round trip time was 10.7194 milliseconds in repetition 388
tcp_ping received 524288 bytes back
Round trip time was 12.4116 milliseconds in repetition 389
tcp_ping received 524288 bytes back
Round trip time was 10.0607 milliseconds in repetition 390
tcp_ping received 524288 bytes back
Round trip time was 11.3186 milliseconds in repetition 391
tcp_ping received 524288 bytes back
Round trip time was 10.2958 milliseconds in repetition 392
tcp_ping received 524288 bytes back
Round trip time was 11.7398 milliseconds in repetition 393
tcp_ping received 524288 bytes back
Round trip time was 9.99196 milliseconds in repetition 394
tcp_ping received 524288 bytes back
Round trip time was 10.1452 milliseconds in repetition 395
tcp_ping received 524288 bytes back
Round trip time was 12.1073 milliseconds in repetition 396
tcp_ping received 524288 bytes back
Round trip time was 10.0332 milliseconds in repetition 397
tcp_ping received 524288 bytes back
Round trip time was 10.036 milliseconds in repetition 398
tcp_ping received 524288 bytes back
Round trip time was 10.204 milliseconds in repetition 399
tcp_ping received 524288 bytes back
Round trip time was 10.1213 milliseconds in repetition 400
tcp_ping received 524288 bytes back
Round trip time was 10.0884 milliseconds in repetition 401
tcp_ping received 524288 bytes back
Round trip time was 9.91323 milliseconds in repetition 402
tcp_ping received 524288 bytes back
Round trip time was 10.034 milliseconds in repetition 403
tcp_ping received 524288 bytes back
Round trip time was 10.0557 milliseconds in repetition 404
tcp_ping received 524288 bytes back
Round trip time was 9.90568 milliseconds in repetition 405
tcp_ping received 524288 bytes back
Round trip time was 10.2637 milliseconds in repetition 406
tcp_ping received 524288 bytes back
Round trip time was 10.7967 milliseconds in repetition 407
tcp_ping received 524288 bytes back
Round trip time was 10.8169 milliseconds in repetition 408
tcp_ping received 524288 bytes back
Round trip time was 10.118 milliseconds in repetition 409
tcp_ping received 524288 bytes back
Round trip time was 9.80328 milliseconds in repetition 410
tcp_ping received 524288 bytes back
Round trip time was 10.2684 milliseconds in repetition 411
tcp_ping received 524288 bytes back
Round trip time was 9.96685 milliseconds in repetition 412
tcp_ping received 524288 bytes back
Round trip time was 9.96081 milliseconds in repetition 413
tcp_ping received 524288 bytes back
Round trip time was 10.0995 milliseconds in repetition 414
tcp_ping received 524288 bytes back
Round trip time was 10.1489 milliseconds in repetition 415
tcp_ping received 524288 bytes back
Round trip time was 10.0671 milliseconds in repetition 416
tcp_ping received 524288 bytes back
Round trip time was 10.2756 milliseconds in repetition 417
tcp_ping received 524288 bytes back
Round trip time was 9.94117 milliseconds in repetition 418
tcp_ping received 524288 bytes back
Round trip time was 9.80285 milliseconds in repetition 419
tcp_ping received 524288 bytes back
Round trip time was 11.8972 milliseconds in repetition 420
tcp_ping received 524288 bytes back
Round trip time was 10.4229 milliseconds in repetition 421
tcp_ping received 524288 bytes back
Round trip time was 9.97124 milliseconds in repetition 422
tcp_ping received 524288 bytes back
Round trip time was 10.4578 milliseconds in repetition 423
tcp_ping received 524288 bytes back
Round trip time was 10.0303 milliseconds in repetition 424
tcp_ping received 524288 bytes back
Round trip time was 10.1185 milliseconds in repetition 425
tcp_ping received 524288 bytes back
Round trip time was 9.91141 milliseconds in repetition 426
tcp_ping received 524288 bytes back
Round trip time was 10.0212 milliseconds in repetition 427
tcp_ping received 524288 bytes back
Round trip time was 10.1267 milliseconds in repetition 428
tcp_ping received 524288 bytes back
Round trip time was 10.244 milliseconds in repetition 429
tcp_ping received 524288 bytes back
Round trip time was 10.8426 milliseconds in repetition 430
tcp_ping received 524288 bytes back
Round trip time was 10.1911 milliseconds in repetition 431
tcp_ping received 524288 bytes back
Round trip time was 10.3624 milliseconds in repetition 432
tcp_ping received 524288 bytes back
Round trip time was 10.2059 milliseconds in repetition 433
tcp_ping received 524288 bytes back
Round trip time was 9.83432 milliseconds in repetition 434
tcp_ping received 524288 bytes back
Round trip time was 10.0054 milliseconds in repetition 435
tcp_ping received 524288 bytes back
Round trip time was 10.4012 milliseconds in repetition 436
tcp_ping received 524288 bytes back
Round trip time was 12.0111 milliseconds in repetition 437
tcp_ping received 524288 bytes back
Round trip time was 12.0694 milliseconds in repetition 438
tcp_ping received 524288 bytes back
Round trip time was 10.3491 milliseconds in repetition 439
tcp_ping received 524288 bytes back
Round trip time was 11.6842 milliseconds in repetition 440
tcp_ping received 524288 bytes back
Round trip time was 10.8012 milliseconds in repetition 441
tcp_ping received 524288 bytes back
Round trip time was 10.5142 milliseconds in repetition 442
tcp_ping received 524288 bytes back
Round trip time was 11.4236 milliseconds in repetition 443
tcp_ping received 524288 bytes back
Round trip time was 9.99514 milliseconds in repetition 444
tcp_ping received 524288 bytes back
Round trip time was 10.0215 milliseconds in repetition 445
tcp_ping received 524288 bytes back
Round trip time was 10.8653 milliseconds in repetition 446
tcp_ping received 524288 bytes back
Round trip time was 10.3304 milliseconds in repetition 447
tcp_ping received 524288 bytes back
Round trip time was -989.597 milliseconds in repetition 448
tcp_ping received 524288 bytes back
Round trip time was 10.0901 milliseconds in repetition 449
tcp_ping received 524288 bytes back
Round trip time was 11.7125 milliseconds in repetition 450
tcp_ping received 524288 bytes back
Round trip time was 10.9459 milliseconds in repetition 451
tcp_ping received 524288 bytes back
Round trip time was 12.6554 milliseconds in repetition 452
tcp_ping received 524288 bytes back
Round trip time was 10.3988 milliseconds in repetition 453
tcp_ping received 524288 bytes back
Round trip time was 10.2514 milliseconds in repetition 454
tcp_ping received 524288 bytes back
Round trip time was 10.1349 milliseconds in repetition 455
tcp_ping received 524288 bytes back
Round trip time was 10.4293 milliseconds in repetition 456
tcp_ping received 524288 bytes back
Round trip time was 10.3901 milliseconds in repetition 457
tcp_ping received 524288 bytes back
Round trip time was 10.2245 milliseconds in repetition 458
tcp_ping received 524288 bytes back
Round trip time was 11.3455 milliseconds in repetition 459
tcp_ping received 524288 bytes back
Round trip time was 9.98093 milliseconds in repetition 460
tcp_ping received 524288 bytes back
Round trip time was 12.0343 milliseconds in repetition 461
tcp_ping received 524288 bytes back
Round trip time was 10.0892 milliseconds in repetition 462
tcp_ping received 524288 bytes back
Round trip time was 9.96168 milliseconds in repetition 463
tcp_ping received 524288 bytes back
Round trip time was 10.2611 milliseconds in repetition 464
tcp_ping received 524288 bytes back
Round trip time was 9.94356 milliseconds in repetition 465
tcp_ping received 524288 bytes back
Round trip time was 9.82715 milliseconds in repetition 466
tcp_ping received 524288 bytes back
Round trip time was 9.89563 milliseconds in repetition 467
tcp_ping received 524288 bytes back
Round trip time was 9.80407 milliseconds in repetition 468
tcp_ping received 524288 bytes back
Round trip time was 11.489 milliseconds in repetition 469
tcp_ping received 524288 bytes back
Round trip time was 10.0058 milliseconds in repetition 470
tcp_ping received 524288 bytes back
Round trip time was 10.2861 milliseconds in repetition 471
tcp_ping received 524288 bytes back
Round trip time was 9.95676 milliseconds in repetition 472
tcp_ping received 524288 bytes back
Round trip time was 9.93595 milliseconds in repetition 473
tcp_ping received 524288 bytes back
Round trip time was 9.8339 milliseconds in repetition 474
tcp_ping received 524288 bytes back
Round trip time was 9.99726 milliseconds in repetition 475
tcp_ping received 524288 bytes back
Round trip time was 10.1883 milliseconds in repetition 476
tcp_ping received 524288 bytes back
Round trip time was 12.3162 milliseconds in repetition 477
tcp_ping received 524288 bytes back
Round trip time was 10.0427 milliseconds in repetition 478
tcp_ping received 524288 bytes back
Round trip time was 10.0087 milliseconds in repetition 479
tcp_ping received 524288 bytes back
Round trip time was 9.86014 milliseconds in repetition 480
tcp_ping received 524288 bytes back
Round trip time was 10.2667 milliseconds in repetition 481
tcp_ping received 524288 bytes back
Round trip time was 10.2763 milliseconds in repetition 482
tcp_ping received 524288 bytes back
Round trip time was 10.161 milliseconds in repetition 483
tcp_ping received 524288 bytes back
Round trip time was 10.1783 milliseconds in repetition 484
tcp_ping received 524288 bytes back
Round trip time was 10.2997 milliseconds in repetition 485
tcp_ping received 524288 bytes back
Round trip time was 10.3221 milliseconds in repetition 486
tcp_ping received 524288 bytes back
Round trip time was 10.6934 milliseconds in repetition 487
tcp_ping received 524288 bytes back
Round trip time was 10.2006 milliseconds in repetition 488
tcp_ping received 524288 bytes back
Round trip time was 10.076 milliseconds in repetition 489
tcp_ping received 524288 bytes back
Round trip time was 10.5804 milliseconds in repetition 490
tcp_ping received 524288 bytes back
Round trip time was 10.6398 milliseconds in repetition 491
tcp_ping received 524288 bytes back
Round trip time was 10.0643 milliseconds in repetition 492
tcp_ping received 524288 bytes back
Round trip time was 10.5514 milliseconds in repetition 493
tcp_ping received 524288 bytes back
Round trip time was 10.3072 milliseconds in repetition 494
tcp_ping received 524288 bytes back
Round trip time was 10.422 milliseconds in repetition 495
tcp_ping received 524288 bytes back
Round trip time was 10.0231 milliseconds in repetition 496
tcp_ping received 524288 bytes back
Round trip time was 9.79992 milliseconds in repetition 497
tcp_ping received 524288 bytes back
Round trip time was 10.391 milliseconds in repetition 498
tcp_ping received 524288 bytes back
Round trip time was 10.2071 milliseconds in repetition 499
tcp_ping received 524288 bytes back
Round trip time was 11.5134 milliseconds in repetition 500
tcp_ping received 524288 bytes back
Round trip time was 12.8664 milliseconds in repetition 501

 ... clock resolution was 1e-06
TCP Ping:  Statistics over 501 repetitions of 524288 byte messages

RTT : percentile 10: 9.87304, median: 10.2339, percentile 90: 11.7127, average: 0.677996, variance: 9907.45

RTT histogram:
0 0
2.26611 0
4.53222 0
6.79833 0
9.06444 228
11.3306 246
13.5967 15
15.8628 2
18.1289 1
20.395 1
22.6611 2
24.9272 0
27.1933 0
29.4594 0
31.7255 0
33.9917 0
36.2578 0
38.5239 0
40.79 0
43.0561 0
45.3222 1

   median Throughput : 102461 KB/s   overall Throughput : 1.54658e+06 KB/s

