TCP Ping trying to connect to server seti.dibris.unige.it (130.251.61.30) on port 1491
 ... connected to Pong server: asking for 501 repetitions of 1536 bytes TCP messages
 ... Pong server agreed :-)
tcp_ping received 1536 bytes back
Round trip time was 13.5876 milliseconds in repetition 1
tcp_ping received 1536 bytes back
Round trip time was 1.98328 milliseconds in repetition 2
tcp_ping received 1536 bytes back
Round trip time was 1.54581 milliseconds in repetition 3
tcp_ping received 1536 bytes back
Round trip time was 1.51549 milliseconds in repetition 4
tcp_ping received 1536 bytes back
Round trip time was 1.29255 milliseconds in repetition 5
tcp_ping received 1536 bytes back
Round trip time was 1.48101 milliseconds in repetition 6
tcp_ping received 1536 bytes back
Round trip time was 1.30631 milliseconds in repetition 7
tcp_ping received 1536 bytes back
Round trip time was 1.38825 milliseconds in repetition 8
tcp_ping received 1536 bytes back
Round trip time was 1.28697 milliseconds in repetition 9
tcp_ping received 1536 bytes back
Round trip time was 1.41494 milliseconds in repetition 10
tcp_ping received 1536 bytes back
Round trip time was 1.2623 milliseconds in repetition 11
tcp_ping received 1536 bytes back
Round trip time was 1.24252 milliseconds in repetition 12
tcp_ping received 1536 bytes back
Round trip time was 1.90039 milliseconds in repetition 13
tcp_ping received 1536 bytes back
Round trip time was 1.40954 milliseconds in repetition 14
tcp_ping received 1536 bytes back
Round trip time was 1.32082 milliseconds in repetition 15
tcp_ping received 1536 bytes back
Round trip time was 1.33848 milliseconds in repetition 16
tcp_ping received 1536 bytes back
Round trip time was 1.09956 milliseconds in repetition 17
tcp_ping received 1536 bytes back
Round trip time was 0.590595 milliseconds in repetition 18
tcp_ping received 1536 bytes back
Round trip time was 0.580466 milliseconds in repetition 19
tcp_ping received 1536 bytes back
Round trip time was 0.553982 milliseconds in repetition 20
tcp_ping received 1536 bytes back
Round trip time was 0.572127 milliseconds in repetition 21
tcp_ping received 1536 bytes back
Round trip time was 0.597251 milliseconds in repetition 22
tcp_ping received 1536 bytes back
Round trip time was 0.507134 milliseconds in repetition 23
tcp_ping received 1536 bytes back
Round trip time was 0.577188 milliseconds in repetition 24
tcp_ping received 1536 bytes back
Round trip time was 0.61518 milliseconds in repetition 25
tcp_ping received 1536 bytes back
Round trip time was 0.688397 milliseconds in repetition 26
tcp_ping received 1536 bytes back
Round trip time was 0.592745 milliseconds in repetition 27
tcp_ping received 1536 bytes back
Round trip time was 0.569479 milliseconds in repetition 28
tcp_ping received 1536 bytes back
Round trip time was 0.541759 milliseconds in repetition 29
tcp_ping received 1536 bytes back
Round trip time was 0.582656 milliseconds in repetition 30
tcp_ping received 1536 bytes back
Round trip time was 0.574139 milliseconds in repetition 31
tcp_ping received 1536 bytes back
Round trip time was 0.471958 milliseconds in repetition 32
tcp_ping received 1536 bytes back
Round trip time was 0.636246 milliseconds in repetition 33
tcp_ping received 1536 bytes back
Round trip time was 0.571458 milliseconds in repetition 34
tcp_ping received 1536 bytes back
Round trip time was 0.466942 milliseconds in repetition 35
tcp_ping received 1536 bytes back
Round trip time was 0.469224 milliseconds in repetition 36
tcp_ping received 1536 bytes back
Round trip time was 0.603484 milliseconds in repetition 37
tcp_ping received 1536 bytes back
Round trip time was 0.577781 milliseconds in repetition 38
tcp_ping received 1536 bytes back
Round trip time was 0.52747 milliseconds in repetition 39
tcp_ping received 1536 bytes back
Round trip time was 0.45826 milliseconds in repetition 40
tcp_ping received 1536 bytes back
Round trip time was 0.450365 milliseconds in repetition 41
tcp_ping received 1536 bytes back
Round trip time was 0.496212 milliseconds in repetition 42
tcp_ping received 1536 bytes back
Round trip time was 2.52136 milliseconds in repetition 43
tcp_ping received 1536 bytes back
Round trip time was 0.533903 milliseconds in repetition 44
tcp_ping received 1536 bytes back
Round trip time was 0.550336 milliseconds in repetition 45
tcp_ping received 1536 bytes back
Round trip time was 0.47721 milliseconds in repetition 46
tcp_ping received 1536 bytes back
Round trip time was 0.472367 milliseconds in repetition 47
tcp_ping received 1536 bytes back
Round trip time was 0.54886 milliseconds in repetition 48
tcp_ping received 1536 bytes back
Round trip time was 0.487227 milliseconds in repetition 49
tcp_ping received 1536 bytes back
Round trip time was 0.464725 milliseconds in repetition 50
tcp_ping received 1536 bytes back
Round trip time was 0.472639 milliseconds in repetition 51
tcp_ping received 1536 bytes back
Round trip time was 0.452932 milliseconds in repetition 52
tcp_ping received 1536 bytes back
Round trip time was 0.419064 milliseconds in repetition 53
tcp_ping received 1536 bytes back
Round trip time was 0.414571 milliseconds in repetition 54
tcp_ping received 1536 bytes back
Round trip time was 0.48136 milliseconds in repetition 55
tcp_ping received 1536 bytes back
Round trip time was 0.512732 milliseconds in repetition 56
tcp_ping received 1536 bytes back
Round trip time was 0.481428 milliseconds in repetition 57
tcp_ping received 1536 bytes back
Round trip time was 0.459728 milliseconds in repetition 58
tcp_ping received 1536 bytes back
Round trip time was 0.475871 milliseconds in repetition 59
tcp_ping received 1536 bytes back
Round trip time was 0.465608 milliseconds in repetition 60
tcp_ping received 1536 bytes back
Round trip time was 0.399541 milliseconds in repetition 61
tcp_ping received 1536 bytes back
Round trip time was 0.458664 milliseconds in repetition 62
tcp_ping received 1536 bytes back
Round trip time was 0.476681 milliseconds in repetition 63
tcp_ping received 1536 bytes back
Round trip time was 0.46186 milliseconds in repetition 64
tcp_ping received 1536 bytes back
Round trip time was 0.487992 milliseconds in repetition 65
tcp_ping received 1536 bytes back
Round trip time was 0.479362 milliseconds in repetition 66
tcp_ping received 1536 bytes back
Round trip time was 0.478568 milliseconds in repetition 67
tcp_ping received 1536 bytes back
Round trip time was 0.460038 milliseconds in repetition 68
tcp_ping received 1536 bytes back
Round trip time was 0.458626 milliseconds in repetition 69
tcp_ping received 1536 bytes back
Round trip time was 0.486215 milliseconds in repetition 70
tcp_ping received 1536 bytes back
Round trip time was 0.420311 milliseconds in repetition 71
tcp_ping received 1536 bytes back
Round trip time was 0.450425 milliseconds in repetition 72
tcp_ping received 1536 bytes back
Round trip time was 0.462197 milliseconds in repetition 73
tcp_ping received 1536 bytes back
Round trip time was 0.466897 milliseconds in repetition 74
tcp_ping received 1536 bytes back
Round trip time was 0.458434 milliseconds in repetition 75
tcp_ping received 1536 bytes back
Round trip time was 0.469063 milliseconds in repetition 76
tcp_ping received 1536 bytes back
Round trip time was 0.423409 milliseconds in repetition 77
tcp_ping received 1536 bytes back
Round trip time was 0.483707 milliseconds in repetition 78
tcp_ping received 1536 bytes back
Round trip time was 0.466956 milliseconds in repetition 79
tcp_ping received 1536 bytes back
Round trip time was 0.462617 milliseconds in repetition 80
tcp_ping received 1536 bytes back
Round trip time was 0.487568 milliseconds in repetition 81
tcp_ping received 1536 bytes back
Round trip time was 0.459175 milliseconds in repetition 82
tcp_ping received 1536 bytes back
Round trip time was 0.445663 milliseconds in repetition 83
tcp_ping received 1536 bytes back
Round trip time was 0.412786 milliseconds in repetition 84
tcp_ping received 1536 bytes back
Round trip time was 0.476171 milliseconds in repetition 85
tcp_ping received 1536 bytes back
Round trip time was 0.480001 milliseconds in repetition 86
tcp_ping received 1536 bytes back
Round trip time was 0.456203 milliseconds in repetition 87
tcp_ping received 1536 bytes back
Round trip time was 0.442721 milliseconds in repetition 88
tcp_ping received 1536 bytes back
Round trip time was 0.488195 milliseconds in repetition 89
tcp_ping received 1536 bytes back
Round trip time was 0.499115 milliseconds in repetition 90
tcp_ping received 1536 bytes back
Round trip time was 0.528641 milliseconds in repetition 91
tcp_ping received 1536 bytes back
Round trip time was 0.472236 milliseconds in repetition 92
tcp_ping received 1536 bytes back
Round trip time was 0.403881 milliseconds in repetition 93
tcp_ping received 1536 bytes back
Round trip time was 0.673028 milliseconds in repetition 94
tcp_ping received 1536 bytes back
Round trip time was 0.481733 milliseconds in repetition 95
tcp_ping received 1536 bytes back
Round trip time was 0.469216 milliseconds in repetition 96
tcp_ping received 1536 bytes back
Round trip time was 0.495963 milliseconds in repetition 97
tcp_ping received 1536 bytes back
Round trip time was 0.472142 milliseconds in repetition 98
tcp_ping received 1536 bytes back
Round trip time was 0.459036 milliseconds in repetition 99
tcp_ping received 1536 bytes back
Round trip time was 0.46425 milliseconds in repetition 100
tcp_ping received 1536 bytes back
Round trip time was 0.462265 milliseconds in repetition 101
tcp_ping received 1536 bytes back
Round trip time was 0.467739 milliseconds in repetition 102
tcp_ping received 1536 bytes back
Round trip time was 0.797382 milliseconds in repetition 103
tcp_ping received 1536 bytes back
Round trip time was 0.4634 milliseconds in repetition 104
tcp_ping received 1536 bytes back
Round trip time was 0.477464 milliseconds in repetition 105
tcp_ping received 1536 bytes back
Round trip time was 0.458075 milliseconds in repetition 106
tcp_ping received 1536 bytes back
Round trip time was 0.461011 milliseconds in repetition 107
tcp_ping received 1536 bytes back
Round trip time was 0.463956 milliseconds in repetition 108
tcp_ping received 1536 bytes back
Round trip time was 0.505091 milliseconds in repetition 109
tcp_ping received 1536 bytes back
Round trip time was 0.461796 milliseconds in repetition 110
tcp_ping received 1536 bytes back
Round trip time was 0.645282 milliseconds in repetition 111
tcp_ping received 1536 bytes back
Round trip time was 0.471911 milliseconds in repetition 112
tcp_ping received 1536 bytes back
Round trip time was 0.482758 milliseconds in repetition 113
tcp_ping received 1536 bytes back
Round trip time was 0.50224 milliseconds in repetition 114
tcp_ping received 1536 bytes back
Round trip time was 0.474617 milliseconds in repetition 115
tcp_ping received 1536 bytes back
Round trip time was 0.449547 milliseconds in repetition 116
tcp_ping received 1536 bytes back
Round trip time was 0.46056 milliseconds in repetition 117
tcp_ping received 1536 bytes back
Round trip time was 0.471489 milliseconds in repetition 118
tcp_ping received 1536 bytes back
Round trip time was 0.46903 milliseconds in repetition 119
tcp_ping received 1536 bytes back
Round trip time was 0.428785 milliseconds in repetition 120
tcp_ping received 1536 bytes back
Round trip time was 0.409485 milliseconds in repetition 121
tcp_ping received 1536 bytes back
Round trip time was 0.488275 milliseconds in repetition 122
tcp_ping received 1536 bytes back
Round trip time was 0.465578 milliseconds in repetition 123
tcp_ping received 1536 bytes back
Round trip time was 0.396613 milliseconds in repetition 124
tcp_ping received 1536 bytes back
Round trip time was 0.459684 milliseconds in repetition 125
tcp_ping received 1536 bytes back
Round trip time was 0.457874 milliseconds in repetition 126
tcp_ping received 1536 bytes back
Round trip time was 0.460525 milliseconds in repetition 127
tcp_ping received 1536 bytes back
Round trip time was 0.473428 milliseconds in repetition 128
tcp_ping received 1536 bytes back
Round trip time was 0.460932 milliseconds in repetition 129
tcp_ping received 1536 bytes back
Round trip time was 0.464282 milliseconds in repetition 130
tcp_ping received 1536 bytes back
Round trip time was 0.46256 milliseconds in repetition 131
tcp_ping received 1536 bytes back
Round trip time was 0.436334 milliseconds in repetition 132
tcp_ping received 1536 bytes back
Round trip time was 0.548643 milliseconds in repetition 133
tcp_ping received 1536 bytes back
Round trip time was 0.500946 milliseconds in repetition 134
tcp_ping received 1536 bytes back
Round trip time was 0.457158 milliseconds in repetition 135
tcp_ping received 1536 bytes back
Round trip time was 0.474248 milliseconds in repetition 136
tcp_ping received 1536 bytes back
Round trip time was 0.431107 milliseconds in repetition 137
tcp_ping received 1536 bytes back
Round trip time was 0.435533 milliseconds in repetition 138
tcp_ping received 1536 bytes back
Round trip time was 0.464359 milliseconds in repetition 139
tcp_ping received 1536 bytes back
Round trip time was 0.47557 milliseconds in repetition 140
tcp_ping received 1536 bytes back
Round trip time was 0.462679 milliseconds in repetition 141
tcp_ping received 1536 bytes back
Round trip time was 0.464514 milliseconds in repetition 142
tcp_ping received 1536 bytes back
Round trip time was 0.470329 milliseconds in repetition 143
tcp_ping received 1536 bytes back
Round trip time was 0.458993 milliseconds in repetition 144
tcp_ping received 1536 bytes back
Round trip time was 0.550699 milliseconds in repetition 145
tcp_ping received 1536 bytes back
Round trip time was 0.579471 milliseconds in repetition 146
tcp_ping received 1536 bytes back
Round trip time was 0.610143 milliseconds in repetition 147
tcp_ping received 1536 bytes back
Round trip time was 0.578921 milliseconds in repetition 148
tcp_ping received 1536 bytes back
Round trip time was 0.863536 milliseconds in repetition 149
tcp_ping received 1536 bytes back
Round trip time was 0.464857 milliseconds in repetition 150
tcp_ping received 1536 bytes back
Round trip time was 0.481283 milliseconds in repetition 151
tcp_ping received 1536 bytes back
Round trip time was 0.464437 milliseconds in repetition 152
tcp_ping received 1536 bytes back
Round trip time was 0.416972 milliseconds in repetition 153
tcp_ping received 1536 bytes back
Round trip time was 0.502459 milliseconds in repetition 154
tcp_ping received 1536 bytes back
Round trip time was 0.500141 milliseconds in repetition 155
tcp_ping received 1536 bytes back
Round trip time was 0.443255 milliseconds in repetition 156
tcp_ping received 1536 bytes back
Round trip time was 0.427044 milliseconds in repetition 157
tcp_ping received 1536 bytes back
Round trip time was 0.448738 milliseconds in repetition 158
tcp_ping received 1536 bytes back
Round trip time was 0.503344 milliseconds in repetition 159
tcp_ping received 1536 bytes back
Round trip time was 0.47115 milliseconds in repetition 160
tcp_ping received 1536 bytes back
Round trip time was 0.491464 milliseconds in repetition 161
tcp_ping received 1536 bytes back
Round trip time was 0.472796 milliseconds in repetition 162
tcp_ping received 1536 bytes back
Round trip time was 0.478391 milliseconds in repetition 163
tcp_ping received 1536 bytes back
Round trip time was 0.471048 milliseconds in repetition 164
tcp_ping received 1536 bytes back
Round trip time was 0.509267 milliseconds in repetition 165
tcp_ping received 1536 bytes back
Round trip time was 0.475617 milliseconds in repetition 166
tcp_ping received 1536 bytes back
Round trip time was 0.503739 milliseconds in repetition 167
tcp_ping received 1536 bytes back
Round trip time was 0.501043 milliseconds in repetition 168
tcp_ping received 1536 bytes back
Round trip time was 0.426801 milliseconds in repetition 169
tcp_ping received 1536 bytes back
Round trip time was 0.45136 milliseconds in repetition 170
tcp_ping received 1536 bytes back
Round trip time was 0.469586 milliseconds in repetition 171
tcp_ping received 1536 bytes back
Round trip time was 0.472653 milliseconds in repetition 172
tcp_ping received 1536 bytes back
Round trip time was 0.473116 milliseconds in repetition 173
tcp_ping received 1536 bytes back
Round trip time was 0.47568 milliseconds in repetition 174
tcp_ping received 1536 bytes back
Round trip time was 0.422873 milliseconds in repetition 175
tcp_ping received 1536 bytes back
Round trip time was 0.462455 milliseconds in repetition 176
tcp_ping received 1536 bytes back
Round trip time was 0.493232 milliseconds in repetition 177
tcp_ping received 1536 bytes back
Round trip time was 0.457605 milliseconds in repetition 178
tcp_ping received 1536 bytes back
Round trip time was 0.464524 milliseconds in repetition 179
tcp_ping received 1536 bytes back
Round trip time was 0.663723 milliseconds in repetition 180
tcp_ping received 1536 bytes back
Round trip time was 0.481092 milliseconds in repetition 181
tcp_ping received 1536 bytes back
Round trip time was 0.465645 milliseconds in repetition 182
tcp_ping received 1536 bytes back
Round trip time was 0.46328 milliseconds in repetition 183
tcp_ping received 1536 bytes back
Round trip time was 0.493006 milliseconds in repetition 184
tcp_ping received 1536 bytes back
Round trip time was 0.38443 milliseconds in repetition 185
tcp_ping received 1536 bytes back
Round trip time was 0.437282 milliseconds in repetition 186
tcp_ping received 1536 bytes back
Round trip time was 0.400733 milliseconds in repetition 187
tcp_ping received 1536 bytes back
Round trip time was 0.548989 milliseconds in repetition 188
tcp_ping received 1536 bytes back
Round trip time was 0.507762 milliseconds in repetition 189
tcp_ping received 1536 bytes back
Round trip time was 0.47412 milliseconds in repetition 190
tcp_ping received 1536 bytes back
Round trip time was 0.490496 milliseconds in repetition 191
tcp_ping received 1536 bytes back
Round trip time was 0.453325 milliseconds in repetition 192
tcp_ping received 1536 bytes back
Round trip time was 0.482611 milliseconds in repetition 193
tcp_ping received 1536 bytes back
Round trip time was 0.465951 milliseconds in repetition 194
tcp_ping received 1536 bytes back
Round trip time was 0.467058 milliseconds in repetition 195
tcp_ping received 1536 bytes back
Round trip time was 0.439491 milliseconds in repetition 196
tcp_ping received 1536 bytes back
Round trip time was 0.476171 milliseconds in repetition 197
tcp_ping received 1536 bytes back
Round trip time was 0.491793 milliseconds in repetition 198
tcp_ping received 1536 bytes back
Round trip time was 0.413485 milliseconds in repetition 199
tcp_ping received 1536 bytes back
Round trip time was 0.461265 milliseconds in repetition 200
tcp_ping received 1536 bytes back
Round trip time was 0.581764 milliseconds in repetition 201
tcp_ping received 1536 bytes back
Round trip time was 0.454352 milliseconds in repetition 202
tcp_ping received 1536 bytes back
Round trip time was 0.34709 milliseconds in repetition 203
tcp_ping received 1536 bytes back
Round trip time was 0.427419 milliseconds in repetition 204
tcp_ping received 1536 bytes back
Round trip time was 0.510661 milliseconds in repetition 205
tcp_ping received 1536 bytes back
Round trip time was 0.46269 milliseconds in repetition 206
tcp_ping received 1536 bytes back
Round trip time was 0.472018 milliseconds in repetition 207
tcp_ping received 1536 bytes back
Round trip time was 0.4782 milliseconds in repetition 208
tcp_ping received 1536 bytes back
Round trip time was 0.497261 milliseconds in repetition 209
tcp_ping received 1536 bytes back
Round trip time was 0.470564 milliseconds in repetition 210
tcp_ping received 1536 bytes back
Round trip time was 0.466678 milliseconds in repetition 211
tcp_ping received 1536 bytes back
Round trip time was 0.391949 milliseconds in repetition 212
tcp_ping received 1536 bytes back
Round trip time was 0.482493 milliseconds in repetition 213
tcp_ping received 1536 bytes back
Round trip time was 0.480817 milliseconds in repetition 214
tcp_ping received 1536 bytes back
Round trip time was 0.513021 milliseconds in repetition 215
tcp_ping received 1536 bytes back
Round trip time was 0.475031 milliseconds in repetition 216
tcp_ping received 1536 bytes back
Round trip time was 0.577959 milliseconds in repetition 217
tcp_ping received 1536 bytes back
Round trip time was 0.75017 milliseconds in repetition 218
tcp_ping received 1536 bytes back
Round trip time was 0.394319 milliseconds in repetition 219
tcp_ping received 1536 bytes back
Round trip time was 0.415657 milliseconds in repetition 220
tcp_ping received 1536 bytes back
Round trip time was 0.501119 milliseconds in repetition 221
tcp_ping received 1536 bytes back
Round trip time was 0.475408 milliseconds in repetition 222
tcp_ping received 1536 bytes back
Round trip time was 0.451004 milliseconds in repetition 223
tcp_ping received 1536 bytes back
Round trip time was 0.455213 milliseconds in repetition 224
tcp_ping received 1536 bytes back
Round trip time was 0.480685 milliseconds in repetition 225
tcp_ping received 1536 bytes back
Round trip time was 0.452649 milliseconds in repetition 226
tcp_ping received 1536 bytes back
Round trip time was 0.499024 milliseconds in repetition 227
tcp_ping received 1536 bytes back
Round trip time was 0.397485 milliseconds in repetition 228
tcp_ping received 1536 bytes back
Round trip time was 0.577202 milliseconds in repetition 229
tcp_ping received 1536 bytes back
Round trip time was 0.718607 milliseconds in repetition 230
tcp_ping received 1536 bytes back
Round trip time was 0.464119 milliseconds in repetition 231
tcp_ping received 1536 bytes back
Round trip time was 0.47924 milliseconds in repetition 232
tcp_ping received 1536 bytes back
Round trip time was 0.464164 milliseconds in repetition 233
tcp_ping received 1536 bytes back
Round trip time was 0.562802 milliseconds in repetition 234
tcp_ping received 1536 bytes back
Round trip time was 0.518139 milliseconds in repetition 235
tcp_ping received 1536 bytes back
Round trip time was 0.495326 milliseconds in repetition 236
tcp_ping received 1536 bytes back
Round trip time was 0.492996 milliseconds in repetition 237
tcp_ping received 1536 bytes back
Round trip time was 0.562432 milliseconds in repetition 238
tcp_ping received 1536 bytes back
Round trip time was 0.479549 milliseconds in repetition 239
tcp_ping received 1536 bytes back
Round trip time was 0.465731 milliseconds in repetition 240
tcp_ping received 1536 bytes back
Round trip time was 0.458073 milliseconds in repetition 241
tcp_ping received 1536 bytes back
Round trip time was 0.466938 milliseconds in repetition 242
tcp_ping received 1536 bytes back
Round trip time was 0.46669 milliseconds in repetition 243
tcp_ping received 1536 bytes back
Round trip time was 0.584579 milliseconds in repetition 244
tcp_ping received 1536 bytes back
Round trip time was 0.477629 milliseconds in repetition 245
tcp_ping received 1536 bytes back
Round trip time was 0.461994 milliseconds in repetition 246
tcp_ping received 1536 bytes back
Round trip time was 0.465756 milliseconds in repetition 247
tcp_ping received 1536 bytes back
Round trip time was 0.460396 milliseconds in repetition 248
tcp_ping received 1536 bytes back
Round trip time was 0.624924 milliseconds in repetition 249
tcp_ping received 1536 bytes back
Round trip time was 0.614485 milliseconds in repetition 250
tcp_ping received 1536 bytes back
Round trip time was 0.50313 milliseconds in repetition 251
tcp_ping received 1536 bytes back
Round trip time was 0.40503 milliseconds in repetition 252
tcp_ping received 1536 bytes back
Round trip time was 0.433789 milliseconds in repetition 253
tcp_ping received 1536 bytes back
Round trip time was 0.461688 milliseconds in repetition 254
tcp_ping received 1536 bytes back
Round trip time was 0.470237 milliseconds in repetition 255
tcp_ping received 1536 bytes back
Round trip time was 0.497014 milliseconds in repetition 256
tcp_ping received 1536 bytes back
Round trip time was 0.536225 milliseconds in repetition 257
tcp_ping received 1536 bytes back
Round trip time was 0.467363 milliseconds in repetition 258
tcp_ping received 1536 bytes back
Round trip time was 0.465993 milliseconds in repetition 259
tcp_ping received 1536 bytes back
Round trip time was 0.512607 milliseconds in repetition 260
tcp_ping received 1536 bytes back
Round trip time was 0.458511 milliseconds in repetition 261
tcp_ping received 1536 bytes back
Round trip time was 0.428924 milliseconds in repetition 262
tcp_ping received 1536 bytes back
Round trip time was 0.47888 milliseconds in repetition 263
tcp_ping received 1536 bytes back
Round trip time was 0.466112 milliseconds in repetition 264
tcp_ping received 1536 bytes back
Round trip time was 0.457479 milliseconds in repetition 265
tcp_ping received 1536 bytes back
Round trip time was 0.445608 milliseconds in repetition 266
tcp_ping received 1536 bytes back
Round trip time was 0.476168 milliseconds in repetition 267
tcp_ping received 1536 bytes back
Round trip time was 0.463106 milliseconds in repetition 268
tcp_ping received 1536 bytes back
Round trip time was 0.430523 milliseconds in repetition 269
tcp_ping received 1536 bytes back
Round trip time was 0.471548 milliseconds in repetition 270
tcp_ping received 1536 bytes back
Round trip time was 0.459441 milliseconds in repetition 271
tcp_ping received 1536 bytes back
Round trip time was 0.466855 milliseconds in repetition 272
tcp_ping received 1536 bytes back
Round trip time was 0.482787 milliseconds in repetition 273
tcp_ping received 1536 bytes back
Round trip time was 0.456932 milliseconds in repetition 274
tcp_ping received 1536 bytes back
Round trip time was 0.466431 milliseconds in repetition 275
tcp_ping received 1536 bytes back
Round trip time was 0.474584 milliseconds in repetition 276
tcp_ping received 1536 bytes back
Round trip time was 0.466896 milliseconds in repetition 277
tcp_ping received 1536 bytes back
Round trip time was 0.463304 milliseconds in repetition 278
tcp_ping received 1536 bytes back
Round trip time was 0.468917 milliseconds in repetition 279
tcp_ping received 1536 bytes back
Round trip time was 0.46033 milliseconds in repetition 280
tcp_ping received 1536 bytes back
Round trip time was 0.519202 milliseconds in repetition 281
tcp_ping received 1536 bytes back
Round trip time was 0.437617 milliseconds in repetition 282
tcp_ping received 1536 bytes back
Round trip time was 0.471958 milliseconds in repetition 283
tcp_ping received 1536 bytes back
Round trip time was 0.454797 milliseconds in repetition 284
tcp_ping received 1536 bytes back
Round trip time was 0.456229 milliseconds in repetition 285
tcp_ping received 1536 bytes back
Round trip time was 0.433023 milliseconds in repetition 286
tcp_ping received 1536 bytes back
Round trip time was 0.532996 milliseconds in repetition 287
tcp_ping received 1536 bytes back
Round trip time was 0.468543 milliseconds in repetition 288
tcp_ping received 1536 bytes back
Round trip time was 0.494359 milliseconds in repetition 289
tcp_ping received 1536 bytes back
Round trip time was 0.480952 milliseconds in repetition 290
tcp_ping received 1536 bytes back
Round trip time was 0.473014 milliseconds in repetition 291
tcp_ping received 1536 bytes back
Round trip time was 0.444111 milliseconds in repetition 292
tcp_ping received 1536 bytes back
Round trip time was 0.452653 milliseconds in repetition 293
tcp_ping received 1536 bytes back
Round trip time was 0.456328 milliseconds in repetition 294
tcp_ping received 1536 bytes back
Round trip time was 0.459432 milliseconds in repetition 295
tcp_ping received 1536 bytes back
Round trip time was 0.442197 milliseconds in repetition 296
tcp_ping received 1536 bytes back
Round trip time was 0.496462 milliseconds in repetition 297
tcp_ping received 1536 bytes back
Round trip time was 0.472429 milliseconds in repetition 298
tcp_ping received 1536 bytes back
Round trip time was 0.46187 milliseconds in repetition 299
tcp_ping received 1536 bytes back
Round trip time was 0.475205 milliseconds in repetition 300
tcp_ping received 1536 bytes back
Round trip time was 0.454393 milliseconds in repetition 301
tcp_ping received 1536 bytes back
Round trip time was 0.454514 milliseconds in repetition 302
tcp_ping received 1536 bytes back
Round trip time was 0.418563 milliseconds in repetition 303
tcp_ping received 1536 bytes back
Round trip time was 0.479226 milliseconds in repetition 304
tcp_ping received 1536 bytes back
Round trip time was 0.439096 milliseconds in repetition 305
tcp_ping received 1536 bytes back
Round trip time was 0.462897 milliseconds in repetition 306
tcp_ping received 1536 bytes back
Round trip time was 0.503107 milliseconds in repetition 307
tcp_ping received 1536 bytes back
Round trip time was 0.453182 milliseconds in repetition 308
tcp_ping received 1536 bytes back
Round trip time was 0.570689 milliseconds in repetition 309
tcp_ping received 1536 bytes back
Round trip time was 0.46997 milliseconds in repetition 310
tcp_ping received 1536 bytes back
Round trip time was 0.464427 milliseconds in repetition 311
tcp_ping received 1536 bytes back
Round trip time was 0.459895 milliseconds in repetition 312
tcp_ping received 1536 bytes back
Round trip time was 0.577166 milliseconds in repetition 313
tcp_ping received 1536 bytes back
Round trip time was 0.58288 milliseconds in repetition 314
tcp_ping received 1536 bytes back
Round trip time was 0.472082 milliseconds in repetition 315
tcp_ping received 1536 bytes back
Round trip time was 0.468314 milliseconds in repetition 316
tcp_ping received 1536 bytes back
Round trip time was 0.415192 milliseconds in repetition 317
tcp_ping received 1536 bytes back
Round trip time was 0.484371 milliseconds in repetition 318
tcp_ping received 1536 bytes back
Round trip time was 0.479285 milliseconds in repetition 319
tcp_ping received 1536 bytes back
Round trip time was 0.46789 milliseconds in repetition 320
tcp_ping received 1536 bytes back
Round trip time was 0.499258 milliseconds in repetition 321
tcp_ping received 1536 bytes back
Round trip time was 0.462916 milliseconds in repetition 322
tcp_ping received 1536 bytes back
Round trip time was 0.550359 milliseconds in repetition 323
tcp_ping received 1536 bytes back
Round trip time was 0.448591 milliseconds in repetition 324
tcp_ping received 1536 bytes back
Round trip time was 0.440782 milliseconds in repetition 325
tcp_ping received 1536 bytes back
Round trip time was 0.395567 milliseconds in repetition 326
tcp_ping received 1536 bytes back
Round trip time was 0.452144 milliseconds in repetition 327
tcp_ping received 1536 bytes back
Round trip time was 0.460119 milliseconds in repetition 328
tcp_ping received 1536 bytes back
Round trip time was 0.457183 milliseconds in repetition 329
tcp_ping received 1536 bytes back
Round trip time was 0.453476 milliseconds in repetition 330
tcp_ping received 1536 bytes back
Round trip time was 0.463989 milliseconds in repetition 331
tcp_ping received 1536 bytes back
Round trip time was 0.52162 milliseconds in repetition 332
tcp_ping received 1536 bytes back
Round trip time was 0.465684 milliseconds in repetition 333
tcp_ping received 1536 bytes back
Round trip time was 0.681694 milliseconds in repetition 334
tcp_ping received 1536 bytes back
Round trip time was 0.487374 milliseconds in repetition 335
tcp_ping received 1536 bytes back
Round trip time was 0.423256 milliseconds in repetition 336
tcp_ping received 1536 bytes back
Round trip time was 0.488793 milliseconds in repetition 337
tcp_ping received 1536 bytes back
Round trip time was 0.594485 milliseconds in repetition 338
tcp_ping received 1536 bytes back
Round trip time was 0.573002 milliseconds in repetition 339
tcp_ping received 1536 bytes back
Round trip time was 0.440898 milliseconds in repetition 340
tcp_ping received 1536 bytes back
Round trip time was 0.401384 milliseconds in repetition 341
tcp_ping received 1536 bytes back
Round trip time was 0.585682 milliseconds in repetition 342
tcp_ping received 1536 bytes back
Round trip time was 0.50813 milliseconds in repetition 343
tcp_ping received 1536 bytes back
Round trip time was 0.473435 milliseconds in repetition 344
tcp_ping received 1536 bytes back
Round trip time was 0.479583 milliseconds in repetition 345
tcp_ping received 1536 bytes back
Round trip time was 0.483102 milliseconds in repetition 346
tcp_ping received 1536 bytes back
Round trip time was 0.453043 milliseconds in repetition 347
tcp_ping received 1536 bytes back
Round trip time was 0.481233 milliseconds in repetition 348
tcp_ping received 1536 bytes back
Round trip time was 0.454326 milliseconds in repetition 349
tcp_ping received 1536 bytes back
Round trip time was 0.502409 milliseconds in repetition 350
tcp_ping received 1536 bytes back
Round trip time was 0.462292 milliseconds in repetition 351
tcp_ping received 1536 bytes back
Round trip time was 0.455899 milliseconds in repetition 352
tcp_ping received 1536 bytes back
Round trip time was 0.48675 milliseconds in repetition 353
tcp_ping received 1536 bytes back
Round trip time was 0.468787 milliseconds in repetition 354
tcp_ping received 1536 bytes back
Round trip time was 0.457515 milliseconds in repetition 355
tcp_ping received 1536 bytes back
Round trip time was 0.436646 milliseconds in repetition 356
tcp_ping received 1536 bytes back
Round trip time was 0.45807 milliseconds in repetition 357
tcp_ping received 1536 bytes back
Round trip time was 0.537438 milliseconds in repetition 358
tcp_ping received 1536 bytes back
Round trip time was 0.484417 milliseconds in repetition 359
tcp_ping received 1536 bytes back
Round trip time was 0.484285 milliseconds in repetition 360
tcp_ping received 1536 bytes back
Round trip time was 0.448788 milliseconds in repetition 361
tcp_ping received 1536 bytes back
Round trip time was 0.473212 milliseconds in repetition 362
tcp_ping received 1536 bytes back
Round trip time was 0.450313 milliseconds in repetition 363
tcp_ping received 1536 bytes back
Round trip time was 0.46182 milliseconds in repetition 364
tcp_ping received 1536 bytes back
Round trip time was 0.439792 milliseconds in repetition 365
tcp_ping received 1536 bytes back
Round trip time was 0.46138 milliseconds in repetition 366
tcp_ping received 1536 bytes back
Round trip time was 0.468004 milliseconds in repetition 367
tcp_ping received 1536 bytes back
Round trip time was 0.457977 milliseconds in repetition 368
tcp_ping received 1536 bytes back
Round trip time was 0.488502 milliseconds in repetition 369
tcp_ping received 1536 bytes back
Round trip time was 0.439334 milliseconds in repetition 370
tcp_ping received 1536 bytes back
Round trip time was 0.48597 milliseconds in repetition 371
tcp_ping received 1536 bytes back
Round trip time was 0.454972 milliseconds in repetition 372
tcp_ping received 1536 bytes back
Round trip time was 0.531658 milliseconds in repetition 373
tcp_ping received 1536 bytes back
Round trip time was 0.465627 milliseconds in repetition 374
tcp_ping received 1536 bytes back
Round trip time was 0.512337 milliseconds in repetition 375
tcp_ping received 1536 bytes back
Round trip time was 0.446225 milliseconds in repetition 376
tcp_ping received 1536 bytes back
Round trip time was 0.460581 milliseconds in repetition 377
tcp_ping received 1536 bytes back
Round trip time was 0.446186 milliseconds in repetition 378
tcp_ping received 1536 bytes back
Round trip time was 0.449493 milliseconds in repetition 379
tcp_ping received 1536 bytes back
Round trip time was 0.434985 milliseconds in repetition 380
tcp_ping received 1536 bytes back
Round trip time was 0.419745 milliseconds in repetition 381
tcp_ping received 1536 bytes back
Round trip time was 0.461538 milliseconds in repetition 382
tcp_ping received 1536 bytes back
Round trip time was 0.468664 milliseconds in repetition 383
tcp_ping received 1536 bytes back
Round trip time was 0.476169 milliseconds in repetition 384
tcp_ping received 1536 bytes back
Round trip time was 0.486185 milliseconds in repetition 385
tcp_ping received 1536 bytes back
Round trip time was 0.418989 milliseconds in repetition 386
tcp_ping received 1536 bytes back
Round trip time was 0.439446 milliseconds in repetition 387
tcp_ping received 1536 bytes back
Round trip time was 0.436301 milliseconds in repetition 388
tcp_ping received 1536 bytes back
Round trip time was 0.401779 milliseconds in repetition 389
tcp_ping received 1536 bytes back
Round trip time was 0.510197 milliseconds in repetition 390
tcp_ping received 1536 bytes back
Round trip time was 0.470391 milliseconds in repetition 391
tcp_ping received 1536 bytes back
Round trip time was 0.45548 milliseconds in repetition 392
tcp_ping received 1536 bytes back
Round trip time was 0.436058 milliseconds in repetition 393
tcp_ping received 1536 bytes back
Round trip time was 0.44876 milliseconds in repetition 394
tcp_ping received 1536 bytes back
Round trip time was 0.428307 milliseconds in repetition 395
tcp_ping received 1536 bytes back
Round trip time was 0.444528 milliseconds in repetition 396
tcp_ping received 1536 bytes back
Round trip time was 0.453297 milliseconds in repetition 397
tcp_ping received 1536 bytes back
Round trip time was 0.463003 milliseconds in repetition 398
tcp_ping received 1536 bytes back
Round trip time was 0.454758 milliseconds in repetition 399
tcp_ping received 1536 bytes back
Round trip time was 0.454728 milliseconds in repetition 400
tcp_ping received 1536 bytes back
Round trip time was 0.608322 milliseconds in repetition 401
tcp_ping received 1536 bytes back
Round trip time was 0.643645 milliseconds in repetition 402
tcp_ping received 1536 bytes back
Round trip time was 0.587783 milliseconds in repetition 403
tcp_ping received 1536 bytes back
Round trip time was 0.574349 milliseconds in repetition 404
tcp_ping received 1536 bytes back
Round trip time was 0.5254 milliseconds in repetition 405
tcp_ping received 1536 bytes back
Round trip time was 0.593375 milliseconds in repetition 406
tcp_ping received 1536 bytes back
Round trip time was 0.594317 milliseconds in repetition 407
tcp_ping received 1536 bytes back
Round trip time was 0.511405 milliseconds in repetition 408
tcp_ping received 1536 bytes back
Round trip time was 0.540743 milliseconds in repetition 409
tcp_ping received 1536 bytes back
Round trip time was 0.590283 milliseconds in repetition 410
tcp_ping received 1536 bytes back
Round trip time was 0.512896 milliseconds in repetition 411
tcp_ping received 1536 bytes back
Round trip time was 0.73681 milliseconds in repetition 412
tcp_ping received 1536 bytes back
Round trip time was 0.609304 milliseconds in repetition 413
tcp_ping received 1536 bytes back
Round trip time was 0.456233 milliseconds in repetition 414
tcp_ping received 1536 bytes back
Round trip time was 0.458677 milliseconds in repetition 415
tcp_ping received 1536 bytes back
Round trip time was 0.465964 milliseconds in repetition 416
tcp_ping received 1536 bytes back
Round trip time was 0.440467 milliseconds in repetition 417
tcp_ping received 1536 bytes back
Round trip time was 0.396559 milliseconds in repetition 418
tcp_ping received 1536 bytes back
Round trip time was 0.461642 milliseconds in repetition 419
tcp_ping received 1536 bytes back
Round trip time was 0.440456 milliseconds in repetition 420
tcp_ping received 1536 bytes back
Round trip time was 0.454746 milliseconds in repetition 421
tcp_ping received 1536 bytes back
Round trip time was 0.467549 milliseconds in repetition 422
tcp_ping received 1536 bytes back
Round trip time was 0.483484 milliseconds in repetition 423
tcp_ping received 1536 bytes back
Round trip time was 0.462308 milliseconds in repetition 424
tcp_ping received 1536 bytes back
Round trip time was 0.471565 milliseconds in repetition 425
tcp_ping received 1536 bytes back
Round trip time was 0.451601 milliseconds in repetition 426
tcp_ping received 1536 bytes back
Round trip time was 0.456268 milliseconds in repetition 427
tcp_ping received 1536 bytes back
Round trip time was 0.403901 milliseconds in repetition 428
tcp_ping received 1536 bytes back
Round trip time was 0.463716 milliseconds in repetition 429
tcp_ping received 1536 bytes back
Round trip time was 0.452722 milliseconds in repetition 430
tcp_ping received 1536 bytes back
Round trip time was 0.46484 milliseconds in repetition 431
tcp_ping received 1536 bytes back
Round trip time was 0.463645 milliseconds in repetition 432
tcp_ping received 1536 bytes back
Round trip time was 0.482431 milliseconds in repetition 433
tcp_ping received 1536 bytes back
Round trip time was 0.459357 milliseconds in repetition 434
tcp_ping received 1536 bytes back
Round trip time was 0.461389 milliseconds in repetition 435
tcp_ping received 1536 bytes back
Round trip time was 0.440669 milliseconds in repetition 436
tcp_ping received 1536 bytes back
Round trip time was 0.433834 milliseconds in repetition 437
tcp_ping received 1536 bytes back
Round trip time was 0.456606 milliseconds in repetition 438
tcp_ping received 1536 bytes back
Round trip time was 0.471802 milliseconds in repetition 439
tcp_ping received 1536 bytes back
Round trip time was 0.458239 milliseconds in repetition 440
tcp_ping received 1536 bytes back
Round trip time was 0.4627 milliseconds in repetition 441
tcp_ping received 1536 bytes back
Round trip time was 0.451232 milliseconds in repetition 442
tcp_ping received 1536 bytes back
Round trip time was 0.501738 milliseconds in repetition 443
tcp_ping received 1536 bytes back
Round trip time was 0.448141 milliseconds in repetition 444
tcp_ping received 1536 bytes back
Round trip time was 0.465083 milliseconds in repetition 445
tcp_ping received 1536 bytes back
Round trip time was 0.461383 milliseconds in repetition 446
tcp_ping received 1536 bytes back
Round trip time was 0.461143 milliseconds in repetition 447
tcp_ping received 1536 bytes back
Round trip time was 0.459614 milliseconds in repetition 448
tcp_ping received 1536 bytes back
Round trip time was 0.45844 milliseconds in repetition 449
tcp_ping received 1536 bytes back
Round trip time was 0.455591 milliseconds in repetition 450
tcp_ping received 1536 bytes back
Round trip time was 0.628615 milliseconds in repetition 451
tcp_ping received 1536 bytes back
Round trip time was 0.455175 milliseconds in repetition 452
tcp_ping received 1536 bytes back
Round trip time was 0.452004 milliseconds in repetition 453
tcp_ping received 1536 bytes back
Round trip time was 0.450812 milliseconds in repetition 454
tcp_ping received 1536 bytes back
Round trip time was 0.456421 milliseconds in repetition 455
tcp_ping received 1536 bytes back
Round trip time was 0.456801 milliseconds in repetition 456
tcp_ping received 1536 bytes back
Round trip time was 0.457681 milliseconds in repetition 457
tcp_ping received 1536 bytes back
Round trip time was 0.466459 milliseconds in repetition 458
tcp_ping received 1536 bytes back
Round trip time was 0.459909 milliseconds in repetition 459
tcp_ping received 1536 bytes back
Round trip time was 0.464844 milliseconds in repetition 460
tcp_ping received 1536 bytes back
Round trip time was 0.458622 milliseconds in repetition 461
tcp_ping received 1536 bytes back
Round trip time was 0.456806 milliseconds in repetition 462
tcp_ping received 1536 bytes back
Round trip time was 0.460981 milliseconds in repetition 463
tcp_ping received 1536 bytes back
Round trip time was 0.462987 milliseconds in repetition 464
tcp_ping received 1536 bytes back
Round trip time was 0.489585 milliseconds in repetition 465
tcp_ping received 1536 bytes back
Round trip time was 0.456786 milliseconds in repetition 466
tcp_ping received 1536 bytes back
Round trip time was 0.472473 milliseconds in repetition 467
tcp_ping received 1536 bytes back
Round trip time was 0.439792 milliseconds in repetition 468
tcp_ping received 1536 bytes back
Round trip time was 0.401911 milliseconds in repetition 469
tcp_ping received 1536 bytes back
Round trip time was 0.396688 milliseconds in repetition 470
tcp_ping received 1536 bytes back
Round trip time was 0.459539 milliseconds in repetition 471
tcp_ping received 1536 bytes back
Round trip time was 0.456264 milliseconds in repetition 472
tcp_ping received 1536 bytes back
Round trip time was 0.460629 milliseconds in repetition 473
tcp_ping received 1536 bytes back
Round trip time was 0.49902 milliseconds in repetition 474
tcp_ping received 1536 bytes back
Round trip time was 0.461931 milliseconds in repetition 475
tcp_ping received 1536 bytes back
Round trip time was 0.465044 milliseconds in repetition 476
tcp_ping received 1536 bytes back
Round trip time was 0.412643 milliseconds in repetition 477
tcp_ping received 1536 bytes back
Round trip time was 0.459945 milliseconds in repetition 478
tcp_ping received 1536 bytes back
Round trip time was 0.454878 milliseconds in repetition 479
tcp_ping received 1536 bytes back
Round trip time was 0.567422 milliseconds in repetition 480
tcp_ping received 1536 bytes back
Round trip time was 0.430087 milliseconds in repetition 481
tcp_ping received 1536 bytes back
Round trip time was 0.51404 milliseconds in repetition 482
tcp_ping received 1536 bytes back
Round trip time was 0.469232 milliseconds in repetition 483
tcp_ping received 1536 bytes back
Round trip time was 0.54849 milliseconds in repetition 484
tcp_ping received 1536 bytes back
Round trip time was 0.424986 milliseconds in repetition 485
tcp_ping received 1536 bytes back
Round trip time was 0.468223 milliseconds in repetition 486
tcp_ping received 1536 bytes back
Round trip time was 0.401709 milliseconds in repetition 487
tcp_ping received 1536 bytes back
Round trip time was 0.473934 milliseconds in repetition 488
tcp_ping received 1536 bytes back
Round trip time was 0.467042 milliseconds in repetition 489
tcp_ping received 1536 bytes back
Round trip time was 0.451324 milliseconds in repetition 490
tcp_ping received 1536 bytes back
Round trip time was 0.516746 milliseconds in repetition 491
tcp_ping received 1536 bytes back
Round trip time was 0.535504 milliseconds in repetition 492
tcp_ping received 1536 bytes back
Round trip time was 0.466352 milliseconds in repetition 493
tcp_ping received 1536 bytes back
Round trip time was 0.461003 milliseconds in repetition 494
tcp_ping received 1536 bytes back
Round trip time was 0.723096 milliseconds in repetition 495
tcp_ping received 1536 bytes back
Round trip time was 0.456096 milliseconds in repetition 496
tcp_ping received 1536 bytes back
Round trip time was 0.482478 milliseconds in repetition 497
tcp_ping received 1536 bytes back
Round trip time was 0.461403 milliseconds in repetition 498
tcp_ping received 1536 bytes back
Round trip time was 0.571124 milliseconds in repetition 499
tcp_ping received 1536 bytes back
Round trip time was 0.585937 milliseconds in repetition 500
tcp_ping received 1536 bytes back
Round trip time was 0.456599 milliseconds in repetition 501

 ... clock resolution was 1e-06
TCP Ping:  Statistics over 501 repetitions of 1536 byte messages

RTT : percentile 10: 0.436301, median: 0.467042, percentile 90: 0.58288, average: 0.543034, variance: 0.381446

RTT histogram:
0.347089 475
1.00912 16
1.67114 8
2.33317 1
2.9952 0
3.65723 0
4.31925 0
4.98128 0
5.64331 0
6.30533 0
6.96736 0
7.62939 0
8.29142 0
8.95344 0
9.61547 0
10.2775 0
10.9395 0
11.6016 0
12.2636 0
12.9256 0
13.5876 1

   median Throughput : 6577.57 KB/s   overall Throughput : 5657.11 KB/s

