TCP Ping trying to connect to server seti.dibris.unige.it (130.251.61.30) on port 1491
 ... connected to Pong server: asking for 501 repetitions of 262144 bytes TCP messages
 ... Pong server agreed :-)
tcp_ping received 262144 bytes back
Round trip time was 33.8532 milliseconds in repetition 1
tcp_ping received 262144 bytes back
Round trip time was 7.3284 milliseconds in repetition 2
tcp_ping received 262144 bytes back
Round trip time was 6.33473 milliseconds in repetition 3
tcp_ping received 262144 bytes back
Round trip time was 6.17643 milliseconds in repetition 4
tcp_ping received 262144 bytes back
Round trip time was -994.531 milliseconds in repetition 5
tcp_ping received 262144 bytes back
Round trip time was 5.81058 milliseconds in repetition 6
tcp_ping received 262144 bytes back
Round trip time was 5.6484 milliseconds in repetition 7
tcp_ping received 262144 bytes back
Round trip time was 5.83763 milliseconds in repetition 8
tcp_ping received 262144 bytes back
Round trip time was 5.48217 milliseconds in repetition 9
tcp_ping received 262144 bytes back
Round trip time was 5.88907 milliseconds in repetition 10
tcp_ping received 262144 bytes back
Round trip time was 5.33974 milliseconds in repetition 11
tcp_ping received 262144 bytes back
Round trip time was 5.58622 milliseconds in repetition 12
tcp_ping received 262144 bytes back
Round trip time was 6.14302 milliseconds in repetition 13
tcp_ping received 262144 bytes back
Round trip time was 5.43345 milliseconds in repetition 14
tcp_ping received 262144 bytes back
Round trip time was 5.87127 milliseconds in repetition 15
tcp_ping received 262144 bytes back
Round trip time was 5.45115 milliseconds in repetition 16
tcp_ping received 262144 bytes back
Round trip time was 5.26643 milliseconds in repetition 17
tcp_ping received 262144 bytes back
Round trip time was 5.61903 milliseconds in repetition 18
tcp_ping received 262144 bytes back
Round trip time was 5.39516 milliseconds in repetition 19
tcp_ping received 262144 bytes back
Round trip time was 5.67065 milliseconds in repetition 20
tcp_ping received 262144 bytes back
Round trip time was 5.66712 milliseconds in repetition 21
tcp_ping received 262144 bytes back
Round trip time was 5.79483 milliseconds in repetition 22
tcp_ping received 262144 bytes back
Round trip time was 6.46615 milliseconds in repetition 23
tcp_ping received 262144 bytes back
Round trip time was 5.22377 milliseconds in repetition 24
tcp_ping received 262144 bytes back
Round trip time was 5.56868 milliseconds in repetition 25
tcp_ping received 262144 bytes back
Round trip time was 5.36687 milliseconds in repetition 26
tcp_ping received 262144 bytes back
Round trip time was 5.37502 milliseconds in repetition 27
tcp_ping received 262144 bytes back
Round trip time was 5.53288 milliseconds in repetition 28
tcp_ping received 262144 bytes back
Round trip time was 5.77927 milliseconds in repetition 29
tcp_ping received 262144 bytes back
Round trip time was 5.5643 milliseconds in repetition 30
tcp_ping received 262144 bytes back
Round trip time was 5.60838 milliseconds in repetition 31
tcp_ping received 262144 bytes back
Round trip time was 5.35571 milliseconds in repetition 32
tcp_ping received 262144 bytes back
Round trip time was 6.02104 milliseconds in repetition 33
tcp_ping received 262144 bytes back
Round trip time was 5.38654 milliseconds in repetition 34
tcp_ping received 262144 bytes back
Round trip time was 6.13181 milliseconds in repetition 35
tcp_ping received 262144 bytes back
Round trip time was 5.68596 milliseconds in repetition 36
tcp_ping received 262144 bytes back
Round trip time was 5.40718 milliseconds in repetition 37
tcp_ping received 262144 bytes back
Round trip time was 5.84676 milliseconds in repetition 38
tcp_ping received 262144 bytes back
Round trip time was 6.25772 milliseconds in repetition 39
tcp_ping received 262144 bytes back
Round trip time was 5.44162 milliseconds in repetition 40
tcp_ping received 262144 bytes back
Round trip time was 5.71079 milliseconds in repetition 41
tcp_ping received 262144 bytes back
Round trip time was 5.25174 milliseconds in repetition 42
tcp_ping received 262144 bytes back
Round trip time was 5.28574 milliseconds in repetition 43
tcp_ping received 262144 bytes back
Round trip time was 5.32769 milliseconds in repetition 44
tcp_ping received 262144 bytes back
Round trip time was 5.40315 milliseconds in repetition 45
tcp_ping received 262144 bytes back
Round trip time was 5.90548 milliseconds in repetition 46
tcp_ping received 262144 bytes back
Round trip time was 5.34164 milliseconds in repetition 47
tcp_ping received 262144 bytes back
Round trip time was 5.32742 milliseconds in repetition 48
tcp_ping received 262144 bytes back
Round trip time was 5.38991 milliseconds in repetition 49
tcp_ping received 262144 bytes back
Round trip time was 5.30401 milliseconds in repetition 50
tcp_ping received 262144 bytes back
Round trip time was 5.56344 milliseconds in repetition 51
tcp_ping received 262144 bytes back
Round trip time was 5.61614 milliseconds in repetition 52
tcp_ping received 262144 bytes back
Round trip time was 5.68503 milliseconds in repetition 53
tcp_ping received 262144 bytes back
Round trip time was 5.64112 milliseconds in repetition 54
tcp_ping received 262144 bytes back
Round trip time was 5.3628 milliseconds in repetition 55
tcp_ping received 262144 bytes back
Round trip time was 5.36132 milliseconds in repetition 56
tcp_ping received 262144 bytes back
Round trip time was 5.24215 milliseconds in repetition 57
tcp_ping received 262144 bytes back
Round trip time was 5.50782 milliseconds in repetition 58
tcp_ping received 262144 bytes back
Round trip time was 5.53946 milliseconds in repetition 59
tcp_ping received 262144 bytes back
Round trip time was 5.64705 milliseconds in repetition 60
tcp_ping received 262144 bytes back
Round trip time was 5.28208 milliseconds in repetition 61
tcp_ping received 262144 bytes back
Round trip time was 5.42755 milliseconds in repetition 62
tcp_ping received 262144 bytes back
Round trip time was 5.269 milliseconds in repetition 63
tcp_ping received 262144 bytes back
Round trip time was 5.51231 milliseconds in repetition 64
tcp_ping received 262144 bytes back
Round trip time was 5.44792 milliseconds in repetition 65
tcp_ping received 262144 bytes back
Round trip time was 5.23493 milliseconds in repetition 66
tcp_ping received 262144 bytes back
Round trip time was 5.79153 milliseconds in repetition 67
tcp_ping received 262144 bytes back
Round trip time was 8.31085 milliseconds in repetition 68
tcp_ping received 262144 bytes back
Round trip time was 5.61477 milliseconds in repetition 69
tcp_ping received 262144 bytes back
Round trip time was 5.664 milliseconds in repetition 70
tcp_ping received 262144 bytes back
Round trip time was 5.75179 milliseconds in repetition 71
tcp_ping received 262144 bytes back
Round trip time was 5.61575 milliseconds in repetition 72
tcp_ping received 262144 bytes back
Round trip time was 5.71553 milliseconds in repetition 73
tcp_ping received 262144 bytes back
Round trip time was 5.539 milliseconds in repetition 74
tcp_ping received 262144 bytes back
Round trip time was 5.29421 milliseconds in repetition 75
tcp_ping received 262144 bytes back
Round trip time was 5.3841 milliseconds in repetition 76
tcp_ping received 262144 bytes back
Round trip time was 5.36996 milliseconds in repetition 77
tcp_ping received 262144 bytes back
Round trip time was 5.33516 milliseconds in repetition 78
tcp_ping received 262144 bytes back
Round trip time was 5.2504 milliseconds in repetition 79
tcp_ping received 262144 bytes back
Round trip time was 5.44509 milliseconds in repetition 80
tcp_ping received 262144 bytes back
Round trip time was 5.57443 milliseconds in repetition 81
tcp_ping received 262144 bytes back
Round trip time was 5.40002 milliseconds in repetition 82
tcp_ping received 262144 bytes back
Round trip time was 5.20876 milliseconds in repetition 83
tcp_ping received 262144 bytes back
Round trip time was 5.37254 milliseconds in repetition 84
tcp_ping received 262144 bytes back
Round trip time was 5.41201 milliseconds in repetition 85
tcp_ping received 262144 bytes back
Round trip time was 5.67441 milliseconds in repetition 86
tcp_ping received 262144 bytes back
Round trip time was 5.54413 milliseconds in repetition 87
tcp_ping received 262144 bytes back
Round trip time was 5.42491 milliseconds in repetition 88
tcp_ping received 262144 bytes back
Round trip time was 5.65329 milliseconds in repetition 89
tcp_ping received 262144 bytes back
Round trip time was 5.46136 milliseconds in repetition 90
tcp_ping received 262144 bytes back
Round trip time was 5.61963 milliseconds in repetition 91
tcp_ping received 262144 bytes back
Round trip time was 5.76081 milliseconds in repetition 92
tcp_ping received 262144 bytes back
Round trip time was 5.36207 milliseconds in repetition 93
tcp_ping received 262144 bytes back
Round trip time was 5.60098 milliseconds in repetition 94
tcp_ping received 262144 bytes back
Round trip time was 5.33101 milliseconds in repetition 95
tcp_ping received 262144 bytes back
Round trip time was 6.00381 milliseconds in repetition 96
tcp_ping received 262144 bytes back
Round trip time was 5.32163 milliseconds in repetition 97
tcp_ping received 262144 bytes back
Round trip time was 5.3849 milliseconds in repetition 98
tcp_ping received 262144 bytes back
Round trip time was 5.30193 milliseconds in repetition 99
tcp_ping received 262144 bytes back
Round trip time was 5.21715 milliseconds in repetition 100
tcp_ping received 262144 bytes back
Round trip time was 5.66111 milliseconds in repetition 101
tcp_ping received 262144 bytes back
Round trip time was 5.33203 milliseconds in repetition 102
tcp_ping received 262144 bytes back
Round trip time was 5.94945 milliseconds in repetition 103
tcp_ping received 262144 bytes back
Round trip time was 5.45957 milliseconds in repetition 104
tcp_ping received 262144 bytes back
Round trip time was 5.22333 milliseconds in repetition 105
tcp_ping received 262144 bytes back
Round trip time was 5.31834 milliseconds in repetition 106
tcp_ping received 262144 bytes back
Round trip time was 5.2281 milliseconds in repetition 107
tcp_ping received 262144 bytes back
Round trip time was 5.42246 milliseconds in repetition 108
tcp_ping received 262144 bytes back
Round trip time was 5.43639 milliseconds in repetition 109
tcp_ping received 262144 bytes back
Round trip time was 5.39147 milliseconds in repetition 110
tcp_ping received 262144 bytes back
Round trip time was 5.73173 milliseconds in repetition 111
tcp_ping received 262144 bytes back
Round trip time was 5.5308 milliseconds in repetition 112
tcp_ping received 262144 bytes back
Round trip time was 5.25237 milliseconds in repetition 113
tcp_ping received 262144 bytes back
Round trip time was 5.39111 milliseconds in repetition 114
tcp_ping received 262144 bytes back
Round trip time was 5.58005 milliseconds in repetition 115
tcp_ping received 262144 bytes back
Round trip time was 6.57868 milliseconds in repetition 116
tcp_ping received 262144 bytes back
Round trip time was 5.66968 milliseconds in repetition 117
tcp_ping received 262144 bytes back
Round trip time was 5.34414 milliseconds in repetition 118
tcp_ping received 262144 bytes back
Round trip time was 5.41833 milliseconds in repetition 119
tcp_ping received 262144 bytes back
Round trip time was 5.95464 milliseconds in repetition 120
tcp_ping received 262144 bytes back
Round trip time was 6.14368 milliseconds in repetition 121
tcp_ping received 262144 bytes back
Round trip time was 5.24258 milliseconds in repetition 122
tcp_ping received 262144 bytes back
Round trip time was 5.60859 milliseconds in repetition 123
tcp_ping received 262144 bytes back
Round trip time was 5.26943 milliseconds in repetition 124
tcp_ping received 262144 bytes back
Round trip time was 5.71535 milliseconds in repetition 125
tcp_ping received 262144 bytes back
Round trip time was 5.50007 milliseconds in repetition 126
tcp_ping received 262144 bytes back
Round trip time was 5.10078 milliseconds in repetition 127
tcp_ping received 262144 bytes back
Round trip time was 5.84088 milliseconds in repetition 128
tcp_ping received 262144 bytes back
Round trip time was 6.47681 milliseconds in repetition 129
tcp_ping received 262144 bytes back
Round trip time was 6.53246 milliseconds in repetition 130
tcp_ping received 262144 bytes back
Round trip time was 5.44419 milliseconds in repetition 131
tcp_ping received 262144 bytes back
Round trip time was 6.75438 milliseconds in repetition 132
tcp_ping received 262144 bytes back
Round trip time was 6.02815 milliseconds in repetition 133
tcp_ping received 262144 bytes back
Round trip time was 5.95771 milliseconds in repetition 134
tcp_ping received 262144 bytes back
Round trip time was 5.52979 milliseconds in repetition 135
tcp_ping received 262144 bytes back
Round trip time was 5.79636 milliseconds in repetition 136
tcp_ping received 262144 bytes back
Round trip time was 5.27273 milliseconds in repetition 137
tcp_ping received 262144 bytes back
Round trip time was 6.52992 milliseconds in repetition 138
tcp_ping received 262144 bytes back
Round trip time was 9.80365 milliseconds in repetition 139
tcp_ping received 262144 bytes back
Round trip time was 5.7325 milliseconds in repetition 140
tcp_ping received 262144 bytes back
Round trip time was 5.71115 milliseconds in repetition 141
tcp_ping received 262144 bytes back
Round trip time was 5.48417 milliseconds in repetition 142
tcp_ping received 262144 bytes back
Round trip time was 5.7614 milliseconds in repetition 143
tcp_ping received 262144 bytes back
Round trip time was 8.36969 milliseconds in repetition 144
tcp_ping received 262144 bytes back
Round trip time was 6.02953 milliseconds in repetition 145
tcp_ping received 262144 bytes back
Round trip time was 5.37903 milliseconds in repetition 146
tcp_ping received 262144 bytes back
Round trip time was 5.39937 milliseconds in repetition 147
tcp_ping received 262144 bytes back
Round trip time was 5.17019 milliseconds in repetition 148
tcp_ping received 262144 bytes back
Round trip time was 7.4228 milliseconds in repetition 149
tcp_ping received 262144 bytes back
Round trip time was 7.45327 milliseconds in repetition 150
tcp_ping received 262144 bytes back
Round trip time was 6.75933 milliseconds in repetition 151
tcp_ping received 262144 bytes back
Round trip time was 5.41442 milliseconds in repetition 152
tcp_ping received 262144 bytes back
Round trip time was 5.69944 milliseconds in repetition 153
tcp_ping received 262144 bytes back
Round trip time was 5.3836 milliseconds in repetition 154
tcp_ping received 262144 bytes back
Round trip time was 5.39533 milliseconds in repetition 155
tcp_ping received 262144 bytes back
Round trip time was 5.41591 milliseconds in repetition 156
tcp_ping received 262144 bytes back
Round trip time was 5.3838 milliseconds in repetition 157
tcp_ping received 262144 bytes back
Round trip time was 5.09138 milliseconds in repetition 158
tcp_ping received 262144 bytes back
Round trip time was 5.33204 milliseconds in repetition 159
tcp_ping received 262144 bytes back
Round trip time was 5.78684 milliseconds in repetition 160
tcp_ping received 262144 bytes back
Round trip time was 5.29207 milliseconds in repetition 161
tcp_ping received 262144 bytes back
Round trip time was 5.43772 milliseconds in repetition 162
tcp_ping received 262144 bytes back
Round trip time was 5.56331 milliseconds in repetition 163
tcp_ping received 262144 bytes back
Round trip time was 6.53886 milliseconds in repetition 164
tcp_ping received 262144 bytes back
Round trip time was 5.40123 milliseconds in repetition 165
tcp_ping received 262144 bytes back
Round trip time was 5.54774 milliseconds in repetition 166
tcp_ping received 262144 bytes back
Round trip time was 5.54964 milliseconds in repetition 167
tcp_ping received 262144 bytes back
Round trip time was 6.7958 milliseconds in repetition 168
tcp_ping received 262144 bytes back
Round trip time was 6.38145 milliseconds in repetition 169
tcp_ping received 262144 bytes back
Round trip time was 5.78686 milliseconds in repetition 170
tcp_ping received 262144 bytes back
Round trip time was 5.34302 milliseconds in repetition 171
tcp_ping received 262144 bytes back
Round trip time was 5.37583 milliseconds in repetition 172
tcp_ping received 262144 bytes back
Round trip time was 5.99723 milliseconds in repetition 173
tcp_ping received 262144 bytes back
Round trip time was 5.99552 milliseconds in repetition 174
tcp_ping received 262144 bytes back
Round trip time was 5.44434 milliseconds in repetition 175
tcp_ping received 262144 bytes back
Round trip time was 5.38741 milliseconds in repetition 176
tcp_ping received 262144 bytes back
Round trip time was 5.31962 milliseconds in repetition 177
tcp_ping received 262144 bytes back
Round trip time was 7.00178 milliseconds in repetition 178
tcp_ping received 262144 bytes back
Round trip time was 6.7648 milliseconds in repetition 179
tcp_ping received 262144 bytes back
Round trip time was 5.3943 milliseconds in repetition 180
tcp_ping received 262144 bytes back
Round trip time was -994.509 milliseconds in repetition 181
tcp_ping received 262144 bytes back
Round trip time was 5.23724 milliseconds in repetition 182
tcp_ping received 262144 bytes back
Round trip time was 5.59449 milliseconds in repetition 183
tcp_ping received 262144 bytes back
Round trip time was 5.70926 milliseconds in repetition 184
tcp_ping received 262144 bytes back
Round trip time was 5.60508 milliseconds in repetition 185
tcp_ping received 262144 bytes back
Round trip time was 5.32975 milliseconds in repetition 186
tcp_ping received 262144 bytes back
Round trip time was 6.71564 milliseconds in repetition 187
tcp_ping received 262144 bytes back
Round trip time was 6.74771 milliseconds in repetition 188
tcp_ping received 262144 bytes back
Round trip time was 5.77136 milliseconds in repetition 189
tcp_ping received 262144 bytes back
Round trip time was 5.39673 milliseconds in repetition 190
tcp_ping received 262144 bytes back
Round trip time was 5.58997 milliseconds in repetition 191
tcp_ping received 262144 bytes back
Round trip time was 5.98769 milliseconds in repetition 192
tcp_ping received 262144 bytes back
Round trip time was 6.43164 milliseconds in repetition 193
tcp_ping received 262144 bytes back
Round trip time was 5.47079 milliseconds in repetition 194
tcp_ping received 262144 bytes back
Round trip time was 5.5061 milliseconds in repetition 195
tcp_ping received 262144 bytes back
Round trip time was 5.76339 milliseconds in repetition 196
tcp_ping received 262144 bytes back
Round trip time was 5.85088 milliseconds in repetition 197
tcp_ping received 262144 bytes back
Round trip time was 6.2058 milliseconds in repetition 198
tcp_ping received 262144 bytes back
Round trip time was 6.73252 milliseconds in repetition 199
tcp_ping received 262144 bytes back
Round trip time was 5.32919 milliseconds in repetition 200
tcp_ping received 262144 bytes back
Round trip time was 5.41684 milliseconds in repetition 201
tcp_ping received 262144 bytes back
Round trip time was 5.77683 milliseconds in repetition 202
tcp_ping received 262144 bytes back
Round trip time was 5.22564 milliseconds in repetition 203
tcp_ping received 262144 bytes back
Round trip time was 5.63113 milliseconds in repetition 204
tcp_ping received 262144 bytes back
Round trip time was 5.5198 milliseconds in repetition 205
tcp_ping received 262144 bytes back
Round trip time was 5.6011 milliseconds in repetition 206
tcp_ping received 262144 bytes back
Round trip time was 5.45991 milliseconds in repetition 207
tcp_ping received 262144 bytes back
Round trip time was 6.90896 milliseconds in repetition 208
tcp_ping received 262144 bytes back
Round trip time was 6.06431 milliseconds in repetition 209
tcp_ping received 262144 bytes back
Round trip time was 5.31725 milliseconds in repetition 210
tcp_ping received 262144 bytes back
Round trip time was 5.68902 milliseconds in repetition 211
tcp_ping received 262144 bytes back
Round trip time was 5.61471 milliseconds in repetition 212
tcp_ping received 262144 bytes back
Round trip time was 7.06224 milliseconds in repetition 213
tcp_ping received 262144 bytes back
Round trip time was 6.23917 milliseconds in repetition 214
tcp_ping received 262144 bytes back
Round trip time was 5.49093 milliseconds in repetition 215
tcp_ping received 262144 bytes back
Round trip time was 5.59362 milliseconds in repetition 216
tcp_ping received 262144 bytes back
Round trip time was 5.33495 milliseconds in repetition 217
tcp_ping received 262144 bytes back
Round trip time was 6.02784 milliseconds in repetition 218
tcp_ping received 262144 bytes back
Round trip time was 6.7672 milliseconds in repetition 219
tcp_ping received 262144 bytes back
Round trip time was 5.69447 milliseconds in repetition 220
tcp_ping received 262144 bytes back
Round trip time was 5.83947 milliseconds in repetition 221
tcp_ping received 262144 bytes back
Round trip time was 5.48868 milliseconds in repetition 222
tcp_ping received 262144 bytes back
Round trip time was 6.31154 milliseconds in repetition 223
tcp_ping received 262144 bytes back
Round trip time was 5.43588 milliseconds in repetition 224
tcp_ping received 262144 bytes back
Round trip time was 7.28905 milliseconds in repetition 225
tcp_ping received 262144 bytes back
Round trip time was 6.45244 milliseconds in repetition 226
tcp_ping received 262144 bytes back
Round trip time was 5.72232 milliseconds in repetition 227
tcp_ping received 262144 bytes back
Round trip time was 6.96333 milliseconds in repetition 228
tcp_ping received 262144 bytes back
Round trip time was 6.74618 milliseconds in repetition 229
tcp_ping received 262144 bytes back
Round trip time was 5.4673 milliseconds in repetition 230
tcp_ping received 262144 bytes back
Round trip time was 5.42784 milliseconds in repetition 231
tcp_ping received 262144 bytes back
Round trip time was 5.47097 milliseconds in repetition 232
tcp_ping received 262144 bytes back
Round trip time was 5.39268 milliseconds in repetition 233
tcp_ping received 262144 bytes back
Round trip time was 5.66973 milliseconds in repetition 234
tcp_ping received 262144 bytes back
Round trip time was 5.59291 milliseconds in repetition 235
tcp_ping received 262144 bytes back
Round trip time was 5.37102 milliseconds in repetition 236
tcp_ping received 262144 bytes back
Round trip time was 5.36183 milliseconds in repetition 237
tcp_ping received 262144 bytes back
Round trip time was 5.56582 milliseconds in repetition 238
tcp_ping received 262144 bytes back
Round trip time was 5.40292 milliseconds in repetition 239
tcp_ping received 262144 bytes back
Round trip time was 5.49524 milliseconds in repetition 240
tcp_ping received 262144 bytes back
Round trip time was 5.46181 milliseconds in repetition 241
tcp_ping received 262144 bytes back
Round trip time was 5.53826 milliseconds in repetition 242
tcp_ping received 262144 bytes back
Round trip time was 6.16591 milliseconds in repetition 243
tcp_ping received 262144 bytes back
Round trip time was 5.5152 milliseconds in repetition 244
tcp_ping received 262144 bytes back
Round trip time was 5.72369 milliseconds in repetition 245
tcp_ping received 262144 bytes back
Round trip time was 5.62824 milliseconds in repetition 246
tcp_ping received 262144 bytes back
Round trip time was 6.26499 milliseconds in repetition 247
tcp_ping received 262144 bytes back
Round trip time was 5.59608 milliseconds in repetition 248
tcp_ping received 262144 bytes back
Round trip time was 5.60099 milliseconds in repetition 249
tcp_ping received 262144 bytes back
Round trip time was 5.38048 milliseconds in repetition 250
tcp_ping received 262144 bytes back
Round trip time was 5.37357 milliseconds in repetition 251
tcp_ping received 262144 bytes back
Round trip time was 5.82077 milliseconds in repetition 252
tcp_ping received 262144 bytes back
Round trip time was 6.12871 milliseconds in repetition 253
tcp_ping received 262144 bytes back
Round trip time was 6.32589 milliseconds in repetition 254
tcp_ping received 262144 bytes back
Round trip time was 6.9332 milliseconds in repetition 255
tcp_ping received 262144 bytes back
Round trip time was 6.34108 milliseconds in repetition 256
tcp_ping received 262144 bytes back
Round trip time was 6.05676 milliseconds in repetition 257
tcp_ping received 262144 bytes back
Round trip time was 5.24148 milliseconds in repetition 258
tcp_ping received 262144 bytes back
Round trip time was 5.67259 milliseconds in repetition 259
tcp_ping received 262144 bytes back
Round trip time was 6.4567 milliseconds in repetition 260
tcp_ping received 262144 bytes back
Round trip time was 5.5393 milliseconds in repetition 261
tcp_ping received 262144 bytes back
Round trip time was 5.64547 milliseconds in repetition 262
tcp_ping received 262144 bytes back
Round trip time was 5.38683 milliseconds in repetition 263
tcp_ping received 262144 bytes back
Round trip time was 5.65096 milliseconds in repetition 264
tcp_ping received 262144 bytes back
Round trip time was 5.93413 milliseconds in repetition 265
tcp_ping received 262144 bytes back
Round trip time was 8.35796 milliseconds in repetition 266
tcp_ping received 262144 bytes back
Round trip time was 5.42011 milliseconds in repetition 267
tcp_ping received 262144 bytes back
Round trip time was 5.56031 milliseconds in repetition 268
tcp_ping received 262144 bytes back
Round trip time was 5.34645 milliseconds in repetition 269
tcp_ping received 262144 bytes back
Round trip time was 6.53346 milliseconds in repetition 270
tcp_ping received 262144 bytes back
Round trip time was 7.18333 milliseconds in repetition 271
tcp_ping received 262144 bytes back
Round trip time was 5.84545 milliseconds in repetition 272
tcp_ping received 262144 bytes back
Round trip time was 5.30756 milliseconds in repetition 273
tcp_ping received 262144 bytes back
Round trip time was 5.64516 milliseconds in repetition 274
tcp_ping received 262144 bytes back
Round trip time was 5.19077 milliseconds in repetition 275
tcp_ping received 262144 bytes back
Round trip time was 5.76463 milliseconds in repetition 276
tcp_ping received 262144 bytes back
Round trip time was 7.17143 milliseconds in repetition 277
tcp_ping received 262144 bytes back
Round trip time was 6.34679 milliseconds in repetition 278
tcp_ping received 262144 bytes back
Round trip time was 6.09733 milliseconds in repetition 279
tcp_ping received 262144 bytes back
Round trip time was 6.48022 milliseconds in repetition 280
tcp_ping received 262144 bytes back
Round trip time was 7.02832 milliseconds in repetition 281
tcp_ping received 262144 bytes back
Round trip time was 5.72145 milliseconds in repetition 282
tcp_ping received 262144 bytes back
Round trip time was 6.03122 milliseconds in repetition 283
tcp_ping received 262144 bytes back
Round trip time was 5.52991 milliseconds in repetition 284
tcp_ping received 262144 bytes back
Round trip time was 6.84303 milliseconds in repetition 285
tcp_ping received 262144 bytes back
Round trip time was 7.27711 milliseconds in repetition 286
tcp_ping received 262144 bytes back
Round trip time was 5.80311 milliseconds in repetition 287
tcp_ping received 262144 bytes back
Round trip time was 7.35445 milliseconds in repetition 288
tcp_ping received 262144 bytes back
Round trip time was 6.58791 milliseconds in repetition 289
tcp_ping received 262144 bytes back
Round trip time was 5.99199 milliseconds in repetition 290
tcp_ping received 262144 bytes back
Round trip time was 5.56967 milliseconds in repetition 291
tcp_ping received 262144 bytes back
Round trip time was 5.95507 milliseconds in repetition 292
tcp_ping received 262144 bytes back
Round trip time was 6.10582 milliseconds in repetition 293
tcp_ping received 262144 bytes back
Round trip time was 6.38742 milliseconds in repetition 294
tcp_ping received 262144 bytes back
Round trip time was 5.54444 milliseconds in repetition 295
tcp_ping received 262144 bytes back
Round trip time was 6.98758 milliseconds in repetition 296
tcp_ping received 262144 bytes back
Round trip time was 6.83678 milliseconds in repetition 297
tcp_ping received 262144 bytes back
Round trip time was 5.39181 milliseconds in repetition 298
tcp_ping received 262144 bytes back
Round trip time was 6.89372 milliseconds in repetition 299
tcp_ping received 262144 bytes back
Round trip time was 5.45676 milliseconds in repetition 300
tcp_ping received 262144 bytes back
Round trip time was 5.44846 milliseconds in repetition 301
tcp_ping received 262144 bytes back
Round trip time was 5.78554 milliseconds in repetition 302
tcp_ping received 262144 bytes back
Round trip time was 5.55906 milliseconds in repetition 303
tcp_ping received 262144 bytes back
Round trip time was 5.85794 milliseconds in repetition 304
tcp_ping received 262144 bytes back
Round trip time was 6.8492 milliseconds in repetition 305
tcp_ping received 262144 bytes back
Round trip time was 7.64809 milliseconds in repetition 306
tcp_ping received 262144 bytes back
Round trip time was 6.93539 milliseconds in repetition 307
tcp_ping received 262144 bytes back
Round trip time was 5.63072 milliseconds in repetition 308
tcp_ping received 262144 bytes back
Round trip time was 5.45937 milliseconds in repetition 309
tcp_ping received 262144 bytes back
Round trip time was 5.38933 milliseconds in repetition 310
tcp_ping received 262144 bytes back
Round trip time was 6.79786 milliseconds in repetition 311
tcp_ping received 262144 bytes back
Round trip time was 7.04472 milliseconds in repetition 312
tcp_ping received 262144 bytes back
Round trip time was 5.7119 milliseconds in repetition 313
tcp_ping received 262144 bytes back
Round trip time was 5.84275 milliseconds in repetition 314
tcp_ping received 262144 bytes back
Round trip time was 5.67315 milliseconds in repetition 315
tcp_ping received 262144 bytes back
Round trip time was 6.55279 milliseconds in repetition 316
tcp_ping received 262144 bytes back
Round trip time was 6.73539 milliseconds in repetition 317
tcp_ping received 262144 bytes back
Round trip time was 5.34494 milliseconds in repetition 318
tcp_ping received 262144 bytes back
Round trip time was 5.70393 milliseconds in repetition 319
tcp_ping received 262144 bytes back
Round trip time was 5.43309 milliseconds in repetition 320
tcp_ping received 262144 bytes back
Round trip time was 5.43358 milliseconds in repetition 321
tcp_ping received 262144 bytes back
Round trip time was 6.00131 milliseconds in repetition 322
tcp_ping received 262144 bytes back
Round trip time was 5.84144 milliseconds in repetition 323
tcp_ping received 262144 bytes back
Round trip time was 6.21038 milliseconds in repetition 324
tcp_ping received 262144 bytes back
Round trip time was 6.42232 milliseconds in repetition 325
tcp_ping received 262144 bytes back
Round trip time was 5.90516 milliseconds in repetition 326
tcp_ping received 262144 bytes back
Round trip time was 7.57045 milliseconds in repetition 327
tcp_ping received 262144 bytes back
Round trip time was 6.19951 milliseconds in repetition 328
tcp_ping received 262144 bytes back
Round trip time was 5.64642 milliseconds in repetition 329
tcp_ping received 262144 bytes back
Round trip time was 5.31552 milliseconds in repetition 330
tcp_ping received 262144 bytes back
Round trip time was 5.51747 milliseconds in repetition 331
tcp_ping received 262144 bytes back
Round trip time was 5.36405 milliseconds in repetition 332
tcp_ping received 262144 bytes back
Round trip time was 6.25162 milliseconds in repetition 333
tcp_ping received 262144 bytes back
Round trip time was 6.76402 milliseconds in repetition 334
tcp_ping received 262144 bytes back
Round trip time was 5.76799 milliseconds in repetition 335
tcp_ping received 262144 bytes back
Round trip time was 5.89528 milliseconds in repetition 336
tcp_ping received 262144 bytes back
Round trip time was 5.40288 milliseconds in repetition 337
tcp_ping received 262144 bytes back
Round trip time was 7.04139 milliseconds in repetition 338
tcp_ping received 262144 bytes back
Round trip time was 7.09425 milliseconds in repetition 339
tcp_ping received 262144 bytes back
Round trip time was 5.71574 milliseconds in repetition 340
tcp_ping received 262144 bytes back
Round trip time was 5.64594 milliseconds in repetition 341
tcp_ping received 262144 bytes back
Round trip time was 5.43896 milliseconds in repetition 342
tcp_ping received 262144 bytes back
Round trip time was 5.62502 milliseconds in repetition 343
tcp_ping received 262144 bytes back
Round trip time was 5.23491 milliseconds in repetition 344
tcp_ping received 262144 bytes back
Round trip time was 6.15943 milliseconds in repetition 345
tcp_ping received 262144 bytes back
Round trip time was 6.14208 milliseconds in repetition 346
tcp_ping received 262144 bytes back
Round trip time was 5.75693 milliseconds in repetition 347
tcp_ping received 262144 bytes back
Round trip time was 6.57467 milliseconds in repetition 348
tcp_ping received 262144 bytes back
Round trip time was -994.614 milliseconds in repetition 349
tcp_ping received 262144 bytes back
Round trip time was 6.6627 milliseconds in repetition 350
tcp_ping received 262144 bytes back
Round trip time was 6.41946 milliseconds in repetition 351
tcp_ping received 262144 bytes back
Round trip time was 5.50184 milliseconds in repetition 352
tcp_ping received 262144 bytes back
Round trip time was 5.29162 milliseconds in repetition 353
tcp_ping received 262144 bytes back
Round trip time was 5.36593 milliseconds in repetition 354
tcp_ping received 262144 bytes back
Round trip time was 6.7163 milliseconds in repetition 355
tcp_ping received 262144 bytes back
Round trip time was 6.51012 milliseconds in repetition 356
tcp_ping received 262144 bytes back
Round trip time was 5.39025 milliseconds in repetition 357
tcp_ping received 262144 bytes back
Round trip time was 5.61727 milliseconds in repetition 358
tcp_ping received 262144 bytes back
Round trip time was 5.45656 milliseconds in repetition 359
tcp_ping received 262144 bytes back
Round trip time was 6.88164 milliseconds in repetition 360
tcp_ping received 262144 bytes back
Round trip time was 6.22954 milliseconds in repetition 361
tcp_ping received 262144 bytes back
Round trip time was 6.82096 milliseconds in repetition 362
tcp_ping received 262144 bytes back
Round trip time was 6.68795 milliseconds in repetition 363
tcp_ping received 262144 bytes back
Round trip time was 5.51536 milliseconds in repetition 364
tcp_ping received 262144 bytes back
Round trip time was 5.58545 milliseconds in repetition 365
tcp_ping received 262144 bytes back
Round trip time was 8.27237 milliseconds in repetition 366
tcp_ping received 262144 bytes back
Round trip time was 5.32874 milliseconds in repetition 367
tcp_ping received 262144 bytes back
Round trip time was 7.82117 milliseconds in repetition 368
tcp_ping received 262144 bytes back
Round trip time was 6.8384 milliseconds in repetition 369
tcp_ping received 262144 bytes back
Round trip time was 5.47787 milliseconds in repetition 370
tcp_ping received 262144 bytes back
Round trip time was 5.44149 milliseconds in repetition 371
tcp_ping received 262144 bytes back
Round trip time was 5.94574 milliseconds in repetition 372
tcp_ping received 262144 bytes back
Round trip time was 5.41698 milliseconds in repetition 373
tcp_ping received 262144 bytes back
Round trip time was 5.4721 milliseconds in repetition 374
tcp_ping received 262144 bytes back
Round trip time was 7.12129 milliseconds in repetition 375
tcp_ping received 262144 bytes back
Round trip time was 6.24092 milliseconds in repetition 376
tcp_ping received 262144 bytes back
Round trip time was 6.56914 milliseconds in repetition 377
tcp_ping received 262144 bytes back
Round trip time was 9.03252 milliseconds in repetition 378
tcp_ping received 262144 bytes back
Round trip time was 8.01739 milliseconds in repetition 379
tcp_ping received 262144 bytes back
Round trip time was 6.7587 milliseconds in repetition 380
tcp_ping received 262144 bytes back
Round trip time was 6.59333 milliseconds in repetition 381
tcp_ping received 262144 bytes back
Round trip time was 5.57238 milliseconds in repetition 382
tcp_ping received 262144 bytes back
Round trip time was 6.15092 milliseconds in repetition 383
tcp_ping received 262144 bytes back
Round trip time was 6.44569 milliseconds in repetition 384
tcp_ping received 262144 bytes back
Round trip time was 6.86016 milliseconds in repetition 385
tcp_ping received 262144 bytes back
Round trip time was 6.22857 milliseconds in repetition 386
tcp_ping received 262144 bytes back
Round trip time was 6.36781 milliseconds in repetition 387
tcp_ping received 262144 bytes back
Round trip time was 5.97443 milliseconds in repetition 388
tcp_ping received 262144 bytes back
Round trip time was 5.90316 milliseconds in repetition 389
tcp_ping received 262144 bytes back
Round trip time was 5.4893 milliseconds in repetition 390
tcp_ping received 262144 bytes back
Round trip time was 5.45628 milliseconds in repetition 391
tcp_ping received 262144 bytes back
Round trip time was 5.40739 milliseconds in repetition 392
tcp_ping received 262144 bytes back
Round trip time was 5.56208 milliseconds in repetition 393
tcp_ping received 262144 bytes back
Round trip time was 6.6421 milliseconds in repetition 394
tcp_ping received 262144 bytes back
Round trip time was 6.27092 milliseconds in repetition 395
tcp_ping received 262144 bytes back
Round trip time was 5.45563 milliseconds in repetition 396
tcp_ping received 262144 bytes back
Round trip time was 6.91588 milliseconds in repetition 397
tcp_ping received 262144 bytes back
Round trip time was 6.77138 milliseconds in repetition 398
tcp_ping received 262144 bytes back
Round trip time was 6.06803 milliseconds in repetition 399
tcp_ping received 262144 bytes back
Round trip time was 5.52582 milliseconds in repetition 400
tcp_ping received 262144 bytes back
Round trip time was 5.61954 milliseconds in repetition 401
tcp_ping received 262144 bytes back
Round trip time was 5.875 milliseconds in repetition 402
tcp_ping received 262144 bytes back
Round trip time was 6.2853 milliseconds in repetition 403
tcp_ping received 262144 bytes back
Round trip time was 5.5777 milliseconds in repetition 404
tcp_ping received 262144 bytes back
Round trip time was 5.40868 milliseconds in repetition 405
tcp_ping received 262144 bytes back
Round trip time was 5.48904 milliseconds in repetition 406
tcp_ping received 262144 bytes back
Round trip time was 5.4091 milliseconds in repetition 407
tcp_ping received 262144 bytes back
Round trip time was 5.68618 milliseconds in repetition 408
tcp_ping received 262144 bytes back
Round trip time was 5.34616 milliseconds in repetition 409
tcp_ping received 262144 bytes back
Round trip time was 6.64172 milliseconds in repetition 410
tcp_ping received 262144 bytes back
Round trip time was 7.41147 milliseconds in repetition 411
tcp_ping received 262144 bytes back
Round trip time was 6.60357 milliseconds in repetition 412
tcp_ping received 262144 bytes back
Round trip time was 5.82787 milliseconds in repetition 413
tcp_ping received 262144 bytes back
Round trip time was 5.46507 milliseconds in repetition 414
tcp_ping received 262144 bytes back
Round trip time was 5.41603 milliseconds in repetition 415
tcp_ping received 262144 bytes back
Round trip time was 5.74761 milliseconds in repetition 416
tcp_ping received 262144 bytes back
Round trip time was 5.53277 milliseconds in repetition 417
tcp_ping received 262144 bytes back
Round trip time was 5.76917 milliseconds in repetition 418
tcp_ping received 262144 bytes back
Round trip time was 5.56541 milliseconds in repetition 419
tcp_ping received 262144 bytes back
Round trip time was 5.25519 milliseconds in repetition 420
tcp_ping received 262144 bytes back
Round trip time was 5.86346 milliseconds in repetition 421
tcp_ping received 262144 bytes back
Round trip time was 5.78595 milliseconds in repetition 422
tcp_ping received 262144 bytes back
Round trip time was 5.83144 milliseconds in repetition 423
tcp_ping received 262144 bytes back
Round trip time was 5.79386 milliseconds in repetition 424
tcp_ping received 262144 bytes back
Round trip time was 6.86743 milliseconds in repetition 425
tcp_ping received 262144 bytes back
Round trip time was 6.51558 milliseconds in repetition 426
tcp_ping received 262144 bytes back
Round trip time was 5.80698 milliseconds in repetition 427
tcp_ping received 262144 bytes back
Round trip time was 7.12042 milliseconds in repetition 428
tcp_ping received 262144 bytes back
Round trip time was 6.62073 milliseconds in repetition 429
tcp_ping received 262144 bytes back
Round trip time was 5.31338 milliseconds in repetition 430
tcp_ping received 262144 bytes back
Round trip time was 5.77676 milliseconds in repetition 431
tcp_ping received 262144 bytes back
Round trip time was 5.51161 milliseconds in repetition 432
tcp_ping received 262144 bytes back
Round trip time was 7.60253 milliseconds in repetition 433
tcp_ping received 262144 bytes back
Round trip time was 6.93892 milliseconds in repetition 434
tcp_ping received 262144 bytes back
Round trip time was 5.80175 milliseconds in repetition 435
tcp_ping received 262144 bytes back
Round trip time was 7.53644 milliseconds in repetition 436
tcp_ping received 262144 bytes back
Round trip time was 5.97908 milliseconds in repetition 437
tcp_ping received 262144 bytes back
Round trip time was 6.40134 milliseconds in repetition 438
tcp_ping received 262144 bytes back
Round trip time was 10.6736 milliseconds in repetition 439
tcp_ping received 262144 bytes back
Round trip time was 9.37674 milliseconds in repetition 440
tcp_ping received 262144 bytes back
Round trip time was 6.86681 milliseconds in repetition 441
tcp_ping received 262144 bytes back
Round trip time was 6.30415 milliseconds in repetition 442
tcp_ping received 262144 bytes back
Round trip time was 5.7952 milliseconds in repetition 443
tcp_ping received 262144 bytes back
Round trip time was 7.12551 milliseconds in repetition 444
tcp_ping received 262144 bytes back
Round trip time was 6.46334 milliseconds in repetition 445
tcp_ping received 262144 bytes back
Round trip time was 6.19638 milliseconds in repetition 446
tcp_ping received 262144 bytes back
Round trip time was 5.72641 milliseconds in repetition 447
tcp_ping received 262144 bytes back
Round trip time was 5.47391 milliseconds in repetition 448
tcp_ping received 262144 bytes back
Round trip time was 7.03333 milliseconds in repetition 449
tcp_ping received 262144 bytes back
Round trip time was 6.88714 milliseconds in repetition 450
tcp_ping received 262144 bytes back
Round trip time was 5.61087 milliseconds in repetition 451
tcp_ping received 262144 bytes back
Round trip time was 5.63826 milliseconds in repetition 452
tcp_ping received 262144 bytes back
Round trip time was 5.41116 milliseconds in repetition 453
tcp_ping received 262144 bytes back
Round trip time was 5.61974 milliseconds in repetition 454
tcp_ping received 262144 bytes back
Round trip time was 5.62193 milliseconds in repetition 455
tcp_ping received 262144 bytes back
Round trip time was 6.41867 milliseconds in repetition 456
tcp_ping received 262144 bytes back
Round trip time was 6.98188 milliseconds in repetition 457
tcp_ping received 262144 bytes back
Round trip time was 5.31893 milliseconds in repetition 458
tcp_ping received 262144 bytes back
Round trip time was 5.41155 milliseconds in repetition 459
tcp_ping received 262144 bytes back
Round trip time was 5.20234 milliseconds in repetition 460
tcp_ping received 262144 bytes back
Round trip time was 5.17142 milliseconds in repetition 461
tcp_ping received 262144 bytes back
Round trip time was 5.38575 milliseconds in repetition 462
tcp_ping received 262144 bytes back
Round trip time was 5.29139 milliseconds in repetition 463
tcp_ping received 262144 bytes back
Round trip time was 5.63847 milliseconds in repetition 464
tcp_ping received 262144 bytes back
Round trip time was 6.17597 milliseconds in repetition 465
tcp_ping received 262144 bytes back
Round trip time was 6.44037 milliseconds in repetition 466
tcp_ping received 262144 bytes back
Round trip time was 5.4882 milliseconds in repetition 467
tcp_ping received 262144 bytes back
Round trip time was 5.2193 milliseconds in repetition 468
tcp_ping received 262144 bytes back
Round trip time was 5.27896 milliseconds in repetition 469
tcp_ping received 262144 bytes back
Round trip time was 5.88145 milliseconds in repetition 470
tcp_ping received 262144 bytes back
Round trip time was 5.75687 milliseconds in repetition 471
tcp_ping received 262144 bytes back
Round trip time was 6.58486 milliseconds in repetition 472
tcp_ping received 262144 bytes back
Round trip time was 7.16689 milliseconds in repetition 473
tcp_ping received 262144 bytes back
Round trip time was 5.68914 milliseconds in repetition 474
tcp_ping received 262144 bytes back
Round trip time was 5.6527 milliseconds in repetition 475
tcp_ping received 262144 bytes back
Round trip time was 6.32113 milliseconds in repetition 476
tcp_ping received 262144 bytes back
Round trip time was 6.68523 milliseconds in repetition 477
tcp_ping received 262144 bytes back
Round trip time was 6.56272 milliseconds in repetition 478
tcp_ping received 262144 bytes back
Round trip time was 6.15249 milliseconds in repetition 479
tcp_ping received 262144 bytes back
Round trip time was 6.36041 milliseconds in repetition 480
tcp_ping received 262144 bytes back
Round trip time was 6.77734 milliseconds in repetition 481
tcp_ping received 262144 bytes back
Round trip time was 5.60797 milliseconds in repetition 482
tcp_ping received 262144 bytes back
Round trip time was 5.61991 milliseconds in repetition 483
tcp_ping received 262144 bytes back
Round trip time was 5.53788 milliseconds in repetition 484
tcp_ping received 262144 bytes back
Round trip time was 5.41166 milliseconds in repetition 485
tcp_ping received 262144 bytes back
Round trip time was 6.12211 milliseconds in repetition 486
tcp_ping received 262144 bytes back
Round trip time was 7.27929 milliseconds in repetition 487
tcp_ping received 262144 bytes back
Round trip time was 6.53918 milliseconds in repetition 488
tcp_ping received 262144 bytes back
Round trip time was 6.24646 milliseconds in repetition 489
tcp_ping received 262144 bytes back
Round trip time was 5.98323 milliseconds in repetition 490
tcp_ping received 262144 bytes back
Round trip time was 6.28704 milliseconds in repetition 491
tcp_ping received 262144 bytes back
Round trip time was 5.87714 milliseconds in repetition 492
tcp_ping received 262144 bytes back
Round trip time was 6.01177 milliseconds in repetition 493
tcp_ping received 262144 bytes back
Round trip time was 6.4107 milliseconds in repetition 494
tcp_ping received 262144 bytes back
Round trip time was 5.5356 milliseconds in repetition 495
tcp_ping received 262144 bytes back
Round trip time was 5.61599 milliseconds in repetition 496
tcp_ping received 262144 bytes back
Round trip time was 5.75364 milliseconds in repetition 497
tcp_ping received 262144 bytes back
Round trip time was 5.58526 milliseconds in repetition 498
tcp_ping received 262144 bytes back
Round trip time was 5.6941 milliseconds in repetition 499
tcp_ping received 262144 bytes back
Round trip time was 5.66308 milliseconds in repetition 500
tcp_ping received 262144 bytes back
Round trip time was 5.44928 milliseconds in repetition 501

 ... clock resolution was 1e-06
TCP Ping:  Statistics over 501 repetitions of 262144 byte messages

RTT : percentile 10: 5.32919, median: 5.664, percentile 90: 6.8492, average: -0.0142299, variance: 5972.42

RTT histogram:
0 0
1.69266 0
3.38532 0
5.07799 327
6.77065 159
8.46331 8
10.156 3
11.8486 0
13.5413 0
15.234 0
16.9266 0
18.6193 0
20.3119 0
22.0046 0
23.6973 0
25.3899 0
27.0826 0
28.7753 0
30.4679 0
32.1606 0
33.8532 1

   median Throughput : 92565 KB/s

