TCP Ping trying to connect to server seti.dibris.unige.it (130.251.61.30) on port 1491
 ... connected to Pong server: asking for 501 repetitions of 32 bytes TCP messages
 ... Pong server agreed :-)
tcp_ping received 32 bytes back
Round trip time was 1.94338 milliseconds in repetition 1
tcp_ping received 32 bytes back
Round trip time was 0.759636 milliseconds in repetition 2
tcp_ping received 32 bytes back
Round trip time was 0.657938 milliseconds in repetition 3
tcp_ping received 32 bytes back
Round trip time was 0.840014 milliseconds in repetition 4
tcp_ping received 32 bytes back
Round trip time was 0.714798 milliseconds in repetition 5
tcp_ping received 32 bytes back
Round trip time was 0.740897 milliseconds in repetition 6
tcp_ping received 32 bytes back
Round trip time was 0.66252 milliseconds in repetition 7
tcp_ping received 32 bytes back
Round trip time was 0.664935 milliseconds in repetition 8
tcp_ping received 32 bytes back
Round trip time was 0.659568 milliseconds in repetition 9
tcp_ping received 32 bytes back
Round trip time was 0.894461 milliseconds in repetition 10
tcp_ping received 32 bytes back
Round trip time was 0.649595 milliseconds in repetition 11
tcp_ping received 32 bytes back
Round trip time was 0.640736 milliseconds in repetition 12
tcp_ping received 32 bytes back
Round trip time was 1.00828 milliseconds in repetition 13
tcp_ping received 32 bytes back
Round trip time was 0.663045 milliseconds in repetition 14
tcp_ping received 32 bytes back
Round trip time was 0.668058 milliseconds in repetition 15
tcp_ping received 32 bytes back
Round trip time was 0.637873 milliseconds in repetition 16
tcp_ping received 32 bytes back
Round trip time was 0.712121 milliseconds in repetition 17
tcp_ping received 32 bytes back
Round trip time was 0.784668 milliseconds in repetition 18
tcp_ping received 32 bytes back
Round trip time was 0.771625 milliseconds in repetition 19
tcp_ping received 32 bytes back
Round trip time was 0.780859 milliseconds in repetition 20
tcp_ping received 32 bytes back
Round trip time was 0.783687 milliseconds in repetition 21
tcp_ping received 32 bytes back
Round trip time was 0.76931 milliseconds in repetition 22
tcp_ping received 32 bytes back
Round trip time was 0.767404 milliseconds in repetition 23
tcp_ping received 32 bytes back
Round trip time was 0.756532 milliseconds in repetition 24
tcp_ping received 32 bytes back
Round trip time was 0.717412 milliseconds in repetition 25
tcp_ping received 32 bytes back
Round trip time was 0.651595 milliseconds in repetition 26
tcp_ping received 32 bytes back
Round trip time was 0.677162 milliseconds in repetition 27
tcp_ping received 32 bytes back
Round trip time was 0.645459 milliseconds in repetition 28
tcp_ping received 32 bytes back
Round trip time was 0.660021 milliseconds in repetition 29
tcp_ping received 32 bytes back
Round trip time was 0.657332 milliseconds in repetition 30
tcp_ping received 32 bytes back
Round trip time was 0.662862 milliseconds in repetition 31
tcp_ping received 32 bytes back
Round trip time was 0.603265 milliseconds in repetition 32
tcp_ping received 32 bytes back
Round trip time was 0.680311 milliseconds in repetition 33
tcp_ping received 32 bytes back
Round trip time was 0.510393 milliseconds in repetition 34
tcp_ping received 32 bytes back
Round trip time was 0.335363 milliseconds in repetition 35
tcp_ping received 32 bytes back
Round trip time was 0.310985 milliseconds in repetition 36
tcp_ping received 32 bytes back
Round trip time was 0.249714 milliseconds in repetition 37
tcp_ping received 32 bytes back
Round trip time was 0.241774 milliseconds in repetition 38
tcp_ping received 32 bytes back
Round trip time was 0.318511 milliseconds in repetition 39
tcp_ping received 32 bytes back
Round trip time was 0.30967 milliseconds in repetition 40
tcp_ping received 32 bytes back
Round trip time was 0.307178 milliseconds in repetition 41
tcp_ping received 32 bytes back
Round trip time was 0.339539 milliseconds in repetition 42
tcp_ping received 32 bytes back
Round trip time was 0.312289 milliseconds in repetition 43
tcp_ping received 32 bytes back
Round trip time was 0.347438 milliseconds in repetition 44
tcp_ping received 32 bytes back
Round trip time was 0.307245 milliseconds in repetition 45
tcp_ping received 32 bytes back
Round trip time was 0.305307 milliseconds in repetition 46
tcp_ping received 32 bytes back
Round trip time was 0.340594 milliseconds in repetition 47
tcp_ping received 32 bytes back
Round trip time was 0.387774 milliseconds in repetition 48
tcp_ping received 32 bytes back
Round trip time was 0.349754 milliseconds in repetition 49
tcp_ping received 32 bytes back
Round trip time was 0.308563 milliseconds in repetition 50
tcp_ping received 32 bytes back
Round trip time was 0.326031 milliseconds in repetition 51
tcp_ping received 32 bytes back
Round trip time was 0.329352 milliseconds in repetition 52
tcp_ping received 32 bytes back
Round trip time was 0.308681 milliseconds in repetition 53
tcp_ping received 32 bytes back
Round trip time was 0.313098 milliseconds in repetition 54
tcp_ping received 32 bytes back
Round trip time was 0.311219 milliseconds in repetition 55
tcp_ping received 32 bytes back
Round trip time was 0.307343 milliseconds in repetition 56
tcp_ping received 32 bytes back
Round trip time was 0.309184 milliseconds in repetition 57
tcp_ping received 32 bytes back
Round trip time was 0.314499 milliseconds in repetition 58
tcp_ping received 32 bytes back
Round trip time was 0.324353 milliseconds in repetition 59
tcp_ping received 32 bytes back
Round trip time was 0.335137 milliseconds in repetition 60
tcp_ping received 32 bytes back
Round trip time was 0.304765 milliseconds in repetition 61
tcp_ping received 32 bytes back
Round trip time was 0.254928 milliseconds in repetition 62
tcp_ping received 32 bytes back
Round trip time was 0.206683 milliseconds in repetition 63
tcp_ping received 32 bytes back
Round trip time was 0.258877 milliseconds in repetition 64
tcp_ping received 32 bytes back
Round trip time was 0.325286 milliseconds in repetition 65
tcp_ping received 32 bytes back
Round trip time was 0.309476 milliseconds in repetition 66
tcp_ping received 32 bytes back
Round trip time was 0.37025 milliseconds in repetition 67
tcp_ping received 32 bytes back
Round trip time was 0.326448 milliseconds in repetition 68
tcp_ping received 32 bytes back
Round trip time was 0.449058 milliseconds in repetition 69
tcp_ping received 32 bytes back
Round trip time was 0.311115 milliseconds in repetition 70
tcp_ping received 32 bytes back
Round trip time was 0.309748 milliseconds in repetition 71
tcp_ping received 32 bytes back
Round trip time was 0.308927 milliseconds in repetition 72
tcp_ping received 32 bytes back
Round trip time was 0.338169 milliseconds in repetition 73
tcp_ping received 32 bytes back
Round trip time was 0.349245 milliseconds in repetition 74
tcp_ping received 32 bytes back
Round trip time was 0.334201 milliseconds in repetition 75
tcp_ping received 32 bytes back
Round trip time was 0.436905 milliseconds in repetition 76
tcp_ping received 32 bytes back
Round trip time was 0.319457 milliseconds in repetition 77
tcp_ping received 32 bytes back
Round trip time was 0.307987 milliseconds in repetition 78
tcp_ping received 32 bytes back
Round trip time was 0.311561 milliseconds in repetition 79
tcp_ping received 32 bytes back
Round trip time was 0.31081 milliseconds in repetition 80
tcp_ping received 32 bytes back
Round trip time was 0.337482 milliseconds in repetition 81
tcp_ping received 32 bytes back
Round trip time was 0.313465 milliseconds in repetition 82
tcp_ping received 32 bytes back
Round trip time was 0.311641 milliseconds in repetition 83
tcp_ping received 32 bytes back
Round trip time was 0.312798 milliseconds in repetition 84
tcp_ping received 32 bytes back
Round trip time was 0.309185 milliseconds in repetition 85
tcp_ping received 32 bytes back
Round trip time was 0.356715 milliseconds in repetition 86
tcp_ping received 32 bytes back
Round trip time was 0.25836 milliseconds in repetition 87
tcp_ping received 32 bytes back
Round trip time was 0.253949 milliseconds in repetition 88
tcp_ping received 32 bytes back
Round trip time was 0.314248 milliseconds in repetition 89
tcp_ping received 32 bytes back
Round trip time was 0.263184 milliseconds in repetition 90
tcp_ping received 32 bytes back
Round trip time was 0.31819 milliseconds in repetition 91
tcp_ping received 32 bytes back
Round trip time was 0.356291 milliseconds in repetition 92
tcp_ping received 32 bytes back
Round trip time was 0.342642 milliseconds in repetition 93
tcp_ping received 32 bytes back
Round trip time was 0.312319 milliseconds in repetition 94
tcp_ping received 32 bytes back
Round trip time was 0.324103 milliseconds in repetition 95
tcp_ping received 32 bytes back
Round trip time was 0.338201 milliseconds in repetition 96
tcp_ping received 32 bytes back
Round trip time was 0.332609 milliseconds in repetition 97
tcp_ping received 32 bytes back
Round trip time was 0.317152 milliseconds in repetition 98
tcp_ping received 32 bytes back
Round trip time was 0.324118 milliseconds in repetition 99
tcp_ping received 32 bytes back
Round trip time was 0.317895 milliseconds in repetition 100
tcp_ping received 32 bytes back
Round trip time was 0.324717 milliseconds in repetition 101
tcp_ping received 32 bytes back
Round trip time was 0.265576 milliseconds in repetition 102
tcp_ping received 32 bytes back
Round trip time was 0.312589 milliseconds in repetition 103
tcp_ping received 32 bytes back
Round trip time was 0.348253 milliseconds in repetition 104
tcp_ping received 32 bytes back
Round trip time was 0.325454 milliseconds in repetition 105
tcp_ping received 32 bytes back
Round trip time was 0.318147 milliseconds in repetition 106
tcp_ping received 32 bytes back
Round trip time was 0.31613 milliseconds in repetition 107
tcp_ping received 32 bytes back
Round trip time was 0.309425 milliseconds in repetition 108
tcp_ping received 32 bytes back
Round trip time was 0.310307 milliseconds in repetition 109
tcp_ping received 32 bytes back
Round trip time was 0.357189 milliseconds in repetition 110
tcp_ping received 32 bytes back
Round trip time was 0.310762 milliseconds in repetition 111
tcp_ping received 32 bytes back
Round trip time was 0.256587 milliseconds in repetition 112
tcp_ping received 32 bytes back
Round trip time was 0.281045 milliseconds in repetition 113
tcp_ping received 32 bytes back
Round trip time was 0.34586 milliseconds in repetition 114
tcp_ping received 32 bytes back
Round trip time was 0.305107 milliseconds in repetition 115
tcp_ping received 32 bytes back
Round trip time was 0.307252 milliseconds in repetition 116
tcp_ping received 32 bytes back
Round trip time was 0.309732 milliseconds in repetition 117
tcp_ping received 32 bytes back
Round trip time was 0.304258 milliseconds in repetition 118
tcp_ping received 32 bytes back
Round trip time was 0.314244 milliseconds in repetition 119
tcp_ping received 32 bytes back
Round trip time was 0.313631 milliseconds in repetition 120
tcp_ping received 32 bytes back
Round trip time was 0.395881 milliseconds in repetition 121
tcp_ping received 32 bytes back
Round trip time was 0.347005 milliseconds in repetition 122
tcp_ping received 32 bytes back
Round trip time was 0.322978 milliseconds in repetition 123
tcp_ping received 32 bytes back
Round trip time was 0.318443 milliseconds in repetition 124
tcp_ping received 32 bytes back
Round trip time was 0.313061 milliseconds in repetition 125
tcp_ping received 32 bytes back
Round trip time was 0.305174 milliseconds in repetition 126
tcp_ping received 32 bytes back
Round trip time was 0.326474 milliseconds in repetition 127
tcp_ping received 32 bytes back
Round trip time was 0.30811 milliseconds in repetition 128
tcp_ping received 32 bytes back
Round trip time was 0.444644 milliseconds in repetition 129
tcp_ping received 32 bytes back
Round trip time was 0.362308 milliseconds in repetition 130
tcp_ping received 32 bytes back
Round trip time was 0.325978 milliseconds in repetition 131
tcp_ping received 32 bytes back
Round trip time was 0.31425 milliseconds in repetition 132
tcp_ping received 32 bytes back
Round trip time was 0.407348 milliseconds in repetition 133
tcp_ping received 32 bytes back
Round trip time was 0.295211 milliseconds in repetition 134
tcp_ping received 32 bytes back
Round trip time was 0.337818 milliseconds in repetition 135
tcp_ping received 32 bytes back
Round trip time was 0.307811 milliseconds in repetition 136
tcp_ping received 32 bytes back
Round trip time was 0.258495 milliseconds in repetition 137
tcp_ping received 32 bytes back
Round trip time was 0.318974 milliseconds in repetition 138
tcp_ping received 32 bytes back
Round trip time was 0.353058 milliseconds in repetition 139
tcp_ping received 32 bytes back
Round trip time was 0.315319 milliseconds in repetition 140
tcp_ping received 32 bytes back
Round trip time was 0.314352 milliseconds in repetition 141
tcp_ping received 32 bytes back
Round trip time was 0.305944 milliseconds in repetition 142
tcp_ping received 32 bytes back
Round trip time was 0.313407 milliseconds in repetition 143
tcp_ping received 32 bytes back
Round trip time was 0.311796 milliseconds in repetition 144
tcp_ping received 32 bytes back
Round trip time was 0.333198 milliseconds in repetition 145
tcp_ping received 32 bytes back
Round trip time was 0.31403 milliseconds in repetition 146
tcp_ping received 32 bytes back
Round trip time was 0.324054 milliseconds in repetition 147
tcp_ping received 32 bytes back
Round trip time was 0.333181 milliseconds in repetition 148
tcp_ping received 32 bytes back
Round trip time was 0.297369 milliseconds in repetition 149
tcp_ping received 32 bytes back
Round trip time was 0.304001 milliseconds in repetition 150
tcp_ping received 32 bytes back
Round trip time was 0.313126 milliseconds in repetition 151
tcp_ping received 32 bytes back
Round trip time was 0.307699 milliseconds in repetition 152
tcp_ping received 32 bytes back
Round trip time was 0.327434 milliseconds in repetition 153
tcp_ping received 32 bytes back
Round trip time was 0.334197 milliseconds in repetition 154
tcp_ping received 32 bytes back
Round trip time was 0.310189 milliseconds in repetition 155
tcp_ping received 32 bytes back
Round trip time was 0.313346 milliseconds in repetition 156
tcp_ping received 32 bytes back
Round trip time was 0.308607 milliseconds in repetition 157
tcp_ping received 32 bytes back
Round trip time was 0.301782 milliseconds in repetition 158
tcp_ping received 32 bytes back
Round trip time was 0.320149 milliseconds in repetition 159
tcp_ping received 32 bytes back
Round trip time was 0.38199 milliseconds in repetition 160
tcp_ping received 32 bytes back
Round trip time was 0.281236 milliseconds in repetition 161
tcp_ping received 32 bytes back
Round trip time was 0.268134 milliseconds in repetition 162
tcp_ping received 32 bytes back
Round trip time was 0.313806 milliseconds in repetition 163
tcp_ping received 32 bytes back
Round trip time was 0.344801 milliseconds in repetition 164
tcp_ping received 32 bytes back
Round trip time was 0.308934 milliseconds in repetition 165
tcp_ping received 32 bytes back
Round trip time was 0.340915 milliseconds in repetition 166
tcp_ping received 32 bytes back
Round trip time was 0.319574 milliseconds in repetition 167
tcp_ping received 32 bytes back
Round trip time was 0.319477 milliseconds in repetition 168
tcp_ping received 32 bytes back
Round trip time was 0.330679 milliseconds in repetition 169
tcp_ping received 32 bytes back
Round trip time was 0.328555 milliseconds in repetition 170
tcp_ping received 32 bytes back
Round trip time was 0.31315 milliseconds in repetition 171
tcp_ping received 32 bytes back
Round trip time was 0.34374 milliseconds in repetition 172
tcp_ping received 32 bytes back
Round trip time was 0.314139 milliseconds in repetition 173
tcp_ping received 32 bytes back
Round trip time was 0.323638 milliseconds in repetition 174
tcp_ping received 32 bytes back
Round trip time was 0.312002 milliseconds in repetition 175
tcp_ping received 32 bytes back
Round trip time was 0.327853 milliseconds in repetition 176
tcp_ping received 32 bytes back
Round trip time was 0.346198 milliseconds in repetition 177
tcp_ping received 32 bytes back
Round trip time was 0.3242 milliseconds in repetition 178
tcp_ping received 32 bytes back
Round trip time was 0.27456 milliseconds in repetition 179
tcp_ping received 32 bytes back
Round trip time was 0.391912 milliseconds in repetition 180
tcp_ping received 32 bytes back
Round trip time was 0.264621 milliseconds in repetition 181
tcp_ping received 32 bytes back
Round trip time was 0.333104 milliseconds in repetition 182
tcp_ping received 32 bytes back
Round trip time was 0.31283 milliseconds in repetition 183
tcp_ping received 32 bytes back
Round trip time was 0.325837 milliseconds in repetition 184
tcp_ping received 32 bytes back
Round trip time was 0.353339 milliseconds in repetition 185
tcp_ping received 32 bytes back
Round trip time was 0.298142 milliseconds in repetition 186
tcp_ping received 32 bytes back
Round trip time was 0.321899 milliseconds in repetition 187
tcp_ping received 32 bytes back
Round trip time was 0.347231 milliseconds in repetition 188
tcp_ping received 32 bytes back
Round trip time was 0.315577 milliseconds in repetition 189
tcp_ping received 32 bytes back
Round trip time was 0.319742 milliseconds in repetition 190
tcp_ping received 32 bytes back
Round trip time was 0.315636 milliseconds in repetition 191
tcp_ping received 32 bytes back
Round trip time was 0.356841 milliseconds in repetition 192
tcp_ping received 32 bytes back
Round trip time was 0.35087 milliseconds in repetition 193
tcp_ping received 32 bytes back
Round trip time was 0.311423 milliseconds in repetition 194
tcp_ping received 32 bytes back
Round trip time was 0.311782 milliseconds in repetition 195
tcp_ping received 32 bytes back
Round trip time was 0.325714 milliseconds in repetition 196
tcp_ping received 32 bytes back
Round trip time was 0.360154 milliseconds in repetition 197
tcp_ping received 32 bytes back
Round trip time was 0.332419 milliseconds in repetition 198
tcp_ping received 32 bytes back
Round trip time was 0.317894 milliseconds in repetition 199
tcp_ping received 32 bytes back
Round trip time was 0.335026 milliseconds in repetition 200
tcp_ping received 32 bytes back
Round trip time was 0.311959 milliseconds in repetition 201
tcp_ping received 32 bytes back
Round trip time was 0.314553 milliseconds in repetition 202
tcp_ping received 32 bytes back
Round trip time was 0.315963 milliseconds in repetition 203
tcp_ping received 32 bytes back
Round trip time was 0.342091 milliseconds in repetition 204
tcp_ping received 32 bytes back
Round trip time was 0.314721 milliseconds in repetition 205
tcp_ping received 32 bytes back
Round trip time was 0.320434 milliseconds in repetition 206
tcp_ping received 32 bytes back
Round trip time was 0.327909 milliseconds in repetition 207
tcp_ping received 32 bytes back
Round trip time was 0.33111 milliseconds in repetition 208
tcp_ping received 32 bytes back
Round trip time was 0.327328 milliseconds in repetition 209
tcp_ping received 32 bytes back
Round trip time was 0.25803 milliseconds in repetition 210
tcp_ping received 32 bytes back
Round trip time was 0.245594 milliseconds in repetition 211
tcp_ping received 32 bytes back
Round trip time was 0.311349 milliseconds in repetition 212
tcp_ping received 32 bytes back
Round trip time was 0.32361 milliseconds in repetition 213
tcp_ping received 32 bytes back
Round trip time was 0.376995 milliseconds in repetition 214
tcp_ping received 32 bytes back
Round trip time was 0.326239 milliseconds in repetition 215
tcp_ping received 32 bytes back
Round trip time was 0.31837 milliseconds in repetition 216
tcp_ping received 32 bytes back
Round trip time was 0.33049 milliseconds in repetition 217
tcp_ping received 32 bytes back
Round trip time was 0.316496 milliseconds in repetition 218
tcp_ping received 32 bytes back
Round trip time was 0.324855 milliseconds in repetition 219
tcp_ping received 32 bytes back
Round trip time was 0.326029 milliseconds in repetition 220
tcp_ping received 32 bytes back
Round trip time was 0.313779 milliseconds in repetition 221
tcp_ping received 32 bytes back
Round trip time was 0.31915 milliseconds in repetition 222
tcp_ping received 32 bytes back
Round trip time was 0.30687 milliseconds in repetition 223
tcp_ping received 32 bytes back
Round trip time was 0.311884 milliseconds in repetition 224
tcp_ping received 32 bytes back
Round trip time was 0.343812 milliseconds in repetition 225
tcp_ping received 32 bytes back
Round trip time was 0.316798 milliseconds in repetition 226
tcp_ping received 32 bytes back
Round trip time was 0.311904 milliseconds in repetition 227
tcp_ping received 32 bytes back
Round trip time was 0.627703 milliseconds in repetition 228
tcp_ping received 32 bytes back
Round trip time was 0.323462 milliseconds in repetition 229
tcp_ping received 32 bytes back
Round trip time was 0.321904 milliseconds in repetition 230
tcp_ping received 32 bytes back
Round trip time was 0.320089 milliseconds in repetition 231
tcp_ping received 32 bytes back
Round trip time was 0.324919 milliseconds in repetition 232
tcp_ping received 32 bytes back
Round trip time was 0.323549 milliseconds in repetition 233
tcp_ping received 32 bytes back
Round trip time was 0.282323 milliseconds in repetition 234
tcp_ping received 32 bytes back
Round trip time was 0.257671 milliseconds in repetition 235
tcp_ping received 32 bytes back
Round trip time was 0.313457 milliseconds in repetition 236
tcp_ping received 32 bytes back
Round trip time was 0.319913 milliseconds in repetition 237
tcp_ping received 32 bytes back
Round trip time was 0.325476 milliseconds in repetition 238
tcp_ping received 32 bytes back
Round trip time was 0.317012 milliseconds in repetition 239
tcp_ping received 32 bytes back
Round trip time was 0.305074 milliseconds in repetition 240
tcp_ping received 32 bytes back
Round trip time was 0.338463 milliseconds in repetition 241
tcp_ping received 32 bytes back
Round trip time was 0.332021 milliseconds in repetition 242
tcp_ping received 32 bytes back
Round trip time was 0.324979 milliseconds in repetition 243
tcp_ping received 32 bytes back
Round trip time was 0.319888 milliseconds in repetition 244
tcp_ping received 32 bytes back
Round trip time was 0.585253 milliseconds in repetition 245
tcp_ping received 32 bytes back
Round trip time was 0.471506 milliseconds in repetition 246
tcp_ping received 32 bytes back
Round trip time was 0.433464 milliseconds in repetition 247
tcp_ping received 32 bytes back
Round trip time was 0.430013 milliseconds in repetition 248
tcp_ping received 32 bytes back
Round trip time was 0.461057 milliseconds in repetition 249
tcp_ping received 32 bytes back
Round trip time was 0.452894 milliseconds in repetition 250
tcp_ping received 32 bytes back
Round trip time was 0.466479 milliseconds in repetition 251
tcp_ping received 32 bytes back
Round trip time was 0.366076 milliseconds in repetition 252
tcp_ping received 32 bytes back
Round trip time was 0.325938 milliseconds in repetition 253
tcp_ping received 32 bytes back
Round trip time was 0.313541 milliseconds in repetition 254
tcp_ping received 32 bytes back
Round trip time was 0.41347 milliseconds in repetition 255
tcp_ping received 32 bytes back
Round trip time was 0.4017 milliseconds in repetition 256
tcp_ping received 32 bytes back
Round trip time was 0.397536 milliseconds in repetition 257
tcp_ping received 32 bytes back
Round trip time was 0.321771 milliseconds in repetition 258
tcp_ping received 32 bytes back
Round trip time was 0.315542 milliseconds in repetition 259
tcp_ping received 32 bytes back
Round trip time was 0.346328 milliseconds in repetition 260
tcp_ping received 32 bytes back
Round trip time was 0.34727 milliseconds in repetition 261
tcp_ping received 32 bytes back
Round trip time was 0.308128 milliseconds in repetition 262
tcp_ping received 32 bytes back
Round trip time was 0.35306 milliseconds in repetition 263
tcp_ping received 32 bytes back
Round trip time was 0.36234 milliseconds in repetition 264
tcp_ping received 32 bytes back
Round trip time was 0.325492 milliseconds in repetition 265
tcp_ping received 32 bytes back
Round trip time was 0.32404 milliseconds in repetition 266
tcp_ping received 32 bytes back
Round trip time was 0.31036 milliseconds in repetition 267
tcp_ping received 32 bytes back
Round trip time was 0.259168 milliseconds in repetition 268
tcp_ping received 32 bytes back
Round trip time was 0.309899 milliseconds in repetition 269
tcp_ping received 32 bytes back
Round trip time was 0.310884 milliseconds in repetition 270
tcp_ping received 32 bytes back
Round trip time was 0.312663 milliseconds in repetition 271
tcp_ping received 32 bytes back
Round trip time was 0.312314 milliseconds in repetition 272
tcp_ping received 32 bytes back
Round trip time was 0.347783 milliseconds in repetition 273
tcp_ping received 32 bytes back
Round trip time was 0.304344 milliseconds in repetition 274
tcp_ping received 32 bytes back
Round trip time was 0.308679 milliseconds in repetition 275
tcp_ping received 32 bytes back
Round trip time was 0.312517 milliseconds in repetition 276
tcp_ping received 32 bytes back
Round trip time was 0.311194 milliseconds in repetition 277
tcp_ping received 32 bytes back
Round trip time was 0.320628 milliseconds in repetition 278
tcp_ping received 32 bytes back
Round trip time was 0.313993 milliseconds in repetition 279
tcp_ping received 32 bytes back
Round trip time was 0.211044 milliseconds in repetition 280
tcp_ping received 32 bytes back
Round trip time was 0.252985 milliseconds in repetition 281
tcp_ping received 32 bytes back
Round trip time was 0.311433 milliseconds in repetition 282
tcp_ping received 32 bytes back
Round trip time was 0.305818 milliseconds in repetition 283
tcp_ping received 32 bytes back
Round trip time was 0.318084 milliseconds in repetition 284
tcp_ping received 32 bytes back
Round trip time was 0.445078 milliseconds in repetition 285
tcp_ping received 32 bytes back
Round trip time was 0.355125 milliseconds in repetition 286
tcp_ping received 32 bytes back
Round trip time was 0.326506 milliseconds in repetition 287
tcp_ping received 32 bytes back
Round trip time was 0.312063 milliseconds in repetition 288
tcp_ping received 32 bytes back
Round trip time was 0.334277 milliseconds in repetition 289
tcp_ping received 32 bytes back
Round trip time was 0.321371 milliseconds in repetition 290
tcp_ping received 32 bytes back
Round trip time was 0.316935 milliseconds in repetition 291
tcp_ping received 32 bytes back
Round trip time was 0.405005 milliseconds in repetition 292
tcp_ping received 32 bytes back
Round trip time was 0.329371 milliseconds in repetition 293
tcp_ping received 32 bytes back
Round trip time was 0.336586 milliseconds in repetition 294
tcp_ping received 32 bytes back
Round trip time was 0.326724 milliseconds in repetition 295
tcp_ping received 32 bytes back
Round trip time was 0.333772 milliseconds in repetition 296
tcp_ping received 32 bytes back
Round trip time was 0.309339 milliseconds in repetition 297
tcp_ping received 32 bytes back
Round trip time was 0.351379 milliseconds in repetition 298
tcp_ping received 32 bytes back
Round trip time was 0.320673 milliseconds in repetition 299
tcp_ping received 32 bytes back
Round trip time was 0.312105 milliseconds in repetition 300
tcp_ping received 32 bytes back
Round trip time was 0.311455 milliseconds in repetition 301
tcp_ping received 32 bytes back
Round trip time was 0.303222 milliseconds in repetition 302
tcp_ping received 32 bytes back
Round trip time was 0.308267 milliseconds in repetition 303
tcp_ping received 32 bytes back
Round trip time was 0.269661 milliseconds in repetition 304
tcp_ping received 32 bytes back
Round trip time was 0.27387 milliseconds in repetition 305
tcp_ping received 32 bytes back
Round trip time was 0.348114 milliseconds in repetition 306
tcp_ping received 32 bytes back
Round trip time was 0.394014 milliseconds in repetition 307
tcp_ping received 32 bytes back
Round trip time was 0.495963 milliseconds in repetition 308
tcp_ping received 32 bytes back
Round trip time was 0.341592 milliseconds in repetition 309
tcp_ping received 32 bytes back
Round trip time was 0.309374 milliseconds in repetition 310
tcp_ping received 32 bytes back
Round trip time was 0.310922 milliseconds in repetition 311
tcp_ping received 32 bytes back
Round trip time was 0.315329 milliseconds in repetition 312
tcp_ping received 32 bytes back
Round trip time was 0.293104 milliseconds in repetition 313
tcp_ping received 32 bytes back
Round trip time was 0.315846 milliseconds in repetition 314
tcp_ping received 32 bytes back
Round trip time was 0.328889 milliseconds in repetition 315
tcp_ping received 32 bytes back
Round trip time was 0.386189 milliseconds in repetition 316
tcp_ping received 32 bytes back
Round trip time was 0.377063 milliseconds in repetition 317
tcp_ping received 32 bytes back
Round trip time was 0.312637 milliseconds in repetition 318
tcp_ping received 32 bytes back
Round trip time was 0.327455 milliseconds in repetition 319
tcp_ping received 32 bytes back
Round trip time was 0.323447 milliseconds in repetition 320
tcp_ping received 32 bytes back
Round trip time was 0.330742 milliseconds in repetition 321
tcp_ping received 32 bytes back
Round trip time was 0.3147 milliseconds in repetition 322
tcp_ping received 32 bytes back
Round trip time was 0.334009 milliseconds in repetition 323
tcp_ping received 32 bytes back
Round trip time was 0.443687 milliseconds in repetition 324
tcp_ping received 32 bytes back
Round trip time was 0.318142 milliseconds in repetition 325
tcp_ping received 32 bytes back
Round trip time was 0.318562 milliseconds in repetition 326
tcp_ping received 32 bytes back
Round trip time was 0.312087 milliseconds in repetition 327
tcp_ping received 32 bytes back
Round trip time was 0.612578 milliseconds in repetition 328
tcp_ping received 32 bytes back
Round trip time was 0.973647 milliseconds in repetition 329
tcp_ping received 32 bytes back
Round trip time was 0.331237 milliseconds in repetition 330
tcp_ping received 32 bytes back
Round trip time was 0.327339 milliseconds in repetition 331
tcp_ping received 32 bytes back
Round trip time was 0.382452 milliseconds in repetition 332
tcp_ping received 32 bytes back
Round trip time was 0.528328 milliseconds in repetition 333
tcp_ping received 32 bytes back
Round trip time was 0.606141 milliseconds in repetition 334
tcp_ping received 32 bytes back
Round trip time was 0.338893 milliseconds in repetition 335
tcp_ping received 32 bytes back
Round trip time was 0.315803 milliseconds in repetition 336
tcp_ping received 32 bytes back
Round trip time was 0.591517 milliseconds in repetition 337
tcp_ping received 32 bytes back
Round trip time was 0.393702 milliseconds in repetition 338
tcp_ping received 32 bytes back
Round trip time was 0.34301 milliseconds in repetition 339
tcp_ping received 32 bytes back
Round trip time was 0.290451 milliseconds in repetition 340
tcp_ping received 32 bytes back
Round trip time was 0.351534 milliseconds in repetition 341
tcp_ping received 32 bytes back
Round trip time was 0.346362 milliseconds in repetition 342
tcp_ping received 32 bytes back
Round trip time was 0.336544 milliseconds in repetition 343
tcp_ping received 32 bytes back
Round trip time was 0.249673 milliseconds in repetition 344
tcp_ping received 32 bytes back
Round trip time was 0.31409 milliseconds in repetition 345
tcp_ping received 32 bytes back
Round trip time was 0.477739 milliseconds in repetition 346
tcp_ping received 32 bytes back
Round trip time was 0.266088 milliseconds in repetition 347
tcp_ping received 32 bytes back
Round trip time was 0.256191 milliseconds in repetition 348
tcp_ping received 32 bytes back
Round trip time was 0.24846 milliseconds in repetition 349
tcp_ping received 32 bytes back
Round trip time was 0.292246 milliseconds in repetition 350
tcp_ping received 32 bytes back
Round trip time was 0.279777 milliseconds in repetition 351
tcp_ping received 32 bytes back
Round trip time was 0.415789 milliseconds in repetition 352
tcp_ping received 32 bytes back
Round trip time was 0.355371 milliseconds in repetition 353
tcp_ping received 32 bytes back
Round trip time was 0.32528 milliseconds in repetition 354
tcp_ping received 32 bytes back
Round trip time was 0.325015 milliseconds in repetition 355
tcp_ping received 32 bytes back
Round trip time was 0.333038 milliseconds in repetition 356
tcp_ping received 32 bytes back
Round trip time was 0.296779 milliseconds in repetition 357
tcp_ping received 32 bytes back
Round trip time was 0.324152 milliseconds in repetition 358
tcp_ping received 32 bytes back
Round trip time was 0.320762 milliseconds in repetition 359
tcp_ping received 32 bytes back
Round trip time was 0.329097 milliseconds in repetition 360
tcp_ping received 32 bytes back
Round trip time was 0.320414 milliseconds in repetition 361
tcp_ping received 32 bytes back
Round trip time was 0.339468 milliseconds in repetition 362
tcp_ping received 32 bytes back
Round trip time was 0.340135 milliseconds in repetition 363
tcp_ping received 32 bytes back
Round trip time was 0.327614 milliseconds in repetition 364
tcp_ping received 32 bytes back
Round trip time was 0.334464 milliseconds in repetition 365
tcp_ping received 32 bytes back
Round trip time was 0.315562 milliseconds in repetition 366
tcp_ping received 32 bytes back
Round trip time was 0.321397 milliseconds in repetition 367
tcp_ping received 32 bytes back
Round trip time was 0.315949 milliseconds in repetition 368
tcp_ping received 32 bytes back
Round trip time was 0.343985 milliseconds in repetition 369
tcp_ping received 32 bytes back
Round trip time was 0.402249 milliseconds in repetition 370
tcp_ping received 32 bytes back
Round trip time was 0.275366 milliseconds in repetition 371
tcp_ping received 32 bytes back
Round trip time was 0.269879 milliseconds in repetition 372
tcp_ping received 32 bytes back
Round trip time was 0.405181 milliseconds in repetition 373
tcp_ping received 32 bytes back
Round trip time was 0.322166 milliseconds in repetition 374
tcp_ping received 32 bytes back
Round trip time was 0.362586 milliseconds in repetition 375
tcp_ping received 32 bytes back
Round trip time was 0.336595 milliseconds in repetition 376
tcp_ping received 32 bytes back
Round trip time was 0.334877 milliseconds in repetition 377
tcp_ping received 32 bytes back
Round trip time was 0.339967 milliseconds in repetition 378
tcp_ping received 32 bytes back
Round trip time was 0.333345 milliseconds in repetition 379
tcp_ping received 32 bytes back
Round trip time was 0.335228 milliseconds in repetition 380
tcp_ping received 32 bytes back
Round trip time was 0.342399 milliseconds in repetition 381
tcp_ping received 32 bytes back
Round trip time was 0.319677 milliseconds in repetition 382
tcp_ping received 32 bytes back
Round trip time was 0.333355 milliseconds in repetition 383
tcp_ping received 32 bytes back
Round trip time was 0.328006 milliseconds in repetition 384
tcp_ping received 32 bytes back
Round trip time was 0.33941 milliseconds in repetition 385
tcp_ping received 32 bytes back
Round trip time was 0.313829 milliseconds in repetition 386
tcp_ping received 32 bytes back
Round trip time was 0.318952 milliseconds in repetition 387
tcp_ping received 32 bytes back
Round trip time was 0.418962 milliseconds in repetition 388
tcp_ping received 32 bytes back
Round trip time was 0.469439 milliseconds in repetition 389
tcp_ping received 32 bytes back
Round trip time was 0.322514 milliseconds in repetition 390
tcp_ping received 32 bytes back
Round trip time was 0.323206 milliseconds in repetition 391
tcp_ping received 32 bytes back
Round trip time was 0.337569 milliseconds in repetition 392
tcp_ping received 32 bytes back
Round trip time was 0.307612 milliseconds in repetition 393
tcp_ping received 32 bytes back
Round trip time was 0.305922 milliseconds in repetition 394
tcp_ping received 32 bytes back
Round trip time was 0.253758 milliseconds in repetition 395
tcp_ping received 32 bytes back
Round trip time was 0.305028 milliseconds in repetition 396
tcp_ping received 32 bytes back
Round trip time was 0.31052 milliseconds in repetition 397
tcp_ping received 32 bytes back
Round trip time was 0.305602 milliseconds in repetition 398
tcp_ping received 32 bytes back
Round trip time was 0.31581 milliseconds in repetition 399
tcp_ping received 32 bytes back
Round trip time was 0.656871 milliseconds in repetition 400
tcp_ping received 32 bytes back
Round trip time was 0.566797 milliseconds in repetition 401
tcp_ping received 32 bytes back
Round trip time was 0.299002 milliseconds in repetition 402
tcp_ping received 32 bytes back
Round trip time was 0.316976 milliseconds in repetition 403
tcp_ping received 32 bytes back
Round trip time was 0.328163 milliseconds in repetition 404
tcp_ping received 32 bytes back
Round trip time was 0.354569 milliseconds in repetition 405
tcp_ping received 32 bytes back
Round trip time was 0.337828 milliseconds in repetition 406
tcp_ping received 32 bytes back
Round trip time was 0.352595 milliseconds in repetition 407
tcp_ping received 32 bytes back
Round trip time was 0.329334 milliseconds in repetition 408
tcp_ping received 32 bytes back
Round trip time was 0.310493 milliseconds in repetition 409
tcp_ping received 32 bytes back
Round trip time was 0.322767 milliseconds in repetition 410
tcp_ping received 32 bytes back
Round trip time was 0.314405 milliseconds in repetition 411
tcp_ping received 32 bytes back
Round trip time was 0.425249 milliseconds in repetition 412
tcp_ping received 32 bytes back
Round trip time was 0.356219 milliseconds in repetition 413
tcp_ping received 32 bytes back
Round trip time was 0.324833 milliseconds in repetition 414
tcp_ping received 32 bytes back
Round trip time was 0.332481 milliseconds in repetition 415
tcp_ping received 32 bytes back
Round trip time was 0.32365 milliseconds in repetition 416
tcp_ping received 32 bytes back
Round trip time was 0.293215 milliseconds in repetition 417
tcp_ping received 32 bytes back
Round trip time was 0.256976 milliseconds in repetition 418
tcp_ping received 32 bytes back
Round trip time was 0.314911 milliseconds in repetition 419
tcp_ping received 32 bytes back
Round trip time was 0.325515 milliseconds in repetition 420
tcp_ping received 32 bytes back
Round trip time was 0.321617 milliseconds in repetition 421
tcp_ping received 32 bytes back
Round trip time was 0.303499 milliseconds in repetition 422
tcp_ping received 32 bytes back
Round trip time was 0.313484 milliseconds in repetition 423
tcp_ping received 32 bytes back
Round trip time was 0.31404 milliseconds in repetition 424
tcp_ping received 32 bytes back
Round trip time was 0.339196 milliseconds in repetition 425
tcp_ping received 32 bytes back
Round trip time was 0.309035 milliseconds in repetition 426
tcp_ping received 32 bytes back
Round trip time was 0.311682 milliseconds in repetition 427
tcp_ping received 32 bytes back
Round trip time was 0.307641 milliseconds in repetition 428
tcp_ping received 32 bytes back
Round trip time was 0.350683 milliseconds in repetition 429
tcp_ping received 32 bytes back
Round trip time was 0.320282 milliseconds in repetition 430
tcp_ping received 32 bytes back
Round trip time was 0.307925 milliseconds in repetition 431
tcp_ping received 32 bytes back
Round trip time was 0.314069 milliseconds in repetition 432
tcp_ping received 32 bytes back
Round trip time was 0.326371 milliseconds in repetition 433
tcp_ping received 32 bytes back
Round trip time was 0.310094 milliseconds in repetition 434
tcp_ping received 32 bytes back
Round trip time was 0.323111 milliseconds in repetition 435
tcp_ping received 32 bytes back
Round trip time was 0.325988 milliseconds in repetition 436
tcp_ping received 32 bytes back
Round trip time was 0.32173 milliseconds in repetition 437
tcp_ping received 32 bytes back
Round trip time was 0.305446 milliseconds in repetition 438
tcp_ping received 32 bytes back
Round trip time was 0.421217 milliseconds in repetition 439
tcp_ping received 32 bytes back
Round trip time was 0.316882 milliseconds in repetition 440
tcp_ping received 32 bytes back
Round trip time was 0.310334 milliseconds in repetition 441
tcp_ping received 32 bytes back
Round trip time was 0.256351 milliseconds in repetition 442
tcp_ping received 32 bytes back
Round trip time was 0.254914 milliseconds in repetition 443
tcp_ping received 32 bytes back
Round trip time was 0.331239 milliseconds in repetition 444
tcp_ping received 32 bytes back
Round trip time was 0.360677 milliseconds in repetition 445
tcp_ping received 32 bytes back
Round trip time was 0.308254 milliseconds in repetition 446
tcp_ping received 32 bytes back
Round trip time was 0.317977 milliseconds in repetition 447
tcp_ping received 32 bytes back
Round trip time was 0.316376 milliseconds in repetition 448
tcp_ping received 32 bytes back
Round trip time was 0.337149 milliseconds in repetition 449
tcp_ping received 32 bytes back
Round trip time was 0.326448 milliseconds in repetition 450
tcp_ping received 32 bytes back
Round trip time was 0.345876 milliseconds in repetition 451
tcp_ping received 32 bytes back
Round trip time was 0.348861 milliseconds in repetition 452
tcp_ping received 32 bytes back
Round trip time was 0.351052 milliseconds in repetition 453
tcp_ping received 32 bytes back
Round trip time was 0.311703 milliseconds in repetition 454
tcp_ping received 32 bytes back
Round trip time was 0.314794 milliseconds in repetition 455
tcp_ping received 32 bytes back
Round trip time was 0.316739 milliseconds in repetition 456
tcp_ping received 32 bytes back
Round trip time was 0.312089 milliseconds in repetition 457
tcp_ping received 32 bytes back
Round trip time was 0.313094 milliseconds in repetition 458
tcp_ping received 32 bytes back
Round trip time was 0.311377 milliseconds in repetition 459
tcp_ping received 32 bytes back
Round trip time was 0.3227 milliseconds in repetition 460
tcp_ping received 32 bytes back
Round trip time was 0.312724 milliseconds in repetition 461
tcp_ping received 32 bytes back
Round trip time was 0.305783 milliseconds in repetition 462
tcp_ping received 32 bytes back
Round trip time was 0.323577 milliseconds in repetition 463
tcp_ping received 32 bytes back
Round trip time was 0.317854 milliseconds in repetition 464
tcp_ping received 32 bytes back
Round trip time was 0.352589 milliseconds in repetition 465
tcp_ping received 32 bytes back
Round trip time was 0.317035 milliseconds in repetition 466
tcp_ping received 32 bytes back
Round trip time was 0.265204 milliseconds in repetition 467
tcp_ping received 32 bytes back
Round trip time was 0.25984 milliseconds in repetition 468
tcp_ping received 32 bytes back
Round trip time was 0.320855 milliseconds in repetition 469
tcp_ping received 32 bytes back
Round trip time was 0.312743 milliseconds in repetition 470
tcp_ping received 32 bytes back
Round trip time was 0.330412 milliseconds in repetition 471
tcp_ping received 32 bytes back
Round trip time was 0.328809 milliseconds in repetition 472
tcp_ping received 32 bytes back
Round trip time was 0.395694 milliseconds in repetition 473
tcp_ping received 32 bytes back
Round trip time was 0.321407 milliseconds in repetition 474
tcp_ping received 32 bytes back
Round trip time was 0.317662 milliseconds in repetition 475
tcp_ping received 32 bytes back
Round trip time was 0.316098 milliseconds in repetition 476
tcp_ping received 32 bytes back
Round trip time was 0.320851 milliseconds in repetition 477
tcp_ping received 32 bytes back
Round trip time was 0.315314 milliseconds in repetition 478
tcp_ping received 32 bytes back
Round trip time was 0.372886 milliseconds in repetition 479
tcp_ping received 32 bytes back
Round trip time was 0.530136 milliseconds in repetition 480
tcp_ping received 32 bytes back
Round trip time was 0.337175 milliseconds in repetition 481
tcp_ping received 32 bytes back
Round trip time was 0.313757 milliseconds in repetition 482
tcp_ping received 32 bytes back
Round trip time was 0.310502 milliseconds in repetition 483
tcp_ping received 32 bytes back
Round trip time was 0.311814 milliseconds in repetition 484
tcp_ping received 32 bytes back
Round trip time was 0.311377 milliseconds in repetition 485
tcp_ping received 32 bytes back
Round trip time was 0.302679 milliseconds in repetition 486
tcp_ping received 32 bytes back
Round trip time was 0.314235 milliseconds in repetition 487
tcp_ping received 32 bytes back
Round trip time was 0.314021 milliseconds in repetition 488
tcp_ping received 32 bytes back
Round trip time was 0.313867 milliseconds in repetition 489
tcp_ping received 32 bytes back
Round trip time was 0.332151 milliseconds in repetition 490
tcp_ping received 32 bytes back
Round trip time was 0.265061 milliseconds in repetition 491
tcp_ping received 32 bytes back
Round trip time was 0.25378 milliseconds in repetition 492
tcp_ping received 32 bytes back
Round trip time was 0.317295 milliseconds in repetition 493
tcp_ping received 32 bytes back
Round trip time was 0.301892 milliseconds in repetition 494
tcp_ping received 32 bytes back
Round trip time was 0.312898 milliseconds in repetition 495
tcp_ping received 32 bytes back
Round trip time was 0.309799 milliseconds in repetition 496
tcp_ping received 32 bytes back
Round trip time was 0.336993 milliseconds in repetition 497
tcp_ping received 32 bytes back
Round trip time was 0.316718 milliseconds in repetition 498
tcp_ping received 32 bytes back
Round trip time was 0.315092 milliseconds in repetition 499
tcp_ping received 32 bytes back
Round trip time was 0.312088 milliseconds in repetition 500
tcp_ping received 32 bytes back
Round trip time was 0.323038 milliseconds in repetition 501

 ... clock resolution was 1e-06
TCP Ping:  Statistics over 501 repetitions of 32 byte messages

RTT : percentile 10: 0.301892, median: 0.321407, percentile 90: 0.452894, average: 0.359625, variance: 0.0177987

RTT histogram:
0.206682 7
0.293518 345
0.380353 90
0.467188 16
0.554023 5
0.640858 21
0.727693 8
0.814528 5
0.901363 1
0.988198 2
1.07503 0
1.16187 0
1.2487 0
1.33554 0
1.42237 0
1.50921 0
1.59604 0
1.68288 0
1.76971 0
1.85655 0
1.94338 1

   median Throughput : 199.124 KB/s   overall Throughput : 177.963 KB/s

