TCP Ping trying to connect to server seti.dibris.unige.it (130.251.61.30) on port 1491
 ... connected to Pong server: asking for 501 repetitions of 393216 bytes TCP messages
 ... Pong server agreed :-)
tcp_ping received 393216 bytes back
Round trip time was 37.8845 milliseconds in repetition 1
tcp_ping received 393216 bytes back
Round trip time was 11.0728 milliseconds in repetition 2
tcp_ping received 393216 bytes back
Round trip time was -990.194 milliseconds in repetition 3
tcp_ping received 393216 bytes back
Round trip time was 9.32269 milliseconds in repetition 4
tcp_ping received 393216 bytes back
Round trip time was 9.08863 milliseconds in repetition 5
tcp_ping received 393216 bytes back
Round trip time was 7.96381 milliseconds in repetition 6
tcp_ping received 393216 bytes back
Round trip time was 8.69142 milliseconds in repetition 7
tcp_ping received 393216 bytes back
Round trip time was 8.24668 milliseconds in repetition 8
tcp_ping received 393216 bytes back
Round trip time was 7.96777 milliseconds in repetition 9
tcp_ping received 393216 bytes back
Round trip time was 9.02658 milliseconds in repetition 10
tcp_ping received 393216 bytes back
Round trip time was 7.84754 milliseconds in repetition 11
tcp_ping received 393216 bytes back
Round trip time was 9.4907 milliseconds in repetition 12
tcp_ping received 393216 bytes back
Round trip time was 7.68948 milliseconds in repetition 13
tcp_ping received 393216 bytes back
Round trip time was 7.95129 milliseconds in repetition 14
tcp_ping received 393216 bytes back
Round trip time was 8.05579 milliseconds in repetition 15
tcp_ping received 393216 bytes back
Round trip time was 9.49498 milliseconds in repetition 16
tcp_ping received 393216 bytes back
Round trip time was 8.58268 milliseconds in repetition 17
tcp_ping received 393216 bytes back
Round trip time was 8.88928 milliseconds in repetition 18
tcp_ping received 393216 bytes back
Round trip time was 9.79119 milliseconds in repetition 19
tcp_ping received 393216 bytes back
Round trip time was 7.90438 milliseconds in repetition 20
tcp_ping received 393216 bytes back
Round trip time was 7.75717 milliseconds in repetition 21
tcp_ping received 393216 bytes back
Round trip time was 8.50766 milliseconds in repetition 22
tcp_ping received 393216 bytes back
Round trip time was 7.35369 milliseconds in repetition 23
tcp_ping received 393216 bytes back
Round trip time was 9.96657 milliseconds in repetition 24
tcp_ping received 393216 bytes back
Round trip time was 8.4915 milliseconds in repetition 25
tcp_ping received 393216 bytes back
Round trip time was 8.31313 milliseconds in repetition 26
tcp_ping received 393216 bytes back
Round trip time was 7.97596 milliseconds in repetition 27
tcp_ping received 393216 bytes back
Round trip time was 7.50524 milliseconds in repetition 28
tcp_ping received 393216 bytes back
Round trip time was 10.3992 milliseconds in repetition 29
tcp_ping received 393216 bytes back
Round trip time was 8.56497 milliseconds in repetition 30
tcp_ping received 393216 bytes back
Round trip time was 8.2669 milliseconds in repetition 31
tcp_ping received 393216 bytes back
Round trip time was 7.67495 milliseconds in repetition 32
tcp_ping received 393216 bytes back
Round trip time was 7.7516 milliseconds in repetition 33
tcp_ping received 393216 bytes back
Round trip time was 7.71315 milliseconds in repetition 34
tcp_ping received 393216 bytes back
Round trip time was 10.3503 milliseconds in repetition 35
tcp_ping received 393216 bytes back
Round trip time was 9.15705 milliseconds in repetition 36
tcp_ping received 393216 bytes back
Round trip time was 8.27077 milliseconds in repetition 37
tcp_ping received 393216 bytes back
Round trip time was 8.56258 milliseconds in repetition 38
tcp_ping received 393216 bytes back
Round trip time was 7.6599 milliseconds in repetition 39
tcp_ping received 393216 bytes back
Round trip time was 7.61624 milliseconds in repetition 40
tcp_ping received 393216 bytes back
Round trip time was 10.3338 milliseconds in repetition 41
tcp_ping received 393216 bytes back
Round trip time was 8.51324 milliseconds in repetition 42
tcp_ping received 393216 bytes back
Round trip time was 10.1833 milliseconds in repetition 43
tcp_ping received 393216 bytes back
Round trip time was 10.8851 milliseconds in repetition 44
tcp_ping received 393216 bytes back
Round trip time was 10.8846 milliseconds in repetition 45
tcp_ping received 393216 bytes back
Round trip time was 9.5542 milliseconds in repetition 46
tcp_ping received 393216 bytes back
Round trip time was 9.31685 milliseconds in repetition 47
tcp_ping received 393216 bytes back
Round trip time was 8.19133 milliseconds in repetition 48
tcp_ping received 393216 bytes back
Round trip time was 7.87672 milliseconds in repetition 49
tcp_ping received 393216 bytes back
Round trip time was 7.85387 milliseconds in repetition 50
tcp_ping received 393216 bytes back
Round trip time was 8.11257 milliseconds in repetition 51
tcp_ping received 393216 bytes back
Round trip time was 10.3328 milliseconds in repetition 52
tcp_ping received 393216 bytes back
Round trip time was 8.79271 milliseconds in repetition 53
tcp_ping received 393216 bytes back
Round trip time was 8.30234 milliseconds in repetition 54
tcp_ping received 393216 bytes back
Round trip time was 7.93443 milliseconds in repetition 55
tcp_ping received 393216 bytes back
Round trip time was 8.06168 milliseconds in repetition 56
tcp_ping received 393216 bytes back
Round trip time was 8.27287 milliseconds in repetition 57
tcp_ping received 393216 bytes back
Round trip time was 8.83686 milliseconds in repetition 58
tcp_ping received 393216 bytes back
Round trip time was 7.98021 milliseconds in repetition 59
tcp_ping received 393216 bytes back
Round trip time was 7.95084 milliseconds in repetition 60
tcp_ping received 393216 bytes back
Round trip time was 8.23702 milliseconds in repetition 61
tcp_ping received 393216 bytes back
Round trip time was 8.61737 milliseconds in repetition 62
tcp_ping received 393216 bytes back
Round trip time was 8.14853 milliseconds in repetition 63
tcp_ping received 393216 bytes back
Round trip time was 8.02415 milliseconds in repetition 64
tcp_ping received 393216 bytes back
Round trip time was 8.36393 milliseconds in repetition 65
tcp_ping received 393216 bytes back
Round trip time was 8.0238 milliseconds in repetition 66
tcp_ping received 393216 bytes back
Round trip time was 8.32534 milliseconds in repetition 67
tcp_ping received 393216 bytes back
Round trip time was 10.4502 milliseconds in repetition 68
tcp_ping received 393216 bytes back
Round trip time was 9.24769 milliseconds in repetition 69
tcp_ping received 393216 bytes back
Round trip time was 8.35976 milliseconds in repetition 70
tcp_ping received 393216 bytes back
Round trip time was 8.72305 milliseconds in repetition 71
tcp_ping received 393216 bytes back
Round trip time was 8.35099 milliseconds in repetition 72
tcp_ping received 393216 bytes back
Round trip time was 7.98743 milliseconds in repetition 73
tcp_ping received 393216 bytes back
Round trip time was 8.19826 milliseconds in repetition 74
tcp_ping received 393216 bytes back
Round trip time was 8.24611 milliseconds in repetition 75
tcp_ping received 393216 bytes back
Round trip time was 10.1501 milliseconds in repetition 76
tcp_ping received 393216 bytes back
Round trip time was 8.55915 milliseconds in repetition 77
tcp_ping received 393216 bytes back
Round trip time was 9.63204 milliseconds in repetition 78
tcp_ping received 393216 bytes back
Round trip time was 8.11273 milliseconds in repetition 79
tcp_ping received 393216 bytes back
Round trip time was 8.27501 milliseconds in repetition 80
tcp_ping received 393216 bytes back
Round trip time was 8.20277 milliseconds in repetition 81
tcp_ping received 393216 bytes back
Round trip time was 7.88204 milliseconds in repetition 82
tcp_ping received 393216 bytes back
Round trip time was 9.91172 milliseconds in repetition 83
tcp_ping received 393216 bytes back
Round trip time was 9.27803 milliseconds in repetition 84
tcp_ping received 393216 bytes back
Round trip time was 8.20464 milliseconds in repetition 85
tcp_ping received 393216 bytes back
Round trip time was 9.54505 milliseconds in repetition 86
tcp_ping received 393216 bytes back
Round trip time was 8.90557 milliseconds in repetition 87
tcp_ping received 393216 bytes back
Round trip time was 8.09547 milliseconds in repetition 88
tcp_ping received 393216 bytes back
Round trip time was 8.12753 milliseconds in repetition 89
tcp_ping received 393216 bytes back
Round trip time was 10.5641 milliseconds in repetition 90
tcp_ping received 393216 bytes back
Round trip time was 9.18132 milliseconds in repetition 91
tcp_ping received 393216 bytes back
Round trip time was 10.0057 milliseconds in repetition 92
tcp_ping received 393216 bytes back
Round trip time was 10.2529 milliseconds in repetition 93
tcp_ping received 393216 bytes back
Round trip time was 9.63648 milliseconds in repetition 94
tcp_ping received 393216 bytes back
Round trip time was 8.02237 milliseconds in repetition 95
tcp_ping received 393216 bytes back
Round trip time was 7.73128 milliseconds in repetition 96
tcp_ping received 393216 bytes back
Round trip time was 7.84779 milliseconds in repetition 97
tcp_ping received 393216 bytes back
Round trip time was 7.62714 milliseconds in repetition 98
tcp_ping received 393216 bytes back
Round trip time was 8.10583 milliseconds in repetition 99
tcp_ping received 393216 bytes back
Round trip time was 7.88041 milliseconds in repetition 100
tcp_ping received 393216 bytes back
Round trip time was 10.8017 milliseconds in repetition 101
tcp_ping received 393216 bytes back
Round trip time was 11.1196 milliseconds in repetition 102
tcp_ping received 393216 bytes back
Round trip time was 9.32357 milliseconds in repetition 103
tcp_ping received 393216 bytes back
Round trip time was 13.2305 milliseconds in repetition 104
tcp_ping received 393216 bytes back
Round trip time was 15.0287 milliseconds in repetition 105
tcp_ping received 393216 bytes back
Round trip time was 10.0506 milliseconds in repetition 106
tcp_ping received 393216 bytes back
Round trip time was 13.463 milliseconds in repetition 107
tcp_ping received 393216 bytes back
Round trip time was 9.17279 milliseconds in repetition 108
tcp_ping received 393216 bytes back
Round trip time was 8.16901 milliseconds in repetition 109
tcp_ping received 393216 bytes back
Round trip time was 8.14952 milliseconds in repetition 110
tcp_ping received 393216 bytes back
Round trip time was 7.95167 milliseconds in repetition 111
tcp_ping received 393216 bytes back
Round trip time was 8.1391 milliseconds in repetition 112
tcp_ping received 393216 bytes back
Round trip time was 7.69207 milliseconds in repetition 113
tcp_ping received 393216 bytes back
Round trip time was 7.36211 milliseconds in repetition 114
tcp_ping received 393216 bytes back
Round trip time was 7.8252 milliseconds in repetition 115
tcp_ping received 393216 bytes back
Round trip time was 8.14389 milliseconds in repetition 116
tcp_ping received 393216 bytes back
Round trip time was -990.482 milliseconds in repetition 117
tcp_ping received 393216 bytes back
Round trip time was 8.1718 milliseconds in repetition 118
tcp_ping received 393216 bytes back
Round trip time was 8.14728 milliseconds in repetition 119
tcp_ping received 393216 bytes back
Round trip time was 8.58146 milliseconds in repetition 120
tcp_ping received 393216 bytes back
Round trip time was 7.59276 milliseconds in repetition 121
tcp_ping received 393216 bytes back
Round trip time was 10.0751 milliseconds in repetition 122
tcp_ping received 393216 bytes back
Round trip time was 8.17733 milliseconds in repetition 123
tcp_ping received 393216 bytes back
Round trip time was 7.80258 milliseconds in repetition 124
tcp_ping received 393216 bytes back
Round trip time was 8.03627 milliseconds in repetition 125
tcp_ping received 393216 bytes back
Round trip time was 7.70967 milliseconds in repetition 126
tcp_ping received 393216 bytes back
Round trip time was 8.43563 milliseconds in repetition 127
tcp_ping received 393216 bytes back
Round trip time was 10.1597 milliseconds in repetition 128
tcp_ping received 393216 bytes back
Round trip time was 8.60833 milliseconds in repetition 129
tcp_ping received 393216 bytes back
Round trip time was 9.42196 milliseconds in repetition 130
tcp_ping received 393216 bytes back
Round trip time was 9.50684 milliseconds in repetition 131
tcp_ping received 393216 bytes back
Round trip time was 7.93225 milliseconds in repetition 132
tcp_ping received 393216 bytes back
Round trip time was 8.11724 milliseconds in repetition 133
tcp_ping received 393216 bytes back
Round trip time was 7.60244 milliseconds in repetition 134
tcp_ping received 393216 bytes back
Round trip time was 9.29877 milliseconds in repetition 135
tcp_ping received 393216 bytes back
Round trip time was 8.76569 milliseconds in repetition 136
tcp_ping received 393216 bytes back
Round trip time was 9.21227 milliseconds in repetition 137
tcp_ping received 393216 bytes back
Round trip time was 8.94825 milliseconds in repetition 138
tcp_ping received 393216 bytes back
Round trip time was 8.401 milliseconds in repetition 139
tcp_ping received 393216 bytes back
Round trip time was 8.1917 milliseconds in repetition 140
tcp_ping received 393216 bytes back
Round trip time was 7.61965 milliseconds in repetition 141
tcp_ping received 393216 bytes back
Round trip time was 9.72316 milliseconds in repetition 142
tcp_ping received 393216 bytes back
Round trip time was 8.59415 milliseconds in repetition 143
tcp_ping received 393216 bytes back
Round trip time was 8.49814 milliseconds in repetition 144
tcp_ping received 393216 bytes back
Round trip time was 8.11204 milliseconds in repetition 145
tcp_ping received 393216 bytes back
Round trip time was 7.4692 milliseconds in repetition 146
tcp_ping received 393216 bytes back
Round trip time was 7.64347 milliseconds in repetition 147
tcp_ping received 393216 bytes back
Round trip time was 8.11853 milliseconds in repetition 148
tcp_ping received 393216 bytes back
Round trip time was 8.36552 milliseconds in repetition 149
tcp_ping received 393216 bytes back
Round trip time was 7.77375 milliseconds in repetition 150
tcp_ping received 393216 bytes back
Round trip time was 8.32093 milliseconds in repetition 151
tcp_ping received 393216 bytes back
Round trip time was 8.24311 milliseconds in repetition 152
tcp_ping received 393216 bytes back
Round trip time was 7.82632 milliseconds in repetition 153
tcp_ping received 393216 bytes back
Round trip time was 7.79449 milliseconds in repetition 154
tcp_ping received 393216 bytes back
Round trip time was 8.24275 milliseconds in repetition 155
tcp_ping received 393216 bytes back
Round trip time was 7.8131 milliseconds in repetition 156
tcp_ping received 393216 bytes back
Round trip time was 7.66877 milliseconds in repetition 157
tcp_ping received 393216 bytes back
Round trip time was 7.79054 milliseconds in repetition 158
tcp_ping received 393216 bytes back
Round trip time was 8.40553 milliseconds in repetition 159
tcp_ping received 393216 bytes back
Round trip time was 7.51452 milliseconds in repetition 160
tcp_ping received 393216 bytes back
Round trip time was 7.53485 milliseconds in repetition 161
tcp_ping received 393216 bytes back
Round trip time was 7.79627 milliseconds in repetition 162
tcp_ping received 393216 bytes back
Round trip time was 8.01333 milliseconds in repetition 163
tcp_ping received 393216 bytes back
Round trip time was 8.08284 milliseconds in repetition 164
tcp_ping received 393216 bytes back
Round trip time was 7.66244 milliseconds in repetition 165
tcp_ping received 393216 bytes back
Round trip time was 8.85948 milliseconds in repetition 166
tcp_ping received 393216 bytes back
Round trip time was 9.48607 milliseconds in repetition 167
tcp_ping received 393216 bytes back
Round trip time was 9.33707 milliseconds in repetition 168
tcp_ping received 393216 bytes back
Round trip time was 8.11112 milliseconds in repetition 169
tcp_ping received 393216 bytes back
Round trip time was 7.54032 milliseconds in repetition 170
tcp_ping received 393216 bytes back
Round trip time was 8.03082 milliseconds in repetition 171
tcp_ping received 393216 bytes back
Round trip time was 8.28786 milliseconds in repetition 172
tcp_ping received 393216 bytes back
Round trip time was 10.3625 milliseconds in repetition 173
tcp_ping received 393216 bytes back
Round trip time was 8.42944 milliseconds in repetition 174
tcp_ping received 393216 bytes back
Round trip time was 8.05265 milliseconds in repetition 175
tcp_ping received 393216 bytes back
Round trip time was 10.3052 milliseconds in repetition 176
tcp_ping received 393216 bytes back
Round trip time was 8.51172 milliseconds in repetition 177
tcp_ping received 393216 bytes back
Round trip time was 7.99172 milliseconds in repetition 178
tcp_ping received 393216 bytes back
Round trip time was 7.96004 milliseconds in repetition 179
tcp_ping received 393216 bytes back
Round trip time was 9.48963 milliseconds in repetition 180
tcp_ping received 393216 bytes back
Round trip time was 8.69019 milliseconds in repetition 181
tcp_ping received 393216 bytes back
Round trip time was 7.63631 milliseconds in repetition 182
tcp_ping received 393216 bytes back
Round trip time was 7.92602 milliseconds in repetition 183
tcp_ping received 393216 bytes back
Round trip time was 8.31252 milliseconds in repetition 184
tcp_ping received 393216 bytes back
Round trip time was 7.49969 milliseconds in repetition 185
tcp_ping received 393216 bytes back
Round trip time was 7.86897 milliseconds in repetition 186
tcp_ping received 393216 bytes back
Round trip time was 8.5664 milliseconds in repetition 187
tcp_ping received 393216 bytes back
Round trip time was 7.65038 milliseconds in repetition 188
tcp_ping received 393216 bytes back
Round trip time was 8.24123 milliseconds in repetition 189
tcp_ping received 393216 bytes back
Round trip time was 7.82715 milliseconds in repetition 190
tcp_ping received 393216 bytes back
Round trip time was 10.0023 milliseconds in repetition 191
tcp_ping received 393216 bytes back
Round trip time was 8.15564 milliseconds in repetition 192
tcp_ping received 393216 bytes back
Round trip time was 7.70626 milliseconds in repetition 193
tcp_ping received 393216 bytes back
Round trip time was 7.69256 milliseconds in repetition 194
tcp_ping received 393216 bytes back
Round trip time was 7.96957 milliseconds in repetition 195
tcp_ping received 393216 bytes back
Round trip time was 9.14399 milliseconds in repetition 196
tcp_ping received 393216 bytes back
Round trip time was 8.79563 milliseconds in repetition 197
tcp_ping received 393216 bytes back
Round trip time was 9.10934 milliseconds in repetition 198
tcp_ping received 393216 bytes back
Round trip time was 7.71213 milliseconds in repetition 199
tcp_ping received 393216 bytes back
Round trip time was 8.15869 milliseconds in repetition 200
tcp_ping received 393216 bytes back
Round trip time was 7.62476 milliseconds in repetition 201
tcp_ping received 393216 bytes back
Round trip time was 8.50275 milliseconds in repetition 202
tcp_ping received 393216 bytes back
Round trip time was 9.62435 milliseconds in repetition 203
tcp_ping received 393216 bytes back
Round trip time was 8.74111 milliseconds in repetition 204
tcp_ping received 393216 bytes back
Round trip time was 7.61573 milliseconds in repetition 205
tcp_ping received 393216 bytes back
Round trip time was 7.73682 milliseconds in repetition 206
tcp_ping received 393216 bytes back
Round trip time was 8.25138 milliseconds in repetition 207
tcp_ping received 393216 bytes back
Round trip time was 10.0166 milliseconds in repetition 208
tcp_ping received 393216 bytes back
Round trip time was 8.52026 milliseconds in repetition 209
tcp_ping received 393216 bytes back
Round trip time was 9.59417 milliseconds in repetition 210
tcp_ping received 393216 bytes back
Round trip time was 9.39814 milliseconds in repetition 211
tcp_ping received 393216 bytes back
Round trip time was 7.87375 milliseconds in repetition 212
tcp_ping received 393216 bytes back
Round trip time was 7.50941 milliseconds in repetition 213
tcp_ping received 393216 bytes back
Round trip time was 8.10833 milliseconds in repetition 214
tcp_ping received 393216 bytes back
Round trip time was 9.54523 milliseconds in repetition 215
tcp_ping received 393216 bytes back
Round trip time was 8.51783 milliseconds in repetition 216
tcp_ping received 393216 bytes back
Round trip time was 8.67196 milliseconds in repetition 217
tcp_ping received 393216 bytes back
Round trip time was 7.83052 milliseconds in repetition 218
tcp_ping received 393216 bytes back
Round trip time was 7.71071 milliseconds in repetition 219
tcp_ping received 393216 bytes back
Round trip time was 8.35361 milliseconds in repetition 220
tcp_ping received 393216 bytes back
Round trip time was 10.026 milliseconds in repetition 221
tcp_ping received 393216 bytes back
Round trip time was 8.36884 milliseconds in repetition 222
tcp_ping received 393216 bytes back
Round trip time was 7.77574 milliseconds in repetition 223
tcp_ping received 393216 bytes back
Round trip time was 7.57126 milliseconds in repetition 224
tcp_ping received 393216 bytes back
Round trip time was 7.42701 milliseconds in repetition 225
tcp_ping received 393216 bytes back
Round trip time was 8.93589 milliseconds in repetition 226
tcp_ping received 393216 bytes back
Round trip time was 8.51987 milliseconds in repetition 227
tcp_ping received 393216 bytes back
Round trip time was 8.98227 milliseconds in repetition 228
tcp_ping received 393216 bytes back
Round trip time was 8.26481 milliseconds in repetition 229
tcp_ping received 393216 bytes back
Round trip time was 7.81684 milliseconds in repetition 230
tcp_ping received 393216 bytes back
Round trip time was 7.9371 milliseconds in repetition 231
tcp_ping received 393216 bytes back
Round trip time was 9.66182 milliseconds in repetition 232
tcp_ping received 393216 bytes back
Round trip time was 8.69158 milliseconds in repetition 233
tcp_ping received 393216 bytes back
Round trip time was 9.1958 milliseconds in repetition 234
tcp_ping received 393216 bytes back
Round trip time was 7.97734 milliseconds in repetition 235
tcp_ping received 393216 bytes back
Round trip time was -992.244 milliseconds in repetition 236
tcp_ping received 393216 bytes back
Round trip time was 8.59856 milliseconds in repetition 237
tcp_ping received 393216 bytes back
Round trip time was 8.12698 milliseconds in repetition 238
tcp_ping received 393216 bytes back
Round trip time was 7.69293 milliseconds in repetition 239
tcp_ping received 393216 bytes back
Round trip time was 7.59971 milliseconds in repetition 240
tcp_ping received 393216 bytes back
Round trip time was 7.55 milliseconds in repetition 241
tcp_ping received 393216 bytes back
Round trip time was 7.67434 milliseconds in repetition 242
tcp_ping received 393216 bytes back
Round trip time was 10.2329 milliseconds in repetition 243
tcp_ping received 393216 bytes back
Round trip time was 8.06748 milliseconds in repetition 244
tcp_ping received 393216 bytes back
Round trip time was 9.32835 milliseconds in repetition 245
tcp_ping received 393216 bytes back
Round trip time was 8.04654 milliseconds in repetition 246
tcp_ping received 393216 bytes back
Round trip time was 7.7127 milliseconds in repetition 247
tcp_ping received 393216 bytes back
Round trip time was 7.75588 milliseconds in repetition 248
tcp_ping received 393216 bytes back
Round trip time was 9.50646 milliseconds in repetition 249
tcp_ping received 393216 bytes back
Round trip time was 8.46743 milliseconds in repetition 250
tcp_ping received 393216 bytes back
Round trip time was 7.73876 milliseconds in repetition 251
tcp_ping received 393216 bytes back
Round trip time was 7.81109 milliseconds in repetition 252
tcp_ping received 393216 bytes back
Round trip time was 8.2267 milliseconds in repetition 253
tcp_ping received 393216 bytes back
Round trip time was 9.61985 milliseconds in repetition 254
tcp_ping received 393216 bytes back
Round trip time was 9.82421 milliseconds in repetition 255
tcp_ping received 393216 bytes back
Round trip time was 9.21974 milliseconds in repetition 256
tcp_ping received 393216 bytes back
Round trip time was 8.59868 milliseconds in repetition 257
tcp_ping received 393216 bytes back
Round trip time was 8.75072 milliseconds in repetition 258
tcp_ping received 393216 bytes back
Round trip time was 9.54702 milliseconds in repetition 259
tcp_ping received 393216 bytes back
Round trip time was 7.65814 milliseconds in repetition 260
tcp_ping received 393216 bytes back
Round trip time was 7.89577 milliseconds in repetition 261
tcp_ping received 393216 bytes back
Round trip time was 7.65758 milliseconds in repetition 262
tcp_ping received 393216 bytes back
Round trip time was 7.70795 milliseconds in repetition 263
tcp_ping received 393216 bytes back
Round trip time was 7.95395 milliseconds in repetition 264
tcp_ping received 393216 bytes back
Round trip time was 7.66983 milliseconds in repetition 265
tcp_ping received 393216 bytes back
Round trip time was 7.77229 milliseconds in repetition 266
tcp_ping received 393216 bytes back
Round trip time was 9.75987 milliseconds in repetition 267
tcp_ping received 393216 bytes back
Round trip time was 8.08954 milliseconds in repetition 268
tcp_ping received 393216 bytes back
Round trip time was 9.46855 milliseconds in repetition 269
tcp_ping received 393216 bytes back
Round trip time was 8.31551 milliseconds in repetition 270
tcp_ping received 393216 bytes back
Round trip time was 8.13757 milliseconds in repetition 271
tcp_ping received 393216 bytes back
Round trip time was 7.98329 milliseconds in repetition 272
tcp_ping received 393216 bytes back
Round trip time was 8.75147 milliseconds in repetition 273
tcp_ping received 393216 bytes back
Round trip time was 9.23742 milliseconds in repetition 274
tcp_ping received 393216 bytes back
Round trip time was 8.64838 milliseconds in repetition 275
tcp_ping received 393216 bytes back
Round trip time was 7.83379 milliseconds in repetition 276
tcp_ping received 393216 bytes back
Round trip time was 7.8178 milliseconds in repetition 277
tcp_ping received 393216 bytes back
Round trip time was 7.8967 milliseconds in repetition 278
tcp_ping received 393216 bytes back
Round trip time was 7.80226 milliseconds in repetition 279
tcp_ping received 393216 bytes back
Round trip time was 8.14122 milliseconds in repetition 280
tcp_ping received 393216 bytes back
Round trip time was 8.43586 milliseconds in repetition 281
tcp_ping received 393216 bytes back
Round trip time was 8.04883 milliseconds in repetition 282
tcp_ping received 393216 bytes back
Round trip time was 7.84261 milliseconds in repetition 283
tcp_ping received 393216 bytes back
Round trip time was 9.203 milliseconds in repetition 284
tcp_ping received 393216 bytes back
Round trip time was 8.80061 milliseconds in repetition 285
tcp_ping received 393216 bytes back
Round trip time was 9.17222 milliseconds in repetition 286
tcp_ping received 393216 bytes back
Round trip time was 9.01718 milliseconds in repetition 287
tcp_ping received 393216 bytes back
Round trip time was 7.96981 milliseconds in repetition 288
tcp_ping received 393216 bytes back
Round trip time was 9.22905 milliseconds in repetition 289
tcp_ping received 393216 bytes back
Round trip time was 8.00589 milliseconds in repetition 290
tcp_ping received 393216 bytes back
Round trip time was 9.84059 milliseconds in repetition 291
tcp_ping received 393216 bytes back
Round trip time was 7.79621 milliseconds in repetition 292
tcp_ping received 393216 bytes back
Round trip time was 8.19241 milliseconds in repetition 293
tcp_ping received 393216 bytes back
Round trip time was 7.82421 milliseconds in repetition 294
tcp_ping received 393216 bytes back
Round trip time was 8.30915 milliseconds in repetition 295
tcp_ping received 393216 bytes back
Round trip time was 7.70497 milliseconds in repetition 296
tcp_ping received 393216 bytes back
Round trip time was 9.75803 milliseconds in repetition 297
tcp_ping received 393216 bytes back
Round trip time was 8.59082 milliseconds in repetition 298
tcp_ping received 393216 bytes back
Round trip time was 9.26912 milliseconds in repetition 299
tcp_ping received 393216 bytes back
Round trip time was 7.65681 milliseconds in repetition 300
tcp_ping received 393216 bytes back
Round trip time was 7.64191 milliseconds in repetition 301
tcp_ping received 393216 bytes back
Round trip time was 7.54963 milliseconds in repetition 302
tcp_ping received 393216 bytes back
Round trip time was 8.96139 milliseconds in repetition 303
tcp_ping received 393216 bytes back
Round trip time was 9.3114 milliseconds in repetition 304
tcp_ping received 393216 bytes back
Round trip time was 8.26468 milliseconds in repetition 305
tcp_ping received 393216 bytes back
Round trip time was 8.85165 milliseconds in repetition 306
tcp_ping received 393216 bytes back
Round trip time was 8.1997 milliseconds in repetition 307
tcp_ping received 393216 bytes back
Round trip time was 7.74246 milliseconds in repetition 308
tcp_ping received 393216 bytes back
Round trip time was 9.15311 milliseconds in repetition 309
tcp_ping received 393216 bytes back
Round trip time was 8.20589 milliseconds in repetition 310
tcp_ping received 393216 bytes back
Round trip time was 7.73854 milliseconds in repetition 311
tcp_ping received 393216 bytes back
Round trip time was 7.98269 milliseconds in repetition 312
tcp_ping received 393216 bytes back
Round trip time was 7.96852 milliseconds in repetition 313
tcp_ping received 393216 bytes back
Round trip time was 7.4534 milliseconds in repetition 314
tcp_ping received 393216 bytes back
Round trip time was 7.82117 milliseconds in repetition 315
tcp_ping received 393216 bytes back
Round trip time was 7.57413 milliseconds in repetition 316
tcp_ping received 393216 bytes back
Round trip time was 7.74019 milliseconds in repetition 317
tcp_ping received 393216 bytes back
Round trip time was 7.8449 milliseconds in repetition 318
tcp_ping received 393216 bytes back
Round trip time was 8.2736 milliseconds in repetition 319
tcp_ping received 393216 bytes back
Round trip time was 8.08557 milliseconds in repetition 320
tcp_ping received 393216 bytes back
Round trip time was 7.8978 milliseconds in repetition 321
tcp_ping received 393216 bytes back
Round trip time was 7.87763 milliseconds in repetition 322
tcp_ping received 393216 bytes back
Round trip time was 9.12274 milliseconds in repetition 323
tcp_ping received 393216 bytes back
Round trip time was 9.19176 milliseconds in repetition 324
tcp_ping received 393216 bytes back
Round trip time was 7.75429 milliseconds in repetition 325
tcp_ping received 393216 bytes back
Round trip time was 7.48833 milliseconds in repetition 326
tcp_ping received 393216 bytes back
Round trip time was 7.97984 milliseconds in repetition 327
tcp_ping received 393216 bytes back
Round trip time was 9.30329 milliseconds in repetition 328
tcp_ping received 393216 bytes back
Round trip time was 9.08119 milliseconds in repetition 329
tcp_ping received 393216 bytes back
Round trip time was 9.09985 milliseconds in repetition 330
tcp_ping received 393216 bytes back
Round trip time was 9.42996 milliseconds in repetition 331
tcp_ping received 393216 bytes back
Round trip time was 8.48351 milliseconds in repetition 332
tcp_ping received 393216 bytes back
Round trip time was 8.09728 milliseconds in repetition 333
tcp_ping received 393216 bytes back
Round trip time was 8.13963 milliseconds in repetition 334
tcp_ping received 393216 bytes back
Round trip time was 7.57255 milliseconds in repetition 335
tcp_ping received 393216 bytes back
Round trip time was 9.91558 milliseconds in repetition 336
tcp_ping received 393216 bytes back
Round trip time was 7.98872 milliseconds in repetition 337
tcp_ping received 393216 bytes back
Round trip time was 7.67107 milliseconds in repetition 338
tcp_ping received 393216 bytes back
Round trip time was 7.83386 milliseconds in repetition 339
tcp_ping received 393216 bytes back
Round trip time was 7.58645 milliseconds in repetition 340
tcp_ping received 393216 bytes back
Round trip time was 7.82512 milliseconds in repetition 341
tcp_ping received 393216 bytes back
Round trip time was 8.08721 milliseconds in repetition 342
tcp_ping received 393216 bytes back
Round trip time was 8.03685 milliseconds in repetition 343
tcp_ping received 393216 bytes back
Round trip time was 7.84382 milliseconds in repetition 344
tcp_ping received 393216 bytes back
Round trip time was 7.56679 milliseconds in repetition 345
tcp_ping received 393216 bytes back
Round trip time was 10.1885 milliseconds in repetition 346
tcp_ping received 393216 bytes back
Round trip time was 8.65754 milliseconds in repetition 347
tcp_ping received 393216 bytes back
Round trip time was 7.90591 milliseconds in repetition 348
tcp_ping received 393216 bytes back
Round trip time was 7.84126 milliseconds in repetition 349
tcp_ping received 393216 bytes back
Round trip time was 8.27114 milliseconds in repetition 350
tcp_ping received 393216 bytes back
Round trip time was 7.9298 milliseconds in repetition 351
tcp_ping received 393216 bytes back
Round trip time was 7.60157 milliseconds in repetition 352
tcp_ping received 393216 bytes back
Round trip time was 7.81661 milliseconds in repetition 353
tcp_ping received 393216 bytes back
Round trip time was 7.69086 milliseconds in repetition 354
tcp_ping received 393216 bytes back
Round trip time was 8.01829 milliseconds in repetition 355
tcp_ping received 393216 bytes back
Round trip time was -990.15 milliseconds in repetition 356
tcp_ping received 393216 bytes back
Round trip time was 8.67037 milliseconds in repetition 357
tcp_ping received 393216 bytes back
Round trip time was 8.00096 milliseconds in repetition 358
tcp_ping received 393216 bytes back
Round trip time was 7.88144 milliseconds in repetition 359
tcp_ping received 393216 bytes back
Round trip time was 8.33422 milliseconds in repetition 360
tcp_ping received 393216 bytes back
Round trip time was 8.12495 milliseconds in repetition 361
tcp_ping received 393216 bytes back
Round trip time was 9.95818 milliseconds in repetition 362
tcp_ping received 393216 bytes back
Round trip time was 8.92729 milliseconds in repetition 363
tcp_ping received 393216 bytes back
Round trip time was 9.65278 milliseconds in repetition 364
tcp_ping received 393216 bytes back
Round trip time was 9.20949 milliseconds in repetition 365
tcp_ping received 393216 bytes back
Round trip time was 9.11028 milliseconds in repetition 366
tcp_ping received 393216 bytes back
Round trip time was 7.77368 milliseconds in repetition 367
tcp_ping received 393216 bytes back
Round trip time was 7.58581 milliseconds in repetition 368
tcp_ping received 393216 bytes back
Round trip time was 8.05025 milliseconds in repetition 369
tcp_ping received 393216 bytes back
Round trip time was 9.89867 milliseconds in repetition 370
tcp_ping received 393216 bytes back
Round trip time was 7.84178 milliseconds in repetition 371
tcp_ping received 393216 bytes back
Round trip time was 9.50084 milliseconds in repetition 372
tcp_ping received 393216 bytes back
Round trip time was 7.76041 milliseconds in repetition 373
tcp_ping received 393216 bytes back
Round trip time was 7.78868 milliseconds in repetition 374
tcp_ping received 393216 bytes back
Round trip time was 8.17481 milliseconds in repetition 375
tcp_ping received 393216 bytes back
Round trip time was 10.6105 milliseconds in repetition 376
tcp_ping received 393216 bytes back
Round trip time was 7.64401 milliseconds in repetition 377
tcp_ping received 393216 bytes back
Round trip time was 7.88081 milliseconds in repetition 378
tcp_ping received 393216 bytes back
Round trip time was 7.5737 milliseconds in repetition 379
tcp_ping received 393216 bytes back
Round trip time was 7.93741 milliseconds in repetition 380
tcp_ping received 393216 bytes back
Round trip time was 7.56416 milliseconds in repetition 381
tcp_ping received 393216 bytes back
Round trip time was 7.78704 milliseconds in repetition 382
tcp_ping received 393216 bytes back
Round trip time was 7.71901 milliseconds in repetition 383
tcp_ping received 393216 bytes back
Round trip time was 7.77546 milliseconds in repetition 384
tcp_ping received 393216 bytes back
Round trip time was 7.67735 milliseconds in repetition 385
tcp_ping received 393216 bytes back
Round trip time was 7.73965 milliseconds in repetition 386
tcp_ping received 393216 bytes back
Round trip time was 7.79435 milliseconds in repetition 387
tcp_ping received 393216 bytes back
Round trip time was 8.00119 milliseconds in repetition 388
tcp_ping received 393216 bytes back
Round trip time was 7.8099 milliseconds in repetition 389
tcp_ping received 393216 bytes back
Round trip time was 9.66993 milliseconds in repetition 390
tcp_ping received 393216 bytes back
Round trip time was 8.30097 milliseconds in repetition 391
tcp_ping received 393216 bytes back
Round trip time was 7.87459 milliseconds in repetition 392
tcp_ping received 393216 bytes back
Round trip time was 7.5355 milliseconds in repetition 393
tcp_ping received 393216 bytes back
Round trip time was 7.4787 milliseconds in repetition 394
tcp_ping received 393216 bytes back
Round trip time was 9.17623 milliseconds in repetition 395
tcp_ping received 393216 bytes back
Round trip time was 8.65078 milliseconds in repetition 396
tcp_ping received 393216 bytes back
Round trip time was 7.84558 milliseconds in repetition 397
tcp_ping received 393216 bytes back
Round trip time was 8.01374 milliseconds in repetition 398
tcp_ping received 393216 bytes back
Round trip time was 7.54048 milliseconds in repetition 399
tcp_ping received 393216 bytes back
Round trip time was 8.96873 milliseconds in repetition 400
tcp_ping received 393216 bytes back
Round trip time was 7.97246 milliseconds in repetition 401
tcp_ping received 393216 bytes back
Round trip time was 7.69683 milliseconds in repetition 402
tcp_ping received 393216 bytes back
Round trip time was 7.72275 milliseconds in repetition 403
tcp_ping received 393216 bytes back
Round trip time was 7.52006 milliseconds in repetition 404
tcp_ping received 393216 bytes back
Round trip time was 9.90903 milliseconds in repetition 405
tcp_ping received 393216 bytes back
Round trip time was 8.26621 milliseconds in repetition 406
tcp_ping received 393216 bytes back
Round trip time was 7.79854 milliseconds in repetition 407
tcp_ping received 393216 bytes back
Round trip time was 7.64735 milliseconds in repetition 408
tcp_ping received 393216 bytes back
Round trip time was 7.72998 milliseconds in repetition 409
tcp_ping received 393216 bytes back
Round trip time was 10.1418 milliseconds in repetition 410
tcp_ping received 393216 bytes back
Round trip time was 8.78881 milliseconds in repetition 411
tcp_ping received 393216 bytes back
Round trip time was 8.61936 milliseconds in repetition 412
tcp_ping received 393216 bytes back
Round trip time was 8.66669 milliseconds in repetition 413
tcp_ping received 393216 bytes back
Round trip time was 7.67318 milliseconds in repetition 414
tcp_ping received 393216 bytes back
Round trip time was 7.42036 milliseconds in repetition 415
tcp_ping received 393216 bytes back
Round trip time was 8.23392 milliseconds in repetition 416
tcp_ping received 393216 bytes back
Round trip time was 7.51735 milliseconds in repetition 417
tcp_ping received 393216 bytes back
Round trip time was 7.58425 milliseconds in repetition 418
tcp_ping received 393216 bytes back
Round trip time was 8.01201 milliseconds in repetition 419
tcp_ping received 393216 bytes back
Round trip time was 7.91699 milliseconds in repetition 420
tcp_ping received 393216 bytes back
Round trip time was 7.41022 milliseconds in repetition 421
tcp_ping received 393216 bytes back
Round trip time was 7.5846 milliseconds in repetition 422
tcp_ping received 393216 bytes back
Round trip time was 7.55917 milliseconds in repetition 423
tcp_ping received 393216 bytes back
Round trip time was 7.73384 milliseconds in repetition 424
tcp_ping received 393216 bytes back
Round trip time was 9.28206 milliseconds in repetition 425
tcp_ping received 393216 bytes back
Round trip time was 7.59476 milliseconds in repetition 426
tcp_ping received 393216 bytes back
Round trip time was 8.90709 milliseconds in repetition 427
tcp_ping received 393216 bytes back
Round trip time was 7.68857 milliseconds in repetition 428
tcp_ping received 393216 bytes back
Round trip time was 7.85937 milliseconds in repetition 429
tcp_ping received 393216 bytes back
Round trip time was 7.57343 milliseconds in repetition 430
tcp_ping received 393216 bytes back
Round trip time was 10.2393 milliseconds in repetition 431
tcp_ping received 393216 bytes back
Round trip time was 8.63428 milliseconds in repetition 432
tcp_ping received 393216 bytes back
Round trip time was 7.82579 milliseconds in repetition 433
tcp_ping received 393216 bytes back
Round trip time was 7.52932 milliseconds in repetition 434
tcp_ping received 393216 bytes back
Round trip time was 7.36824 milliseconds in repetition 435
tcp_ping received 393216 bytes back
Round trip time was 9.63158 milliseconds in repetition 436
tcp_ping received 393216 bytes back
Round trip time was 8.32923 milliseconds in repetition 437
tcp_ping received 393216 bytes back
Round trip time was 8.56627 milliseconds in repetition 438
tcp_ping received 393216 bytes back
Round trip time was 7.61697 milliseconds in repetition 439
tcp_ping received 393216 bytes back
Round trip time was 7.47624 milliseconds in repetition 440
tcp_ping received 393216 bytes back
Round trip time was 7.8839 milliseconds in repetition 441
tcp_ping received 393216 bytes back
Round trip time was 7.73103 milliseconds in repetition 442
tcp_ping received 393216 bytes back
Round trip time was 8.27425 milliseconds in repetition 443
tcp_ping received 393216 bytes back
Round trip time was 8.14299 milliseconds in repetition 444
tcp_ping received 393216 bytes back
Round trip time was 8.05413 milliseconds in repetition 445
tcp_ping received 393216 bytes back
Round trip time was 8.75543 milliseconds in repetition 446
tcp_ping received 393216 bytes back
Round trip time was 8.12781 milliseconds in repetition 447
tcp_ping received 393216 bytes back
Round trip time was 8.27646 milliseconds in repetition 448
tcp_ping received 393216 bytes back
Round trip time was 7.91307 milliseconds in repetition 449
tcp_ping received 393216 bytes back
Round trip time was 7.83388 milliseconds in repetition 450
tcp_ping received 393216 bytes back
Round trip time was 9.23571 milliseconds in repetition 451
tcp_ping received 393216 bytes back
Round trip time was 10.1905 milliseconds in repetition 452
tcp_ping received 393216 bytes back
Round trip time was 9.27603 milliseconds in repetition 453
tcp_ping received 393216 bytes back
Round trip time was 8.97486 milliseconds in repetition 454
tcp_ping received 393216 bytes back
Round trip time was 8.61056 milliseconds in repetition 455
tcp_ping received 393216 bytes back
Round trip time was 8.16727 milliseconds in repetition 456
tcp_ping received 393216 bytes back
Round trip time was 7.74784 milliseconds in repetition 457
tcp_ping received 393216 bytes back
Round trip time was 7.86403 milliseconds in repetition 458
tcp_ping received 393216 bytes back
Round trip time was 10.4592 milliseconds in repetition 459
tcp_ping received 393216 bytes back
Round trip time was 7.90776 milliseconds in repetition 460
tcp_ping received 393216 bytes back
Round trip time was 9.25867 milliseconds in repetition 461
tcp_ping received 393216 bytes back
Round trip time was 7.97527 milliseconds in repetition 462
tcp_ping received 393216 bytes back
Round trip time was 8.08481 milliseconds in repetition 463
tcp_ping received 393216 bytes back
Round trip time was 7.90618 milliseconds in repetition 464
tcp_ping received 393216 bytes back
Round trip time was 9.84234 milliseconds in repetition 465
tcp_ping received 393216 bytes back
Round trip time was 8.06502 milliseconds in repetition 466
tcp_ping received 393216 bytes back
Round trip time was 9.44381 milliseconds in repetition 467
tcp_ping received 393216 bytes back
Round trip time was 8.94324 milliseconds in repetition 468
tcp_ping received 393216 bytes back
Round trip time was 7.72044 milliseconds in repetition 469
tcp_ping received 393216 bytes back
Round trip time was 7.46704 milliseconds in repetition 470
tcp_ping received 393216 bytes back
Round trip time was 8.08298 milliseconds in repetition 471
tcp_ping received 393216 bytes back
Round trip time was 7.6911 milliseconds in repetition 472
tcp_ping received 393216 bytes back
Round trip time was 7.51508 milliseconds in repetition 473
tcp_ping received 393216 bytes back
Round trip time was 7.5105 milliseconds in repetition 474
tcp_ping received 393216 bytes back
Round trip time was 8.21314 milliseconds in repetition 475
tcp_ping received 393216 bytes back
Round trip time was -989.877 milliseconds in repetition 476
tcp_ping received 393216 bytes back
Round trip time was 8.35295 milliseconds in repetition 477
tcp_ping received 393216 bytes back
Round trip time was 9.2544 milliseconds in repetition 478
tcp_ping received 393216 bytes back
Round trip time was 8.3641 milliseconds in repetition 479
tcp_ping received 393216 bytes back
Round trip time was 7.91078 milliseconds in repetition 480
tcp_ping received 393216 bytes back
Round trip time was 8.22393 milliseconds in repetition 481
tcp_ping received 393216 bytes back
Round trip time was 9.34844 milliseconds in repetition 482
tcp_ping received 393216 bytes back
Round trip time was 8.75246 milliseconds in repetition 483
tcp_ping received 393216 bytes back
Round trip time was 8.90586 milliseconds in repetition 484
tcp_ping received 393216 bytes back
Round trip time was 8.79065 milliseconds in repetition 485
tcp_ping received 393216 bytes back
Round trip time was 8.41635 milliseconds in repetition 486
tcp_ping received 393216 bytes back
Round trip time was 7.75733 milliseconds in repetition 487
tcp_ping received 393216 bytes back
Round trip time was 7.4895 milliseconds in repetition 488
tcp_ping received 393216 bytes back
Round trip time was 9.87835 milliseconds in repetition 489
tcp_ping received 393216 bytes back
Round trip time was 8.32234 milliseconds in repetition 490
tcp_ping received 393216 bytes back
Round trip time was 8.14552 milliseconds in repetition 491
tcp_ping received 393216 bytes back
Round trip time was 7.6222 milliseconds in repetition 492
tcp_ping received 393216 bytes back
Round trip time was 7.48541 milliseconds in repetition 493
tcp_ping received 393216 bytes back
Round trip time was 8.17194 milliseconds in repetition 494
tcp_ping received 393216 bytes back
Round trip time was 10.8014 milliseconds in repetition 495
tcp_ping received 393216 bytes back
Round trip time was 8.44904 milliseconds in repetition 496
tcp_ping received 393216 bytes back
Round trip time was 8.04336 milliseconds in repetition 497
tcp_ping received 393216 bytes back
Round trip time was 9.0543 milliseconds in repetition 498
tcp_ping received 393216 bytes back
Round trip time was 8.03716 milliseconds in repetition 499
tcp_ping received 393216 bytes back
Round trip time was 8.26662 milliseconds in repetition 500
tcp_ping received 393216 bytes back
Round trip time was 10.7766 milliseconds in repetition 501

 ... clock resolution was 1e-06
TCP Ping:  Statistics over 501 repetitions of 393216 byte messages

RTT : percentile 10: 7.60244, median: 8.14299, percentile 90: 9.66993, average: -1.46086, variance: 9884.95

RTT histogram:
0 0
1.89422 0
3.78845 0
5.68267 0
7.57689 328
9.47111 153
11.3653 11
13.2596 2
15.1538 1
17.048 0
18.9422 0
20.8365 0
22.7307 0
24.6249 0
26.5191 0
28.4133 0
30.3076 0
32.2018 0
34.096 0
35.9902 0
37.8845 1

   median Throughput : 96577.8 KB/s

