TCP Ping trying to connect to server seti.dibris.unige.it (130.251.61.30) on port 1491
 ... connected to Pong server: asking for 501 repetitions of 2048 bytes TCP messages
 ... Pong server agreed :-)
tcp_ping received 2048 bytes back
Round trip time was 14.4868 milliseconds in repetition 1
tcp_ping received 2048 bytes back
Round trip time was 1.50914 milliseconds in repetition 2
tcp_ping received 2048 bytes back
Round trip time was 1.52526 milliseconds in repetition 3
tcp_ping received 2048 bytes back
Round trip time was 1.35711 milliseconds in repetition 4
tcp_ping received 2048 bytes back
Round trip time was 1.92283 milliseconds in repetition 5
tcp_ping received 2048 bytes back
Round trip time was 1.9642 milliseconds in repetition 6
tcp_ping received 2048 bytes back
Round trip time was 1.30853 milliseconds in repetition 7
tcp_ping received 2048 bytes back
Round trip time was 1.32804 milliseconds in repetition 8
tcp_ping received 2048 bytes back
Round trip time was 1.38724 milliseconds in repetition 9
tcp_ping received 2048 bytes back
Round trip time was 1.35824 milliseconds in repetition 10
tcp_ping received 2048 bytes back
Round trip time was 1.29644 milliseconds in repetition 11
tcp_ping received 2048 bytes back
Round trip time was 1.46781 milliseconds in repetition 12
tcp_ping received 2048 bytes back
Round trip time was 1.39013 milliseconds in repetition 13
tcp_ping received 2048 bytes back
Round trip time was 1.38138 milliseconds in repetition 14
tcp_ping received 2048 bytes back
Round trip time was 1.31448 milliseconds in repetition 15
tcp_ping received 2048 bytes back
Round trip time was 1.45823 milliseconds in repetition 16
tcp_ping received 2048 bytes back
Round trip time was 1.14576 milliseconds in repetition 17
tcp_ping received 2048 bytes back
Round trip time was 0.536099 milliseconds in repetition 18
tcp_ping received 2048 bytes back
Round trip time was 0.539507 milliseconds in repetition 19
tcp_ping received 2048 bytes back
Round trip time was 0.509741 milliseconds in repetition 20
tcp_ping received 2048 bytes back
Round trip time was 0.50622 milliseconds in repetition 21
tcp_ping received 2048 bytes back
Round trip time was 0.483663 milliseconds in repetition 22
tcp_ping received 2048 bytes back
Round trip time was 0.514306 milliseconds in repetition 23
tcp_ping received 2048 bytes back
Round trip time was 0.482375 milliseconds in repetition 24
tcp_ping received 2048 bytes back
Round trip time was 0.478966 milliseconds in repetition 25
tcp_ping received 2048 bytes back
Round trip time was 0.497051 milliseconds in repetition 26
tcp_ping received 2048 bytes back
Round trip time was 0.390815 milliseconds in repetition 27
tcp_ping received 2048 bytes back
Round trip time was 0.496136 milliseconds in repetition 28
tcp_ping received 2048 bytes back
Round trip time was 0.541308 milliseconds in repetition 29
tcp_ping received 2048 bytes back
Round trip time was 0.481089 milliseconds in repetition 30
tcp_ping received 2048 bytes back
Round trip time was 0.426621 milliseconds in repetition 31
tcp_ping received 2048 bytes back
Round trip time was 0.48654 milliseconds in repetition 32
tcp_ping received 2048 bytes back
Round trip time was 0.447921 milliseconds in repetition 33
tcp_ping received 2048 bytes back
Round trip time was 0.484871 milliseconds in repetition 34
tcp_ping received 2048 bytes back
Round trip time was 0.470556 milliseconds in repetition 35
tcp_ping received 2048 bytes back
Round trip time was 0.486321 milliseconds in repetition 36
tcp_ping received 2048 bytes back
Round trip time was 0.509365 milliseconds in repetition 37
tcp_ping received 2048 bytes back
Round trip time was 0.486422 milliseconds in repetition 38
tcp_ping received 2048 bytes back
Round trip time was 0.474689 milliseconds in repetition 39
tcp_ping received 2048 bytes back
Round trip time was 0.477907 milliseconds in repetition 40
tcp_ping received 2048 bytes back
Round trip time was 0.533431 milliseconds in repetition 41
tcp_ping received 2048 bytes back
Round trip time was 0.564358 milliseconds in repetition 42
tcp_ping received 2048 bytes back
Round trip time was 0.482649 milliseconds in repetition 43
tcp_ping received 2048 bytes back
Round trip time was 0.513626 milliseconds in repetition 44
tcp_ping received 2048 bytes back
Round trip time was 0.479332 milliseconds in repetition 45
tcp_ping received 2048 bytes back
Round trip time was 0.436113 milliseconds in repetition 46
tcp_ping received 2048 bytes back
Round trip time was 0.565987 milliseconds in repetition 47
tcp_ping received 2048 bytes back
Round trip time was 0.479822 milliseconds in repetition 48
tcp_ping received 2048 bytes back
Round trip time was 0.490106 milliseconds in repetition 49
tcp_ping received 2048 bytes back
Round trip time was 0.57989 milliseconds in repetition 50
tcp_ping received 2048 bytes back
Round trip time was 0.585933 milliseconds in repetition 51
tcp_ping received 2048 bytes back
Round trip time was 0.454831 milliseconds in repetition 52
tcp_ping received 2048 bytes back
Round trip time was 0.592372 milliseconds in repetition 53
tcp_ping received 2048 bytes back
Round trip time was 0.559898 milliseconds in repetition 54
tcp_ping received 2048 bytes back
Round trip time was 0.484362 milliseconds in repetition 55
tcp_ping received 2048 bytes back
Round trip time was 0.475251 milliseconds in repetition 56
tcp_ping received 2048 bytes back
Round trip time was 0.509011 milliseconds in repetition 57
tcp_ping received 2048 bytes back
Round trip time was 0.574236 milliseconds in repetition 58
tcp_ping received 2048 bytes back
Round trip time was 0.478599 milliseconds in repetition 59
tcp_ping received 2048 bytes back
Round trip time was 0.475233 milliseconds in repetition 60
tcp_ping received 2048 bytes back
Round trip time was 0.485935 milliseconds in repetition 61
tcp_ping received 2048 bytes back
Round trip time was 0.411216 milliseconds in repetition 62
tcp_ping received 2048 bytes back
Round trip time was 0.568862 milliseconds in repetition 63
tcp_ping received 2048 bytes back
Round trip time was 0.515316 milliseconds in repetition 64
tcp_ping received 2048 bytes back
Round trip time was 0.566612 milliseconds in repetition 65
tcp_ping received 2048 bytes back
Round trip time was 0.477497 milliseconds in repetition 66
tcp_ping received 2048 bytes back
Round trip time was 0.396405 milliseconds in repetition 67
tcp_ping received 2048 bytes back
Round trip time was 0.564422 milliseconds in repetition 68
tcp_ping received 2048 bytes back
Round trip time was 0.506091 milliseconds in repetition 69
tcp_ping received 2048 bytes back
Round trip time was 0.476559 milliseconds in repetition 70
tcp_ping received 2048 bytes back
Round trip time was 0.59971 milliseconds in repetition 71
tcp_ping received 2048 bytes back
Round trip time was 0.468318 milliseconds in repetition 72
tcp_ping received 2048 bytes back
Round trip time was 0.509295 milliseconds in repetition 73
tcp_ping received 2048 bytes back
Round trip time was 0.553209 milliseconds in repetition 74
tcp_ping received 2048 bytes back
Round trip time was 0.485963 milliseconds in repetition 75
tcp_ping received 2048 bytes back
Round trip time was 0.471202 milliseconds in repetition 76
tcp_ping received 2048 bytes back
Round trip time was 0.508559 milliseconds in repetition 77
tcp_ping received 2048 bytes back
Round trip time was 0.414696 milliseconds in repetition 78
tcp_ping received 2048 bytes back
Round trip time was 0.559956 milliseconds in repetition 79
tcp_ping received 2048 bytes back
Round trip time was 0.473585 milliseconds in repetition 80
tcp_ping received 2048 bytes back
Round trip time was 0.496326 milliseconds in repetition 81
tcp_ping received 2048 bytes back
Round trip time was 0.477969 milliseconds in repetition 82
tcp_ping received 2048 bytes back
Round trip time was 0.475484 milliseconds in repetition 83
tcp_ping received 2048 bytes back
Round trip time was 0.469396 milliseconds in repetition 84
tcp_ping received 2048 bytes back
Round trip time was 0.497666 milliseconds in repetition 85
tcp_ping received 2048 bytes back
Round trip time was 0.503717 milliseconds in repetition 86
tcp_ping received 2048 bytes back
Round trip time was 0.479942 milliseconds in repetition 87
tcp_ping received 2048 bytes back
Round trip time was 0.544014 milliseconds in repetition 88
tcp_ping received 2048 bytes back
Round trip time was 0.466778 milliseconds in repetition 89
tcp_ping received 2048 bytes back
Round trip time was 0.651241 milliseconds in repetition 90
tcp_ping received 2048 bytes back
Round trip time was 0.753979 milliseconds in repetition 91
tcp_ping received 2048 bytes back
Round trip time was 0.662238 milliseconds in repetition 92
tcp_ping received 2048 bytes back
Round trip time was 0.510863 milliseconds in repetition 93
tcp_ping received 2048 bytes back
Round trip time was 0.420779 milliseconds in repetition 94
tcp_ping received 2048 bytes back
Round trip time was 0.55539 milliseconds in repetition 95
tcp_ping received 2048 bytes back
Round trip time was 0.472813 milliseconds in repetition 96
tcp_ping received 2048 bytes back
Round trip time was 0.478034 milliseconds in repetition 97
tcp_ping received 2048 bytes back
Round trip time was 0.484241 milliseconds in repetition 98
tcp_ping received 2048 bytes back
Round trip time was 0.484938 milliseconds in repetition 99
tcp_ping received 2048 bytes back
Round trip time was 0.511016 milliseconds in repetition 100
tcp_ping received 2048 bytes back
Round trip time was 0.389361 milliseconds in repetition 101
tcp_ping received 2048 bytes back
Round trip time was 0.556812 milliseconds in repetition 102
tcp_ping received 2048 bytes back
Round trip time was 0.479722 milliseconds in repetition 103
tcp_ping received 2048 bytes back
Round trip time was 0.509305 milliseconds in repetition 104
tcp_ping received 2048 bytes back
Round trip time was 0.406336 milliseconds in repetition 105
tcp_ping received 2048 bytes back
Round trip time was 0.462082 milliseconds in repetition 106
tcp_ping received 2048 bytes back
Round trip time was 0.508271 milliseconds in repetition 107
tcp_ping received 2048 bytes back
Round trip time was 0.481964 milliseconds in repetition 108
tcp_ping received 2048 bytes back
Round trip time was 0.486714 milliseconds in repetition 109
tcp_ping received 2048 bytes back
Round trip time was 0.386763 milliseconds in repetition 110
tcp_ping received 2048 bytes back
Round trip time was 0.543591 milliseconds in repetition 111
tcp_ping received 2048 bytes back
Round trip time was 0.482783 milliseconds in repetition 112
tcp_ping received 2048 bytes back
Round trip time was 0.508528 milliseconds in repetition 113
tcp_ping received 2048 bytes back
Round trip time was 0.511904 milliseconds in repetition 114
tcp_ping received 2048 bytes back
Round trip time was 0.495518 milliseconds in repetition 115
tcp_ping received 2048 bytes back
Round trip time was 0.530726 milliseconds in repetition 116
tcp_ping received 2048 bytes back
Round trip time was 0.465123 milliseconds in repetition 117
tcp_ping received 2048 bytes back
Round trip time was 0.449708 milliseconds in repetition 118
tcp_ping received 2048 bytes back
Round trip time was 0.513979 milliseconds in repetition 119
tcp_ping received 2048 bytes back
Round trip time was 0.494356 milliseconds in repetition 120
tcp_ping received 2048 bytes back
Round trip time was 0.512764 milliseconds in repetition 121
tcp_ping received 2048 bytes back
Round trip time was 0.490892 milliseconds in repetition 122
tcp_ping received 2048 bytes back
Round trip time was 0.507978 milliseconds in repetition 123
tcp_ping received 2048 bytes back
Round trip time was 0.46479 milliseconds in repetition 124
tcp_ping received 2048 bytes back
Round trip time was 0.492245 milliseconds in repetition 125
tcp_ping received 2048 bytes back
Round trip time was 0.496327 milliseconds in repetition 126
tcp_ping received 2048 bytes back
Round trip time was 0.477282 milliseconds in repetition 127
tcp_ping received 2048 bytes back
Round trip time was 0.475591 milliseconds in repetition 128
tcp_ping received 2048 bytes back
Round trip time was 0.478783 milliseconds in repetition 129
tcp_ping received 2048 bytes back
Round trip time was 0.508897 milliseconds in repetition 130
tcp_ping received 2048 bytes back
Round trip time was 0.466878 milliseconds in repetition 131
tcp_ping received 2048 bytes back
Round trip time was 0.572707 milliseconds in repetition 132
tcp_ping received 2048 bytes back
Round trip time was 0.589208 milliseconds in repetition 133
tcp_ping received 2048 bytes back
Round trip time was 0.491122 milliseconds in repetition 134
tcp_ping received 2048 bytes back
Round trip time was 0.538328 milliseconds in repetition 135
tcp_ping received 2048 bytes back
Round trip time was 0.478103 milliseconds in repetition 136
tcp_ping received 2048 bytes back
Round trip time was 0.51839 milliseconds in repetition 137
tcp_ping received 2048 bytes back
Round trip time was 0.382088 milliseconds in repetition 138
tcp_ping received 2048 bytes back
Round trip time was 0.533159 milliseconds in repetition 139
tcp_ping received 2048 bytes back
Round trip time was 0.471921 milliseconds in repetition 140
tcp_ping received 2048 bytes back
Round trip time was 0.500448 milliseconds in repetition 141
tcp_ping received 2048 bytes back
Round trip time was 0.413624 milliseconds in repetition 142
tcp_ping received 2048 bytes back
Round trip time was 0.559307 milliseconds in repetition 143
tcp_ping received 2048 bytes back
Round trip time was 0.505821 milliseconds in repetition 144
tcp_ping received 2048 bytes back
Round trip time was 0.499837 milliseconds in repetition 145
tcp_ping received 2048 bytes back
Round trip time was 0.480789 milliseconds in repetition 146
tcp_ping received 2048 bytes back
Round trip time was 0.545796 milliseconds in repetition 147
tcp_ping received 2048 bytes back
Round trip time was 0.490841 milliseconds in repetition 148
tcp_ping received 2048 bytes back
Round trip time was 0.47434 milliseconds in repetition 149
tcp_ping received 2048 bytes back
Round trip time was 0.476589 milliseconds in repetition 150
tcp_ping received 2048 bytes back
Round trip time was 0.475708 milliseconds in repetition 151
tcp_ping received 2048 bytes back
Round trip time was 0.439714 milliseconds in repetition 152
tcp_ping received 2048 bytes back
Round trip time was 0.425166 milliseconds in repetition 153
tcp_ping received 2048 bytes back
Round trip time was 0.590463 milliseconds in repetition 154
tcp_ping received 2048 bytes back
Round trip time was 0.568335 milliseconds in repetition 155
tcp_ping received 2048 bytes back
Round trip time was 0.418035 milliseconds in repetition 156
tcp_ping received 2048 bytes back
Round trip time was 0.515073 milliseconds in repetition 157
tcp_ping received 2048 bytes back
Round trip time was 0.59094 milliseconds in repetition 158
tcp_ping received 2048 bytes back
Round trip time was 1.07664 milliseconds in repetition 159
tcp_ping received 2048 bytes back
Round trip time was 0.499786 milliseconds in repetition 160
tcp_ping received 2048 bytes back
Round trip time was 0.478926 milliseconds in repetition 161
tcp_ping received 2048 bytes back
Round trip time was 0.479251 milliseconds in repetition 162
tcp_ping received 2048 bytes back
Round trip time was 0.497507 milliseconds in repetition 163
tcp_ping received 2048 bytes back
Round trip time was 0.467372 milliseconds in repetition 164
tcp_ping received 2048 bytes back
Round trip time was 0.475642 milliseconds in repetition 165
tcp_ping received 2048 bytes back
Round trip time was 0.47118 milliseconds in repetition 166
tcp_ping received 2048 bytes back
Round trip time was 0.484396 milliseconds in repetition 167
tcp_ping received 2048 bytes back
Round trip time was 0.533931 milliseconds in repetition 168
tcp_ping received 2048 bytes back
Round trip time was 0.376273 milliseconds in repetition 169
tcp_ping received 2048 bytes back
Round trip time was 0.796147 milliseconds in repetition 170
tcp_ping received 2048 bytes back
Round trip time was 0.497027 milliseconds in repetition 171
tcp_ping received 2048 bytes back
Round trip time was 0.711388 milliseconds in repetition 172
tcp_ping received 2048 bytes back
Round trip time was 0.480412 milliseconds in repetition 173
tcp_ping received 2048 bytes back
Round trip time was 0.407663 milliseconds in repetition 174
tcp_ping received 2048 bytes back
Round trip time was 0.562085 milliseconds in repetition 175
tcp_ping received 2048 bytes back
Round trip time was 0.465769 milliseconds in repetition 176
tcp_ping received 2048 bytes back
Round trip time was 0.518884 milliseconds in repetition 177
tcp_ping received 2048 bytes back
Round trip time was 0.493443 milliseconds in repetition 178
tcp_ping received 2048 bytes back
Round trip time was 0.479466 milliseconds in repetition 179
tcp_ping received 2048 bytes back
Round trip time was 0.473061 milliseconds in repetition 180
tcp_ping received 2048 bytes back
Round trip time was 0.483433 milliseconds in repetition 181
tcp_ping received 2048 bytes back
Round trip time was 0.480392 milliseconds in repetition 182
tcp_ping received 2048 bytes back
Round trip time was 0.486081 milliseconds in repetition 183
tcp_ping received 2048 bytes back
Round trip time was 0.49806 milliseconds in repetition 184
tcp_ping received 2048 bytes back
Round trip time was 0.421718 milliseconds in repetition 185
tcp_ping received 2048 bytes back
Round trip time was 0.520584 milliseconds in repetition 186
tcp_ping received 2048 bytes back
Round trip time was 0.495358 milliseconds in repetition 187
tcp_ping received 2048 bytes back
Round trip time was 0.473818 milliseconds in repetition 188
tcp_ping received 2048 bytes back
Round trip time was 0.596953 milliseconds in repetition 189
tcp_ping received 2048 bytes back
Round trip time was 0.414527 milliseconds in repetition 190
tcp_ping received 2048 bytes back
Round trip time was 0.593548 milliseconds in repetition 191
tcp_ping received 2048 bytes back
Round trip time was 0.516911 milliseconds in repetition 192
tcp_ping received 2048 bytes back
Round trip time was 0.511699 milliseconds in repetition 193
tcp_ping received 2048 bytes back
Round trip time was 0.484248 milliseconds in repetition 194
tcp_ping received 2048 bytes back
Round trip time was 0.609578 milliseconds in repetition 195
tcp_ping received 2048 bytes back
Round trip time was 0.587772 milliseconds in repetition 196
tcp_ping received 2048 bytes back
Round trip time was 0.609556 milliseconds in repetition 197
tcp_ping received 2048 bytes back
Round trip time was 0.614349 milliseconds in repetition 198
tcp_ping received 2048 bytes back
Round trip time was 0.60133 milliseconds in repetition 199
tcp_ping received 2048 bytes back
Round trip time was 0.510129 milliseconds in repetition 200
tcp_ping received 2048 bytes back
Round trip time was 0.630938 milliseconds in repetition 201
tcp_ping received 2048 bytes back
Round trip time was 0.631048 milliseconds in repetition 202
tcp_ping received 2048 bytes back
Round trip time was 0.593104 milliseconds in repetition 203
tcp_ping received 2048 bytes back
Round trip time was 0.660914 milliseconds in repetition 204
tcp_ping received 2048 bytes back
Round trip time was 0.596517 milliseconds in repetition 205
tcp_ping received 2048 bytes back
Round trip time was 0.622006 milliseconds in repetition 206
tcp_ping received 2048 bytes back
Round trip time was 0.47236 milliseconds in repetition 207
tcp_ping received 2048 bytes back
Round trip time was 0.582475 milliseconds in repetition 208
tcp_ping received 2048 bytes back
Round trip time was 0.941125 milliseconds in repetition 209
tcp_ping received 2048 bytes back
Round trip time was 0.517857 milliseconds in repetition 210
tcp_ping received 2048 bytes back
Round trip time was 0.480762 milliseconds in repetition 211
tcp_ping received 2048 bytes back
Round trip time was 0.476076 milliseconds in repetition 212
tcp_ping received 2048 bytes back
Round trip time was 0.46729 milliseconds in repetition 213
tcp_ping received 2048 bytes back
Round trip time was 0.477349 milliseconds in repetition 214
tcp_ping received 2048 bytes back
Round trip time was 0.997615 milliseconds in repetition 215
tcp_ping received 2048 bytes back
Round trip time was 0.475208 milliseconds in repetition 216
tcp_ping received 2048 bytes back
Round trip time was 0.46866 milliseconds in repetition 217
tcp_ping received 2048 bytes back
Round trip time was 0.548071 milliseconds in repetition 218
tcp_ping received 2048 bytes back
Round trip time was 0.476847 milliseconds in repetition 219
tcp_ping received 2048 bytes back
Round trip time was 0.460574 milliseconds in repetition 220
tcp_ping received 2048 bytes back
Round trip time was 0.480655 milliseconds in repetition 221
tcp_ping received 2048 bytes back
Round trip time was 0.561692 milliseconds in repetition 222
tcp_ping received 2048 bytes back
Round trip time was 0.525006 milliseconds in repetition 223
tcp_ping received 2048 bytes back
Round trip time was 0.8929 milliseconds in repetition 224
tcp_ping received 2048 bytes back
Round trip time was 0.442756 milliseconds in repetition 225
tcp_ping received 2048 bytes back
Round trip time was 0.551231 milliseconds in repetition 226
tcp_ping received 2048 bytes back
Round trip time was 0.45517 milliseconds in repetition 227
tcp_ping received 2048 bytes back
Round trip time was 0.501018 milliseconds in repetition 228
tcp_ping received 2048 bytes back
Round trip time was 0.47292 milliseconds in repetition 229
tcp_ping received 2048 bytes back
Round trip time was 0.473594 milliseconds in repetition 230
tcp_ping received 2048 bytes back
Round trip time was 0.476698 milliseconds in repetition 231
tcp_ping received 2048 bytes back
Round trip time was 0.487012 milliseconds in repetition 232
tcp_ping received 2048 bytes back
Round trip time was 0.484823 milliseconds in repetition 233
tcp_ping received 2048 bytes back
Round trip time was 0.496622 milliseconds in repetition 234
tcp_ping received 2048 bytes back
Round trip time was 0.507115 milliseconds in repetition 235
tcp_ping received 2048 bytes back
Round trip time was 0.493533 milliseconds in repetition 236
tcp_ping received 2048 bytes back
Round trip time was 0.485296 milliseconds in repetition 237
tcp_ping received 2048 bytes back
Round trip time was 0.470708 milliseconds in repetition 238
tcp_ping received 2048 bytes back
Round trip time was 0.534032 milliseconds in repetition 239
tcp_ping received 2048 bytes back
Round trip time was 0.480213 milliseconds in repetition 240
tcp_ping received 2048 bytes back
Round trip time was 0.478761 milliseconds in repetition 241
tcp_ping received 2048 bytes back
Round trip time was 0.797333 milliseconds in repetition 242
tcp_ping received 2048 bytes back
Round trip time was 0.495167 milliseconds in repetition 243
tcp_ping received 2048 bytes back
Round trip time was 0.481401 milliseconds in repetition 244
tcp_ping received 2048 bytes back
Round trip time was 0.483649 milliseconds in repetition 245
tcp_ping received 2048 bytes back
Round trip time was 0.477879 milliseconds in repetition 246
tcp_ping received 2048 bytes back
Round trip time was 0.474506 milliseconds in repetition 247
tcp_ping received 2048 bytes back
Round trip time was 0.467844 milliseconds in repetition 248
tcp_ping received 2048 bytes back
Round trip time was 0.527014 milliseconds in repetition 249
tcp_ping received 2048 bytes back
Round trip time was 0.471103 milliseconds in repetition 250
tcp_ping received 2048 bytes back
Round trip time was 0.489138 milliseconds in repetition 251
tcp_ping received 2048 bytes back
Round trip time was 0.473709 milliseconds in repetition 252
tcp_ping received 2048 bytes back
Round trip time was 0.484424 milliseconds in repetition 253
tcp_ping received 2048 bytes back
Round trip time was 0.458985 milliseconds in repetition 254
tcp_ping received 2048 bytes back
Round trip time was 0.494894 milliseconds in repetition 255
tcp_ping received 2048 bytes back
Round trip time was 0.478016 milliseconds in repetition 256
tcp_ping received 2048 bytes back
Round trip time was 0.634286 milliseconds in repetition 257
tcp_ping received 2048 bytes back
Round trip time was 0.610357 milliseconds in repetition 258
tcp_ping received 2048 bytes back
Round trip time was 0.502549 milliseconds in repetition 259
tcp_ping received 2048 bytes back
Round trip time was 0.54759 milliseconds in repetition 260
tcp_ping received 2048 bytes back
Round trip time was 0.50899 milliseconds in repetition 261
tcp_ping received 2048 bytes back
Round trip time was 0.568269 milliseconds in repetition 262
tcp_ping received 2048 bytes back
Round trip time was 0.561187 milliseconds in repetition 263
tcp_ping received 2048 bytes back
Round trip time was 1.14332 milliseconds in repetition 264
tcp_ping received 2048 bytes back
Round trip time was 0.859662 milliseconds in repetition 265
tcp_ping received 2048 bytes back
Round trip time was 0.567639 milliseconds in repetition 266
tcp_ping received 2048 bytes back
Round trip time was 0.490546 milliseconds in repetition 267
tcp_ping received 2048 bytes back
Round trip time was 0.514859 milliseconds in repetition 268
tcp_ping received 2048 bytes back
Round trip time was 0.485848 milliseconds in repetition 269
tcp_ping received 2048 bytes back
Round trip time was 0.411551 milliseconds in repetition 270
tcp_ping received 2048 bytes back
Round trip time was 0.553226 milliseconds in repetition 271
tcp_ping received 2048 bytes back
Round trip time was 0.384274 milliseconds in repetition 272
tcp_ping received 2048 bytes back
Round trip time was 0.732472 milliseconds in repetition 273
tcp_ping received 2048 bytes back
Round trip time was 0.468804 milliseconds in repetition 274
tcp_ping received 2048 bytes back
Round trip time was 0.492347 milliseconds in repetition 275
tcp_ping received 2048 bytes back
Round trip time was 0.504985 milliseconds in repetition 276
tcp_ping received 2048 bytes back
Round trip time was 0.477529 milliseconds in repetition 277
tcp_ping received 2048 bytes back
Round trip time was -998.924 milliseconds in repetition 278
tcp_ping received 2048 bytes back
Round trip time was 0.499135 milliseconds in repetition 279
tcp_ping received 2048 bytes back
Round trip time was 0.475188 milliseconds in repetition 280
tcp_ping received 2048 bytes back
Round trip time was 0.50585 milliseconds in repetition 281
tcp_ping received 2048 bytes back
Round trip time was 0.562554 milliseconds in repetition 282
tcp_ping received 2048 bytes back
Round trip time was 0.997527 milliseconds in repetition 283
tcp_ping received 2048 bytes back
Round trip time was 1.26673 milliseconds in repetition 284
tcp_ping received 2048 bytes back
Round trip time was 0.530917 milliseconds in repetition 285
tcp_ping received 2048 bytes back
Round trip time was 0.41416 milliseconds in repetition 286
tcp_ping received 2048 bytes back
Round trip time was 0.559218 milliseconds in repetition 287
tcp_ping received 2048 bytes back
Round trip time was 0.459111 milliseconds in repetition 288
tcp_ping received 2048 bytes back
Round trip time was 0.648398 milliseconds in repetition 289
tcp_ping received 2048 bytes back
Round trip time was 0.463522 milliseconds in repetition 290
tcp_ping received 2048 bytes back
Round trip time was 0.477724 milliseconds in repetition 291
tcp_ping received 2048 bytes back
Round trip time was 0.874161 milliseconds in repetition 292
tcp_ping received 2048 bytes back
Round trip time was 0.474652 milliseconds in repetition 293
tcp_ping received 2048 bytes back
Round trip time was 0.627341 milliseconds in repetition 294
tcp_ping received 2048 bytes back
Round trip time was 0.50481 milliseconds in repetition 295
tcp_ping received 2048 bytes back
Round trip time was 0.492595 milliseconds in repetition 296
tcp_ping received 2048 bytes back
Round trip time was 0.510928 milliseconds in repetition 297
tcp_ping received 2048 bytes back
Round trip time was 0.489194 milliseconds in repetition 298
tcp_ping received 2048 bytes back
Round trip time was 0.505314 milliseconds in repetition 299
tcp_ping received 2048 bytes back
Round trip time was 0.56115 milliseconds in repetition 300
tcp_ping received 2048 bytes back
Round trip time was 0.481718 milliseconds in repetition 301
tcp_ping received 2048 bytes back
Round trip time was 0.448673 milliseconds in repetition 302
tcp_ping received 2048 bytes back
Round trip time was 0.558122 milliseconds in repetition 303
tcp_ping received 2048 bytes back
Round trip time was 0.473543 milliseconds in repetition 304
tcp_ping received 2048 bytes back
Round trip time was 0.551448 milliseconds in repetition 305
tcp_ping received 2048 bytes back
Round trip time was 0.531746 milliseconds in repetition 306
tcp_ping received 2048 bytes back
Round trip time was 0.484774 milliseconds in repetition 307
tcp_ping received 2048 bytes back
Round trip time was 0.474646 milliseconds in repetition 308
tcp_ping received 2048 bytes back
Round trip time was 0.510686 milliseconds in repetition 309
tcp_ping received 2048 bytes back
Round trip time was 0.534901 milliseconds in repetition 310
tcp_ping received 2048 bytes back
Round trip time was 0.509848 milliseconds in repetition 311
tcp_ping received 2048 bytes back
Round trip time was 0.579874 milliseconds in repetition 312
tcp_ping received 2048 bytes back
Round trip time was 1.0333 milliseconds in repetition 313
tcp_ping received 2048 bytes back
Round trip time was 0.610412 milliseconds in repetition 314
tcp_ping received 2048 bytes back
Round trip time was 0.471461 milliseconds in repetition 315
tcp_ping received 2048 bytes back
Round trip time was 0.479893 milliseconds in repetition 316
tcp_ping received 2048 bytes back
Round trip time was 0.663785 milliseconds in repetition 317
tcp_ping received 2048 bytes back
Round trip time was 0.413199 milliseconds in repetition 318
tcp_ping received 2048 bytes back
Round trip time was 0.562219 milliseconds in repetition 319
tcp_ping received 2048 bytes back
Round trip time was 0.49076 milliseconds in repetition 320
tcp_ping received 2048 bytes back
Round trip time was 0.474414 milliseconds in repetition 321
tcp_ping received 2048 bytes back
Round trip time was 0.454971 milliseconds in repetition 322
tcp_ping received 2048 bytes back
Round trip time was 0.487152 milliseconds in repetition 323
tcp_ping received 2048 bytes back
Round trip time was 0.586056 milliseconds in repetition 324
tcp_ping received 2048 bytes back
Round trip time was 0.517137 milliseconds in repetition 325
tcp_ping received 2048 bytes back
Round trip time was 0.483256 milliseconds in repetition 326
tcp_ping received 2048 bytes back
Round trip time was 0.474121 milliseconds in repetition 327
tcp_ping received 2048 bytes back
Round trip time was 1.67405 milliseconds in repetition 328
tcp_ping received 2048 bytes back
Round trip time was 0.497128 milliseconds in repetition 329
tcp_ping received 2048 bytes back
Round trip time was 0.606541 milliseconds in repetition 330
tcp_ping received 2048 bytes back
Round trip time was 1.24869 milliseconds in repetition 331
tcp_ping received 2048 bytes back
Round trip time was 2.2928 milliseconds in repetition 332
tcp_ping received 2048 bytes back
Round trip time was 0.547367 milliseconds in repetition 333
tcp_ping received 2048 bytes back
Round trip time was 0.454424 milliseconds in repetition 334
tcp_ping received 2048 bytes back
Round trip time was 0.588071 milliseconds in repetition 335
tcp_ping received 2048 bytes back
Round trip time was 0.552252 milliseconds in repetition 336
tcp_ping received 2048 bytes back
Round trip time was 0.425694 milliseconds in repetition 337
tcp_ping received 2048 bytes back
Round trip time was 1.69769 milliseconds in repetition 338
tcp_ping received 2048 bytes back
Round trip time was 0.462505 milliseconds in repetition 339
tcp_ping received 2048 bytes back
Round trip time was 0.574209 milliseconds in repetition 340
tcp_ping received 2048 bytes back
Round trip time was 0.492549 milliseconds in repetition 341
tcp_ping received 2048 bytes back
Round trip time was 0.556064 milliseconds in repetition 342
tcp_ping received 2048 bytes back
Round trip time was 0.824642 milliseconds in repetition 343
tcp_ping received 2048 bytes back
Round trip time was 0.473366 milliseconds in repetition 344
tcp_ping received 2048 bytes back
Round trip time was 0.482882 milliseconds in repetition 345
tcp_ping received 2048 bytes back
Round trip time was 0.600112 milliseconds in repetition 346
tcp_ping received 2048 bytes back
Round trip time was 0.662205 milliseconds in repetition 347
tcp_ping received 2048 bytes back
Round trip time was 0.71637 milliseconds in repetition 348
tcp_ping received 2048 bytes back
Round trip time was 0.403417 milliseconds in repetition 349
tcp_ping received 2048 bytes back
Round trip time was 0.446878 milliseconds in repetition 350
tcp_ping received 2048 bytes back
Round trip time was 0.526891 milliseconds in repetition 351
tcp_ping received 2048 bytes back
Round trip time was 0.476355 milliseconds in repetition 352
tcp_ping received 2048 bytes back
Round trip time was 0.47545 milliseconds in repetition 353
tcp_ping received 2048 bytes back
Round trip time was 0.577567 milliseconds in repetition 354
tcp_ping received 2048 bytes back
Round trip time was 0.493844 milliseconds in repetition 355
tcp_ping received 2048 bytes back
Round trip time was 0.54952 milliseconds in repetition 356
tcp_ping received 2048 bytes back
Round trip time was 0.489975 milliseconds in repetition 357
tcp_ping received 2048 bytes back
Round trip time was 0.486273 milliseconds in repetition 358
tcp_ping received 2048 bytes back
Round trip time was 0.481249 milliseconds in repetition 359
tcp_ping received 2048 bytes back
Round trip time was 0.609471 milliseconds in repetition 360
tcp_ping received 2048 bytes back
Round trip time was 0.429102 milliseconds in repetition 361
tcp_ping received 2048 bytes back
Round trip time was 0.586148 milliseconds in repetition 362
tcp_ping received 2048 bytes back
Round trip time was 0.465718 milliseconds in repetition 363
tcp_ping received 2048 bytes back
Round trip time was 0.522399 milliseconds in repetition 364
tcp_ping received 2048 bytes back
Round trip time was 0.405203 milliseconds in repetition 365
tcp_ping received 2048 bytes back
Round trip time was 0.430162 milliseconds in repetition 366
tcp_ping received 2048 bytes back
Round trip time was 0.572472 milliseconds in repetition 367
tcp_ping received 2048 bytes back
Round trip time was 0.471137 milliseconds in repetition 368
tcp_ping received 2048 bytes back
Round trip time was 0.484867 milliseconds in repetition 369
tcp_ping received 2048 bytes back
Round trip time was 0.508335 milliseconds in repetition 370
tcp_ping received 2048 bytes back
Round trip time was 0.485687 milliseconds in repetition 371
tcp_ping received 2048 bytes back
Round trip time was 0.515261 milliseconds in repetition 372
tcp_ping received 2048 bytes back
Round trip time was 0.479619 milliseconds in repetition 373
tcp_ping received 2048 bytes back
Round trip time was 0.521207 milliseconds in repetition 374
tcp_ping received 2048 bytes back
Round trip time was 0.484148 milliseconds in repetition 375
tcp_ping received 2048 bytes back
Round trip time was 0.568589 milliseconds in repetition 376
tcp_ping received 2048 bytes back
Round trip time was 0.453059 milliseconds in repetition 377
tcp_ping received 2048 bytes back
Round trip time was 0.585342 milliseconds in repetition 378
tcp_ping received 2048 bytes back
Round trip time was 0.412562 milliseconds in repetition 379
tcp_ping received 2048 bytes back
Round trip time was 0.482182 milliseconds in repetition 380
tcp_ping received 2048 bytes back
Round trip time was 0.409031 milliseconds in repetition 381
tcp_ping received 2048 bytes back
Round trip time was 0.633015 milliseconds in repetition 382
tcp_ping received 2048 bytes back
Round trip time was 0.728142 milliseconds in repetition 383
tcp_ping received 2048 bytes back
Round trip time was 0.490767 milliseconds in repetition 384
tcp_ping received 2048 bytes back
Round trip time was 0.406367 milliseconds in repetition 385
tcp_ping received 2048 bytes back
Round trip time was 0.443151 milliseconds in repetition 386
tcp_ping received 2048 bytes back
Round trip time was 0.560585 milliseconds in repetition 387
tcp_ping received 2048 bytes back
Round trip time was 0.47813 milliseconds in repetition 388
tcp_ping received 2048 bytes back
Round trip time was 0.603963 milliseconds in repetition 389
tcp_ping received 2048 bytes back
Round trip time was 0.506079 milliseconds in repetition 390
tcp_ping received 2048 bytes back
Round trip time was 0.595679 milliseconds in repetition 391
tcp_ping received 2048 bytes back
Round trip time was 0.468156 milliseconds in repetition 392
tcp_ping received 2048 bytes back
Round trip time was 0.473772 milliseconds in repetition 393
tcp_ping received 2048 bytes back
Round trip time was 0.56697 milliseconds in repetition 394
tcp_ping received 2048 bytes back
Round trip time was 0.482185 milliseconds in repetition 395
tcp_ping received 2048 bytes back
Round trip time was 0.445323 milliseconds in repetition 396
tcp_ping received 2048 bytes back
Round trip time was 0.521742 milliseconds in repetition 397
tcp_ping received 2048 bytes back
Round trip time was 0.707333 milliseconds in repetition 398
tcp_ping received 2048 bytes back
Round trip time was 0.498278 milliseconds in repetition 399
tcp_ping received 2048 bytes back
Round trip time was 0.600077 milliseconds in repetition 400
tcp_ping received 2048 bytes back
Round trip time was 0.85375 milliseconds in repetition 401
tcp_ping received 2048 bytes back
Round trip time was 0.520837 milliseconds in repetition 402
tcp_ping received 2048 bytes back
Round trip time was 0.49784 milliseconds in repetition 403
tcp_ping received 2048 bytes back
Round trip time was 0.477717 milliseconds in repetition 404
tcp_ping received 2048 bytes back
Round trip time was 0.503489 milliseconds in repetition 405
tcp_ping received 2048 bytes back
Round trip time was 0.487211 milliseconds in repetition 406
tcp_ping received 2048 bytes back
Round trip time was 0.421836 milliseconds in repetition 407
tcp_ping received 2048 bytes back
Round trip time was 0.647795 milliseconds in repetition 408
tcp_ping received 2048 bytes back
Round trip time was 0.495442 milliseconds in repetition 409
tcp_ping received 2048 bytes back
Round trip time was 0.504871 milliseconds in repetition 410
tcp_ping received 2048 bytes back
Round trip time was 0.382801 milliseconds in repetition 411
tcp_ping received 2048 bytes back
Round trip time was 0.54437 milliseconds in repetition 412
tcp_ping received 2048 bytes back
Round trip time was 0.477839 milliseconds in repetition 413
tcp_ping received 2048 bytes back
Round trip time was 0.633504 milliseconds in repetition 414
tcp_ping received 2048 bytes back
Round trip time was 0.581797 milliseconds in repetition 415
tcp_ping received 2048 bytes back
Round trip time was 0.490951 milliseconds in repetition 416
tcp_ping received 2048 bytes back
Round trip time was 0.528191 milliseconds in repetition 417
tcp_ping received 2048 bytes back
Round trip time was 0.499773 milliseconds in repetition 418
tcp_ping received 2048 bytes back
Round trip time was 1.09912 milliseconds in repetition 419
tcp_ping received 2048 bytes back
Round trip time was 0.742116 milliseconds in repetition 420
tcp_ping received 2048 bytes back
Round trip time was 0.470406 milliseconds in repetition 421
tcp_ping received 2048 bytes back
Round trip time was 0.512752 milliseconds in repetition 422
tcp_ping received 2048 bytes back
Round trip time was 0.490478 milliseconds in repetition 423
tcp_ping received 2048 bytes back
Round trip time was 0.451175 milliseconds in repetition 424
tcp_ping received 2048 bytes back
Round trip time was 0.373546 milliseconds in repetition 425
tcp_ping received 2048 bytes back
Round trip time was 0.498035 milliseconds in repetition 426
tcp_ping received 2048 bytes back
Round trip time was 0.482247 milliseconds in repetition 427
tcp_ping received 2048 bytes back
Round trip time was 0.466602 milliseconds in repetition 428
tcp_ping received 2048 bytes back
Round trip time was 0.493538 milliseconds in repetition 429
tcp_ping received 2048 bytes back
Round trip time was 0.563894 milliseconds in repetition 430
tcp_ping received 2048 bytes back
Round trip time was 0.561628 milliseconds in repetition 431
tcp_ping received 2048 bytes back
Round trip time was 0.533032 milliseconds in repetition 432
tcp_ping received 2048 bytes back
Round trip time was 0.482118 milliseconds in repetition 433
tcp_ping received 2048 bytes back
Round trip time was 0.490177 milliseconds in repetition 434
tcp_ping received 2048 bytes back
Round trip time was 0.480674 milliseconds in repetition 435
tcp_ping received 2048 bytes back
Round trip time was 0.478755 milliseconds in repetition 436
tcp_ping received 2048 bytes back
Round trip time was 0.5721 milliseconds in repetition 437
tcp_ping received 2048 bytes back
Round trip time was 0.48321 milliseconds in repetition 438
tcp_ping received 2048 bytes back
Round trip time was 0.969411 milliseconds in repetition 439
tcp_ping received 2048 bytes back
Round trip time was 1.9091 milliseconds in repetition 440
tcp_ping received 2048 bytes back
Round trip time was 0.464198 milliseconds in repetition 441
tcp_ping received 2048 bytes back
Round trip time was 0.480183 milliseconds in repetition 442
tcp_ping received 2048 bytes back
Round trip time was 0.49188 milliseconds in repetition 443
tcp_ping received 2048 bytes back
Round trip time was 0.484186 milliseconds in repetition 444
tcp_ping received 2048 bytes back
Round trip time was 0.506792 milliseconds in repetition 445
tcp_ping received 2048 bytes back
Round trip time was 0.433208 milliseconds in repetition 446
tcp_ping received 2048 bytes back
Round trip time was 0.945914 milliseconds in repetition 447
tcp_ping received 2048 bytes back
Round trip time was 0.490626 milliseconds in repetition 448
tcp_ping received 2048 bytes back
Round trip time was 0.48418 milliseconds in repetition 449
tcp_ping received 2048 bytes back
Round trip time was 0.492479 milliseconds in repetition 450
tcp_ping received 2048 bytes back
Round trip time was 0.522998 milliseconds in repetition 451
tcp_ping received 2048 bytes back
Round trip time was 0.480953 milliseconds in repetition 452
tcp_ping received 2048 bytes back
Round trip time was 0.500113 milliseconds in repetition 453
tcp_ping received 2048 bytes back
Round trip time was 0.483425 milliseconds in repetition 454
tcp_ping received 2048 bytes back
Round trip time was 0.492495 milliseconds in repetition 455
tcp_ping received 2048 bytes back
Round trip time was 0.517473 milliseconds in repetition 456
tcp_ping received 2048 bytes back
Round trip time was 0.401217 milliseconds in repetition 457
tcp_ping received 2048 bytes back
Round trip time was 0.528558 milliseconds in repetition 458
tcp_ping received 2048 bytes back
Round trip time was 0.482412 milliseconds in repetition 459
tcp_ping received 2048 bytes back
Round trip time was 0.508479 milliseconds in repetition 460
tcp_ping received 2048 bytes back
Round trip time was 0.477156 milliseconds in repetition 461
tcp_ping received 2048 bytes back
Round trip time was 0.929891 milliseconds in repetition 462
tcp_ping received 2048 bytes back
Round trip time was 0.554327 milliseconds in repetition 463
tcp_ping received 2048 bytes back
Round trip time was 0.676529 milliseconds in repetition 464
tcp_ping received 2048 bytes back
Round trip time was 0.499146 milliseconds in repetition 465
tcp_ping received 2048 bytes back
Round trip time was 0.496518 milliseconds in repetition 466
tcp_ping received 2048 bytes back
Round trip time was 0.437482 milliseconds in repetition 467
tcp_ping received 2048 bytes back
Round trip time was 0.511087 milliseconds in repetition 468
tcp_ping received 2048 bytes back
Round trip time was 0.486359 milliseconds in repetition 469
tcp_ping received 2048 bytes back
Round trip time was 0.476611 milliseconds in repetition 470
tcp_ping received 2048 bytes back
Round trip time was 0.527399 milliseconds in repetition 471
tcp_ping received 2048 bytes back
Round trip time was 0.465844 milliseconds in repetition 472
tcp_ping received 2048 bytes back
Round trip time was 0.637058 milliseconds in repetition 473
tcp_ping received 2048 bytes back
Round trip time was 0.761402 milliseconds in repetition 474
tcp_ping received 2048 bytes back
Round trip time was 0.480648 milliseconds in repetition 475
tcp_ping received 2048 bytes back
Round trip time was 0.479706 milliseconds in repetition 476
tcp_ping received 2048 bytes back
Round trip time was 0.50666 milliseconds in repetition 477
tcp_ping received 2048 bytes back
Round trip time was 0.402469 milliseconds in repetition 478
tcp_ping received 2048 bytes back
Round trip time was 0.557037 milliseconds in repetition 479
tcp_ping received 2048 bytes back
Round trip time was 0.490584 milliseconds in repetition 480
tcp_ping received 2048 bytes back
Round trip time was 0.550182 milliseconds in repetition 481
tcp_ping received 2048 bytes back
Round trip time was 0.475011 milliseconds in repetition 482
tcp_ping received 2048 bytes back
Round trip time was 0.449776 milliseconds in repetition 483
tcp_ping received 2048 bytes back
Round trip time was 0.480818 milliseconds in repetition 484
tcp_ping received 2048 bytes back
Round trip time was 0.505095 milliseconds in repetition 485
tcp_ping received 2048 bytes back
Round trip time was 0.470205 milliseconds in repetition 486
tcp_ping received 2048 bytes back
Round trip time was 0.510346 milliseconds in repetition 487
tcp_ping received 2048 bytes back
Round trip time was 0.504869 milliseconds in repetition 488
tcp_ping received 2048 bytes back
Round trip time was 0.419283 milliseconds in repetition 489
tcp_ping received 2048 bytes back
Round trip time was 0.565579 milliseconds in repetition 490
tcp_ping received 2048 bytes back
Round trip time was 0.50994 milliseconds in repetition 491
tcp_ping received 2048 bytes back
Round trip time was 0.733957 milliseconds in repetition 492
tcp_ping received 2048 bytes back
Round trip time was 0.48656 milliseconds in repetition 493
tcp_ping received 2048 bytes back
Round trip time was 0.572196 milliseconds in repetition 494
tcp_ping received 2048 bytes back
Round trip time was 0.566061 milliseconds in repetition 495
tcp_ping received 2048 bytes back
Round trip time was 0.478824 milliseconds in repetition 496
tcp_ping received 2048 bytes back
Round trip time was 0.477321 milliseconds in repetition 497
tcp_ping received 2048 bytes back
Round trip time was 0.417018 milliseconds in repetition 498
tcp_ping received 2048 bytes back
Round trip time was 0.514108 milliseconds in repetition 499
tcp_ping received 2048 bytes back
Round trip time was 0.484094 milliseconds in repetition 500
tcp_ping received 2048 bytes back
Round trip time was 0.416555 milliseconds in repetition 501

 ... clock resolution was 1e-06
TCP Ping:  Statistics over 501 repetitions of 2048 byte messages

RTT : percentile 10: 0.451175, median: 0.496326, percentile 90: 0.663785, average: -1.40062, variance: 1994.53

RTT histogram:
0 0
0.724342 475
1.44868 20
2.17303 4
2.89737 0
3.62171 0
4.34605 0
5.0704 0
5.79474 0
6.51908 0
7.24342 0
7.96776 0
8.69211 0
9.41645 0
10.1408 0
10.8651 0
11.5895 0
12.3138 0
13.0382 0
13.7625 0
14.4868 1

   median Throughput : 8252.64 KB/s

