TCP Ping trying to connect to server seti.dibris.unige.it (130.251.61.30) on port 1491
 ... connected to Pong server: asking for 501 repetitions of 4096 bytes TCP messages
 ... Pong server agreed :-)
tcp_ping received 4096 bytes back
Round trip time was 20.3258 milliseconds in repetition 1
tcp_ping received 4096 bytes back
Round trip time was 2.05021 milliseconds in repetition 2
tcp_ping received 4096 bytes back
Round trip time was 1.989 milliseconds in repetition 3
tcp_ping received 4096 bytes back
Round trip time was 2.11865 milliseconds in repetition 4
tcp_ping received 4096 bytes back
Round trip time was 2.0444 milliseconds in repetition 5
tcp_ping received 4096 bytes back
Round trip time was 1.91618 milliseconds in repetition 6
tcp_ping received 4096 bytes back
Round trip time was 1.84146 milliseconds in repetition 7
tcp_ping received 4096 bytes back
Round trip time was 1.92377 milliseconds in repetition 8
tcp_ping received 4096 bytes back
Round trip time was 1.96383 milliseconds in repetition 9
tcp_ping received 4096 bytes back
Round trip time was 1.83081 milliseconds in repetition 10
tcp_ping received 4096 bytes back
Round trip time was 1.82916 milliseconds in repetition 11
tcp_ping received 4096 bytes back
Round trip time was 0.847783 milliseconds in repetition 12
tcp_ping received 4096 bytes back
Round trip time was 0.638558 milliseconds in repetition 13
tcp_ping received 4096 bytes back
Round trip time was 0.592192 milliseconds in repetition 14
tcp_ping received 4096 bytes back
Round trip time was 0.596394 milliseconds in repetition 15
tcp_ping received 4096 bytes back
Round trip time was 0.617586 milliseconds in repetition 16
tcp_ping received 4096 bytes back
Round trip time was 0.583898 milliseconds in repetition 17
tcp_ping received 4096 bytes back
Round trip time was 0.657336 milliseconds in repetition 18
tcp_ping received 4096 bytes back
Round trip time was 0.714056 milliseconds in repetition 19
tcp_ping received 4096 bytes back
Round trip time was 0.690104 milliseconds in repetition 20
tcp_ping received 4096 bytes back
Round trip time was 0.646043 milliseconds in repetition 21
tcp_ping received 4096 bytes back
Round trip time was 0.625778 milliseconds in repetition 22
tcp_ping received 4096 bytes back
Round trip time was 0.840854 milliseconds in repetition 23
tcp_ping received 4096 bytes back
Round trip time was 0.50184 milliseconds in repetition 24
tcp_ping received 4096 bytes back
Round trip time was 0.618775 milliseconds in repetition 25
tcp_ping received 4096 bytes back
Round trip time was 0.5255 milliseconds in repetition 26
tcp_ping received 4096 bytes back
Round trip time was 0.590234 milliseconds in repetition 27
tcp_ping received 4096 bytes back
Round trip time was 0.544962 milliseconds in repetition 28
tcp_ping received 4096 bytes back
Round trip time was 0.586591 milliseconds in repetition 29
tcp_ping received 4096 bytes back
Round trip time was 0.480962 milliseconds in repetition 30
tcp_ping received 4096 bytes back
Round trip time was 0.590703 milliseconds in repetition 31
tcp_ping received 4096 bytes back
Round trip time was 0.542101 milliseconds in repetition 32
tcp_ping received 4096 bytes back
Round trip time was 0.647499 milliseconds in repetition 33
tcp_ping received 4096 bytes back
Round trip time was 0.546327 milliseconds in repetition 34
tcp_ping received 4096 bytes back
Round trip time was 0.591704 milliseconds in repetition 35
tcp_ping received 4096 bytes back
Round trip time was 0.540538 milliseconds in repetition 36
tcp_ping received 4096 bytes back
Round trip time was 0.511094 milliseconds in repetition 37
tcp_ping received 4096 bytes back
Round trip time was 0.507971 milliseconds in repetition 38
tcp_ping received 4096 bytes back
Round trip time was 0.601883 milliseconds in repetition 39
tcp_ping received 4096 bytes back
Round trip time was 0.534748 milliseconds in repetition 40
tcp_ping received 4096 bytes back
Round trip time was 0.592007 milliseconds in repetition 41
tcp_ping received 4096 bytes back
Round trip time was 0.538799 milliseconds in repetition 42
tcp_ping received 4096 bytes back
Round trip time was 0.599694 milliseconds in repetition 43
tcp_ping received 4096 bytes back
Round trip time was 0.521193 milliseconds in repetition 44
tcp_ping received 4096 bytes back
Round trip time was 0.521192 milliseconds in repetition 45
tcp_ping received 4096 bytes back
Round trip time was 0.513306 milliseconds in repetition 46
tcp_ping received 4096 bytes back
Round trip time was 0.591919 milliseconds in repetition 47
tcp_ping received 4096 bytes back
Round trip time was 0.5507 milliseconds in repetition 48
tcp_ping received 4096 bytes back
Round trip time was 0.589407 milliseconds in repetition 49
tcp_ping received 4096 bytes back
Round trip time was 0.460076 milliseconds in repetition 50
tcp_ping received 4096 bytes back
Round trip time was 0.636369 milliseconds in repetition 51
tcp_ping received 4096 bytes back
Round trip time was 0.489501 milliseconds in repetition 52
tcp_ping received 4096 bytes back
Round trip time was 0.631703 milliseconds in repetition 53
tcp_ping received 4096 bytes back
Round trip time was 0.46596 milliseconds in repetition 54
tcp_ping received 4096 bytes back
Round trip time was 0.616477 milliseconds in repetition 55
tcp_ping received 4096 bytes back
Round trip time was 0.513364 milliseconds in repetition 56
tcp_ping received 4096 bytes back
Round trip time was 0.622797 milliseconds in repetition 57
tcp_ping received 4096 bytes back
Round trip time was 0.571098 milliseconds in repetition 58
tcp_ping received 4096 bytes back
Round trip time was 0.589599 milliseconds in repetition 59
tcp_ping received 4096 bytes back
Round trip time was 0.526261 milliseconds in repetition 60
tcp_ping received 4096 bytes back
Round trip time was 0.602182 milliseconds in repetition 61
tcp_ping received 4096 bytes back
Round trip time was 0.548623 milliseconds in repetition 62
tcp_ping received 4096 bytes back
Round trip time was 0.58411 milliseconds in repetition 63
tcp_ping received 4096 bytes back
Round trip time was 0.53147 milliseconds in repetition 64
tcp_ping received 4096 bytes back
Round trip time was 0.51793 milliseconds in repetition 65
tcp_ping received 4096 bytes back
Round trip time was 0.48246 milliseconds in repetition 66
tcp_ping received 4096 bytes back
Round trip time was 0.546597 milliseconds in repetition 67
tcp_ping received 4096 bytes back
Round trip time was 0.460591 milliseconds in repetition 68
tcp_ping received 4096 bytes back
Round trip time was 0.590759 milliseconds in repetition 69
tcp_ping received 4096 bytes back
Round trip time was 0.434484 milliseconds in repetition 70
tcp_ping received 4096 bytes back
Round trip time was 0.582989 milliseconds in repetition 71
tcp_ping received 4096 bytes back
Round trip time was 0.527536 milliseconds in repetition 72
tcp_ping received 4096 bytes back
Round trip time was 0.685035 milliseconds in repetition 73
tcp_ping received 4096 bytes back
Round trip time was 0.46945 milliseconds in repetition 74
tcp_ping received 4096 bytes back
Round trip time was 0.635674 milliseconds in repetition 75
tcp_ping received 4096 bytes back
Round trip time was 0.543344 milliseconds in repetition 76
tcp_ping received 4096 bytes back
Round trip time was 0.593469 milliseconds in repetition 77
tcp_ping received 4096 bytes back
Round trip time was 0.536106 milliseconds in repetition 78
tcp_ping received 4096 bytes back
Round trip time was 0.603337 milliseconds in repetition 79
tcp_ping received 4096 bytes back
Round trip time was 0.651182 milliseconds in repetition 80
tcp_ping received 4096 bytes back
Round trip time was 0.615489 milliseconds in repetition 81
tcp_ping received 4096 bytes back
Round trip time was 0.470083 milliseconds in repetition 82
tcp_ping received 4096 bytes back
Round trip time was 0.585833 milliseconds in repetition 83
tcp_ping received 4096 bytes back
Round trip time was 0.515407 milliseconds in repetition 84
tcp_ping received 4096 bytes back
Round trip time was 0.733243 milliseconds in repetition 85
tcp_ping received 4096 bytes back
Round trip time was 0.44693 milliseconds in repetition 86
tcp_ping received 4096 bytes back
Round trip time was 0.659296 milliseconds in repetition 87
tcp_ping received 4096 bytes back
Round trip time was 0.518695 milliseconds in repetition 88
tcp_ping received 4096 bytes back
Round trip time was 0.531678 milliseconds in repetition 89
tcp_ping received 4096 bytes back
Round trip time was 0.519996 milliseconds in repetition 90
tcp_ping received 4096 bytes back
Round trip time was 0.593153 milliseconds in repetition 91
tcp_ping received 4096 bytes back
Round trip time was 0.642303 milliseconds in repetition 92
tcp_ping received 4096 bytes back
Round trip time was 0.610414 milliseconds in repetition 93
tcp_ping received 4096 bytes back
Round trip time was 0.479652 milliseconds in repetition 94
tcp_ping received 4096 bytes back
Round trip time was 0.582502 milliseconds in repetition 95
tcp_ping received 4096 bytes back
Round trip time was 0.49324 milliseconds in repetition 96
tcp_ping received 4096 bytes back
Round trip time was 0.577509 milliseconds in repetition 97
tcp_ping received 4096 bytes back
Round trip time was 0.460946 milliseconds in repetition 98
tcp_ping received 4096 bytes back
Round trip time was 0.605234 milliseconds in repetition 99
tcp_ping received 4096 bytes back
Round trip time was 0.525757 milliseconds in repetition 100
tcp_ping received 4096 bytes back
Round trip time was 0.629581 milliseconds in repetition 101
tcp_ping received 4096 bytes back
Round trip time was 0.508304 milliseconds in repetition 102
tcp_ping received 4096 bytes back
Round trip time was 0.654639 milliseconds in repetition 103
tcp_ping received 4096 bytes back
Round trip time was 0.531898 milliseconds in repetition 104
tcp_ping received 4096 bytes back
Round trip time was 0.604509 milliseconds in repetition 105
tcp_ping received 4096 bytes back
Round trip time was 0.438576 milliseconds in repetition 106
tcp_ping received 4096 bytes back
Round trip time was 0.60498 milliseconds in repetition 107
tcp_ping received 4096 bytes back
Round trip time was 0.584347 milliseconds in repetition 108
tcp_ping received 4096 bytes back
Round trip time was 0.605908 milliseconds in repetition 109
tcp_ping received 4096 bytes back
Round trip time was 0.457166 milliseconds in repetition 110
tcp_ping received 4096 bytes back
Round trip time was 0.587119 milliseconds in repetition 111
tcp_ping received 4096 bytes back
Round trip time was 0.503753 milliseconds in repetition 112
tcp_ping received 4096 bytes back
Round trip time was 0.580863 milliseconds in repetition 113
tcp_ping received 4096 bytes back
Round trip time was 0.515568 milliseconds in repetition 114
tcp_ping received 4096 bytes back
Round trip time was 0.635472 milliseconds in repetition 115
tcp_ping received 4096 bytes back
Round trip time was 0.471876 milliseconds in repetition 116
tcp_ping received 4096 bytes back
Round trip time was 0.581736 milliseconds in repetition 117
tcp_ping received 4096 bytes back
Round trip time was 0.450654 milliseconds in repetition 118
tcp_ping received 4096 bytes back
Round trip time was 0.640084 milliseconds in repetition 119
tcp_ping received 4096 bytes back
Round trip time was 0.592728 milliseconds in repetition 120
tcp_ping received 4096 bytes back
Round trip time was 0.599568 milliseconds in repetition 121
tcp_ping received 4096 bytes back
Round trip time was 0.444058 milliseconds in repetition 122
tcp_ping received 4096 bytes back
Round trip time was 0.66864 milliseconds in repetition 123
tcp_ping received 4096 bytes back
Round trip time was 0.559573 milliseconds in repetition 124
tcp_ping received 4096 bytes back
Round trip time was 0.581652 milliseconds in repetition 125
tcp_ping received 4096 bytes back
Round trip time was 0.503204 milliseconds in repetition 126
tcp_ping received 4096 bytes back
Round trip time was 0.700664 milliseconds in repetition 127
tcp_ping received 4096 bytes back
Round trip time was 0.521342 milliseconds in repetition 128
tcp_ping received 4096 bytes back
Round trip time was 0.601231 milliseconds in repetition 129
tcp_ping received 4096 bytes back
Round trip time was 0.444257 milliseconds in repetition 130
tcp_ping received 4096 bytes back
Round trip time was 0.590171 milliseconds in repetition 131
tcp_ping received 4096 bytes back
Round trip time was 0.51271 milliseconds in repetition 132
tcp_ping received 4096 bytes back
Round trip time was 0.685965 milliseconds in repetition 133
tcp_ping received 4096 bytes back
Round trip time was 0.454552 milliseconds in repetition 134
tcp_ping received 4096 bytes back
Round trip time was 0.571907 milliseconds in repetition 135
tcp_ping received 4096 bytes back
Round trip time was 0.51825 milliseconds in repetition 136
tcp_ping received 4096 bytes back
Round trip time was 0.611595 milliseconds in repetition 137
tcp_ping received 4096 bytes back
Round trip time was 0.451125 milliseconds in repetition 138
tcp_ping received 4096 bytes back
Round trip time was 0.578003 milliseconds in repetition 139
tcp_ping received 4096 bytes back
Round trip time was 0.538454 milliseconds in repetition 140
tcp_ping received 4096 bytes back
Round trip time was 0.598965 milliseconds in repetition 141
tcp_ping received 4096 bytes back
Round trip time was 0.49931 milliseconds in repetition 142
tcp_ping received 4096 bytes back
Round trip time was 0.629418 milliseconds in repetition 143
tcp_ping received 4096 bytes back
Round trip time was 0.5265 milliseconds in repetition 144
tcp_ping received 4096 bytes back
Round trip time was 0.604859 milliseconds in repetition 145
tcp_ping received 4096 bytes back
Round trip time was 0.452531 milliseconds in repetition 146
tcp_ping received 4096 bytes back
Round trip time was 0.598167 milliseconds in repetition 147
tcp_ping received 4096 bytes back
Round trip time was 0.516045 milliseconds in repetition 148
tcp_ping received 4096 bytes back
Round trip time was 0.572202 milliseconds in repetition 149
tcp_ping received 4096 bytes back
Round trip time was 0.439667 milliseconds in repetition 150
tcp_ping received 4096 bytes back
Round trip time was 0.599128 milliseconds in repetition 151
tcp_ping received 4096 bytes back
Round trip time was 0.510478 milliseconds in repetition 152
tcp_ping received 4096 bytes back
Round trip time was 0.54259 milliseconds in repetition 153
tcp_ping received 4096 bytes back
Round trip time was 0.435952 milliseconds in repetition 154
tcp_ping received 4096 bytes back
Round trip time was 0.484101 milliseconds in repetition 155
tcp_ping received 4096 bytes back
Round trip time was 0.51583 milliseconds in repetition 156
tcp_ping received 4096 bytes back
Round trip time was 0.62004 milliseconds in repetition 157
tcp_ping received 4096 bytes back
Round trip time was 0.438351 milliseconds in repetition 158
tcp_ping received 4096 bytes back
Round trip time was 0.49813 milliseconds in repetition 159
tcp_ping received 4096 bytes back
Round trip time was 0.541824 milliseconds in repetition 160
tcp_ping received 4096 bytes back
Round trip time was 0.474173 milliseconds in repetition 161
tcp_ping received 4096 bytes back
Round trip time was 0.568076 milliseconds in repetition 162
tcp_ping received 4096 bytes back
Round trip time was 0.568973 milliseconds in repetition 163
tcp_ping received 4096 bytes back
Round trip time was 0.543822 milliseconds in repetition 164
tcp_ping received 4096 bytes back
Round trip time was 0.570895 milliseconds in repetition 165
tcp_ping received 4096 bytes back
Round trip time was 0.466292 milliseconds in repetition 166
tcp_ping received 4096 bytes back
Round trip time was 0.555229 milliseconds in repetition 167
tcp_ping received 4096 bytes back
Round trip time was 0.5056 milliseconds in repetition 168
tcp_ping received 4096 bytes back
Round trip time was 0.449014 milliseconds in repetition 169
tcp_ping received 4096 bytes back
Round trip time was 0.548726 milliseconds in repetition 170
tcp_ping received 4096 bytes back
Round trip time was 0.605233 milliseconds in repetition 171
tcp_ping received 4096 bytes back
Round trip time was 0.55957 milliseconds in repetition 172
tcp_ping received 4096 bytes back
Round trip time was 0.571185 milliseconds in repetition 173
tcp_ping received 4096 bytes back
Round trip time was 0.499646 milliseconds in repetition 174
tcp_ping received 4096 bytes back
Round trip time was 0.614383 milliseconds in repetition 175
tcp_ping received 4096 bytes back
Round trip time was 0.619862 milliseconds in repetition 176
tcp_ping received 4096 bytes back
Round trip time was 0.579918 milliseconds in repetition 177
tcp_ping received 4096 bytes back
Round trip time was 0.459548 milliseconds in repetition 178
tcp_ping received 4096 bytes back
Round trip time was 0.594544 milliseconds in repetition 179
tcp_ping received 4096 bytes back
Round trip time was 0.529569 milliseconds in repetition 180
tcp_ping received 4096 bytes back
Round trip time was 0.574791 milliseconds in repetition 181
tcp_ping received 4096 bytes back
Round trip time was 0.543725 milliseconds in repetition 182
tcp_ping received 4096 bytes back
Round trip time was 0.545509 milliseconds in repetition 183
tcp_ping received 4096 bytes back
Round trip time was 0.529965 milliseconds in repetition 184
tcp_ping received 4096 bytes back
Round trip time was 0.575465 milliseconds in repetition 185
tcp_ping received 4096 bytes back
Round trip time was 0.451585 milliseconds in repetition 186
tcp_ping received 4096 bytes back
Round trip time was 0.600507 milliseconds in repetition 187
tcp_ping received 4096 bytes back
Round trip time was 0.561579 milliseconds in repetition 188
tcp_ping received 4096 bytes back
Round trip time was 0.613874 milliseconds in repetition 189
tcp_ping received 4096 bytes back
Round trip time was 0.448075 milliseconds in repetition 190
tcp_ping received 4096 bytes back
Round trip time was 0.573151 milliseconds in repetition 191
tcp_ping received 4096 bytes back
Round trip time was 0.535816 milliseconds in repetition 192
tcp_ping received 4096 bytes back
Round trip time was 0.595803 milliseconds in repetition 193
tcp_ping received 4096 bytes back
Round trip time was 0.519044 milliseconds in repetition 194
tcp_ping received 4096 bytes back
Round trip time was 0.528397 milliseconds in repetition 195
tcp_ping received 4096 bytes back
Round trip time was 0.491673 milliseconds in repetition 196
tcp_ping received 4096 bytes back
Round trip time was 0.541067 milliseconds in repetition 197
tcp_ping received 4096 bytes back
Round trip time was 0.475846 milliseconds in repetition 198
tcp_ping received 4096 bytes back
Round trip time was 0.577988 milliseconds in repetition 199
tcp_ping received 4096 bytes back
Round trip time was 0.530458 milliseconds in repetition 200
tcp_ping received 4096 bytes back
Round trip time was 0.59494 milliseconds in repetition 201
tcp_ping received 4096 bytes back
Round trip time was 0.491613 milliseconds in repetition 202
tcp_ping received 4096 bytes back
Round trip time was 0.579984 milliseconds in repetition 203
tcp_ping received 4096 bytes back
Round trip time was 0.538476 milliseconds in repetition 204
tcp_ping received 4096 bytes back
Round trip time was 0.584361 milliseconds in repetition 205
tcp_ping received 4096 bytes back
Round trip time was 0.719269 milliseconds in repetition 206
tcp_ping received 4096 bytes back
Round trip time was 0.629137 milliseconds in repetition 207
tcp_ping received 4096 bytes back
Round trip time was 0.542355 milliseconds in repetition 208
tcp_ping received 4096 bytes back
Round trip time was 0.595678 milliseconds in repetition 209
tcp_ping received 4096 bytes back
Round trip time was 0.587494 milliseconds in repetition 210
tcp_ping received 4096 bytes back
Round trip time was 0.607836 milliseconds in repetition 211
tcp_ping received 4096 bytes back
Round trip time was 0.449671 milliseconds in repetition 212
tcp_ping received 4096 bytes back
Round trip time was 0.778155 milliseconds in repetition 213
tcp_ping received 4096 bytes back
Round trip time was 0.634478 milliseconds in repetition 214
tcp_ping received 4096 bytes back
Round trip time was 0.714232 milliseconds in repetition 215
tcp_ping received 4096 bytes back
Round trip time was 0.528166 milliseconds in repetition 216
tcp_ping received 4096 bytes back
Round trip time was 0.58235 milliseconds in repetition 217
tcp_ping received 4096 bytes back
Round trip time was 0.824501 milliseconds in repetition 218
tcp_ping received 4096 bytes back
Round trip time was 0.614985 milliseconds in repetition 219
tcp_ping received 4096 bytes back
Round trip time was 0.526043 milliseconds in repetition 220
tcp_ping received 4096 bytes back
Round trip time was 0.596192 milliseconds in repetition 221
tcp_ping received 4096 bytes back
Round trip time was 0.467331 milliseconds in repetition 222
tcp_ping received 4096 bytes back
Round trip time was 0.53205 milliseconds in repetition 223
tcp_ping received 4096 bytes back
Round trip time was 0.537337 milliseconds in repetition 224
tcp_ping received 4096 bytes back
Round trip time was 0.546287 milliseconds in repetition 225
tcp_ping received 4096 bytes back
Round trip time was 0.43476 milliseconds in repetition 226
tcp_ping received 4096 bytes back
Round trip time was 0.540007 milliseconds in repetition 227
tcp_ping received 4096 bytes back
Round trip time was 0.567872 milliseconds in repetition 228
tcp_ping received 4096 bytes back
Round trip time was 0.697927 milliseconds in repetition 229
tcp_ping received 4096 bytes back
Round trip time was 0.543791 milliseconds in repetition 230
tcp_ping received 4096 bytes back
Round trip time was 0.617234 milliseconds in repetition 231
tcp_ping received 4096 bytes back
Round trip time was 1.23974 milliseconds in repetition 232
tcp_ping received 4096 bytes back
Round trip time was 0.577188 milliseconds in repetition 233
tcp_ping received 4096 bytes back
Round trip time was 0.461337 milliseconds in repetition 234
tcp_ping received 4096 bytes back
Round trip time was 0.605728 milliseconds in repetition 235
tcp_ping received 4096 bytes back
Round trip time was 0.529552 milliseconds in repetition 236
tcp_ping received 4096 bytes back
Round trip time was 0.558136 milliseconds in repetition 237
tcp_ping received 4096 bytes back
Round trip time was 0.498481 milliseconds in repetition 238
tcp_ping received 4096 bytes back
Round trip time was 0.491526 milliseconds in repetition 239
tcp_ping received 4096 bytes back
Round trip time was 0.607516 milliseconds in repetition 240
tcp_ping received 4096 bytes back
Round trip time was 0.561739 milliseconds in repetition 241
tcp_ping received 4096 bytes back
Round trip time was 0.447681 milliseconds in repetition 242
tcp_ping received 4096 bytes back
Round trip time was 0.571688 milliseconds in repetition 243
tcp_ping received 4096 bytes back
Round trip time was 0.587872 milliseconds in repetition 244
tcp_ping received 4096 bytes back
Round trip time was 0.816472 milliseconds in repetition 245
tcp_ping received 4096 bytes back
Round trip time was 0.52759 milliseconds in repetition 246
tcp_ping received 4096 bytes back
Round trip time was 0.704316 milliseconds in repetition 247
tcp_ping received 4096 bytes back
Round trip time was 0.542605 milliseconds in repetition 248
tcp_ping received 4096 bytes back
Round trip time was 0.647325 milliseconds in repetition 249
tcp_ping received 4096 bytes back
Round trip time was 0.538358 milliseconds in repetition 250
tcp_ping received 4096 bytes back
Round trip time was 0.556725 milliseconds in repetition 251
tcp_ping received 4096 bytes back
Round trip time was 0.457665 milliseconds in repetition 252
tcp_ping received 4096 bytes back
Round trip time was 0.562645 milliseconds in repetition 253
tcp_ping received 4096 bytes back
Round trip time was 0.493919 milliseconds in repetition 254
tcp_ping received 4096 bytes back
Round trip time was 0.62051 milliseconds in repetition 255
tcp_ping received 4096 bytes back
Round trip time was 0.577672 milliseconds in repetition 256
tcp_ping received 4096 bytes back
Round trip time was 0.642524 milliseconds in repetition 257
tcp_ping received 4096 bytes back
Round trip time was 0.458025 milliseconds in repetition 258
tcp_ping received 4096 bytes back
Round trip time was 0.559463 milliseconds in repetition 259
tcp_ping received 4096 bytes back
Round trip time was 0.523195 milliseconds in repetition 260
tcp_ping received 4096 bytes back
Round trip time was 0.602404 milliseconds in repetition 261
tcp_ping received 4096 bytes back
Round trip time was 0.57485 milliseconds in repetition 262
tcp_ping received 4096 bytes back
Round trip time was 0.55231 milliseconds in repetition 263
tcp_ping received 4096 bytes back
Round trip time was 0.559006 milliseconds in repetition 264
tcp_ping received 4096 bytes back
Round trip time was 0.623782 milliseconds in repetition 265
tcp_ping received 4096 bytes back
Round trip time was 0.490825 milliseconds in repetition 266
tcp_ping received 4096 bytes back
Round trip time was 0.579149 milliseconds in repetition 267
tcp_ping received 4096 bytes back
Round trip time was 0.525556 milliseconds in repetition 268
tcp_ping received 4096 bytes back
Round trip time was 0.569626 milliseconds in repetition 269
tcp_ping received 4096 bytes back
Round trip time was 0.479918 milliseconds in repetition 270
tcp_ping received 4096 bytes back
Round trip time was 0.570501 milliseconds in repetition 271
tcp_ping received 4096 bytes back
Round trip time was 0.536642 milliseconds in repetition 272
tcp_ping received 4096 bytes back
Round trip time was 0.576761 milliseconds in repetition 273
tcp_ping received 4096 bytes back
Round trip time was 0.451569 milliseconds in repetition 274
tcp_ping received 4096 bytes back
Round trip time was 0.549032 milliseconds in repetition 275
tcp_ping received 4096 bytes back
Round trip time was 0.497539 milliseconds in repetition 276
tcp_ping received 4096 bytes back
Round trip time was 0.574541 milliseconds in repetition 277
tcp_ping received 4096 bytes back
Round trip time was 0.565152 milliseconds in repetition 278
tcp_ping received 4096 bytes back
Round trip time was 0.585952 milliseconds in repetition 279
tcp_ping received 4096 bytes back
Round trip time was 0.574383 milliseconds in repetition 280
tcp_ping received 4096 bytes back
Round trip time was 0.541388 milliseconds in repetition 281
tcp_ping received 4096 bytes back
Round trip time was 0.455027 milliseconds in repetition 282
tcp_ping received 4096 bytes back
Round trip time was 0.591086 milliseconds in repetition 283
tcp_ping received 4096 bytes back
Round trip time was 0.522577 milliseconds in repetition 284
tcp_ping received 4096 bytes back
Round trip time was 0.570641 milliseconds in repetition 285
tcp_ping received 4096 bytes back
Round trip time was 0.489577 milliseconds in repetition 286
tcp_ping received 4096 bytes back
Round trip time was 0.594135 milliseconds in repetition 287
tcp_ping received 4096 bytes back
Round trip time was 0.542327 milliseconds in repetition 288
tcp_ping received 4096 bytes back
Round trip time was 0.592037 milliseconds in repetition 289
tcp_ping received 4096 bytes back
Round trip time was 0.466477 milliseconds in repetition 290
tcp_ping received 4096 bytes back
Round trip time was 0.577508 milliseconds in repetition 291
tcp_ping received 4096 bytes back
Round trip time was 0.541025 milliseconds in repetition 292
tcp_ping received 4096 bytes back
Round trip time was 0.575407 milliseconds in repetition 293
tcp_ping received 4096 bytes back
Round trip time was 0.46389 milliseconds in repetition 294
tcp_ping received 4096 bytes back
Round trip time was 0.552845 milliseconds in repetition 295
tcp_ping received 4096 bytes back
Round trip time was 0.726562 milliseconds in repetition 296
tcp_ping received 4096 bytes back
Round trip time was 0.57571 milliseconds in repetition 297
tcp_ping received 4096 bytes back
Round trip time was 0.471122 milliseconds in repetition 298
tcp_ping received 4096 bytes back
Round trip time was 0.570912 milliseconds in repetition 299
tcp_ping received 4096 bytes back
Round trip time was 0.541732 milliseconds in repetition 300
tcp_ping received 4096 bytes back
Round trip time was 0.588088 milliseconds in repetition 301
tcp_ping received 4096 bytes back
Round trip time was 0.4685 milliseconds in repetition 302
tcp_ping received 4096 bytes back
Round trip time was 0.690886 milliseconds in repetition 303
tcp_ping received 4096 bytes back
Round trip time was 1.57781 milliseconds in repetition 304
tcp_ping received 4096 bytes back
Round trip time was 0.718092 milliseconds in repetition 305
tcp_ping received 4096 bytes back
Round trip time was 0.507704 milliseconds in repetition 306
tcp_ping received 4096 bytes back
Round trip time was 0.53998 milliseconds in repetition 307
tcp_ping received 4096 bytes back
Round trip time was 0.47191 milliseconds in repetition 308
tcp_ping received 4096 bytes back
Round trip time was 0.578441 milliseconds in repetition 309
tcp_ping received 4096 bytes back
Round trip time was 0.457504 milliseconds in repetition 310
tcp_ping received 4096 bytes back
Round trip time was 0.590028 milliseconds in repetition 311
tcp_ping received 4096 bytes back
Round trip time was 0.623599 milliseconds in repetition 312
tcp_ping received 4096 bytes back
Round trip time was 0.578005 milliseconds in repetition 313
tcp_ping received 4096 bytes back
Round trip time was 0.454556 milliseconds in repetition 314
tcp_ping received 4096 bytes back
Round trip time was 0.574408 milliseconds in repetition 315
tcp_ping received 4096 bytes back
Round trip time was 0.538606 milliseconds in repetition 316
tcp_ping received 4096 bytes back
Round trip time was 0.62218 milliseconds in repetition 317
tcp_ping received 4096 bytes back
Round trip time was 0.502065 milliseconds in repetition 318
tcp_ping received 4096 bytes back
Round trip time was 0.574107 milliseconds in repetition 319
tcp_ping received 4096 bytes back
Round trip time was 0.523135 milliseconds in repetition 320
tcp_ping received 4096 bytes back
Round trip time was 0.573295 milliseconds in repetition 321
tcp_ping received 4096 bytes back
Round trip time was 0.617533 milliseconds in repetition 322
tcp_ping received 4096 bytes back
Round trip time was 0.58894 milliseconds in repetition 323
tcp_ping received 4096 bytes back
Round trip time was 0.574677 milliseconds in repetition 324
tcp_ping received 4096 bytes back
Round trip time was 0.593881 milliseconds in repetition 325
tcp_ping received 4096 bytes back
Round trip time was 0.492218 milliseconds in repetition 326
tcp_ping received 4096 bytes back
Round trip time was 0.652181 milliseconds in repetition 327
tcp_ping received 4096 bytes back
Round trip time was 0.539602 milliseconds in repetition 328
tcp_ping received 4096 bytes back
Round trip time was 0.62522 milliseconds in repetition 329
tcp_ping received 4096 bytes back
Round trip time was 0.520171 milliseconds in repetition 330
tcp_ping received 4096 bytes back
Round trip time was 0.835066 milliseconds in repetition 331
tcp_ping received 4096 bytes back
Round trip time was 0.785498 milliseconds in repetition 332
tcp_ping received 4096 bytes back
Round trip time was 0.584147 milliseconds in repetition 333
tcp_ping received 4096 bytes back
Round trip time was 0.465098 milliseconds in repetition 334
tcp_ping received 4096 bytes back
Round trip time was 0.585048 milliseconds in repetition 335
tcp_ping received 4096 bytes back
Round trip time was 0.543107 milliseconds in repetition 336
tcp_ping received 4096 bytes back
Round trip time was 0.584582 milliseconds in repetition 337
tcp_ping received 4096 bytes back
Round trip time was 0.478019 milliseconds in repetition 338
tcp_ping received 4096 bytes back
Round trip time was 0.590909 milliseconds in repetition 339
tcp_ping received 4096 bytes back
Round trip time was 0.616513 milliseconds in repetition 340
tcp_ping received 4096 bytes back
Round trip time was 0.591574 milliseconds in repetition 341
tcp_ping received 4096 bytes back
Round trip time was 0.707203 milliseconds in repetition 342
tcp_ping received 4096 bytes back
Round trip time was 0.581362 milliseconds in repetition 343
tcp_ping received 4096 bytes back
Round trip time was 0.538049 milliseconds in repetition 344
tcp_ping received 4096 bytes back
Round trip time was 0.620163 milliseconds in repetition 345
tcp_ping received 4096 bytes back
Round trip time was 0.525041 milliseconds in repetition 346
tcp_ping received 4096 bytes back
Round trip time was 0.654432 milliseconds in repetition 347
tcp_ping received 4096 bytes back
Round trip time was 0.539428 milliseconds in repetition 348
tcp_ping received 4096 bytes back
Round trip time was 0.540224 milliseconds in repetition 349
tcp_ping received 4096 bytes back
Round trip time was 0.472201 milliseconds in repetition 350
tcp_ping received 4096 bytes back
Round trip time was 0.571063 milliseconds in repetition 351
tcp_ping received 4096 bytes back
Round trip time was 0.457915 milliseconds in repetition 352
tcp_ping received 4096 bytes back
Round trip time was 0.571538 milliseconds in repetition 353
tcp_ping received 4096 bytes back
Round trip time was 0.436664 milliseconds in repetition 354
tcp_ping received 4096 bytes back
Round trip time was 0.559963 milliseconds in repetition 355
tcp_ping received 4096 bytes back
Round trip time was 0.676733 milliseconds in repetition 356
tcp_ping received 4096 bytes back
Round trip time was 0.570086 milliseconds in repetition 357
tcp_ping received 4096 bytes back
Round trip time was 0.464139 milliseconds in repetition 358
tcp_ping received 4096 bytes back
Round trip time was 0.568102 milliseconds in repetition 359
tcp_ping received 4096 bytes back
Round trip time was 0.513908 milliseconds in repetition 360
tcp_ping received 4096 bytes back
Round trip time was 0.565848 milliseconds in repetition 361
tcp_ping received 4096 bytes back
Round trip time was 0.435088 milliseconds in repetition 362
tcp_ping received 4096 bytes back
Round trip time was 0.623324 milliseconds in repetition 363
tcp_ping received 4096 bytes back
Round trip time was 0.476194 milliseconds in repetition 364
tcp_ping received 4096 bytes back
Round trip time was 0.580419 milliseconds in repetition 365
tcp_ping received 4096 bytes back
Round trip time was 0.450492 milliseconds in repetition 366
tcp_ping received 4096 bytes back
Round trip time was 0.57521 milliseconds in repetition 367
tcp_ping received 4096 bytes back
Round trip time was 0.543353 milliseconds in repetition 368
tcp_ping received 4096 bytes back
Round trip time was 0.506311 milliseconds in repetition 369
tcp_ping received 4096 bytes back
Round trip time was 0.53744 milliseconds in repetition 370
tcp_ping received 4096 bytes back
Round trip time was 0.670548 milliseconds in repetition 371
tcp_ping received 4096 bytes back
Round trip time was 0.534963 milliseconds in repetition 372
tcp_ping received 4096 bytes back
Round trip time was 0.574095 milliseconds in repetition 373
tcp_ping received 4096 bytes back
Round trip time was 0.605101 milliseconds in repetition 374
tcp_ping received 4096 bytes back
Round trip time was 0.592075 milliseconds in repetition 375
tcp_ping received 4096 bytes back
Round trip time was 0.667667 milliseconds in repetition 376
tcp_ping received 4096 bytes back
Round trip time was 0.584814 milliseconds in repetition 377
tcp_ping received 4096 bytes back
Round trip time was 0.458968 milliseconds in repetition 378
tcp_ping received 4096 bytes back
Round trip time was 0.599409 milliseconds in repetition 379
tcp_ping received 4096 bytes back
Round trip time was 0.620275 milliseconds in repetition 380
tcp_ping received 4096 bytes back
Round trip time was 0.589276 milliseconds in repetition 381
tcp_ping received 4096 bytes back
Round trip time was 0.636782 milliseconds in repetition 382
tcp_ping received 4096 bytes back
Round trip time was 0.593683 milliseconds in repetition 383
tcp_ping received 4096 bytes back
Round trip time was 0.640385 milliseconds in repetition 384
tcp_ping received 4096 bytes back
Round trip time was 0.591805 milliseconds in repetition 385
tcp_ping received 4096 bytes back
Round trip time was 0.517634 milliseconds in repetition 386
tcp_ping received 4096 bytes back
Round trip time was 0.651634 milliseconds in repetition 387
tcp_ping received 4096 bytes back
Round trip time was 0.578933 milliseconds in repetition 388
tcp_ping received 4096 bytes back
Round trip time was 0.497427 milliseconds in repetition 389
tcp_ping received 4096 bytes back
Round trip time was 0.486988 milliseconds in repetition 390
tcp_ping received 4096 bytes back
Round trip time was 0.569023 milliseconds in repetition 391
tcp_ping received 4096 bytes back
Round trip time was 0.484205 milliseconds in repetition 392
tcp_ping received 4096 bytes back
Round trip time was 0.617244 milliseconds in repetition 393
tcp_ping received 4096 bytes back
Round trip time was 0.465474 milliseconds in repetition 394
tcp_ping received 4096 bytes back
Round trip time was 0.546473 milliseconds in repetition 395
tcp_ping received 4096 bytes back
Round trip time was 0.523524 milliseconds in repetition 396
tcp_ping received 4096 bytes back
Round trip time was 0.50146 milliseconds in repetition 397
tcp_ping received 4096 bytes back
Round trip time was 0.514022 milliseconds in repetition 398
tcp_ping received 4096 bytes back
Round trip time was 0.584972 milliseconds in repetition 399
tcp_ping received 4096 bytes back
Round trip time was 0.541472 milliseconds in repetition 400
tcp_ping received 4096 bytes back
Round trip time was 0.584458 milliseconds in repetition 401
tcp_ping received 4096 bytes back
Round trip time was 0.459255 milliseconds in repetition 402
tcp_ping received 4096 bytes back
Round trip time was 0.585258 milliseconds in repetition 403
tcp_ping received 4096 bytes back
Round trip time was 0.531419 milliseconds in repetition 404
tcp_ping received 4096 bytes back
Round trip time was 0.569846 milliseconds in repetition 405
tcp_ping received 4096 bytes back
Round trip time was 0.515047 milliseconds in repetition 406
tcp_ping received 4096 bytes back
Round trip time was 0.53345 milliseconds in repetition 407
tcp_ping received 4096 bytes back
Round trip time was 0.539996 milliseconds in repetition 408
tcp_ping received 4096 bytes back
Round trip time was 0.581259 milliseconds in repetition 409
tcp_ping received 4096 bytes back
Round trip time was 0.744297 milliseconds in repetition 410
tcp_ping received 4096 bytes back
Round trip time was 0.980817 milliseconds in repetition 411
tcp_ping received 4096 bytes back
Round trip time was 0.525326 milliseconds in repetition 412
tcp_ping received 4096 bytes back
Round trip time was 0.512717 milliseconds in repetition 413
tcp_ping received 4096 bytes back
Round trip time was 0.483419 milliseconds in repetition 414
tcp_ping received 4096 bytes back
Round trip time was 0.582167 milliseconds in repetition 415
tcp_ping received 4096 bytes back
Round trip time was 0.616712 milliseconds in repetition 416
tcp_ping received 4096 bytes back
Round trip time was 0.635025 milliseconds in repetition 417
tcp_ping received 4096 bytes back
Round trip time was 0.601606 milliseconds in repetition 418
tcp_ping received 4096 bytes back
Round trip time was 0.593245 milliseconds in repetition 419
tcp_ping received 4096 bytes back
Round trip time was 0.457234 milliseconds in repetition 420
tcp_ping received 4096 bytes back
Round trip time was 0.587563 milliseconds in repetition 421
tcp_ping received 4096 bytes back
Round trip time was 0.468034 milliseconds in repetition 422
tcp_ping received 4096 bytes back
Round trip time was 0.57886 milliseconds in repetition 423
tcp_ping received 4096 bytes back
Round trip time was 0.544322 milliseconds in repetition 424
tcp_ping received 4096 bytes back
Round trip time was 0.502001 milliseconds in repetition 425
tcp_ping received 4096 bytes back
Round trip time was 0.515792 milliseconds in repetition 426
tcp_ping received 4096 bytes back
Round trip time was 0.575574 milliseconds in repetition 427
tcp_ping received 4096 bytes back
Round trip time was 0.551359 milliseconds in repetition 428
tcp_ping received 4096 bytes back
Round trip time was 0.574881 milliseconds in repetition 429
tcp_ping received 4096 bytes back
Round trip time was 0.459181 milliseconds in repetition 430
tcp_ping received 4096 bytes back
Round trip time was 0.600717 milliseconds in repetition 431
tcp_ping received 4096 bytes back
Round trip time was 0.441289 milliseconds in repetition 432
tcp_ping received 4096 bytes back
Round trip time was 0.564431 milliseconds in repetition 433
tcp_ping received 4096 bytes back
Round trip time was 0.471084 milliseconds in repetition 434
tcp_ping received 4096 bytes back
Round trip time was 0.506324 milliseconds in repetition 435
tcp_ping received 4096 bytes back
Round trip time was 0.524186 milliseconds in repetition 436
tcp_ping received 4096 bytes back
Round trip time was 0.555344 milliseconds in repetition 437
tcp_ping received 4096 bytes back
Round trip time was 0.457991 milliseconds in repetition 438
tcp_ping received 4096 bytes back
Round trip time was 0.605683 milliseconds in repetition 439
tcp_ping received 4096 bytes back
Round trip time was 0.537596 milliseconds in repetition 440
tcp_ping received 4096 bytes back
Round trip time was 0.555668 milliseconds in repetition 441
tcp_ping received 4096 bytes back
Round trip time was 0.525001 milliseconds in repetition 442
tcp_ping received 4096 bytes back
Round trip time was 0.596043 milliseconds in repetition 443
tcp_ping received 4096 bytes back
Round trip time was 0.723723 milliseconds in repetition 444
tcp_ping received 4096 bytes back
Round trip time was 0.582108 milliseconds in repetition 445
tcp_ping received 4096 bytes back
Round trip time was 0.511213 milliseconds in repetition 446
tcp_ping received 4096 bytes back
Round trip time was 0.619646 milliseconds in repetition 447
tcp_ping received 4096 bytes back
Round trip time was 0.626942 milliseconds in repetition 448
tcp_ping received 4096 bytes back
Round trip time was 0.579878 milliseconds in repetition 449
tcp_ping received 4096 bytes back
Round trip time was 0.458755 milliseconds in repetition 450
tcp_ping received 4096 bytes back
Round trip time was 0.573011 milliseconds in repetition 451
tcp_ping received 4096 bytes back
Round trip time was 0.536371 milliseconds in repetition 452
tcp_ping received 4096 bytes back
Round trip time was 0.587867 milliseconds in repetition 453
tcp_ping received 4096 bytes back
Round trip time was 0.522367 milliseconds in repetition 454
tcp_ping received 4096 bytes back
Round trip time was 0.582247 milliseconds in repetition 455
tcp_ping received 4096 bytes back
Round trip time was 0.541619 milliseconds in repetition 456
tcp_ping received 4096 bytes back
Round trip time was 0.575713 milliseconds in repetition 457
tcp_ping received 4096 bytes back
Round trip time was 0.532441 milliseconds in repetition 458
tcp_ping received 4096 bytes back
Round trip time was 0.593482 milliseconds in repetition 459
tcp_ping received 4096 bytes back
Round trip time was 0.557673 milliseconds in repetition 460
tcp_ping received 4096 bytes back
Round trip time was 0.530743 milliseconds in repetition 461
tcp_ping received 4096 bytes back
Round trip time was 0.51076 milliseconds in repetition 462
tcp_ping received 4096 bytes back
Round trip time was 0.558049 milliseconds in repetition 463
tcp_ping received 4096 bytes back
Round trip time was 0.463276 milliseconds in repetition 464
tcp_ping received 4096 bytes back
Round trip time was 0.604414 milliseconds in repetition 465
tcp_ping received 4096 bytes back
Round trip time was 0.499071 milliseconds in repetition 466
tcp_ping received 4096 bytes back
Round trip time was 0.58002 milliseconds in repetition 467
tcp_ping received 4096 bytes back
Round trip time was 0.625011 milliseconds in repetition 468
tcp_ping received 4096 bytes back
Round trip time was 0.574099 milliseconds in repetition 469
tcp_ping received 4096 bytes back
Round trip time was 0.463689 milliseconds in repetition 470
tcp_ping received 4096 bytes back
Round trip time was 0.602632 milliseconds in repetition 471
tcp_ping received 4096 bytes back
Round trip time was 0.54021 milliseconds in repetition 472
tcp_ping received 4096 bytes back
Round trip time was 0.573696 milliseconds in repetition 473
tcp_ping received 4096 bytes back
Round trip time was 0.476661 milliseconds in repetition 474
tcp_ping received 4096 bytes back
Round trip time was 0.569215 milliseconds in repetition 475
tcp_ping received 4096 bytes back
Round trip time was 0.535328 milliseconds in repetition 476
tcp_ping received 4096 bytes back
Round trip time was 0.61644 milliseconds in repetition 477
tcp_ping received 4096 bytes back
Round trip time was 0.464571 milliseconds in repetition 478
tcp_ping received 4096 bytes back
Round trip time was 0.564561 milliseconds in repetition 479
tcp_ping received 4096 bytes back
Round trip time was 0.521801 milliseconds in repetition 480
tcp_ping received 4096 bytes back
Round trip time was 0.55031 milliseconds in repetition 481
tcp_ping received 4096 bytes back
Round trip time was 0.557845 milliseconds in repetition 482
tcp_ping received 4096 bytes back
Round trip time was 0.521744 milliseconds in repetition 483
tcp_ping received 4096 bytes back
Round trip time was 0.49508 milliseconds in repetition 484
tcp_ping received 4096 bytes back
Round trip time was 0.577664 milliseconds in repetition 485
tcp_ping received 4096 bytes back
Round trip time was 0.451876 milliseconds in repetition 486
tcp_ping received 4096 bytes back
Round trip time was 0.569972 milliseconds in repetition 487
tcp_ping received 4096 bytes back
Round trip time was 0.469757 milliseconds in repetition 488
tcp_ping received 4096 bytes back
Round trip time was 0.767817 milliseconds in repetition 489
tcp_ping received 4096 bytes back
Round trip time was 0.445165 milliseconds in repetition 490
tcp_ping received 4096 bytes back
Round trip time was 0.577384 milliseconds in repetition 491
tcp_ping received 4096 bytes back
Round trip time was 0.534455 milliseconds in repetition 492
tcp_ping received 4096 bytes back
Round trip time was 0.563858 milliseconds in repetition 493
tcp_ping received 4096 bytes back
Round trip time was 0.45929 milliseconds in repetition 494
tcp_ping received 4096 bytes back
Round trip time was 0.578635 milliseconds in repetition 495
tcp_ping received 4096 bytes back
Round trip time was 0.581807 milliseconds in repetition 496
tcp_ping received 4096 bytes back
Round trip time was 0.584992 milliseconds in repetition 497
tcp_ping received 4096 bytes back
Round trip time was 0.739637 milliseconds in repetition 498
tcp_ping received 4096 bytes back
Round trip time was 0.611673 milliseconds in repetition 499
tcp_ping received 4096 bytes back
Round trip time was 0.456497 milliseconds in repetition 500
tcp_ping received 4096 bytes back
Round trip time was 0.592591 milliseconds in repetition 501

 ... clock resolution was 1e-06
TCP Ping:  Statistics over 501 repetitions of 4096 byte messages

RTT : percentile 10: 0.465098, median: 0.569023, percentile 90: 0.647499, average: 0.631365, variance: 0.823243

RTT histogram:
0.434483 487
1.42905 8
2.42362 5
3.41819 0
4.41275 0
5.40732 0
6.40189 0
7.39646 0
8.39103 0
9.38559 0
10.3802 0
11.3747 0
12.3693 0
13.3639 0
14.3584 0
15.353 0
16.3476 0
17.3421 0
18.3367 0
19.3313 0
20.3258 1

   median Throughput : 14396.6 KB/s   overall Throughput : 12975.1 KB/s

