UDP Ping trying to connect to server seti.dibris.unige.it (130.251.61.30) on TCP port 1491
 ... connected to Pong server: asking for 501 repetitions of 4096 _bytes UDP messages
 ... Pong server agreed to ping-pong using port 51741 :-)
Round trip time was 35.771 milliseconds in repetition 1
Round trip time was  1.238 milliseconds in repetition 2
Round trip time was  1.353 milliseconds in repetition 3
Round trip time was  1.322 milliseconds in repetition 4
Round trip time was  1.493 milliseconds in repetition 5
Round trip time was  1.279 milliseconds in repetition 6
Round trip time was  1.190 milliseconds in repetition 7
Round trip time was  1.260 milliseconds in repetition 8
Round trip time was  1.228 milliseconds in repetition 9
Round trip time was  1.278 milliseconds in repetition 10
Round trip time was  1.269 milliseconds in repetition 11
Round trip time was  1.265 milliseconds in repetition 12
Round trip time was  1.239 milliseconds in repetition 13
Round trip time was  1.203 milliseconds in repetition 14
Round trip time was  1.217 milliseconds in repetition 15
Round trip time was  1.360 milliseconds in repetition 16
Round trip time was  1.474 milliseconds in repetition 17
Round trip time was  1.269 milliseconds in repetition 18
Round trip time was  1.213 milliseconds in repetition 19
Round trip time was  0.944 milliseconds in repetition 20
Round trip time was  0.650 milliseconds in repetition 21
Round trip time was  0.580 milliseconds in repetition 22
Round trip time was  0.576 milliseconds in repetition 23
Round trip time was  0.613 milliseconds in repetition 24
Round trip time was  0.535 milliseconds in repetition 25
Round trip time was  0.601 milliseconds in repetition 26
Round trip time was  0.641 milliseconds in repetition 27
Round trip time was  0.668 milliseconds in repetition 28
Round trip time was  0.625 milliseconds in repetition 29
Round trip time was  0.603 milliseconds in repetition 30
Round trip time was  0.655 milliseconds in repetition 31
Round trip time was  0.638 milliseconds in repetition 32
Round trip time was  0.654 milliseconds in repetition 33
Round trip time was  0.578 milliseconds in repetition 34
Round trip time was  0.569 milliseconds in repetition 35
Round trip time was  0.642 milliseconds in repetition 36
Round trip time was  0.670 milliseconds in repetition 37
Round trip time was  0.646 milliseconds in repetition 38
Round trip time was  0.580 milliseconds in repetition 39
Round trip time was  0.642 milliseconds in repetition 40
Round trip time was  0.634 milliseconds in repetition 41
Round trip time was  0.641 milliseconds in repetition 42
Round trip time was  0.703 milliseconds in repetition 43
Round trip time was  0.665 milliseconds in repetition 44
Round trip time was  0.682 milliseconds in repetition 45
Round trip time was  0.707 milliseconds in repetition 46
Round trip time was  0.576 milliseconds in repetition 47
Round trip time was  0.676 milliseconds in repetition 48
Round trip time was  0.631 milliseconds in repetition 49
Round trip time was  0.609 milliseconds in repetition 50
Round trip time was  0.633 milliseconds in repetition 51
Round trip time was  0.587 milliseconds in repetition 52
Round trip time was  0.665 milliseconds in repetition 53
Round trip time was  0.680 milliseconds in repetition 54
Round trip time was  0.664 milliseconds in repetition 55
Round trip time was  0.680 milliseconds in repetition 56
Round trip time was  0.675 milliseconds in repetition 57
Round trip time was  0.633 milliseconds in repetition 58
Round trip time was  0.887 milliseconds in repetition 59
Round trip time was  0.709 milliseconds in repetition 60
Round trip time was  0.660 milliseconds in repetition 61
Round trip time was  0.654 milliseconds in repetition 62
Round trip time was  0.642 milliseconds in repetition 63
Round trip time was  0.713 milliseconds in repetition 64
Round trip time was  0.669 milliseconds in repetition 65
Round trip time was  0.587 milliseconds in repetition 66
Round trip time was  0.638 milliseconds in repetition 67
Round trip time was  0.630 milliseconds in repetition 68
Round trip time was  0.945 milliseconds in repetition 69
Round trip time was  0.666 milliseconds in repetition 70
Round trip time was  0.604 milliseconds in repetition 71
Round trip time was  0.649 milliseconds in repetition 72
Round trip time was  0.645 milliseconds in repetition 73
Round trip time was  0.676 milliseconds in repetition 74
Round trip time was  0.755 milliseconds in repetition 75
Round trip time was  0.563 milliseconds in repetition 76
Round trip time was  0.594 milliseconds in repetition 77
Round trip time was  2.857 milliseconds in repetition 78
Round trip time was  2.985 milliseconds in repetition 79
Round trip time was  0.685 milliseconds in repetition 80
Round trip time was  0.659 milliseconds in repetition 81
Round trip time was  0.601 milliseconds in repetition 82
Round trip time was  0.635 milliseconds in repetition 83
Round trip time was  0.638 milliseconds in repetition 84
Round trip time was  0.619 milliseconds in repetition 85
Round trip time was  0.757 milliseconds in repetition 86
Round trip time was  0.608 milliseconds in repetition 87
Round trip time was  0.746 milliseconds in repetition 88
Round trip time was  0.606 milliseconds in repetition 89
Round trip time was  0.653 milliseconds in repetition 90
Round trip time was  0.633 milliseconds in repetition 91
Round trip time was  0.756 milliseconds in repetition 92
Round trip time was  0.632 milliseconds in repetition 93
Round trip time was  0.547 milliseconds in repetition 94
Round trip time was  0.657 milliseconds in repetition 95
Round trip time was  0.677 milliseconds in repetition 96
Round trip time was  0.648 milliseconds in repetition 97
Round trip time was  0.656 milliseconds in repetition 98
Round trip time was  0.670 milliseconds in repetition 99
Round trip time was  0.580 milliseconds in repetition 100
Round trip time was  0.582 milliseconds in repetition 101
Round trip time was  1.397 milliseconds in repetition 102
Round trip time was  0.583 milliseconds in repetition 103
Round trip time was  0.578 milliseconds in repetition 104
Round trip time was  0.702 milliseconds in repetition 105
Round trip time was  0.654 milliseconds in repetition 106
Round trip time was  0.628 milliseconds in repetition 107
Round trip time was  0.620 milliseconds in repetition 108
Round trip time was  0.629 milliseconds in repetition 109
Round trip time was  0.769 milliseconds in repetition 110
Round trip time was  0.728 milliseconds in repetition 111
Round trip time was  0.858 milliseconds in repetition 112
Round trip time was  0.621 milliseconds in repetition 113
Round trip time was  0.597 milliseconds in repetition 114
Round trip time was  0.580 milliseconds in repetition 115
Round trip time was  0.596 milliseconds in repetition 116
Round trip time was  0.639 milliseconds in repetition 117
Round trip time was  0.647 milliseconds in repetition 118
Round trip time was  0.591 milliseconds in repetition 119
Round trip time was  0.534 milliseconds in repetition 120
Round trip time was  0.611 milliseconds in repetition 121
Round trip time was  0.721 milliseconds in repetition 122
Round trip time was  0.655 milliseconds in repetition 123
Round trip time was  0.909 milliseconds in repetition 124
Round trip time was  0.654 milliseconds in repetition 125
Round trip time was  0.686 milliseconds in repetition 126
Round trip time was  0.702 milliseconds in repetition 127
Round trip time was  0.715 milliseconds in repetition 128
Round trip time was  0.637 milliseconds in repetition 129
Round trip time was  0.601 milliseconds in repetition 130
Round trip time was  0.637 milliseconds in repetition 131
Round trip time was  0.628 milliseconds in repetition 132
Round trip time was  0.613 milliseconds in repetition 133
Round trip time was  0.766 milliseconds in repetition 134
Round trip time was  0.573 milliseconds in repetition 135
Round trip time was  0.889 milliseconds in repetition 136
Round trip time was  0.645 milliseconds in repetition 137
Round trip time was  0.587 milliseconds in repetition 138
Round trip time was  0.572 milliseconds in repetition 139
Round trip time was  0.657 milliseconds in repetition 140
Round trip time was  0.673 milliseconds in repetition 141
Round trip time was  0.644 milliseconds in repetition 142
Round trip time was  0.612 milliseconds in repetition 143
Round trip time was  0.587 milliseconds in repetition 144
Round trip time was  0.665 milliseconds in repetition 145
Round trip time was  0.593 milliseconds in repetition 146
Round trip time was  0.674 milliseconds in repetition 147
Round trip time was  0.750 milliseconds in repetition 148
Round trip time was  0.569 milliseconds in repetition 149
Round trip time was  0.654 milliseconds in repetition 150
Round trip time was  0.636 milliseconds in repetition 151
Round trip time was  0.645 milliseconds in repetition 152
Round trip time was  0.556 milliseconds in repetition 153
Round trip time was  0.632 milliseconds in repetition 154
Round trip time was  0.695 milliseconds in repetition 155
Round trip time was  0.697 milliseconds in repetition 156
Round trip time was  0.699 milliseconds in repetition 157
Round trip time was  0.677 milliseconds in repetition 158
Round trip time was  0.657 milliseconds in repetition 159
Round trip time was  0.669 milliseconds in repetition 160
Round trip time was  0.652 milliseconds in repetition 161
Round trip time was  0.570 milliseconds in repetition 162
Round trip time was  0.771 milliseconds in repetition 163
Round trip time was  0.634 milliseconds in repetition 164
Round trip time was  0.625 milliseconds in repetition 165
Round trip time was  0.659 milliseconds in repetition 166
Round trip time was  0.581 milliseconds in repetition 167
Round trip time was  0.695 milliseconds in repetition 168
Round trip time was  0.831 milliseconds in repetition 169
Round trip time was  0.623 milliseconds in repetition 170
Round trip time was  0.546 milliseconds in repetition 171
Round trip time was  0.693 milliseconds in repetition 172
Round trip time was  0.755 milliseconds in repetition 173
Round trip time was  0.667 milliseconds in repetition 174
Round trip time was  0.646 milliseconds in repetition 175
Round trip time was  0.633 milliseconds in repetition 176
Round trip time was  0.644 milliseconds in repetition 177
Round trip time was  0.570 milliseconds in repetition 178
Round trip time was  0.633 milliseconds in repetition 179
Round trip time was  0.673 milliseconds in repetition 180
Round trip time was  0.609 milliseconds in repetition 181
Round trip time was  0.611 milliseconds in repetition 182
Round trip time was  0.541 milliseconds in repetition 183
Round trip time was  0.597 milliseconds in repetition 184
Round trip time was  0.723 milliseconds in repetition 185
Round trip time was  0.577 milliseconds in repetition 186
Round trip time was  0.639 milliseconds in repetition 187
Round trip time was  0.709 milliseconds in repetition 188
Round trip time was  0.650 milliseconds in repetition 189
Round trip time was  0.563 milliseconds in repetition 190
Round trip time was  0.623 milliseconds in repetition 191
Round trip time was  0.653 milliseconds in repetition 192
Round trip time was  0.620 milliseconds in repetition 193
Round trip time was  0.553 milliseconds in repetition 194
Round trip time was  0.624 milliseconds in repetition 195
Round trip time was  0.660 milliseconds in repetition 196
Round trip time was  0.602 milliseconds in repetition 197
Round trip time was  0.648 milliseconds in repetition 198
Round trip time was  0.548 milliseconds in repetition 199
Round trip time was  0.633 milliseconds in repetition 200
Round trip time was  0.633 milliseconds in repetition 201
Round trip time was  0.648 milliseconds in repetition 202
Round trip time was  0.649 milliseconds in repetition 203
Round trip time was  0.650 milliseconds in repetition 204
Round trip time was  0.630 milliseconds in repetition 205
Round trip time was  0.622 milliseconds in repetition 206
Round trip time was  0.644 milliseconds in repetition 207
Round trip time was  0.728 milliseconds in repetition 208
Round trip time was  0.623 milliseconds in repetition 209
Round trip time was  0.585 milliseconds in repetition 210
Round trip time was  0.567 milliseconds in repetition 211
Round trip time was  0.626 milliseconds in repetition 212
Round trip time was  0.619 milliseconds in repetition 213
Round trip time was  0.638 milliseconds in repetition 214
Round trip time was  0.630 milliseconds in repetition 215
Round trip time was  0.671 milliseconds in repetition 216
Round trip time was  0.639 milliseconds in repetition 217
Round trip time was  0.623 milliseconds in repetition 218
Round trip time was  0.679 milliseconds in repetition 219
Round trip time was  0.668 milliseconds in repetition 220
Round trip time was  0.557 milliseconds in repetition 221
Round trip time was  0.697 milliseconds in repetition 222
Round trip time was  2.128 milliseconds in repetition 223
Round trip time was  0.641 milliseconds in repetition 224
Round trip time was  0.608 milliseconds in repetition 225
Round trip time was  0.579 milliseconds in repetition 226
Round trip time was  0.617 milliseconds in repetition 227
Round trip time was  0.637 milliseconds in repetition 228
Round trip time was  0.625 milliseconds in repetition 229
Round trip time was  0.629 milliseconds in repetition 230
Round trip time was  0.591 milliseconds in repetition 231
Round trip time was  0.673 milliseconds in repetition 232
Round trip time was  0.696 milliseconds in repetition 233
Round trip time was  0.601 milliseconds in repetition 234
Round trip time was  0.653 milliseconds in repetition 235
Round trip time was  0.632 milliseconds in repetition 236
Round trip time was  0.619 milliseconds in repetition 237
Round trip time was  3.296 milliseconds in repetition 238
Round trip time was  0.653 milliseconds in repetition 239
Round trip time was  1.120 milliseconds in repetition 240
Round trip time was  0.605 milliseconds in repetition 241
Round trip time was  0.561 milliseconds in repetition 242
Round trip time was  0.628 milliseconds in repetition 243
Round trip time was  0.638 milliseconds in repetition 244
Round trip time was  0.664 milliseconds in repetition 245
Round trip time was  0.684 milliseconds in repetition 246
Round trip time was  0.573 milliseconds in repetition 247
Round trip time was  0.634 milliseconds in repetition 248
Round trip time was  0.615 milliseconds in repetition 249
Round trip time was  0.614 milliseconds in repetition 250
Round trip time was  0.545 milliseconds in repetition 251
Round trip time was  0.726 milliseconds in repetition 252
Round trip time was  0.655 milliseconds in repetition 253
Round trip time was  0.628 milliseconds in repetition 254
Round trip time was  0.628 milliseconds in repetition 255
Round trip time was  0.623 milliseconds in repetition 256
Round trip time was  0.683 milliseconds in repetition 257
Round trip time was  0.567 milliseconds in repetition 258
Round trip time was  0.835 milliseconds in repetition 259
Round trip time was  0.644 milliseconds in repetition 260
Round trip time was  0.641 milliseconds in repetition 261
Round trip time was  0.648 milliseconds in repetition 262
Round trip time was  0.562 milliseconds in repetition 263
Round trip time was  0.614 milliseconds in repetition 264
Round trip time was  0.558 milliseconds in repetition 265
Round trip time was  0.652 milliseconds in repetition 266
Round trip time was  0.712 milliseconds in repetition 267
Round trip time was  1.094 milliseconds in repetition 268
Round trip time was  0.967 milliseconds in repetition 269
Round trip time was  1.220 milliseconds in repetition 270
Round trip time was  0.968 milliseconds in repetition 271
Round trip time was  0.746 milliseconds in repetition 272
Round trip time was  1.069 milliseconds in repetition 273
Round trip time was  0.660 milliseconds in repetition 274
Round trip time was  0.733 milliseconds in repetition 275
Round trip time was  0.568 milliseconds in repetition 276
Round trip time was  0.716 milliseconds in repetition 277
Round trip time was  0.777 milliseconds in repetition 278
Round trip time was  0.568 milliseconds in repetition 279
Round trip time was  0.730 milliseconds in repetition 280
Round trip time was  0.642 milliseconds in repetition 281
Round trip time was  0.652 milliseconds in repetition 282
Round trip time was  0.699 milliseconds in repetition 283
Round trip time was  0.716 milliseconds in repetition 284
Round trip time was  0.704 milliseconds in repetition 285
Round trip time was  0.933 milliseconds in repetition 286
Round trip time was  0.621 milliseconds in repetition 287
Round trip time was  0.673 milliseconds in repetition 288
Round trip time was  0.632 milliseconds in repetition 289
Round trip time was  0.636 milliseconds in repetition 290
Round trip time was  0.610 milliseconds in repetition 291
Round trip time was  0.631 milliseconds in repetition 292
Round trip time was  0.612 milliseconds in repetition 293
Round trip time was  0.762 milliseconds in repetition 294
Round trip time was  0.602 milliseconds in repetition 295
Round trip time was  0.612 milliseconds in repetition 296
Round trip time was  0.598 milliseconds in repetition 297
Round trip time was  0.614 milliseconds in repetition 298
Round trip time was  0.731 milliseconds in repetition 299
Round trip time was  0.550 milliseconds in repetition 300
Round trip time was  0.658 milliseconds in repetition 301
Round trip time was  0.834 milliseconds in repetition 302
Round trip time was  0.598 milliseconds in repetition 303
Round trip time was  0.638 milliseconds in repetition 304
Round trip time was  0.629 milliseconds in repetition 305
Round trip time was  0.600 milliseconds in repetition 306
Round trip time was  0.620 milliseconds in repetition 307
Round trip time was  0.625 milliseconds in repetition 308
Round trip time was  0.632 milliseconds in repetition 309
Round trip time was  0.640 milliseconds in repetition 310
Round trip time was  0.578 milliseconds in repetition 311
Round trip time was  1.272 milliseconds in repetition 312
Round trip time was  0.664 milliseconds in repetition 313
Round trip time was  0.635 milliseconds in repetition 314
Round trip time was  0.743 milliseconds in repetition 315
Round trip time was  0.614 milliseconds in repetition 316
Round trip time was  0.668 milliseconds in repetition 317
Round trip time was  0.594 milliseconds in repetition 318
Round trip time was  0.625 milliseconds in repetition 319
Round trip time was  0.745 milliseconds in repetition 320
Round trip time was  0.895 milliseconds in repetition 321
Round trip time was  0.570 milliseconds in repetition 322
Round trip time was  0.701 milliseconds in repetition 323
Round trip time was  0.555 milliseconds in repetition 324
Round trip time was  0.642 milliseconds in repetition 325
Round trip time was  0.629 milliseconds in repetition 326
Round trip time was  0.622 milliseconds in repetition 327
Round trip time was  0.629 milliseconds in repetition 328
Round trip time was  0.640 milliseconds in repetition 329
Round trip time was  0.626 milliseconds in repetition 330
Round trip time was  0.840 milliseconds in repetition 331
Round trip time was  1.012 milliseconds in repetition 332
Round trip time was  0.601 milliseconds in repetition 333
Round trip time was  0.648 milliseconds in repetition 334
Round trip time was  0.586 milliseconds in repetition 335
Round trip time was  0.613 milliseconds in repetition 336
Round trip time was  0.655 milliseconds in repetition 337
Round trip time was  0.575 milliseconds in repetition 338
Round trip time was  0.746 milliseconds in repetition 339
Round trip time was  0.580 milliseconds in repetition 340
Round trip time was  0.591 milliseconds in repetition 341
Round trip time was  0.662 milliseconds in repetition 342
Round trip time was  0.632 milliseconds in repetition 343
Round trip time was  0.629 milliseconds in repetition 344
Round trip time was  0.683 milliseconds in repetition 345
Round trip time was  0.671 milliseconds in repetition 346
Round trip time was  0.626 milliseconds in repetition 347
Round trip time was  0.666 milliseconds in repetition 348
Round trip time was  0.670 milliseconds in repetition 349
Round trip time was  0.701 milliseconds in repetition 350
Round trip time was  0.644 milliseconds in repetition 351
Round trip time was  0.630 milliseconds in repetition 352
Round trip time was  0.681 milliseconds in repetition 353
Round trip time was  0.569 milliseconds in repetition 354
Round trip time was  2.637 milliseconds in repetition 355
Round trip time was  3.236 milliseconds in repetition 356
Round trip time was  0.627 milliseconds in repetition 357
Round trip time was  0.697 milliseconds in repetition 358
Round trip time was  0.554 milliseconds in repetition 359
Round trip time was  0.583 milliseconds in repetition 360
Round trip time was  0.709 milliseconds in repetition 361
Round trip time was  0.614 milliseconds in repetition 362
Round trip time was  0.625 milliseconds in repetition 363
Round trip time was  0.629 milliseconds in repetition 364
Round trip time was  0.667 milliseconds in repetition 365
Round trip time was  0.605 milliseconds in repetition 366
Round trip time was  0.634 milliseconds in repetition 367
Round trip time was  0.635 milliseconds in repetition 368
Round trip time was 10.832 milliseconds in repetition 369
Round trip time was  7.910 milliseconds in repetition 370
Round trip time was  3.299 milliseconds in repetition 371
Round trip time was  0.728 milliseconds in repetition 372
Round trip time was  0.740 milliseconds in repetition 373
Round trip time was  0.779 milliseconds in repetition 374
Round trip time was  0.560 milliseconds in repetition 375
Round trip time was  0.638 milliseconds in repetition 376
Round trip time was  2.119 milliseconds in repetition 377
Round trip time was  0.648 milliseconds in repetition 378
Round trip time was  1.383 milliseconds in repetition 379
Round trip time was  0.592 milliseconds in repetition 380
Round trip time was  0.644 milliseconds in repetition 381
Round trip time was  1.826 milliseconds in repetition 382
Round trip time was  1.304 milliseconds in repetition 383
Round trip time was  1.567 milliseconds in repetition 384
Round trip time was  0.667 milliseconds in repetition 385
Round trip time was  0.592 milliseconds in repetition 386
Round trip time was  1.292 milliseconds in repetition 387
Round trip time was  3.828 milliseconds in repetition 388
Round trip time was -991.836 milliseconds in repetition 389
Round trip time was  1.007 milliseconds in repetition 390
Round trip time was  0.620 milliseconds in repetition 391
Round trip time was  0.649 milliseconds in repetition 392
Round trip time was  0.695 milliseconds in repetition 393
Round trip time was  0.670 milliseconds in repetition 394
Round trip time was  0.564 milliseconds in repetition 395
Round trip time was  0.637 milliseconds in repetition 396
Round trip time was  0.837 milliseconds in repetition 397
Round trip time was  0.779 milliseconds in repetition 398
Round trip time was  0.586 milliseconds in repetition 399
Round trip time was  0.647 milliseconds in repetition 400
Round trip time was  0.620 milliseconds in repetition 401
Round trip time was  0.643 milliseconds in repetition 402
Round trip time was  0.630 milliseconds in repetition 403
Round trip time was  0.638 milliseconds in repetition 404
Round trip time was  0.685 milliseconds in repetition 405
Round trip time was  1.109 milliseconds in repetition 406
Round trip time was  0.709 milliseconds in repetition 407
Round trip time was  0.705 milliseconds in repetition 408
Round trip time was  0.695 milliseconds in repetition 409
Round trip time was  0.638 milliseconds in repetition 410
Round trip time was  0.638 milliseconds in repetition 411
Round trip time was  2.066 milliseconds in repetition 412
Round trip time was  1.251 milliseconds in repetition 413
Round trip time was  0.666 milliseconds in repetition 414
Round trip time was  0.640 milliseconds in repetition 415
Round trip time was  0.637 milliseconds in repetition 416
Round trip time was  0.693 milliseconds in repetition 417
Round trip time was  0.926 milliseconds in repetition 418
Round trip time was  0.657 milliseconds in repetition 419
Round trip time was  0.674 milliseconds in repetition 420
Round trip time was  0.630 milliseconds in repetition 421
Round trip time was  0.641 milliseconds in repetition 422
Round trip time was  0.545 milliseconds in repetition 423
Round trip time was  0.639 milliseconds in repetition 424
Round trip time was  0.658 milliseconds in repetition 425
Round trip time was  0.649 milliseconds in repetition 426
Round trip time was  0.706 milliseconds in repetition 427
Round trip time was  0.594 milliseconds in repetition 428
Round trip time was  0.694 milliseconds in repetition 429
Round trip time was  1.477 milliseconds in repetition 430
Round trip time was  0.814 milliseconds in repetition 431
Round trip time was  0.632 milliseconds in repetition 432
Round trip time was  0.633 milliseconds in repetition 433
Round trip time was  0.540 milliseconds in repetition 434
Round trip time was  0.613 milliseconds in repetition 435
Round trip time was  0.967 milliseconds in repetition 436
Round trip time was  0.836 milliseconds in repetition 437
Round trip time was  0.665 milliseconds in repetition 438
Round trip time was  0.553 milliseconds in repetition 439
Round trip time was  0.694 milliseconds in repetition 440
Round trip time was  0.612 milliseconds in repetition 441
Round trip time was  0.628 milliseconds in repetition 442
Round trip time was  0.642 milliseconds in repetition 443
Round trip time was  0.695 milliseconds in repetition 444
Round trip time was  0.688 milliseconds in repetition 445
Round trip time was  0.649 milliseconds in repetition 446
Round trip time was  0.684 milliseconds in repetition 447
Round trip time was  0.672 milliseconds in repetition 448
Round trip time was  0.664 milliseconds in repetition 449
Round trip time was  0.599 milliseconds in repetition 450
Round trip time was  0.653 milliseconds in repetition 451
Round trip time was  0.754 milliseconds in repetition 452
Round trip time was  0.729 milliseconds in repetition 453
Round trip time was  0.554 milliseconds in repetition 454
Round trip time was  0.553 milliseconds in repetition 455
Round trip time was  0.613 milliseconds in repetition 456
Round trip time was  0.638 milliseconds in repetition 457
Round trip time was  0.610 milliseconds in repetition 458
Round trip time was  0.602 milliseconds in repetition 459
Round trip time was  0.615 milliseconds in repetition 460
Round trip time was  0.669 milliseconds in repetition 461
Round trip time was  0.760 milliseconds in repetition 462
Round trip time was  0.568 milliseconds in repetition 463
Round trip time was  0.617 milliseconds in repetition 464
Round trip time was  0.615 milliseconds in repetition 465
Round trip time was  0.531 milliseconds in repetition 466
Round trip time was  0.571 milliseconds in repetition 467
Round trip time was  0.626 milliseconds in repetition 468
Round trip time was  0.617 milliseconds in repetition 469
Round trip time was  0.625 milliseconds in repetition 470
Round trip time was  0.529 milliseconds in repetition 471
Round trip time was  0.632 milliseconds in repetition 472
Round trip time was  0.685 milliseconds in repetition 473
Round trip time was  0.704 milliseconds in repetition 474
Round trip time was  0.638 milliseconds in repetition 475
Round trip time was  0.638 milliseconds in repetition 476
Round trip time was  0.696 milliseconds in repetition 477
Round trip time was  0.767 milliseconds in repetition 478
Round trip time was  1.167 milliseconds in repetition 479
Round trip time was  0.737 milliseconds in repetition 480
Round trip time was  0.916 milliseconds in repetition 481
Round trip time was  0.886 milliseconds in repetition 482
Round trip time was  0.774 milliseconds in repetition 483
Round trip time was  0.684 milliseconds in repetition 484
Round trip time was  0.699 milliseconds in repetition 485
Round trip time was  0.616 milliseconds in repetition 486
Round trip time was  0.596 milliseconds in repetition 487
Round trip time was  0.729 milliseconds in repetition 488
Round trip time was  0.673 milliseconds in repetition 489
Round trip time was  0.701 milliseconds in repetition 490
Round trip time was  0.705 milliseconds in repetition 491
Round trip time was  0.709 milliseconds in repetition 492
Round trip time was  0.686 milliseconds in repetition 493
Round trip time was  0.647 milliseconds in repetition 494
Round trip time was  0.677 milliseconds in repetition 495
Round trip time was  0.668 milliseconds in repetition 496
Round trip time was  0.590 milliseconds in repetition 497
Round trip time was  0.565 milliseconds in repetition 498
Round trip time was  0.638 milliseconds in repetition 499
Round trip time was  0.653 milliseconds in repetition 500
Round trip time was  0.610 milliseconds in repetition 501

 ... clock resolution was 1e-06
UDP Ping:  Statistics over 501 repetitions of 4096 byte messages

RTT : percentile 10: 0.578385, median: 0.644909, percentile 90: 0.966792, average: -1.13557, variance: 1969.78

RTT histogram:
0 442
1.78856 49
3.57713 6
5.36569 0
7.15425 1
8.94282 0
10.7314 1
12.5199 0
14.3085 0
16.0971 0
17.8856 0
19.6742 0
21.4628 0
23.2513 0
25.0399 0
26.8284 0
28.617 0
30.4056 0
32.1941 0
33.9827 0
35.7713 1

   median Throughput : 12702.6 KB/s

